{"meta": {"format": 3, "version": "7.11.0", "timestamp": "2025-10-25T17:59:43.283879", "branch_coverage": false, "show_contexts": false}, "files": {"codeframe/agents/__init__.py": {"executed_lines": [1, 3, 4, 5, 6, 8], "summary": {"covered_lines": 5, "num_statements": 5, "percent_covered": 100.0, "percent_covered_display": "100.00", "missing_lines": 0, "excluded_lines": 0}, "missing_lines": [], "excluded_lines": [], "functions": {"": {"executed_lines": [1, 3, 4, 5, 6, 8], "summary": {"covered_lines": 5, "num_statements": 5, "percent_covered": 100.0, "percent_covered_display": "100.00", "missing_lines": 0, "excluded_lines": 0}, "missing_lines": [], "excluded_lines": []}}, "classes": {"": {"executed_lines": [1, 3, 4, 5, 6, 8], "summary": {"covered_lines": 5, "num_statements": 5, "percent_covered": 100.0, "percent_covered_display": "100.00", "missing_lines": 0, "excluded_lines": 0}, "missing_lines": [], "excluded_lines": []}}}, "codeframe/agents/agent_pool_manager.py": {"executed_lines": [1, 7, 8, 9, 10, 12, 13, 14, 15, 17, 20, 21, 33, 51, 52, 53, 54, 55, 58, 61, 64, 66, 68, 82, 83, 84, 86, 87, 93, 94, 95, 96, 99, 100, 101, 102, 109, 110, 116, 117, 118, 124, 126, 127, 129, 132, 141, 144, 151, 153, 181, 192, 193, 194, 196, 197, 199, 201, 211, 212, 213, 215, 216, 219, 221, 225, 236, 237, 240, 241, 243, 245, 255, 256, 257, 259, 261, 267, 274, 295, 314, 330, 333, 334, 356, 358, 360, 362, 363, 364, 365], "summary": {"covered_lines": 89, "num_statements": 116, "percent_covered": 76.72413793103448, "percent_covered_display": "76.72", "missing_lines": 27, "excluded_lines": 0}, "missing_lines": [165, 166, 167, 169, 170, 171, 173, 174, 175, 178, 179, 238, 281, 282, 284, 285, 293, 308, 309, 310, 312, 331, 336, 337, 338, 347, 348], "excluded_lines": [], "functions": {"AgentPoolManager.__init__": {"executed_lines": [51, 52, 53, 54, 55, 58, 61, 64, 66], "summary": {"covered_lines": 9, "num_statements": 9, "percent_covered": 100.0, "percent_covered_display": "100.00", "missing_lines": 0, "excluded_lines": 0}, "missing_lines": [], "excluded_lines": []}, "AgentPoolManager.create_agent": {"executed_lines": [82, 83, 84, 86, 87, 93, 94, 95, 96, 99, 100, 101, 102, 109, 110, 116, 117, 118, 124, 126, 127, 129, 132, 141, 144, 151], "summary": {"covered_lines": 26, "num_statements": 26, "percent_covered": 100.0, "percent_covered_display": "100.00", "missing_lines": 0, "excluded_lines": 0}, "missing_lines": [], "excluded_lines": []}, "AgentPoolManager.get_or_create_agent": {"executed_lines": [], "summary": {"covered_lines": 0, "num_statements": 11, "percent_covered": 0.0, "percent_covered_display": "0.00", "missing_lines": 11, "excluded_lines": 0}, "missing_lines": [165, 166, 167, 169, 170, 171, 173, 174, 175, 178, 179], "excluded_lines": []}, "AgentPoolManager.mark_agent_busy": {"executed_lines": [192, 193, 194, 196, 197, 199], "summary": {"covered_lines": 6, "num_statements": 6, "percent_covered": 100.0, "percent_covered_display": "100.00", "missing_lines": 0, "excluded_lines": 0}, "missing_lines": [], "excluded_lines": []}, "AgentPoolManager.mark_agent_idle": {"executed_lines": [211, 212, 213, 215, 216, 219, 221], "summary": {"covered_lines": 7, "num_statements": 7, "percent_covered": 100.0, "percent_covered_display": "100.00", "missing_lines": 0, "excluded_lines": 0}, "missing_lines": [], "excluded_lines": []}, "AgentPoolManager.mark_agent_blocked": {"executed_lines": [236, 237, 240, 241, 243], "summary": {"covered_lines": 5, "num_statements": 6, "percent_covered": 83.33333333333333, "percent_covered_display": "83.33", "missing_lines": 1, "excluded_lines": 0}, "missing_lines": [238], "excluded_lines": []}, "AgentPoolManager.retire_agent": {"executed_lines": [255, 256, 257, 259, 261, 267], "summary": {"covered_lines": 6, "num_statements": 6, "percent_covered": 100.0, "percent_covered_display": "100.00", "missing_lines": 0, "excluded_lines": 0}, "missing_lines": [], "excluded_lines": []}, "AgentPoolManager.get_agent_status": {"executed_lines": [], "summary": {"covered_lines": 0, "num_statements": 5, "percent_covered": 0.0, "percent_covered_display": "0.00", "missing_lines": 5, "excluded_lines": 0}, "missing_lines": [281, 282, 284, 285, 293], "excluded_lines": []}, "AgentPoolManager.get_agent_instance": {"executed_lines": [], "summary": {"covered_lines": 0, "num_statements": 4, "percent_covered": 0.0, "percent_covered_display": "0.00", "missing_lines": 4, "excluded_lines": 0}, "missing_lines": [308, 309, 310, 312], "excluded_lines": []}, "AgentPoolManager._broadcast_async": {"executed_lines": [330, 333, 334, 356, 358], "summary": {"covered_lines": 5, "num_statements": 11, "percent_covered": 45.45454545454545, "percent_covered_display": "45.45", "missing_lines": 6, "excluded_lines": 0}, "missing_lines": [331, 336, 337, 338, 347, 348], "excluded_lines": []}, "AgentPoolManager.clear": {"executed_lines": [362, 363, 364, 365], "summary": {"covered_lines": 4, "num_statements": 4, "percent_covered": 100.0, "percent_covered_display": "100.00", "missing_lines": 0, "excluded_lines": 0}, "missing_lines": [], "excluded_lines": []}, "": {"executed_lines": [1, 7, 8, 9, 10, 12, 13, 14, 15, 17, 20, 21, 33, 68, 153, 181, 201, 225, 245, 274, 295, 314, 360], "summary": {"covered_lines": 21, "num_statements": 21, "percent_covered": 100.0, "percent_covered_display": "100.00", "missing_lines": 0, "excluded_lines": 0}, "missing_lines": [], "excluded_lines": []}}, "classes": {"AgentPoolManager": {"executed_lines": [51, 52, 53, 54, 55, 58, 61, 64, 66, 82, 83, 84, 86, 87, 93, 94, 95, 96, 99, 100, 101, 102, 109, 110, 116, 117, 118, 124, 126, 127, 129, 132, 141, 144, 151, 192, 193, 194, 196, 197, 199, 211, 212, 213, 215, 216, 219, 221, 236, 237, 240, 241, 243, 255, 256, 257, 259, 261, 267, 330, 333, 334, 356, 358, 362, 363, 364, 365], "summary": {"covered_lines": 68, "num_statements": 95, "percent_covered": 71.57894736842105, "percent_covered_display": "71.58", "missing_lines": 27, "excluded_lines": 0}, "missing_lines": [165, 166, 167, 169, 170, 171, 173, 174, 175, 178, 179, 238, 281, 282, 284, 285, 293, 308, 309, 310, 312, 331, 336, 337, 338, 347, 348], "excluded_lines": []}, "": {"executed_lines": [1, 7, 8, 9, 10, 12, 13, 14, 15, 17, 20, 21, 33, 68, 153, 181, 201, 225, 245, 274, 295, 314, 360], "summary": {"covered_lines": 21, "num_statements": 21, "percent_covered": 100.0, "percent_covered_display": "100.00", "missing_lines": 0, "excluded_lines": 0}, "missing_lines": [], "excluded_lines": []}}}, "codeframe/agents/backend_worker_agent.py": {"executed_lines": [1, 18, 19, 20, 21, 22, 23, 25, 26, 27, 30, 33, 34, 54, 97, 128, 185, 230, 345, 404, 457, 548, 644, 797], "summary": {"covered_lines": 22, "num_statements": 227, "percent_covered": 9.691629955947137, "percent_covered_display": "9.69", "missing_lines": 205, "excluded_lines": 24}, "missing_lines": [79, 80, 81, 82, 83, 84, 85, 88, 89, 91, 114, 115, 117, 118, 119, 123, 124, 162, 163, 173, 174, 175, 176, 180, 182, 183, 205, 208, 211, 214, 215, 216, 218, 223, 253, 255, 256, 257, 258, 261, 290, 298, 299, 300, 301, 302, 304, 305, 306, 307, 310, 312, 313, 314, 315, 316, 318, 319, 322, 324, 326, 336, 337, 339, 343, 362, 364, 365, 366, 367, 370, 371, 374, 375, 376, 377, 378, 381, 382, 383, 386, 389, 390, 392, 393, 394, 396, 397, 399, 401, 402, 420, 422, 425, 426, 431, 436, 437, 439, 440, 443, 444, 445, 446, 454, 455, 472, 473, 476, 479, 480, 483, 484, 485, 486, 488, 509, 510, 511, 536, 545, 546, 574, 575, 578, 579, 581, 582, 585, 586, 592, 596, 619, 621, 622, 624, 627, 628, 630, 636, 637, 638, 665, 666, 668, 669, 672, 673, 674, 675, 684, 685, 688, 691, 699, 702, 703, 704, 705, 706, 707, 708, 711, 714, 715, 750, 756, 757, 758, 759, 760, 770, 771, 774, 780, 781, 793, 795, 822, 823, 824, 826, 828, 829, 832, 835, 838, 841, 844, 845, 872, 873, 876, 877, 878, 879, 888, 889, 891, 892, 899, 901, 902, 904, 905], "excluded_lines": [491, 502, 517, 531, 532, 534, 645, 713, 717, 718, 721, 722, 723, 727, 736, 745, 746, 748, 847, 848, 854, 856, 858, 864], "functions": {"BackendWorkerAgent.__init__": {"executed_lines": [], "summary": {"covered_lines": 0, "num_statements": 10, "percent_covered": 0.0, "percent_covered_display": "0.00", "missing_lines": 10, "excluded_lines": 0}, "missing_lines": [79, 80, 81, 82, 83, 84, 85, 88, 89, 91], "excluded_lines": []}, "BackendWorkerAgent._broadcast_async": {"executed_lines": [], "summary": {"covered_lines": 0, "num_statements": 7, "percent_covered": 0.0, "percent_covered_display": "0.00", "missing_lines": 7, "excluded_lines": 0}, "missing_lines": [114, 115, 117, 118, 119, 123, 124], "excluded_lines": []}, "BackendWorkerAgent.fetch_next_task": {"executed_lines": [], "summary": {"covered_lines": 0, "num_statements": 9, "percent_covered": 0.0, "percent_covered_display": "0.00", "missing_lines": 9, "excluded_lines": 0}, "missing_lines": [162, 163, 173, 174, 175, 176, 180, 182, 183], "excluded_lines": []}, "BackendWorkerAgent.build_context": {"executed_lines": [], "summary": {"covered_lines": 0, "num_statements": 8, "percent_covered": 0.0, "percent_covered_display": "0.00", "missing_lines": 8, "excluded_lines": 0}, "missing_lines": [205, 208, 211, 214, 215, 216, 218, 223], "excluded_lines": []}, "BackendWorkerAgent.generate_code": {"executed_lines": [], "summary": {"covered_lines": 0, "num_statements": 31, "percent_covered": 0.0, "percent_covered_display": "0.00", "missing_lines": 31, "excluded_lines": 0}, "missing_lines": [253, 255, 256, 257, 258, 261, 290, 298, 299, 300, 301, 302, 304, 305, 306, 307, 310, 312, 313, 314, 315, 316, 318, 319, 322, 324, 326, 336, 337, 339, 343], "excluded_lines": []}, "BackendWorkerAgent.apply_file_changes": {"executed_lines": [], "summary": {"covered_lines": 0, "num_statements": 26, "percent_covered": 0.0, "percent_covered_display": "0.00", "missing_lines": 26, "excluded_lines": 0}, "missing_lines": [362, 364, 365, 366, 367, 370, 371, 374, 375, 376, 377, 378, 381, 382, 383, 386, 389, 390, 392, 393, 394, 396, 397, 399, 401, 402], "excluded_lines": []}, "BackendWorkerAgent.update_task_status": {"executed_lines": [], "summary": {"covered_lines": 0, "num_statements": 15, "percent_covered": 0.0, "percent_covered_display": "0.00", "missing_lines": 15, "excluded_lines": 0}, "missing_lines": [420, 422, 425, 426, 431, 436, 437, 439, 440, 443, 444, 445, 446, 454, 455], "excluded_lines": []}, "BackendWorkerAgent._run_and_record_tests": {"executed_lines": [], "summary": {"covered_lines": 0, "num_statements": 16, "percent_covered": 0.0, "percent_covered_display": "0.00", "missing_lines": 16, "excluded_lines": 6}, "missing_lines": [472, 473, 476, 479, 480, 483, 484, 485, 486, 488, 509, 510, 511, 536, 545, 546], "excluded_lines": [491, 502, 517, 531, 532, 534]}, "BackendWorkerAgent._attempt_self_correction": {"executed_lines": [], "summary": {"covered_lines": 0, "num_statements": 20, "percent_covered": 0.0, "percent_covered_display": "0.00", "missing_lines": 20, "excluded_lines": 0}, "missing_lines": [574, 575, 578, 579, 581, 582, 585, 586, 592, 596, 619, 621, 622, 624, 627, 628, 630, 636, 637, 638], "excluded_lines": []}, "BackendWorkerAgent._self_correction_loop": {"executed_lines": [], "summary": {"covered_lines": 0, "num_statements": 36, "percent_covered": 0.0, "percent_covered_display": "0.00", "missing_lines": 36, "excluded_lines": 12}, "missing_lines": [665, 666, 668, 669, 672, 673, 674, 675, 684, 685, 688, 691, 699, 702, 703, 704, 705, 706, 707, 708, 711, 714, 715, 750, 756, 757, 758, 759, 760, 770, 771, 774, 780, 781, 793, 795], "excluded_lines": [645, 713, 717, 718, 721, 722, 723, 727, 736, 745, 746, 748]}, "BackendWorkerAgent.execute_task": {"executed_lines": [], "summary": {"covered_lines": 0, "num_statements": 27, "percent_covered": 0.0, "percent_covered_display": "0.00", "missing_lines": 27, "excluded_lines": 6}, "missing_lines": [822, 823, 824, 826, 828, 829, 832, 835, 838, 841, 844, 845, 872, 873, 876, 877, 878, 879, 888, 889, 891, 892, 899, 901, 902, 904, 905], "excluded_lines": [847, 848, 854, 856, 858, 864]}, "": {"executed_lines": [1, 18, 19, 20, 21, 22, 23, 25, 26, 27, 30, 33, 34, 54, 97, 128, 185, 230, 345, 404, 457, 548, 644, 797], "summary": {"covered_lines": 22, "num_statements": 22, "percent_covered": 100.0, "percent_covered_display": "100.00", "missing_lines": 0, "excluded_lines": 0}, "missing_lines": [], "excluded_lines": []}}, "classes": {"BackendWorkerAgent": {"executed_lines": [], "summary": {"covered_lines": 0, "num_statements": 205, "percent_covered": 0.0, "percent_covered_display": "0.00", "missing_lines": 205, "excluded_lines": 24}, "missing_lines": [79, 80, 81, 82, 83, 84, 85, 88, 89, 91, 114, 115, 117, 118, 119, 123, 124, 162, 163, 173, 174, 175, 176, 180, 182, 183, 205, 208, 211, 214, 215, 216, 218, 223, 253, 255, 256, 257, 258, 261, 290, 298, 299, 300, 301, 302, 304, 305, 306, 307, 310, 312, 313, 314, 315, 316, 318, 319, 322, 324, 326, 336, 337, 339, 343, 362, 364, 365, 366, 367, 370, 371, 374, 375, 376, 377, 378, 381, 382, 383, 386, 389, 390, 392, 393, 394, 396, 397, 399, 401, 402, 420, 422, 425, 426, 431, 436, 437, 439, 440, 443, 444, 445, 446, 454, 455, 472, 473, 476, 479, 480, 483, 484, 485, 486, 488, 509, 510, 511, 536, 545, 546, 574, 575, 578, 579, 581, 582, 585, 586, 592, 596, 619, 621, 622, 624, 627, 628, 630, 636, 637, 638, 665, 666, 668, 669, 672, 673, 674, 675, 684, 685, 688, 691, 699, 702, 703, 704, 705, 706, 707, 708, 711, 714, 715, 750, 756, 757, 758, 759, 760, 770, 771, 774, 780, 781, 793, 795, 822, 823, 824, 826, 828, 829, 832, 835, 838, 841, 844, 845, 872, 873, 876, 877, 878, 879, 888, 889, 891, 892, 899, 901, 902, 904, 905], "excluded_lines": [491, 502, 517, 531, 532, 534, 645, 713, 717, 718, 721, 722, 723, 727, 736, 745, 746, 748, 847, 848, 854, 856, 858, 864]}, "": {"executed_lines": [1, 18, 19, 20, 21, 22, 23, 25, 26, 27, 30, 33, 34, 54, 97, 128, 185, 230, 345, 404, 457, 548, 644, 797], "summary": {"covered_lines": 22, "num_statements": 22, "percent_covered": 100.0, "percent_covered_display": "100.00", "missing_lines": 0, "excluded_lines": 0}, "missing_lines": [], "excluded_lines": []}}}, "codeframe/agents/definition_loader.py": {"executed_lines": [1, 94, 95, 96, 97, 99, 100, 103, 104, 105, 119, 120, 121, 122, 123, 124, 125, 126, 127, 129, 169, 170, 177, 181, 229, 277, 298, 336, 345, 360], "summary": {"covered_lines": 27, "num_statements": 89, "percent_covered": 30.337078651685392, "percent_covered_display": "30.34", "missing_lines": 62, "excluded_lines": 1}, "missing_lines": [136, 137, 139, 140, 142, 143, 146, 147, 153, 154, 157, 158, 161, 162, 165, 166, 179, 199, 200, 202, 203, 205, 208, 209, 210, 212, 213, 214, 217, 218, 219, 220, 221, 223, 224, 225, 227, 240, 241, 243, 244, 247, 248, 249, 250, 251, 252, 253, 259, 272, 275, 290, 291, 296, 320, 323, 332, 334, 343, 355, 370, 371], "excluded_lines": [305], "functions": {"AgentDefinition.validate": {"executed_lines": [], "summary": {"covered_lines": 0, "num_statements": 16, "percent_covered": 0.0, "percent_covered_display": "0.00", "missing_lines": 16, "excluded_lines": 0}, "missing_lines": [136, 137, 139, 140, 142, 143, 146, 147, 153, 154, 157, 158, 161, 162, 165, 166], "excluded_lines": []}, "AgentDefinitionLoader.__init__": {"executed_lines": [], "summary": {"covered_lines": 0, "num_statements": 1, "percent_covered": 0.0, "percent_covered_display": "0.00", "missing_lines": 1, "excluded_lines": 0}, "missing_lines": [179], "excluded_lines": []}, "AgentDefinitionLoader.load_definitions": {"executed_lines": [], "summary": {"covered_lines": 0, "num_statements": 20, "percent_covered": 0.0, "percent_covered_display": "0.00", "missing_lines": 20, "excluded_lines": 0}, "missing_lines": [199, 200, 202, 203, 205, 208, 209, 210, 212, 213, 214, 217, 218, 219, 220, 221, 223, 224, 225, 227], "excluded_lines": []}, "AgentDefinitionLoader._load_definition_file": {"executed_lines": [], "summary": {"covered_lines": 0, "num_statements": 14, "percent_covered": 0.0, "percent_covered_display": "0.00", "missing_lines": 14, "excluded_lines": 0}, "missing_lines": [240, 241, 243, 244, 247, 248, 249, 250, 251, 252, 253, 259, 272, 275], "excluded_lines": []}, "AgentDefinitionLoader.get_definition": {"executed_lines": [], "summary": {"covered_lines": 0, "num_statements": 3, "percent_covered": 0.0, "percent_covered_display": "0.00", "missing_lines": 3, "excluded_lines": 0}, "missing_lines": [290, 291, 296], "excluded_lines": []}, "AgentDefinitionLoader.create_agent": {"executed_lines": [], "summary": {"covered_lines": 0, "num_statements": 4, "percent_covered": 0.0, "percent_covered_display": "0.00", "missing_lines": 4, "excluded_lines": 1}, "missing_lines": [320, 323, 332, 334], "excluded_lines": [305]}, "AgentDefinitionLoader.list_available_types": {"executed_lines": [], "summary": {"covered_lines": 0, "num_statements": 1, "percent_covered": 0.0, "percent_covered_display": "0.00", "missing_lines": 1, "excluded_lines": 0}, "missing_lines": [343], "excluded_lines": []}, "AgentDefinitionLoader.get_definitions_by_type": {"executed_lines": [], "summary": {"covered_lines": 0, "num_statements": 1, "percent_covered": 0.0, "percent_covered_display": "0.00", "missing_lines": 1, "excluded_lines": 0}, "missing_lines": [355], "excluded_lines": []}, "AgentDefinitionLoader.reload_definitions": {"executed_lines": [], "summary": {"covered_lines": 0, "num_statements": 2, "percent_covered": 0.0, "percent_covered_display": "0.00", "missing_lines": 2, "excluded_lines": 0}, "missing_lines": [370, 371], "excluded_lines": []}, "": {"executed_lines": [1, 94, 95, 96, 97, 99, 100, 103, 104, 105, 119, 120, 121, 122, 123, 124, 125, 126, 127, 129, 169, 170, 177, 181, 229, 277, 298, 336, 345, 360], "summary": {"covered_lines": 27, "num_statements": 27, "percent_covered": 100.0, "percent_covered_display": "100.00", "missing_lines": 0, "excluded_lines": 0}, "missing_lines": [], "excluded_lines": []}}, "classes": {"AgentDefinition": {"executed_lines": [], "summary": {"covered_lines": 0, "num_statements": 16, "percent_covered": 0.0, "percent_covered_display": "0.00", "missing_lines": 16, "excluded_lines": 0}, "missing_lines": [136, 137, 139, 140, 142, 143, 146, 147, 153, 154, 157, 158, 161, 162, 165, 166], "excluded_lines": []}, "AgentDefinitionLoader": {"executed_lines": [], "summary": {"covered_lines": 0, "num_statements": 46, "percent_covered": 0.0, "percent_covered_display": "0.00", "missing_lines": 46, "excluded_lines": 1}, "missing_lines": [179, 199, 200, 202, 203, 205, 208, 209, 210, 212, 213, 214, 217, 218, 219, 220, 221, 223, 224, 225, 227, 240, 241, 243, 244, 247, 248, 249, 250, 251, 252, 253, 259, 272, 275, 290, 291, 296, 320, 323, 332, 334, 343, 355, 370, 371], "excluded_lines": [305]}, "": {"executed_lines": [1, 94, 95, 96, 97, 99, 100, 103, 104, 105, 119, 120, 121, 122, 123, 124, 125, 126, 127, 129, 169, 170, 177, 181, 229, 277, 298, 336, 345, 360], "summary": {"covered_lines": 27, "num_statements": 27, "percent_covered": 100.0, "percent_covered_display": "100.00", "missing_lines": 0, "excluded_lines": 0}, "missing_lines": [], "excluded_lines": []}}}, "codeframe/agents/dependency_resolver.py": {"executed_lines": [1, 8, 9, 10, 12, 14, 17, 18, 30, 33, 36, 39, 42, 44, 55, 56, 57, 58, 61, 62, 63, 64, 67, 68, 71, 73, 75, 77, 78, 79, 85, 86, 87, 88, 89, 91, 92, 93, 95, 96, 101, 102, 105, 106, 107, 109, 114, 124, 126, 128, 129, 132, 134, 136, 137, 139, 141, 143, 154, 157, 159, 160, 162, 163, 164, 166, 170, 172, 180, 181, 183, 185, 186, 189, 190, 191, 192, 193, 195, 197, 198, 201, 202, 203, 204, 206, 208, 222, 223, 226, 227, 230, 233, 234, 236, 237, 241, 243, 245, 253, 257, 259, 261, 263, 264, 267, 268, 269, 270, 273, 274, 280, 290, 294, 295, 296, 298, 299, 300, 301, 303, 305, 312, 314, 315, 316, 318, 319, 321, 322, 323, 325, 327, 334, 335, 337, 339, 340, 342, 343, 344, 345, 346, 347, 349, 350, 351, 356, 357, 358, 359, 360, 364, 366, 367, 368, 369], "summary": {"covered_lines": 155, "num_statements": 164, "percent_covered": 94.51219512195122, "percent_covered_display": "94.51", "missing_lines": 9, "excluded_lines": 2}, "missing_lines": [80, 81, 82, 277, 278, 291, 353, 354, 362], "excluded_lines": [60, 66], "functions": {"DependencyResolver.__init__": {"executed_lines": [33, 36, 39, 42], "summary": {"covered_lines": 4, "num_statements": 4, "percent_covered": 100.0, "percent_covered_display": "100.00", "missing_lines": 0, "excluded_lines": 0}, "missing_lines": [], "excluded_lines": []}, "DependencyResolver.build_dependency_graph": {"executed_lines": [55, 56, 57, 58, 61, 62, 63, 64, 67, 68, 71, 73, 75, 77, 78, 79, 85, 86, 87, 88, 89, 91, 92, 93, 95, 96, 101, 102, 105, 106, 107, 109], "summary": {"covered_lines": 32, "num_statements": 35, "percent_covered": 91.42857142857143, "percent_covered_display": "91.43", "missing_lines": 3, "excluded_lines": 2}, "missing_lines": [80, 81, 82], "excluded_lines": [60, 66]}, "DependencyResolver.get_ready_tasks": {"executed_lines": [124, 126, 128, 129, 132, 134, 136, 137, 139, 141], "summary": {"covered_lines": 10, "num_statements": 10, "percent_covered": 100.0, "percent_covered_display": "100.00", "missing_lines": 0, "excluded_lines": 0}, "missing_lines": [], "excluded_lines": []}, "DependencyResolver.unblock_dependent_tasks": {"executed_lines": [154, 157, 159, 160, 162, 163, 164, 166, 170], "summary": {"covered_lines": 9, "num_statements": 9, "percent_covered": 100.0, "percent_covered_display": "100.00", "missing_lines": 0, "excluded_lines": 0}, "missing_lines": [], "excluded_lines": []}, "DependencyResolver.detect_cycles": {"executed_lines": [180, 181, 183, 201, 202, 203, 204, 206], "summary": {"covered_lines": 8, "num_statements": 8, "percent_covered": 100.0, "percent_covered_display": "100.00", "missing_lines": 0, "excluded_lines": 0}, "missing_lines": [], "excluded_lines": []}, "DependencyResolver.detect_cycles.has_cycle": {"executed_lines": [185, 186, 189, 190, 191, 192, 193, 195, 197, 198], "summary": {"covered_lines": 10, "num_statements": 10, "percent_covered": 100.0, "percent_covered_display": "100.00", "missing_lines": 0, "excluded_lines": 0}, "missing_lines": [], "excluded_lines": []}, "DependencyResolver.validate_dependency": {"executed_lines": [222, 223, 226, 227, 230, 233, 234, 236, 237, 241, 243], "summary": {"covered_lines": 11, "num_statements": 11, "percent_covered": 100.0, "percent_covered_display": "100.00", "missing_lines": 0, "excluded_lines": 0}, "missing_lines": [], "excluded_lines": []}, "DependencyResolver.topological_sort": {"executed_lines": [253, 257, 259, 261, 263, 264, 267, 268, 269, 270, 273, 274], "summary": {"covered_lines": 12, "num_statements": 14, "percent_covered": 85.71428571428571, "percent_covered_display": "85.71", "missing_lines": 2, "excluded_lines": 0}, "missing_lines": [277, 278], "excluded_lines": []}, "DependencyResolver.get_dependency_depth": {"executed_lines": [290, 294, 295, 296, 298, 299, 300, 301, 303], "summary": {"covered_lines": 9, "num_statements": 10, "percent_covered": 90.0, "percent_covered_display": "90.00", "missing_lines": 1, "excluded_lines": 0}, "missing_lines": [291], "excluded_lines": []}, "DependencyResolver.get_blocked_tasks": {"executed_lines": [312, 314, 315, 316, 318, 319, 321, 322, 323, 325], "summary": {"covered_lines": 10, "num_statements": 10, "percent_covered": 100.0, "percent_covered_display": "100.00", "missing_lines": 0, "excluded_lines": 0}, "missing_lines": [], "excluded_lines": []}, "DependencyResolver._find_cycle_details": {"executed_lines": [334, 335, 337, 356, 357, 358, 359, 360], "summary": {"covered_lines": 8, "num_statements": 9, "percent_covered": 88.88888888888889, "percent_covered_display": "88.89", "missing_lines": 1, "excluded_lines": 0}, "missing_lines": [362], "excluded_lines": []}, "DependencyResolver._find_cycle_details.find_cycle_from": {"executed_lines": [339, 340, 342, 343, 344, 345, 346, 347, 349, 350, 351], "summary": {"covered_lines": 11, "num_statements": 13, "percent_covered": 84.61538461538461, "percent_covered_display": "84.62", "missing_lines": 2, "excluded_lines": 0}, "missing_lines": [353, 354], "excluded_lines": []}, "DependencyResolver.clear": {"executed_lines": [366, 367, 368, 369], "summary": {"covered_lines": 4, "num_statements": 4, "percent_covered": 100.0, "percent_covered_display": "100.00", "missing_lines": 0, "excluded_lines": 0}, "missing_lines": [], "excluded_lines": []}, "": {"executed_lines": [1, 8, 9, 10, 12, 14, 17, 18, 30, 44, 114, 143, 172, 208, 245, 280, 305, 327, 364], "summary": {"covered_lines": 17, "num_statements": 17, "percent_covered": 100.0, "percent_covered_display": "100.00", "missing_lines": 0, "excluded_lines": 0}, "missing_lines": [], "excluded_lines": []}}, "classes": {"DependencyResolver": {"executed_lines": [33, 36, 39, 42, 55, 56, 57, 58, 61, 62, 63, 64, 67, 68, 71, 73, 75, 77, 78, 79, 85, 86, 87, 88, 89, 91, 92, 93, 95, 96, 101, 102, 105, 106, 107, 109, 124, 126, 128, 129, 132, 134, 136, 137, 139, 141, 154, 157, 159, 160, 162, 163, 164, 166, 170, 180, 181, 183, 185, 186, 189, 190, 191, 192, 193, 195, 197, 198, 201, 202, 203, 204, 206, 222, 223, 226, 227, 230, 233, 234, 236, 237, 241, 243, 253, 257, 259, 261, 263, 264, 267, 268, 269, 270, 273, 274, 290, 294, 295, 296, 298, 299, 300, 301, 303, 312, 314, 315, 316, 318, 319, 321, 322, 323, 325, 334, 335, 337, 339, 340, 342, 343, 344, 345, 346, 347, 349, 350, 351, 356, 357, 358, 359, 360, 366, 367, 368, 369], "summary": {"covered_lines": 138, "num_statements": 147, "percent_covered": 93.87755102040816, "percent_covered_display": "93.88", "missing_lines": 9, "excluded_lines": 2}, "missing_lines": [80, 81, 82, 277, 278, 291, 353, 354, 362], "excluded_lines": [60, 66]}, "": {"executed_lines": [1, 8, 9, 10, 12, 14, 17, 18, 30, 44, 114, 143, 172, 208, 245, 280, 305, 327, 364], "summary": {"covered_lines": 17, "num_statements": 17, "percent_covered": 100.0, "percent_covered_display": "100.00", "missing_lines": 0, "excluded_lines": 0}, "missing_lines": [], "excluded_lines": []}}}, "codeframe/agents/factory.py": {"executed_lines": [1, 3, 4, 5, 7, 8, 9, 11, 14, 15, 29, 60, 124, 137, 164, 183, 193], "summary": {"covered_lines": 15, "num_statements": 54, "percent_covered": 27.77777777777778, "percent_covered_display": "27.78", "missing_lines": 39, "excluded_lines": 1}, "missing_lines": [37, 40, 42, 44, 47, 48, 49, 50, 51, 52, 56, 57, 58, 90, 91, 92, 93, 94, 100, 103, 113, 114, 115, 116, 118, 122, 135, 154, 155, 156, 157, 158, 159, 181, 189, 190, 191, 207, 208], "excluded_lines": [67], "functions": {"AgentFactory.__init__": {"executed_lines": [], "summary": {"covered_lines": 0, "num_statements": 13, "percent_covered": 0.0, "percent_covered_display": "0.00", "missing_lines": 13, "excluded_lines": 0}, "missing_lines": [37, 40, 42, 44, 47, 48, 49, 50, 51, 52, 56, 57, 58], "excluded_lines": []}, "AgentFactory.create_agent": {"executed_lines": [], "summary": {"covered_lines": 0, "num_statements": 13, "percent_covered": 0.0, "percent_covered_display": "0.00", "missing_lines": 13, "excluded_lines": 1}, "missing_lines": [90, 91, 92, 93, 94, 100, 103, 113, 114, 115, 116, 118, 122], "excluded_lines": [67]}, "AgentFactory.list_available_agents": {"executed_lines": [], "summary": {"covered_lines": 0, "num_statements": 1, "percent_covered": 0.0, "percent_covered_display": "0.00", "missing_lines": 1, "excluded_lines": 0}, "missing_lines": [135], "excluded_lines": []}, "AgentFactory.get_agent_capabilities": {"executed_lines": [], "summary": {"covered_lines": 0, "num_statements": 6, "percent_covered": 0.0, "percent_covered_display": "0.00", "missing_lines": 6, "excluded_lines": 0}, "missing_lines": [154, 155, 156, 157, 158, 159], "excluded_lines": []}, "AgentFactory.get_agent_definition": {"executed_lines": [], "summary": {"covered_lines": 0, "num_statements": 1, "percent_covered": 0.0, "percent_covered_display": "0.00", "missing_lines": 1, "excluded_lines": 0}, "missing_lines": [181], "excluded_lines": []}, "AgentFactory.reload_definitions": {"executed_lines": [], "summary": {"covered_lines": 0, "num_statements": 3, "percent_covered": 0.0, "percent_covered_display": "0.00", "missing_lines": 3, "excluded_lines": 0}, "missing_lines": [189, 190, 191], "excluded_lines": []}, "AgentFactory.get_agents_by_type": {"executed_lines": [], "summary": {"covered_lines": 0, "num_statements": 2, "percent_covered": 0.0, "percent_covered_display": "0.00", "missing_lines": 2, "excluded_lines": 0}, "missing_lines": [207, 208], "excluded_lines": []}, "": {"executed_lines": [1, 3, 4, 5, 7, 8, 9, 11, 14, 15, 29, 60, 124, 137, 164, 183, 193], "summary": {"covered_lines": 15, "num_statements": 15, "percent_covered": 100.0, "percent_covered_display": "100.00", "missing_lines": 0, "excluded_lines": 0}, "missing_lines": [], "excluded_lines": []}}, "classes": {"AgentFactory": {"executed_lines": [], "summary": {"covered_lines": 0, "num_statements": 39, "percent_covered": 0.0, "percent_covered_display": "0.00", "missing_lines": 39, "excluded_lines": 1}, "missing_lines": [37, 40, 42, 44, 47, 48, 49, 50, 51, 52, 56, 57, 58, 90, 91, 92, 93, 94, 100, 103, 113, 114, 115, 116, 118, 122, 135, 154, 155, 156, 157, 158, 159, 181, 189, 190, 191, 207, 208], "excluded_lines": [67]}, "": {"executed_lines": [1, 3, 4, 5, 7, 8, 9, 11, 14, 15, 29, 60, 124, 137, 164, 183, 193], "summary": {"covered_lines": 15, "num_statements": 15, "percent_covered": 100.0, "percent_covered_display": "100.00", "missing_lines": 0, "excluded_lines": 0}, "missing_lines": [], "excluded_lines": []}}}, "codeframe/agents/frontend_worker_agent.py": {"executed_lines": [1, 8, 9, 10, 11, 12, 13, 15, 16, 18, 21, 22, 33, 51, 58, 59, 60, 61, 62, 63, 65, 83, 86, 87, 89, 91, 93, 104, 107, 111, 113, 133, 144, 146, 148, 149, 157, 160, 163, 166, 167, 169, 172, 179, 182, 183, 191, 193, 200, 201, 204, 212, 218, 229, 230, 231, 232, 233, 234, 238, 239, 242, 243, 244, 245, 246, 248, 249, 251, 254, 255, 257, 264, 274, 276, 278, 292, 293, 302, 305, 310, 312, 313, 314, 316, 326, 327, 329, 348, 360, 362, 380, 383, 386, 387, 393, 396, 397, 398, 400, 402, 407, 408, 409, 411, 412, 413, 414, 416, 418, 420, 433, 435, 437, 443, 444, 445], "summary": {"covered_lines": 114, "num_statements": 119, "percent_covered": 95.7983193277311, "percent_covered_display": "95.80", "missing_lines": 5, "excluded_lines": 1}, "missing_lines": [84, 205, 306, 307, 308], "excluded_lines": [234], "functions": {"FrontendWorkerAgent.__init__": {"executed_lines": [51, 58, 59, 60, 61, 62, 63], "summary": {"covered_lines": 7, "num_statements": 7, "percent_covered": 100.0, "percent_covered_display": "100.00", "missing_lines": 0, "excluded_lines": 0}, "missing_lines": [], "excluded_lines": []}, "FrontendWorkerAgent._broadcast_async": {"executed_lines": [83, 86, 87, 89, 91, 93, 104, 107], "summary": {"covered_lines": 8, "num_statements": 9, "percent_covered": 88.88888888888889, "percent_covered_display": "88.89", "missing_lines": 1, "excluded_lines": 0}, "missing_lines": [84], "excluded_lines": []}, "FrontendWorkerAgent._build_system_prompt": {"executed_lines": [113], "summary": {"covered_lines": 1, "num_statements": 1, "percent_covered": 100.0, "percent_covered_display": "100.00", "missing_lines": 0, "excluded_lines": 0}, "missing_lines": [], "excluded_lines": []}, "FrontendWorkerAgent.execute_task": {"executed_lines": [144, 146, 148, 149, 157, 160, 163, 166, 167, 169, 172, 179, 182, 183, 191, 193, 200, 201, 204, 212], "summary": {"covered_lines": 20, "num_statements": 21, "percent_covered": 95.23809523809524, "percent_covered_display": "95.24", "missing_lines": 1, "excluded_lines": 0}, "missing_lines": [205], "excluded_lines": []}, "FrontendWorkerAgent._parse_component_spec": {"executed_lines": [229, 230, 231, 232, 233, 234, 238, 239, 242, 243, 244, 245, 246, 248, 249, 251, 254, 255, 257], "summary": {"covered_lines": 18, "num_statements": 18, "percent_covered": 100.0, "percent_covered_display": "100.00", "missing_lines": 0, "excluded_lines": 1}, "missing_lines": [], "excluded_lines": [234]}, "FrontendWorkerAgent._generate_react_component": {"executed_lines": [274, 276, 278, 292, 293, 302, 305, 310, 312, 313, 314], "summary": {"covered_lines": 11, "num_statements": 14, "percent_covered": 78.57142857142857, "percent_covered_display": "78.57", "missing_lines": 3, "excluded_lines": 0}, "missing_lines": [306, 307, 308], "excluded_lines": []}, "FrontendWorkerAgent._generate_basic_component_template": {"executed_lines": [326, 327, 329], "summary": {"covered_lines": 3, "num_statements": 3, "percent_covered": 100.0, "percent_covered_display": "100.00", "missing_lines": 0, "excluded_lines": 0}, "missing_lines": [], "excluded_lines": []}, "FrontendWorkerAgent._generate_typescript_types": {"executed_lines": [360], "summary": {"covered_lines": 1, "num_statements": 1, "percent_covered": 100.0, "percent_covered_display": "100.00", "missing_lines": 0, "excluded_lines": 0}, "missing_lines": [], "excluded_lines": []}, "FrontendWorkerAgent._create_component_files": {"executed_lines": [380, 383, 386, 387, 393, 396, 397, 398, 400, 402, 407, 408, 409, 411, 412, 413, 414, 416, 418], "summary": {"covered_lines": 19, "num_statements": 19, "percent_covered": 100.0, "percent_covered_display": "100.00", "missing_lines": 0, "excluded_lines": 0}, "missing_lines": [], "excluded_lines": []}, "FrontendWorkerAgent._update_imports_exports": {"executed_lines": [433, 435, 437, 443, 444, 445], "summary": {"covered_lines": 6, "num_statements": 6, "percent_covered": 100.0, "percent_covered_display": "100.00", "missing_lines": 0, "excluded_lines": 0}, "missing_lines": [], "excluded_lines": []}, "": {"executed_lines": [1, 8, 9, 10, 11, 12, 13, 15, 16, 18, 21, 22, 33, 65, 111, 133, 218, 264, 316, 348, 362, 420], "summary": {"covered_lines": 20, "num_statements": 20, "percent_covered": 100.0, "percent_covered_display": "100.00", "missing_lines": 0, "excluded_lines": 0}, "missing_lines": [], "excluded_lines": []}}, "classes": {"FrontendWorkerAgent": {"executed_lines": [51, 58, 59, 60, 61, 62, 63, 83, 86, 87, 89, 91, 93, 104, 107, 113, 144, 146, 148, 149, 157, 160, 163, 166, 167, 169, 172, 179, 182, 183, 191, 193, 200, 201, 204, 212, 229, 230, 231, 232, 233, 234, 238, 239, 242, 243, 244, 245, 246, 248, 249, 251, 254, 255, 257, 274, 276, 278, 292, 293, 302, 305, 310, 312, 313, 314, 326, 327, 329, 360, 380, 383, 386, 387, 393, 396, 397, 398, 400, 402, 407, 408, 409, 411, 412, 413, 414, 416, 418, 433, 435, 437, 443, 444, 445], "summary": {"covered_lines": 94, "num_statements": 99, "percent_covered": 94.94949494949495, "percent_covered_display": "94.95", "missing_lines": 5, "excluded_lines": 1}, "missing_lines": [84, 205, 306, 307, 308], "excluded_lines": [234]}, "": {"executed_lines": [1, 8, 9, 10, 11, 12, 13, 15, 16, 18, 21, 22, 33, 65, 111, 133, 218, 264, 316, 348, 362, 420], "summary": {"covered_lines": 20, "num_statements": 20, "percent_covered": 100.0, "percent_covered_display": "100.00", "missing_lines": 0, "excluded_lines": 0}, "missing_lines": [], "excluded_lines": []}}}, "codeframe/agents/lead_agent.py": {"executed_lines": [1, 3, 4, 5, 7, 8, 9, 10, 11, 12, 13, 14, 15, 16, 17, 19, 23, 26, 27, 36, 99, 119, 189, 229, 254, 281, 334, 393, 406, 465, 520, 539, 544, 549, 621, 643, 783, 825, 862, 911, 979, 1026, 1217, 1235, 1339], "summary": {"covered_lines": 42, "num_statements": 526, "percent_covered": 7.984790874524715, "percent_covered_display": "7.98", "missing_lines": 484, "excluded_lines": 4}, "missing_lines": [58, 59, 64, 65, 66, 69, 70, 73, 76, 83, 84, 87, 88, 90, 91, 92, 95, 97, 106, 109, 110, 111, 116, 117, 133, 134, 136, 138, 141, 147, 154, 157, 160, 163, 171, 172, 177, 179, 181, 182, 183, 185, 186, 187, 191, 193, 196, 197, 198, 201, 202, 203, 204, 205, 206, 209, 210, 211, 212, 213, 215, 217, 222, 223, 225, 226, 227, 231, 233, 241, 242, 249, 251, 252, 264, 265, 268, 270, 271, 272, 274, 275, 278, 279, 293, 294, 297, 300, 301, 302, 305, 312, 315, 316, 317, 318, 319, 322, 324, 325, 326, 327, 330, 331, 332, 351, 358, 360, 361, 365, 366, 368, 370, 371, 372, 375, 379, 380, 383, 384, 385, 387, 388, 389, 391, 404, 418, 419, 425, 428, 430, 432, 437, 438, 441, 442, 448, 456, 458, 459, 461, 462, 463, 467, 512, 522, 524, 526, 527, 530, 531, 533, 535, 536, 547, 572, 573, 575, 577, 579, 580, 585, 588, 589, 591, 592, 593, 596, 597, 599, 602, 603, 604, 606, 610, 611, 613, 614, 615, 617, 618, 619, 631, 632, 634, 635, 638, 640, 641, 670, 672, 673, 674, 676, 677, 679, 680, 687, 688, 689, 698, 700, 701, 704, 707, 708, 709, 711, 712, 716, 718, 721, 722, 723, 737, 740, 743, 744, 745, 747, 752, 753, 758, 761, 768, 773, 775, 776, 777, 779, 780, 781, 793, 795, 796, 798, 801, 802, 805, 806, 808, 814, 819, 821, 822, 823, 839, 840, 842, 843, 844, 845, 846, 848, 850, 852, 854, 855, 856, 858, 859, 860, 881, 882, 883, 886, 887, 888, 894, 903, 905, 932, 933, 934, 937, 938, 943, 944, 945, 948, 951, 954, 955, 958, 960, 961, 966, 971, 1014, 1015, 1016, 1017, 1018, 1019, 1020, 1021, 1022, 1023, 1024, 1032, 1033, 1034, 1035, 1036, 1039, 1040, 1041, 1042, 1043, 1046, 1047, 1048, 1049, 1064, 1065, 1067, 1068, 1071, 1072, 1073, 1076, 1077, 1078, 1079, 1080, 1081, 1082, 1084, 1085, 1086, 1088, 1089, 1090, 1091, 1092, 1093, 1094, 1095, 1096, 1097, 1100, 1101, 1102, 1105, 1106, 1107, 1110, 1111, 1112, 1113, 1119, 1120, 1121, 1122, 1123, 1124, 1125, 1128, 1129, 1130, 1131, 1132, 1135, 1136, 1139, 1142, 1143, 1144, 1150, 1151, 1153, 1158, 1160, 1163, 1164, 1165, 1166, 1168, 1169, 1170, 1173, 1174, 1175, 1176, 1177, 1178, 1179, 1182, 1183, 1184, 1185, 1186, 1187, 1190, 1192, 1193, 1194, 1197, 1198, 1199, 1201, 1210, 1215, 1219, 1220, 1222, 1223, 1224, 1225, 1226, 1227, 1228, 1229, 1231, 1232, 1233, 1259, 1260, 1262, 1263, 1268, 1269, 1270, 1272, 1275, 1276, 1277, 1280, 1281, 1282, 1285, 1286, 1287, 1290, 1291, 1292, 1295, 1296, 1300, 1301, 1302, 1303, 1308, 1311, 1312, 1313, 1316, 1317, 1318, 1320, 1321, 1323, 1324, 1325, 1328, 1331, 1332, 1333, 1334, 1337, 1347, 1348, 1349, 1350, 1352, 1353, 1355, 1356, 1357, 1358, 1359, 1360, 1361, 1362, 1364, 1367, 1368, 1369, 1372, 1373, 1374, 1377, 1379, 1380], "excluded_lines": [19, 20, 542, 1335], "functions": {"LeadAgent.__init__": {"executed_lines": [], "summary": {"covered_lines": 0, "num_statements": 18, "percent_covered": 0.0, "percent_covered_display": "0.00", "missing_lines": 18, "excluded_lines": 0}, "missing_lines": [58, 59, 64, 65, 66, 69, 70, 73, 76, 83, 84, 87, 88, 90, 91, 92, 95, 97], "excluded_lines": []}, "LeadAgent.get_conversation_history": {"executed_lines": [], "summary": {"covered_lines": 0, "num_statements": 6, "percent_covered": 0.0, "percent_covered_display": "0.00", "missing_lines": 6, "excluded_lines": 0}, "missing_lines": [106, 109, 110, 111, 116, 117], "excluded_lines": []}, "LeadAgent.chat": {"executed_lines": [], "summary": {"covered_lines": 0, "num_statements": 20, "percent_covered": 0.0, "percent_covered_display": "0.00", "missing_lines": 20, "excluded_lines": 0}, "missing_lines": [133, 134, 136, 138, 141, 147, 154, 157, 160, 163, 171, 172, 177, 179, 181, 182, 183, 185, 186, 187], "excluded_lines": []}, "LeadAgent._load_discovery_state": {"executed_lines": [], "summary": {"covered_lines": 0, "num_statements": 23, "percent_covered": 0.0, "percent_covered_display": "0.00", "missing_lines": 23, "excluded_lines": 0}, "missing_lines": [191, 193, 196, 197, 198, 201, 202, 203, 204, 205, 206, 209, 210, 211, 212, 213, 215, 217, 222, 223, 225, 226, 227], "excluded_lines": []}, "LeadAgent._save_discovery_state": {"executed_lines": [], "summary": {"covered_lines": 0, "num_statements": 7, "percent_covered": 0.0, "percent_covered_display": "0.00", "missing_lines": 7, "excluded_lines": 0}, "missing_lines": [231, 233, 241, 242, 249, 251, 252], "excluded_lines": []}, "LeadAgent.start_discovery": {"executed_lines": [], "summary": {"covered_lines": 0, "num_statements": 10, "percent_covered": 0.0, "percent_covered_display": "0.00", "missing_lines": 10, "excluded_lines": 0}, "missing_lines": [264, 265, 268, 270, 271, 272, 274, 275, 278, 279], "excluded_lines": []}, "LeadAgent.process_discovery_answer": {"executed_lines": [], "summary": {"covered_lines": 0, "num_statements": 21, "percent_covered": 0.0, "percent_covered_display": "0.00", "missing_lines": 21, "excluded_lines": 0}, "missing_lines": [293, 294, 297, 300, 301, 302, 305, 312, 315, 316, 317, 318, 319, 322, 324, 325, 326, 327, 330, 331, 332], "excluded_lines": []}, "LeadAgent.get_discovery_status": {"executed_lines": [], "summary": {"covered_lines": 0, "num_statements": 20, "percent_covered": 0.0, "percent_covered_display": "0.00", "missing_lines": 20, "excluded_lines": 0}, "missing_lines": [351, 358, 360, 361, 365, 366, 368, 370, 371, 372, 375, 379, 380, 383, 384, 385, 387, 388, 389, 391], "excluded_lines": []}, "LeadAgent.process_discovery_response": {"executed_lines": [], "summary": {"covered_lines": 0, "num_statements": 1, "percent_covered": 0.0, "percent_covered_display": "0.00", "missing_lines": 1, "excluded_lines": 0}, "missing_lines": [404], "excluded_lines": []}, "LeadAgent.generate_prd": {"executed_lines": [], "summary": {"covered_lines": 0, "num_statements": 17, "percent_covered": 0.0, "percent_covered_display": "0.00", "missing_lines": 17, "excluded_lines": 0}, "missing_lines": [418, 419, 425, 428, 430, 432, 437, 438, 441, 442, 448, 456, 458, 459, 461, 462, 463], "excluded_lines": []}, "LeadAgent._build_prd_prompt": {"executed_lines": [], "summary": {"covered_lines": 0, "num_statements": 2, "percent_covered": 0.0, "percent_covered_display": "0.00", "missing_lines": 2, "excluded_lines": 0}, "missing_lines": [467, 512], "excluded_lines": []}, "LeadAgent._save_prd_to_file": {"executed_lines": [], "summary": {"covered_lines": 0, "num_statements": 9, "percent_covered": 0.0, "percent_covered_display": "0.00", "missing_lines": 9, "excluded_lines": 0}, "missing_lines": [522, 524, 526, 527, 530, 531, 533, 535, 536], "excluded_lines": []}, "LeadAgent.assign_task": {"executed_lines": [], "summary": {"covered_lines": 0, "num_statements": 0, "percent_covered": 100.0, "percent_covered_display": "100.00", "missing_lines": 0, "excluded_lines": 1}, "missing_lines": [], "excluded_lines": [542]}, "LeadAgent.detect_bottlenecks": {"executed_lines": [], "summary": {"covered_lines": 0, "num_statements": 1, "percent_covered": 0.0, "percent_covered_display": "0.00", "missing_lines": 1, "excluded_lines": 0}, "missing_lines": [547], "excluded_lines": []}, "LeadAgent.generate_issues": {"executed_lines": [], "summary": {"covered_lines": 0, "num_statements": 27, "percent_covered": 0.0, "percent_covered_display": "0.00", "missing_lines": 27, "excluded_lines": 0}, "missing_lines": [572, 573, 575, 577, 579, 580, 585, 588, 589, 591, 592, 593, 596, 597, 599, 602, 603, 604, 606, 610, 611, 613, 614, 615, 617, 618, 619], "excluded_lines": []}, "LeadAgent._load_prd_from_database": {"executed_lines": [], "summary": {"covered_lines": 0, "num_statements": 7, "percent_covered": 0.0, "percent_covered_display": "0.00", "missing_lines": 7, "excluded_lines": 0}, "missing_lines": [631, 632, 634, 635, 638, 640, 641], "excluded_lines": []}, "LeadAgent.decompose_prd": {"executed_lines": [], "summary": {"covered_lines": 0, "num_statements": 43, "percent_covered": 0.0, "percent_covered_display": "0.00", "missing_lines": 43, "excluded_lines": 0}, "missing_lines": [670, 672, 673, 674, 676, 677, 679, 680, 687, 688, 689, 698, 700, 701, 704, 707, 708, 709, 711, 712, 716, 718, 721, 722, 723, 737, 740, 743, 744, 745, 747, 752, 753, 758, 761, 768, 773, 775, 776, 777, 779, 780, 781], "excluded_lines": []}, "LeadAgent.build_codebase_index": {"executed_lines": [], "summary": {"covered_lines": 0, "num_statements": 14, "percent_covered": 0.0, "percent_covered_display": "0.00", "missing_lines": 14, "excluded_lines": 0}, "missing_lines": [793, 795, 796, 798, 801, 802, 805, 806, 808, 814, 819, 821, 822, 823], "excluded_lines": []}, "LeadAgent.query_codebase": {"executed_lines": [], "summary": {"covered_lines": 0, "num_statements": 16, "percent_covered": 0.0, "percent_covered_display": "0.00", "missing_lines": 16, "excluded_lines": 0}, "missing_lines": [839, 840, 842, 843, 844, 845, 846, 848, 850, 852, 854, 855, 856, 858, 859, 860], "excluded_lines": []}, "LeadAgent.start_issue_work": {"executed_lines": [], "summary": {"covered_lines": 0, "num_statements": 9, "percent_covered": 0.0, "percent_covered_display": "0.00", "missing_lines": 9, "excluded_lines": 0}, "missing_lines": [881, 882, 883, 886, 887, 888, 894, 903, 905], "excluded_lines": []}, "LeadAgent.complete_issue": {"executed_lines": [], "summary": {"covered_lines": 0, "num_statements": 17, "percent_covered": 0.0, "percent_covered_display": "0.00", "missing_lines": 17, "excluded_lines": 0}, "missing_lines": [932, 933, 934, 937, 938, 943, 944, 945, 948, 951, 954, 955, 958, 960, 961, 966, 971], "excluded_lines": []}, "LeadAgent.start_multi_agent_execution": {"executed_lines": [], "summary": {"covered_lines": 0, "num_statements": 11, "percent_covered": 0.0, "percent_covered_display": "0.00", "missing_lines": 11, "excluded_lines": 0}, "missing_lines": [1014, 1015, 1016, 1017, 1018, 1019, 1020, 1021, 1022, 1023, 1024], "excluded_lines": []}, "LeadAgent._execute_coordination_loop": {"executed_lines": [], "summary": {"covered_lines": 0, "num_statements": 104, "percent_covered": 0.0, "percent_covered_display": "0.00", "missing_lines": 104, "excluded_lines": 0}, "missing_lines": [1032, 1033, 1034, 1035, 1036, 1039, 1040, 1041, 1042, 1043, 1046, 1047, 1048, 1049, 1064, 1065, 1067, 1068, 1071, 1072, 1073, 1076, 1077, 1078, 1079, 1080, 1081, 1082, 1084, 1085, 1086, 1088, 1089, 1090, 1091, 1092, 1093, 1094, 1095, 1096, 1097, 1100, 1101, 1102, 1105, 1106, 1107, 1110, 1111, 1112, 1113, 1119, 1120, 1121, 1122, 1123, 1124, 1125, 1128, 1129, 1130, 1131, 1132, 1135, 1136, 1139, 1142, 1143, 1144, 1150, 1151, 1153, 1158, 1160, 1163, 1164, 1165, 1166, 1168, 1169, 1170, 1173, 1174, 1175, 1176, 1177, 1178, 1179, 1182, 1183, 1184, 1185, 1186, 1187, 1190, 1192, 1193, 1194, 1197, 1198, 1199, 1201, 1210, 1215], "excluded_lines": []}, "LeadAgent._emergency_shutdown": {"executed_lines": [], "summary": {"covered_lines": 0, "num_statements": 13, "percent_covered": 0.0, "percent_covered_display": "0.00", "missing_lines": 13, "excluded_lines": 0}, "missing_lines": [1219, 1220, 1222, 1223, 1224, 1225, 1226, 1227, 1228, 1229, 1231, 1232, 1233], "excluded_lines": []}, "LeadAgent._assign_and_execute_task": {"executed_lines": [], "summary": {"covered_lines": 0, "num_statements": 44, "percent_covered": 0.0, "percent_covered_display": "0.00", "missing_lines": 44, "excluded_lines": 1}, "missing_lines": [1259, 1260, 1262, 1263, 1268, 1269, 1270, 1272, 1275, 1276, 1277, 1280, 1281, 1282, 1285, 1286, 1287, 1290, 1291, 1292, 1295, 1296, 1300, 1301, 1302, 1303, 1308, 1311, 1312, 1313, 1316, 1317, 1318, 1320, 1321, 1323, 1324, 1325, 1328, 1331, 1332, 1333, 1334, 1337], "excluded_lines": [1335]}, "LeadAgent._all_tasks_complete": {"executed_lines": [], "summary": {"covered_lines": 0, "num_statements": 24, "percent_covered": 0.0, "percent_covered_display": "0.00", "missing_lines": 24, "excluded_lines": 0}, "missing_lines": [1347, 1348, 1349, 1350, 1352, 1353, 1355, 1356, 1357, 1358, 1359, 1360, 1361, 1362, 1364, 1367, 1368, 1369, 1372, 1373, 1374, 1377, 1379, 1380], "excluded_lines": []}, "": {"executed_lines": [1, 3, 4, 5, 7, 8, 9, 10, 11, 12, 13, 14, 15, 16, 17, 19, 23, 26, 27, 36, 99, 119, 189, 229, 254, 281, 334, 393, 406, 465, 520, 539, 544, 549, 621, 643, 783, 825, 862, 911, 979, 1026, 1217, 1235, 1339], "summary": {"covered_lines": 42, "num_statements": 42, "percent_covered": 100.0, "percent_covered_display": "100.00", "missing_lines": 0, "excluded_lines": 2}, "missing_lines": [], "excluded_lines": [19, 20]}}, "classes": {"LeadAgent": {"executed_lines": [], "summary": {"covered_lines": 0, "num_statements": 484, "percent_covered": 0.0, "percent_covered_display": "0.00", "missing_lines": 484, "excluded_lines": 2}, "missing_lines": [58, 59, 64, 65, 66, 69, 70, 73, 76, 83, 84, 87, 88, 90, 91, 92, 95, 97, 106, 109, 110, 111, 116, 117, 133, 134, 136, 138, 141, 147, 154, 157, 160, 163, 171, 172, 177, 179, 181, 182, 183, 185, 186, 187, 191, 193, 196, 197, 198, 201, 202, 203, 204, 205, 206, 209, 210, 211, 212, 213, 215, 217, 222, 223, 225, 226, 227, 231, 233, 241, 242, 249, 251, 252, 264, 265, 268, 270, 271, 272, 274, 275, 278, 279, 293, 294, 297, 300, 301, 302, 305, 312, 315, 316, 317, 318, 319, 322, 324, 325, 326, 327, 330, 331, 332, 351, 358, 360, 361, 365, 366, 368, 370, 371, 372, 375, 379, 380, 383, 384, 385, 387, 388, 389, 391, 404, 418, 419, 425, 428, 430, 432, 437, 438, 441, 442, 448, 456, 458, 459, 461, 462, 463, 467, 512, 522, 524, 526, 527, 530, 531, 533, 535, 536, 547, 572, 573, 575, 577, 579, 580, 585, 588, 589, 591, 592, 593, 596, 597, 599, 602, 603, 604, 606, 610, 611, 613, 614, 615, 617, 618, 619, 631, 632, 634, 635, 638, 640, 641, 670, 672, 673, 674, 676, 677, 679, 680, 687, 688, 689, 698, 700, 701, 704, 707, 708, 709, 711, 712, 716, 718, 721, 722, 723, 737, 740, 743, 744, 745, 747, 752, 753, 758, 761, 768, 773, 775, 776, 777, 779, 780, 781, 793, 795, 796, 798, 801, 802, 805, 806, 808, 814, 819, 821, 822, 823, 839, 840, 842, 843, 844, 845, 846, 848, 850, 852, 854, 855, 856, 858, 859, 860, 881, 882, 883, 886, 887, 888, 894, 903, 905, 932, 933, 934, 937, 938, 943, 944, 945, 948, 951, 954, 955, 958, 960, 961, 966, 971, 1014, 1015, 1016, 1017, 1018, 1019, 1020, 1021, 1022, 1023, 1024, 1032, 1033, 1034, 1035, 1036, 1039, 1040, 1041, 1042, 1043, 1046, 1047, 1048, 1049, 1064, 1065, 1067, 1068, 1071, 1072, 1073, 1076, 1077, 1078, 1079, 1080, 1081, 1082, 1084, 1085, 1086, 1088, 1089, 1090, 1091, 1092, 1093, 1094, 1095, 1096, 1097, 1100, 1101, 1102, 1105, 1106, 1107, 1110, 1111, 1112, 1113, 1119, 1120, 1121, 1122, 1123, 1124, 1125, 1128, 1129, 1130, 1131, 1132, 1135, 1136, 1139, 1142, 1143, 1144, 1150, 1151, 1153, 1158, 1160, 1163, 1164, 1165, 1166, 1168, 1169, 1170, 1173, 1174, 1175, 1176, 1177, 1178, 1179, 1182, 1183, 1184, 1185, 1186, 1187, 1190, 1192, 1193, 1194, 1197, 1198, 1199, 1201, 1210, 1215, 1219, 1220, 1222, 1223, 1224, 1225, 1226, 1227, 1228, 1229, 1231, 1232, 1233, 1259, 1260, 1262, 1263, 1268, 1269, 1270, 1272, 1275, 1276, 1277, 1280, 1281, 1282, 1285, 1286, 1287, 1290, 1291, 1292, 1295, 1296, 1300, 1301, 1302, 1303, 1308, 1311, 1312, 1313, 1316, 1317, 1318, 1320, 1321, 1323, 1324, 1325, 1328, 1331, 1332, 1333, 1334, 1337, 1347, 1348, 1349, 1350, 1352, 1353, 1355, 1356, 1357, 1358, 1359, 1360, 1361, 1362, 1364, 1367, 1368, 1369, 1372, 1373, 1374, 1377, 1379, 1380], "excluded_lines": [542, 1335]}, "": {"executed_lines": [1, 3, 4, 5, 7, 8, 9, 10, 11, 12, 13, 14, 15, 16, 17, 19, 23, 26, 27, 36, 99, 119, 189, 229, 254, 281, 334, 393, 406, 465, 520, 539, 544, 549, 621, 643, 783, 825, 862, 911, 979, 1026, 1217, 1235, 1339], "summary": {"covered_lines": 42, "num_statements": 42, "percent_covered": 100.0, "percent_covered_display": "100.00", "missing_lines": 0, "excluded_lines": 2}, "missing_lines": [], "excluded_lines": [19, 20]}}}, "codeframe/agents/simple_assignment.py": {"executed_lines": [1, 14, 15, 17, 20, 21, 38, 62, 66, 117, 145], "summary": {"covered_lines": 9, "num_statements": 35, "percent_covered": 25.714285714285715, "percent_covered_display": "25.71", "missing_lines": 26, "excluded_lines": 0}, "missing_lines": [64, 86, 87, 88, 91, 92, 93, 94, 97, 100, 101, 104, 105, 109, 111, 115, 131, 132, 133, 136, 137, 139, 140, 142, 159, 160], "excluded_lines": [], "functions": {"SimpleAgentAssigner.__init__": {"executed_lines": [], "summary": {"covered_lines": 0, "num_statements": 1, "percent_covered": 0.0, "percent_covered_display": "0.00", "missing_lines": 1, "excluded_lines": 0}, "missing_lines": [64], "excluded_lines": []}, "SimpleAgentAssigner.assign_agent_type": {"executed_lines": [], "summary": {"covered_lines": 0, "num_statements": 15, "percent_covered": 0.0, "percent_covered_display": "0.00", "missing_lines": 15, "excluded_lines": 0}, "missing_lines": [86, 87, 88, 91, 92, 93, 94, 97, 100, 101, 104, 105, 109, 111, 115], "excluded_lines": []}, "SimpleAgentAssigner.get_assignment_explanation": {"executed_lines": [], "summary": {"covered_lines": 0, "num_statements": 8, "percent_covered": 0.0, "percent_covered_display": "0.00", "missing_lines": 8, "excluded_lines": 0}, "missing_lines": [131, 132, 133, 136, 137, 139, 140, 142], "excluded_lines": []}, "assign_task_to_agent": {"executed_lines": [], "summary": {"covered_lines": 0, "num_statements": 2, "percent_covered": 0.0, "percent_covered_display": "0.00", "missing_lines": 2, "excluded_lines": 0}, "missing_lines": [159, 160], "excluded_lines": []}, "": {"executed_lines": [1, 14, 15, 17, 20, 21, 38, 62, 66, 117, 145], "summary": {"covered_lines": 9, "num_statements": 9, "percent_covered": 100.0, "percent_covered_display": "100.00", "missing_lines": 0, "excluded_lines": 0}, "missing_lines": [], "excluded_lines": []}}, "classes": {"SimpleAgentAssigner": {"executed_lines": [], "summary": {"covered_lines": 0, "num_statements": 24, "percent_covered": 0.0, "percent_covered_display": "0.00", "missing_lines": 24, "excluded_lines": 0}, "missing_lines": [64, 86, 87, 88, 91, 92, 93, 94, 97, 100, 101, 104, 105, 109, 111, 115, 131, 132, 133, 136, 137, 139, 140, 142], "excluded_lines": []}, "": {"executed_lines": [1, 14, 15, 17, 20, 21, 38, 62, 66, 117, 145], "summary": {"covered_lines": 9, "num_statements": 11, "percent_covered": 81.81818181818181, "percent_covered_display": "81.82", "missing_lines": 2, "excluded_lines": 0}, "missing_lines": [159, 160], "excluded_lines": []}}}, "codeframe/agents/worker_agent.py": {"executed_lines": [1, 3, 6, 7, 11, 19, 20, 21, 22, 23, 24, 26, 43, 48], "summary": {"covered_lines": 12, "num_statements": 14, "percent_covered": 85.71428571428571, "percent_covered_display": "85.71", "missing_lines": 2, "excluded_lines": 2}, "missing_lines": [36, 38], "excluded_lines": [46, 51], "functions": {"WorkerAgent.__init__": {"executed_lines": [19, 20, 21, 22, 23, 24], "summary": {"covered_lines": 6, "num_statements": 6, "percent_covered": 100.0, "percent_covered_display": "100.00", "missing_lines": 0, "excluded_lines": 0}, "missing_lines": [], "excluded_lines": []}, "WorkerAgent.execute_task": {"executed_lines": [], "summary": {"covered_lines": 0, "num_statements": 2, "percent_covered": 0.0, "percent_covered_display": "0.00", "missing_lines": 2, "excluded_lines": 0}, "missing_lines": [36, 38], "excluded_lines": []}, "WorkerAgent.assess_maturity": {"executed_lines": [], "summary": {"covered_lines": 0, "num_statements": 0, "percent_covered": 100.0, "percent_covered_display": "100.00", "missing_lines": 0, "excluded_lines": 1}, "missing_lines": [], "excluded_lines": [46]}, "WorkerAgent.flash_save": {"executed_lines": [], "summary": {"covered_lines": 0, "num_statements": 0, "percent_covered": 100.0, "percent_covered_display": "100.00", "missing_lines": 0, "excluded_lines": 1}, "missing_lines": [], "excluded_lines": [51]}, "": {"executed_lines": [1, 3, 6, 7, 11, 26, 43, 48], "summary": {"covered_lines": 6, "num_statements": 6, "percent_covered": 100.0, "percent_covered_display": "100.00", "missing_lines": 0, "excluded_lines": 0}, "missing_lines": [], "excluded_lines": []}}, "classes": {"WorkerAgent": {"executed_lines": [19, 20, 21, 22, 23, 24], "summary": {"covered_lines": 6, "num_statements": 8, "percent_covered": 75.0, "percent_covered_display": "75.00", "missing_lines": 2, "excluded_lines": 2}, "missing_lines": [36, 38], "excluded_lines": [46, 51]}, "": {"executed_lines": [1, 3, 6, 7, 11, 26, 43, 48], "summary": {"covered_lines": 6, "num_statements": 6, "percent_covered": 100.0, "percent_covered_display": "100.00", "missing_lines": 0, "excluded_lines": 0}, "missing_lines": [], "excluded_lines": []}}}}, "totals": {"covered_lines": 490, "num_statements": 1349, "percent_covered": 36.323202372127504, "percent_covered_display": "36.32", "missing_lines": 859, "excluded_lines": 35}}