{"meta": {"format": 3, "version": "7.11.0", "timestamp": "2025-11-25T10:35:19.583355", "branch_coverage": false, "show_contexts": false}, "files": {"codeframe/__init__.py": {"executed_lines": [1, 8, 9, 11, 12, 13, 15], "summary": {"covered_lines": 6, "num_statements": 6, "percent_covered": 100.0, "percent_covered_display": "100.00", "missing_lines": 0, "excluded_lines": 0}, "missing_lines": [], "excluded_lines": [], "functions": {"": {"executed_lines": [1, 8, 9, 11, 12, 13, 15], "summary": {"covered_lines": 6, "num_statements": 6, "percent_covered": 100.0, "percent_covered_display": "100.00", "missing_lines": 0, "excluded_lines": 0}, "missing_lines": [], "excluded_lines": []}}, "classes": {"": {"executed_lines": [1, 8, 9, 11, 12, 13, 15], "summary": {"covered_lines": 6, "num_statements": 6, "percent_covered": 100.0, "percent_covered_display": "100.00", "missing_lines": 0, "excluded_lines": 0}, "missing_lines": [], "excluded_lines": []}}}, "codeframe/agents/__init__.py": {"executed_lines": [1, 3, 4, 5, 6, 8], "summary": {"covered_lines": 5, "num_statements": 5, "percent_covered": 100.0, "percent_covered_display": "100.00", "missing_lines": 0, "excluded_lines": 0}, "missing_lines": [], "excluded_lines": [], "functions": {"": {"executed_lines": [1, 3, 4, 5, 6, 8], "summary": {"covered_lines": 5, "num_statements": 5, "percent_covered": 100.0, "percent_covered_display": "100.00", "missing_lines": 0, "excluded_lines": 0}, "missing_lines": [], "excluded_lines": []}}, "classes": {"": {"executed_lines": [1, 3, 4, 5, 6, 8], "summary": {"covered_lines": 5, "num_statements": 5, "percent_covered": 100.0, "percent_covered_display": "100.00", "missing_lines": 0, "excluded_lines": 0}, "missing_lines": [], "excluded_lines": []}}}, "codeframe/agents/agent_pool_manager.py": {"executed_lines": [1, 7, 8, 9, 10, 12, 13, 14, 15, 16, 18, 21, 22, 34, 52, 53, 54, 55, 56, 59, 62, 65, 67, 71, 85, 86, 87, 89, 90, 96, 97, 98, 99, 102, 103, 104, 105, 112, 113, 119, 120, 121, 127, 128, 129, 130, 136, 138, 139, 141, 144, 153, 156, 158, 160, 172, 173, 174, 176, 179, 180, 181, 182, 183, 186, 187, 189, 200, 201, 202, 204, 205, 207, 209, 219, 220, 221, 223, 224, 227, 229, 233, 244, 245, 248, 249, 251, 253, 263, 264, 265, 267, 269, 274, 278, 285, 286, 288, 289, 297, 299, 312, 313, 316, 318, 330, 331, 333, 334, 336, 337, 338, 346, 348, 350, 352, 353, 354, 355], "summary": {"covered_lines": 117, "num_statements": 121, "percent_covered": 96.69421487603306, "percent_covered_display": "96.69", "missing_lines": 4, "excluded_lines": 0}, "missing_lines": [246, 314, 343, 344], "excluded_lines": [], "functions": {"AgentPoolManager.__init__": {"executed_lines": [52, 53, 54, 55, 56, 59, 62, 65, 67], "summary": {"covered_lines": 9, "num_statements": 9, "percent_covered": 100.0, "percent_covered_display": "100.00", "missing_lines": 0, "excluded_lines": 0}, "missing_lines": [], "excluded_lines": []}, "AgentPoolManager.create_agent": {"executed_lines": [85, 86, 87, 89, 90, 96, 97, 98, 99, 102, 103, 104, 105, 112, 113, 119, 120, 121, 127, 128, 129, 130, 136, 138, 139, 141, 144, 153, 156, 158], "summary": {"covered_lines": 30, "num_statements": 30, "percent_covered": 100.0, "percent_covered_display": "100.00", "missing_lines": 0, "excluded_lines": 0}, "missing_lines": [], "excluded_lines": []}, "AgentPoolManager.get_or_create_agent": {"executed_lines": [172, 173, 174, 176, 179, 180, 181, 182, 183, 186, 187], "summary": {"covered_lines": 11, "num_statements": 11, "percent_covered": 100.0, "percent_covered_display": "100.00", "missing_lines": 0, "excluded_lines": 0}, "missing_lines": [], "excluded_lines": []}, "AgentPoolManager.mark_agent_busy": {"executed_lines": [200, 201, 202, 204, 205, 207], "summary": {"covered_lines": 6, "num_statements": 6, "percent_covered": 100.0, "percent_covered_display": "100.00", "missing_lines": 0, "excluded_lines": 0}, "missing_lines": [], "excluded_lines": []}, "AgentPoolManager.mark_agent_idle": {"executed_lines": [219, 220, 221, 223, 224, 227, 229], "summary": {"covered_lines": 7, "num_statements": 7, "percent_covered": 100.0, "percent_covered_display": "100.00", "missing_lines": 0, "excluded_lines": 0}, "missing_lines": [], "excluded_lines": []}, "AgentPoolManager.mark_agent_blocked": {"executed_lines": [244, 245, 248, 249, 251], "summary": {"covered_lines": 5, "num_statements": 6, "percent_covered": 83.33333333333333, "percent_covered_display": "83.33", "missing_lines": 1, "excluded_lines": 0}, "missing_lines": [246], "excluded_lines": []}, "AgentPoolManager.retire_agent": {"executed_lines": [263, 264, 265, 267, 269, 274], "summary": {"covered_lines": 6, "num_statements": 6, "percent_covered": 100.0, "percent_covered_display": "100.00", "missing_lines": 0, "excluded_lines": 0}, "missing_lines": [], "excluded_lines": []}, "AgentPoolManager.get_agent_status": {"executed_lines": [285, 286, 288, 289, 297], "summary": {"covered_lines": 5, "num_statements": 5, "percent_covered": 100.0, "percent_covered_display": "100.00", "missing_lines": 0, "excluded_lines": 0}, "missing_lines": [], "excluded_lines": []}, "AgentPoolManager.get_agent_instance": {"executed_lines": [312, 313, 316], "summary": {"covered_lines": 3, "num_statements": 4, "percent_covered": 75.0, "percent_covered_display": "75.00", "missing_lines": 1, "excluded_lines": 0}, "missing_lines": [314], "excluded_lines": []}, "AgentPoolManager._broadcast_async": {"executed_lines": [330, 331, 333, 334, 336, 337, 338, 346, 348], "summary": {"covered_lines": 9, "num_statements": 11, "percent_covered": 81.81818181818181, "percent_covered_display": "81.82", "missing_lines": 2, "excluded_lines": 0}, "missing_lines": [343, 344], "excluded_lines": []}, "AgentPoolManager.clear": {"executed_lines": [352, 353, 354, 355], "summary": {"covered_lines": 4, "num_statements": 4, "percent_covered": 100.0, "percent_covered_display": "100.00", "missing_lines": 0, "excluded_lines": 0}, "missing_lines": [], "excluded_lines": []}, "": {"executed_lines": [1, 7, 8, 9, 10, 12, 13, 14, 15, 16, 18, 21, 22, 34, 71, 160, 189, 209, 233, 253, 278, 299, 318, 350], "summary": {"covered_lines": 22, "num_statements": 22, "percent_covered": 100.0, "percent_covered_display": "100.00", "missing_lines": 0, "excluded_lines": 0}, "missing_lines": [], "excluded_lines": []}}, "classes": {"AgentPoolManager": {"executed_lines": [52, 53, 54, 55, 56, 59, 62, 65, 67, 85, 86, 87, 89, 90, 96, 97, 98, 99, 102, 103, 104, 105, 112, 113, 119, 120, 121, 127, 128, 129, 130, 136, 138, 139, 141, 144, 153, 156, 158, 172, 173, 174, 176, 179, 180, 181, 182, 183, 186, 187, 200, 201, 202, 204, 205, 207, 219, 220, 221, 223, 224, 227, 229, 244, 245, 248, 249, 251, 263, 264, 265, 267, 269, 274, 285, 286, 288, 289, 297, 312, 313, 316, 330, 331, 333, 334, 336, 337, 338, 346, 348, 352, 353, 354, 355], "summary": {"covered_lines": 95, "num_statements": 99, "percent_covered": 95.95959595959596, "percent_covered_display": "95.96", "missing_lines": 4, "excluded_lines": 0}, "missing_lines": [246, 314, 343, 344], "excluded_lines": []}, "": {"executed_lines": [1, 7, 8, 9, 10, 12, 13, 14, 15, 16, 18, 21, 22, 34, 71, 160, 189, 209, 233, 253, 278, 299, 318, 350], "summary": {"covered_lines": 22, "num_statements": 22, "percent_covered": 100.0, "percent_covered_display": "100.00", "missing_lines": 0, "excluded_lines": 0}, "missing_lines": [], "excluded_lines": []}}}, "codeframe/agents/backend_worker_agent.py": {"executed_lines": [1, 18, 19, 20, 21, 22, 23, 24, 26, 27, 28, 31, 34, 35, 55, 80, 81, 82, 83, 84, 85, 86, 89, 92, 98, 132, 133, 143, 144, 145, 146, 150, 152, 153, 155, 175, 178, 181, 184, 185, 186, 188, 193, 200, 223, 225, 226, 227, 228, 231, 260, 268, 269, 270, 271, 272, 274, 282, 283, 284, 285, 288, 290, 291, 294, 296, 298, 306, 307, 309, 313, 315, 332, 334, 335, 336, 337, 340, 341, 344, 345, 346, 347, 348, 351, 352, 353, 356, 359, 360, 362, 363, 364, 366, 367, 369, 371, 372, 374, 390, 392, 395, 396, 401, 403, 404, 406, 407, 409, 423, 427, 430, 432, 436, 437, 438, 441, 443, 446, 449, 450, 460, 496, 497, 501, 519, 521, 523, 525, 527, 542, 543, 546, 549, 550, 553, 554, 555, 558, 561, 572, 579, 616, 639, 640, 643, 644, 646, 650, 651, 657, 661, 684, 686, 687, 689, 692, 697, 699, 713, 736, 737, 739, 740, 743, 759, 764, 772, 775, 776, 777, 778, 784, 787, 788, 790, 791, 794, 820, 822, 828, 848, 854, 855, 860, 868, 870, 895, 896, 897, 899, 901, 902, 905, 908, 911, 914, 917, 920, 921, 923, 924, 930, 932, 934, 940, 948, 949, 952, 968, 969, 970, 977, 978, 979, 980, 982, 984, 985, 992, 994, 995, 997, 998, 1005, 1026, 1029, 1033, 1034, 1035, 1038, 1041, 1044, 1052, 1055, 1072, 1073, 1074, 1075, 1076, 1077, 1080, 1081, 1082, 1084, 1103, 1111, 1113, 1140, 1142, 1143, 1145, 1147, 1149, 1151, 1155, 1156, 1157, 1160, 1161, 1162, 1164, 1176, 1179, 1180, 1183, 1185, 1243, 1244, 1247, 1251, 1254, 1258, 1261, 1268], "summary": {"covered_lines": 261, "num_statements": 333, "percent_covered": 78.37837837837837, "percent_covered_display": "78.38", "missing_lines": 72, "excluded_lines": 24}, "missing_lines": [90, 275, 276, 277, 280, 424, 425, 433, 434, 462, 463, 465, 473, 476, 477, 478, 480, 490, 491, 493, 498, 502, 503, 505, 516, 517, 520, 524, 556, 580, 581, 605, 613, 614, 647, 705, 706, 707, 744, 745, 747, 755, 756, 779, 780, 781, 829, 830, 832, 835, 844, 845, 953, 954, 956, 964, 965, 1027, 1030, 1056, 1057, 1059, 1068, 1069, 1086, 1093, 1101, 1107, 1109, 1152, 1173, 1174], "excluded_lines": [561, 572, 587, 600, 601, 603, 716, 786, 790, 791, 794, 795, 796, 801, 809, 817, 818, 820, 923, 924, 930, 932, 934, 940], "functions": {"BackendWorkerAgent.__init__": {"executed_lines": [80, 81, 82, 83, 84, 85, 86, 89, 92], "summary": {"covered_lines": 9, "num_statements": 10, "percent_covered": 90.0, "percent_covered_display": "90.00", "missing_lines": 1, "excluded_lines": 0}, "missing_lines": [90], "excluded_lines": []}, "BackendWorkerAgent.fetch_next_task": {"executed_lines": [132, 133, 143, 144, 145, 146, 150, 152, 153], "summary": {"covered_lines": 9, "num_statements": 9, "percent_covered": 100.0, "percent_covered_display": "100.00", "missing_lines": 0, "excluded_lines": 0}, "missing_lines": [], "excluded_lines": []}, "BackendWorkerAgent.build_context": {"executed_lines": [175, 178, 181, 184, 185, 186, 188, 193], "summary": {"covered_lines": 8, "num_statements": 8, "percent_covered": 100.0, "percent_covered_display": "100.00", "missing_lines": 0, "excluded_lines": 0}, "missing_lines": [], "excluded_lines": []}, "BackendWorkerAgent.generate_code": {"executed_lines": [223, 225, 226, 227, 228, 231, 260, 268, 269, 270, 271, 272, 274, 282, 283, 284, 285, 288, 290, 291, 294, 296, 298, 306, 307, 309, 313], "summary": {"covered_lines": 27, "num_statements": 31, "percent_covered": 87.09677419354838, "percent_covered_display": "87.10", "missing_lines": 4, "excluded_lines": 0}, "missing_lines": [275, 276, 277, 280], "excluded_lines": []}, "BackendWorkerAgent.apply_file_changes": {"executed_lines": [332, 334, 335, 336, 337, 340, 341, 344, 345, 346, 347, 348, 351, 352, 353, 356, 359, 360, 362, 363, 364, 366, 367, 369, 371, 372], "summary": {"covered_lines": 26, "num_statements": 26, "percent_covered": 100.0, "percent_covered_display": "100.00", "missing_lines": 0, "excluded_lines": 0}, "missing_lines": [], "excluded_lines": []}, "BackendWorkerAgent.update_task_status": {"executed_lines": [390, 392, 395, 396, 401, 403, 404, 406, 407], "summary": {"covered_lines": 9, "num_statements": 9, "percent_covered": 100.0, "percent_covered_display": "100.00", "missing_lines": 0, "excluded_lines": 0}, "missing_lines": [], "excluded_lines": []}, "BackendWorkerAgent._run_and_check_linting": {"executed_lines": [423, 427, 430, 432, 436, 437, 438, 441, 443, 446, 449, 450, 460, 496, 497, 501, 519, 521, 523, 525], "summary": {"covered_lines": 20, "num_statements": 43, "percent_covered": 46.51162790697674, "percent_covered_display": "46.51", "missing_lines": 23, "excluded_lines": 0}, "missing_lines": [424, 425, 433, 434, 462, 463, 465, 473, 476, 477, 478, 480, 490, 491, 493, 498, 502, 503, 505, 516, 517, 520, 524], "excluded_lines": []}, "BackendWorkerAgent._run_and_record_tests": {"executed_lines": [542, 543, 546, 549, 550, 553, 554, 555, 558, 561, 572, 579], "summary": {"covered_lines": 10, "num_statements": 16, "percent_covered": 62.5, "percent_covered_display": "62.50", "missing_lines": 6, "excluded_lines": 6}, "missing_lines": [556, 580, 581, 605, 613, 614], "excluded_lines": [561, 572, 587, 600, 601, 603]}, "BackendWorkerAgent._attempt_self_correction": {"executed_lines": [639, 640, 643, 644, 646, 650, 651, 657, 661, 684, 686, 687, 689, 692, 697, 699], "summary": {"covered_lines": 16, "num_statements": 20, "percent_covered": 80.0, "percent_covered_display": "80.00", "missing_lines": 4, "excluded_lines": 0}, "missing_lines": [647, 705, 706, 707], "excluded_lines": []}, "BackendWorkerAgent._self_correction_loop": {"executed_lines": [736, 737, 739, 740, 743, 759, 764, 772, 775, 776, 777, 778, 784, 787, 788, 790, 791, 794, 820, 822, 828, 848, 854, 855, 860, 868], "summary": {"covered_lines": 22, "num_statements": 36, "percent_covered": 61.111111111111114, "percent_covered_display": "61.11", "missing_lines": 14, "excluded_lines": 12}, "missing_lines": [744, 745, 747, 755, 756, 779, 780, 781, 829, 830, 832, 835, 844, 845], "excluded_lines": [716, 786, 790, 791, 794, 795, 796, 801, 809, 817, 818, 820]}, "BackendWorkerAgent.execute_task": {"executed_lines": [895, 896, 897, 899, 901, 902, 905, 908, 911, 914, 917, 920, 921, 923, 924, 930, 932, 934, 940, 948, 949, 952, 968, 969, 970, 977, 978, 979, 980, 982, 984, 985, 992, 994, 995, 997, 998], "summary": {"covered_lines": 31, "num_statements": 36, "percent_covered": 86.11111111111111, "percent_covered_display": "86.11", "missing_lines": 5, "excluded_lines": 6}, "missing_lines": [953, 954, 956, 964, 965], "excluded_lines": [923, 924, 930, 932, 934, 940]}, "BackendWorkerAgent.create_blocker": {"executed_lines": [1026, 1029, 1033, 1034, 1035, 1038, 1041, 1044, 1052, 1055, 1072, 1073, 1074, 1075, 1076, 1077, 1080, 1081, 1082, 1084, 1103, 1111], "summary": {"covered_lines": 22, "num_statements": 34, "percent_covered": 64.70588235294117, "percent_covered_display": "64.71", "missing_lines": 12, "excluded_lines": 0}, "missing_lines": [1027, 1030, 1056, 1057, 1059, 1068, 1069, 1086, 1093, 1101, 1107, 1109], "excluded_lines": []}, "BackendWorkerAgent.wait_for_blocker_resolution": {"executed_lines": [1140, 1142, 1143, 1145, 1147, 1149, 1151, 1155, 1156, 1157, 1160, 1161, 1162, 1164, 1176, 1179, 1180, 1183], "summary": {"covered_lines": 18, "num_statements": 21, "percent_covered": 85.71428571428571, "percent_covered_display": "85.71", "missing_lines": 3, "excluded_lines": 0}, "missing_lines": [1152, 1173, 1174], "excluded_lines": []}, "BackendWorkerAgent.create_blocker_and_wait": {"executed_lines": [1243, 1244, 1247, 1251, 1254, 1258, 1261, 1268], "summary": {"covered_lines": 8, "num_statements": 8, "percent_covered": 100.0, "percent_covered_display": "100.00", "missing_lines": 0, "excluded_lines": 0}, "missing_lines": [], "excluded_lines": []}, "": {"executed_lines": [1, 18, 19, 20, 21, 22, 23, 24, 26, 27, 28, 31, 34, 35, 55, 98, 155, 200, 315, 374, 409, 527, 616, 713, 870, 1005, 1113, 1185], "summary": {"covered_lines": 26, "num_statements": 26, "percent_covered": 100.0, "percent_covered_display": "100.00", "missing_lines": 0, "excluded_lines": 0}, "missing_lines": [], "excluded_lines": []}}, "classes": {"BackendWorkerAgent": {"executed_lines": [80, 81, 82, 83, 84, 85, 86, 89, 92, 132, 133, 143, 144, 145, 146, 150, 152, 153, 175, 178, 181, 184, 185, 186, 188, 193, 223, 225, 226, 227, 228, 231, 260, 268, 269, 270, 271, 272, 274, 282, 283, 284, 285, 288, 290, 291, 294, 296, 298, 306, 307, 309, 313, 332, 334, 335, 336, 337, 340, 341, 344, 345, 346, 347, 348, 351, 352, 353, 356, 359, 360, 362, 363, 364, 366, 367, 369, 371, 372, 390, 392, 395, 396, 401, 403, 404, 406, 407, 423, 427, 430, 432, 436, 437, 438, 441, 443, 446, 449, 450, 460, 496, 497, 501, 519, 521, 523, 525, 542, 543, 546, 549, 550, 553, 554, 555, 558, 561, 572, 579, 639, 640, 643, 644, 646, 650, 651, 657, 661, 684, 686, 687, 689, 692, 697, 699, 736, 737, 739, 740, 743, 759, 764, 772, 775, 776, 777, 778, 784, 787, 788, 790, 791, 794, 820, 822, 828, 848, 854, 855, 860, 868, 895, 896, 897, 899, 901, 902, 905, 908, 911, 914, 917, 920, 921, 923, 924, 930, 932, 934, 940, 948, 949, 952, 968, 969, 970, 977, 978, 979, 980, 982, 984, 985, 992, 994, 995, 997, 998, 1026, 1029, 1033, 1034, 1035, 1038, 1041, 1044, 1052, 1055, 1072, 1073, 1074, 1075, 1076, 1077, 1080, 1081, 1082, 1084, 1103, 1111, 1140, 1142, 1143, 1145, 1147, 1149, 1151, 1155, 1156, 1157, 1160, 1161, 1162, 1164, 1176, 1179, 1180, 1183, 1243, 1244, 1247, 1251, 1254, 1258, 1261, 1268], "summary": {"covered_lines": 235, "num_statements": 307, "percent_covered": 76.54723127035831, "percent_covered_display": "76.55", "missing_lines": 72, "excluded_lines": 24}, "missing_lines": [90, 275, 276, 277, 280, 424, 425, 433, 434, 462, 463, 465, 473, 476, 477, 478, 480, 490, 491, 493, 498, 502, 503, 505, 516, 517, 520, 524, 556, 580, 581, 605, 613, 614, 647, 705, 706, 707, 744, 745, 747, 755, 756, 779, 780, 781, 829, 830, 832, 835, 844, 845, 953, 954, 956, 964, 965, 1027, 1030, 1056, 1057, 1059, 1068, 1069, 1086, 1093, 1101, 1107, 1109, 1152, 1173, 1174], "excluded_lines": [561, 572, 587, 600, 601, 603, 716, 786, 790, 791, 794, 795, 796, 801, 809, 817, 818, 820, 923, 924, 930, 932, 934, 940]}, "": {"executed_lines": [1, 18, 19, 20, 21, 22, 23, 24, 26, 27, 28, 31, 34, 35, 55, 98, 155, 200, 315, 374, 409, 527, 616, 713, 870, 1005, 1113, 1185], "summary": {"covered_lines": 26, "num_statements": 26, "percent_covered": 100.0, "percent_covered_display": "100.00", "missing_lines": 0, "excluded_lines": 0}, "missing_lines": [], "excluded_lines": []}}}, "codeframe/agents/definition_loader.py": {"executed_lines": [1, 94, 95, 96, 97, 99, 100, 103, 104, 105, 120, 121, 122, 123, 124, 125, 126, 127, 128, 130, 137, 138, 140, 141, 143, 144, 147, 154, 155, 158, 162, 166, 170, 171, 178, 180, 182, 200, 201, 203, 204, 206, 209, 210, 211, 213, 218, 219, 220, 221, 222, 224, 228, 230, 241, 242, 244, 245, 248, 249, 250, 251, 252, 253, 254, 260, 273, 276, 278, 291, 292, 297, 299, 317, 320, 329, 331, 333, 340, 342, 352, 356, 366, 367], "summary": {"covered_lines": 81, "num_statements": 89, "percent_covered": 91.01123595505618, "percent_covered_display": "91.01", "missing_lines": 8, "excluded_lines": 1}, "missing_lines": [148, 159, 163, 167, 214, 215, 225, 226], "excluded_lines": [302], "functions": {"AgentDefinition.validate": {"executed_lines": [137, 138, 140, 141, 143, 144, 147, 154, 155, 158, 162, 166], "summary": {"covered_lines": 12, "num_statements": 16, "percent_covered": 75.0, "percent_covered_display": "75.00", "missing_lines": 4, "excluded_lines": 0}, "missing_lines": [148, 159, 163, 167], "excluded_lines": []}, "AgentDefinitionLoader.__init__": {"executed_lines": [180], "summary": {"covered_lines": 1, "num_statements": 1, "percent_covered": 100.0, "percent_covered_display": "100.00", "missing_lines": 0, "excluded_lines": 0}, "missing_lines": [], "excluded_lines": []}, "AgentDefinitionLoader.load_definitions": {"executed_lines": [200, 201, 203, 204, 206, 209, 210, 211, 213, 218, 219, 220, 221, 222, 224, 228], "summary": {"covered_lines": 16, "num_statements": 20, "percent_covered": 80.0, "percent_covered_display": "80.00", "missing_lines": 4, "excluded_lines": 0}, "missing_lines": [214, 215, 225, 226], "excluded_lines": []}, "AgentDefinitionLoader._load_definition_file": {"executed_lines": [241, 242, 244, 245, 248, 249, 250, 251, 252, 253, 254, 260, 273, 276], "summary": {"covered_lines": 14, "num_statements": 14, "percent_covered": 100.0, "percent_covered_display": "100.00", "missing_lines": 0, "excluded_lines": 0}, "missing_lines": [], "excluded_lines": []}, "AgentDefinitionLoader.get_definition": {"executed_lines": [291, 292, 297], "summary": {"covered_lines": 3, "num_statements": 3, "percent_covered": 100.0, "percent_covered_display": "100.00", "missing_lines": 0, "excluded_lines": 0}, "missing_lines": [], "excluded_lines": []}, "AgentDefinitionLoader.create_agent": {"executed_lines": [317, 320, 329, 331], "summary": {"covered_lines": 4, "num_statements": 4, "percent_covered": 100.0, "percent_covered_display": "100.00", "missing_lines": 0, "excluded_lines": 1}, "missing_lines": [], "excluded_lines": [302]}, "AgentDefinitionLoader.list_available_types": {"executed_lines": [340], "summary": {"covered_lines": 1, "num_statements": 1, "percent_covered": 100.0, "percent_covered_display": "100.00", "missing_lines": 0, "excluded_lines": 0}, "missing_lines": [], "excluded_lines": []}, "AgentDefinitionLoader.get_definitions_by_type": {"executed_lines": [352], "summary": {"covered_lines": 1, "num_statements": 1, "percent_covered": 100.0, "percent_covered_display": "100.00", "missing_lines": 0, "excluded_lines": 0}, "missing_lines": [], "excluded_lines": []}, "AgentDefinitionLoader.reload_definitions": {"executed_lines": [366, 367], "summary": {"covered_lines": 2, "num_statements": 2, "percent_covered": 100.0, "percent_covered_display": "100.00", "missing_lines": 0, "excluded_lines": 0}, "missing_lines": [], "excluded_lines": []}, "": {"executed_lines": [1, 94, 95, 96, 97, 99, 100, 103, 104, 105, 120, 121, 122, 123, 124, 125, 126, 127, 128, 130, 170, 171, 178, 182, 230, 278, 299, 333, 342, 356], "summary": {"covered_lines": 27, "num_statements": 27, "percent_covered": 100.0, "percent_covered_display": "100.00", "missing_lines": 0, "excluded_lines": 0}, "missing_lines": [], "excluded_lines": []}}, "classes": {"AgentDefinition": {"executed_lines": [137, 138, 140, 141, 143, 144, 147, 154, 155, 158, 162, 166], "summary": {"covered_lines": 12, "num_statements": 16, "percent_covered": 75.0, "percent_covered_display": "75.00", "missing_lines": 4, "excluded_lines": 0}, "missing_lines": [148, 159, 163, 167], "excluded_lines": []}, "AgentDefinitionLoader": {"executed_lines": [180, 200, 201, 203, 204, 206, 209, 210, 211, 213, 218, 219, 220, 221, 222, 224, 228, 241, 242, 244, 245, 248, 249, 250, 251, 252, 253, 254, 260, 273, 276, 291, 292, 297, 317, 320, 329, 331, 340, 352, 366, 367], "summary": {"covered_lines": 42, "num_statements": 46, "percent_covered": 91.30434782608695, "percent_covered_display": "91.30", "missing_lines": 4, "excluded_lines": 1}, "missing_lines": [214, 215, 225, 226], "excluded_lines": [302]}, "": {"executed_lines": [1, 94, 95, 96, 97, 99, 100, 103, 104, 105, 120, 121, 122, 123, 124, 125, 126, 127, 128, 130, 170, 171, 178, 182, 230, 278, 299, 333, 342, 356], "summary": {"covered_lines": 27, "num_statements": 27, "percent_covered": 100.0, "percent_covered_display": "100.00", "missing_lines": 0, "excluded_lines": 0}, "missing_lines": [], "excluded_lines": []}}}, "codeframe/agents/dependency_resolver.py": {"executed_lines": [1, 8, 9, 10, 12, 14, 17, 18, 30, 33, 36, 39, 42, 44, 55, 56, 57, 58, 61, 62, 63, 64, 67, 68, 71, 73, 75, 77, 79, 80, 88, 89, 90, 91, 94, 96, 97, 98, 102, 103, 108, 109, 112, 113, 114, 116, 121, 131, 133, 135, 136, 139, 141, 143, 144, 146, 148, 150, 161, 164, 166, 167, 169, 170, 171, 173, 177, 179, 187, 188, 190, 192, 193, 196, 197, 198, 199, 200, 202, 204, 205, 208, 209, 210, 211, 213, 215, 229, 230, 233, 234, 237, 240, 241, 243, 244, 247, 249, 251, 259, 264, 266, 268, 270, 271, 274, 275, 276, 277, 280, 281, 287, 297, 301, 302, 303, 305, 306, 307, 308, 310, 312, 319, 321, 322, 323, 325, 326, 328, 329, 330, 332, 334, 341, 342, 344, 346, 347, 349, 350, 351, 352, 353, 354, 356, 357, 358, 363, 364, 365, 366, 367, 371, 373, 374, 375, 376], "summary": {"covered_lines": 155, "num_statements": 164, "percent_covered": 94.51219512195122, "percent_covered_display": "94.51", "missing_lines": 9, "excluded_lines": 2}, "missing_lines": [81, 82, 85, 284, 285, 298, 360, 361, 369], "excluded_lines": [60, 66], "functions": {"DependencyResolver.__init__": {"executed_lines": [33, 36, 39, 42], "summary": {"covered_lines": 4, "num_statements": 4, "percent_covered": 100.0, "percent_covered_display": "100.00", "missing_lines": 0, "excluded_lines": 0}, "missing_lines": [], "excluded_lines": []}, "DependencyResolver.build_dependency_graph": {"executed_lines": [55, 56, 57, 58, 61, 62, 63, 64, 67, 68, 71, 73, 75, 77, 79, 80, 88, 89, 90, 91, 94, 96, 97, 98, 102, 103, 108, 109, 112, 113, 114, 116], "summary": {"covered_lines": 32, "num_statements": 35, "percent_covered": 91.42857142857143, "percent_covered_display": "91.43", "missing_lines": 3, "excluded_lines": 2}, "missing_lines": [81, 82, 85], "excluded_lines": [60, 66]}, "DependencyResolver.get_ready_tasks": {"executed_lines": [131, 133, 135, 136, 139, 141, 143, 144, 146, 148], "summary": {"covered_lines": 10, "num_statements": 10, "percent_covered": 100.0, "percent_covered_display": "100.00", "missing_lines": 0, "excluded_lines": 0}, "missing_lines": [], "excluded_lines": []}, "DependencyResolver.unblock_dependent_tasks": {"executed_lines": [161, 164, 166, 167, 169, 170, 171, 173, 177], "summary": {"covered_lines": 9, "num_statements": 9, "percent_covered": 100.0, "percent_covered_display": "100.00", "missing_lines": 0, "excluded_lines": 0}, "missing_lines": [], "excluded_lines": []}, "DependencyResolver.detect_cycles": {"executed_lines": [187, 188, 190, 208, 209, 210, 211, 213], "summary": {"covered_lines": 8, "num_statements": 8, "percent_covered": 100.0, "percent_covered_display": "100.00", "missing_lines": 0, "excluded_lines": 0}, "missing_lines": [], "excluded_lines": []}, "DependencyResolver.detect_cycles.has_cycle": {"executed_lines": [192, 193, 196, 197, 198, 199, 200, 202, 204, 205], "summary": {"covered_lines": 10, "num_statements": 10, "percent_covered": 100.0, "percent_covered_display": "100.00", "missing_lines": 0, "excluded_lines": 0}, "missing_lines": [], "excluded_lines": []}, "DependencyResolver.validate_dependency": {"executed_lines": [229, 230, 233, 234, 237, 240, 241, 243, 244, 247, 249], "summary": {"covered_lines": 11, "num_statements": 11, "percent_covered": 100.0, "percent_covered_display": "100.00", "missing_lines": 0, "excluded_lines": 0}, "missing_lines": [], "excluded_lines": []}, "DependencyResolver.topological_sort": {"executed_lines": [259, 264, 266, 268, 270, 271, 274, 275, 276, 277, 280, 281], "summary": {"covered_lines": 12, "num_statements": 14, "percent_covered": 85.71428571428571, "percent_covered_display": "85.71", "missing_lines": 2, "excluded_lines": 0}, "missing_lines": [284, 285], "excluded_lines": []}, "DependencyResolver.get_dependency_depth": {"executed_lines": [297, 301, 302, 303, 305, 306, 307, 308, 310], "summary": {"covered_lines": 9, "num_statements": 10, "percent_covered": 90.0, "percent_covered_display": "90.00", "missing_lines": 1, "excluded_lines": 0}, "missing_lines": [298], "excluded_lines": []}, "DependencyResolver.get_blocked_tasks": {"executed_lines": [319, 321, 322, 323, 325, 326, 328, 329, 330, 332], "summary": {"covered_lines": 10, "num_statements": 10, "percent_covered": 100.0, "percent_covered_display": "100.00", "missing_lines": 0, "excluded_lines": 0}, "missing_lines": [], "excluded_lines": []}, "DependencyResolver._find_cycle_details": {"executed_lines": [341, 342, 344, 363, 364, 365, 366, 367], "summary": {"covered_lines": 8, "num_statements": 9, "percent_covered": 88.88888888888889, "percent_covered_display": "88.89", "missing_lines": 1, "excluded_lines": 0}, "missing_lines": [369], "excluded_lines": []}, "DependencyResolver._find_cycle_details.find_cycle_from": {"executed_lines": [346, 347, 349, 350, 351, 352, 353, 354, 356, 357, 358], "summary": {"covered_lines": 11, "num_statements": 13, "percent_covered": 84.61538461538461, "percent_covered_display": "84.62", "missing_lines": 2, "excluded_lines": 0}, "missing_lines": [360, 361], "excluded_lines": []}, "DependencyResolver.clear": {"executed_lines": [373, 374, 375, 376], "summary": {"covered_lines": 4, "num_statements": 4, "percent_covered": 100.0, "percent_covered_display": "100.00", "missing_lines": 0, "excluded_lines": 0}, "missing_lines": [], "excluded_lines": []}, "": {"executed_lines": [1, 8, 9, 10, 12, 14, 17, 18, 30, 44, 121, 150, 179, 215, 251, 287, 312, 334, 371], "summary": {"covered_lines": 17, "num_statements": 17, "percent_covered": 100.0, "percent_covered_display": "100.00", "missing_lines": 0, "excluded_lines": 0}, "missing_lines": [], "excluded_lines": []}}, "classes": {"DependencyResolver": {"executed_lines": [33, 36, 39, 42, 55, 56, 57, 58, 61, 62, 63, 64, 67, 68, 71, 73, 75, 77, 79, 80, 88, 89, 90, 91, 94, 96, 97, 98, 102, 103, 108, 109, 112, 113, 114, 116, 131, 133, 135, 136, 139, 141, 143, 144, 146, 148, 161, 164, 166, 167, 169, 170, 171, 173, 177, 187, 188, 190, 192, 193, 196, 197, 198, 199, 200, 202, 204, 205, 208, 209, 210, 211, 213, 229, 230, 233, 234, 237, 240, 241, 243, 244, 247, 249, 259, 264, 266, 268, 270, 271, 274, 275, 276, 277, 280, 281, 297, 301, 302, 303, 305, 306, 307, 308, 310, 319, 321, 322, 323, 325, 326, 328, 329, 330, 332, 341, 342, 344, 346, 347, 349, 350, 351, 352, 353, 354, 356, 357, 358, 363, 364, 365, 366, 367, 373, 374, 375, 376], "summary": {"covered_lines": 138, "num_statements": 147, "percent_covered": 93.87755102040816, "percent_covered_display": "93.88", "missing_lines": 9, "excluded_lines": 2}, "missing_lines": [81, 82, 85, 284, 285, 298, 360, 361, 369], "excluded_lines": [60, 66]}, "": {"executed_lines": [1, 8, 9, 10, 12, 14, 17, 18, 30, 44, 121, 150, 179, 215, 251, 287, 312, 334, 371], "summary": {"covered_lines": 17, "num_statements": 17, "percent_covered": 100.0, "percent_covered_display": "100.00", "missing_lines": 0, "excluded_lines": 0}, "missing_lines": [], "excluded_lines": []}}}, "codeframe/agents/factory.py": {"executed_lines": [1, 3, 4, 5, 7, 8, 10, 13, 14, 28, 36, 39, 41, 46, 47, 48, 49, 58, 84, 85, 86, 87, 88, 93, 96, 106, 107, 108, 109, 111, 113, 115, 126, 128, 145, 146, 147, 148, 149, 150, 154, 171, 173, 179, 180, 181, 183, 197, 198], "summary": {"covered_lines": 47, "num_statements": 53, "percent_covered": 88.67924528301887, "percent_covered_display": "88.68", "missing_lines": 6, "excluded_lines": 1}, "missing_lines": [43, 50, 51, 54, 55, 56], "excluded_lines": [61], "functions": {"AgentFactory.__init__": {"executed_lines": [36, 39, 41, 46, 47, 48, 49], "summary": {"covered_lines": 7, "num_statements": 13, "percent_covered": 53.84615384615385, "percent_covered_display": "53.85", "missing_lines": 6, "excluded_lines": 0}, "missing_lines": [43, 50, 51, 54, 55, 56], "excluded_lines": []}, "AgentFactory.create_agent": {"executed_lines": [84, 85, 86, 87, 88, 93, 96, 106, 107, 108, 109, 111, 113], "summary": {"covered_lines": 13, "num_statements": 13, "percent_covered": 100.0, "percent_covered_display": "100.00", "missing_lines": 0, "excluded_lines": 1}, "missing_lines": [], "excluded_lines": [61]}, "AgentFactory.list_available_agents": {"executed_lines": [126], "summary": {"covered_lines": 1, "num_statements": 1, "percent_covered": 100.0, "percent_covered_display": "100.00", "missing_lines": 0, "excluded_lines": 0}, "missing_lines": [], "excluded_lines": []}, "AgentFactory.get_agent_capabilities": {"executed_lines": [145, 146, 147, 148, 149, 150], "summary": {"covered_lines": 6, "num_statements": 6, "percent_covered": 100.0, "percent_covered_display": "100.00", "missing_lines": 0, "excluded_lines": 0}, "missing_lines": [], "excluded_lines": []}, "AgentFactory.get_agent_definition": {"executed_lines": [171], "summary": {"covered_lines": 1, "num_statements": 1, "percent_covered": 100.0, "percent_covered_display": "100.00", "missing_lines": 0, "excluded_lines": 0}, "missing_lines": [], "excluded_lines": []}, "AgentFactory.reload_definitions": {"executed_lines": [179, 180, 181], "summary": {"covered_lines": 3, "num_statements": 3, "percent_covered": 100.0, "percent_covered_display": "100.00", "missing_lines": 0, "excluded_lines": 0}, "missing_lines": [], "excluded_lines": []}, "AgentFactory.get_agents_by_type": {"executed_lines": [197, 198], "summary": {"covered_lines": 2, "num_statements": 2, "percent_covered": 100.0, "percent_covered_display": "100.00", "missing_lines": 0, "excluded_lines": 0}, "missing_lines": [], "excluded_lines": []}, "": {"executed_lines": [1, 3, 4, 5, 7, 8, 10, 13, 14, 28, 58, 115, 128, 154, 173, 183], "summary": {"covered_lines": 14, "num_statements": 14, "percent_covered": 100.0, "percent_covered_display": "100.00", "missing_lines": 0, "excluded_lines": 0}, "missing_lines": [], "excluded_lines": []}}, "classes": {"AgentFactory": {"executed_lines": [36, 39, 41, 46, 47, 48, 49, 84, 85, 86, 87, 88, 93, 96, 106, 107, 108, 109, 111, 113, 126, 145, 146, 147, 148, 149, 150, 171, 179, 180, 181, 197, 198], "summary": {"covered_lines": 33, "num_statements": 39, "percent_covered": 84.61538461538461, "percent_covered_display": "84.62", "missing_lines": 6, "excluded_lines": 1}, "missing_lines": [43, 50, 51, 54, 55, 56], "excluded_lines": [61]}, "": {"executed_lines": [1, 3, 4, 5, 7, 8, 10, 13, 14, 28, 58, 115, 128, 154, 173, 183], "summary": {"covered_lines": 14, "num_statements": 14, "percent_covered": 100.0, "percent_covered_display": "100.00", "missing_lines": 0, "excluded_lines": 0}, "missing_lines": [], "excluded_lines": []}}}, "codeframe/agents/frontend_worker_agent.py": {"executed_lines": [1, 8, 9, 10, 11, 12, 13, 14, 16, 17, 19, 22, 23, 34, 56, 65, 66, 67, 68, 69, 70, 72, 74, 94, 105, 107, 109, 110, 111, 113, 124, 127, 130, 133, 134, 136, 139, 144, 147, 150, 151, 152, 154, 165, 168, 169, 171, 174, 182, 187, 188, 189, 194, 201, 202, 205, 219, 221, 232, 233, 234, 235, 236, 237, 241, 242, 245, 246, 247, 248, 249, 251, 252, 254, 259, 260, 262, 269, 279, 281, 283, 297, 298, 305, 308, 313, 315, 316, 317, 319, 329, 330, 332, 351, 363, 365, 380, 383, 386, 387, 393, 396, 397, 398, 400, 402, 405, 406, 407, 409, 410, 411, 412, 414, 416, 418, 427, 429, 431, 436, 437, 438, 443, 460, 465, 471, 475, 476, 477, 478, 481, 483, 488, 491, 492, 493, 503, 540, 541, 545, 546, 547, 560, 561, 571, 594, 599, 604, 607, 611, 612, 613, 616, 627, 635, 638, 655, 656, 657, 658, 659, 660, 663, 664, 665, 667, 686, 694, 696, 725, 730, 735, 737, 738, 740, 742, 744, 746, 750, 751, 752, 755, 774, 777, 778, 783, 841, 842, 845, 849, 852, 856, 859, 866], "summary": {"covered_lines": 191, "num_statements": 252, "percent_covered": 75.7936507936508, "percent_covered_display": "75.79", "missing_lines": 61, "excluded_lines": 1}, "missing_lines": [121, 122, 162, 163, 190, 192, 206, 207, 209, 216, 217, 309, 310, 311, 461, 462, 472, 473, 505, 506, 508, 509, 517, 520, 521, 522, 524, 534, 535, 537, 542, 549, 563, 564, 565, 567, 568, 569, 595, 600, 605, 608, 639, 640, 642, 651, 652, 669, 676, 684, 690, 692, 726, 731, 747, 756, 757, 759, 771, 772, 781], "excluded_lines": [237], "functions": {"FrontendWorkerAgent.__init__": {"executed_lines": [56, 65, 66, 67, 68, 69, 70], "summary": {"covered_lines": 7, "num_statements": 7, "percent_covered": 100.0, "percent_covered_display": "100.00", "missing_lines": 0, "excluded_lines": 0}, "missing_lines": [], "excluded_lines": []}, "FrontendWorkerAgent._build_system_prompt": {"executed_lines": [74], "summary": {"covered_lines": 1, "num_statements": 1, "percent_covered": 100.0, "percent_covered_display": "100.00", "missing_lines": 0, "excluded_lines": 0}, "missing_lines": [], "excluded_lines": []}, "FrontendWorkerAgent.execute_task": {"executed_lines": [105, 107, 109, 110, 111, 113, 124, 127, 130, 133, 134, 136, 139, 144, 147, 150, 151, 152, 154, 165, 168, 169, 171, 174, 182, 187, 188, 189, 194, 201, 202, 205, 219], "summary": {"covered_lines": 33, "num_statements": 44, "percent_covered": 75.0, "percent_covered_display": "75.00", "missing_lines": 11, "excluded_lines": 0}, "missing_lines": [121, 122, 162, 163, 190, 192, 206, 207, 209, 216, 217], "excluded_lines": []}, "FrontendWorkerAgent._parse_component_spec": {"executed_lines": [232, 233, 234, 235, 236, 237, 241, 242, 245, 246, 247, 248, 249, 251, 252, 254, 259, 260, 262], "summary": {"covered_lines": 18, "num_statements": 18, "percent_covered": 100.0, "percent_covered_display": "100.00", "missing_lines": 0, "excluded_lines": 1}, "missing_lines": [], "excluded_lines": [237]}, "FrontendWorkerAgent._generate_react_component": {"executed_lines": [279, 281, 283, 297, 298, 305, 308, 313, 315, 316, 317], "summary": {"covered_lines": 11, "num_statements": 14, "percent_covered": 78.57142857142857, "percent_covered_display": "78.57", "missing_lines": 3, "excluded_lines": 0}, "missing_lines": [309, 310, 311], "excluded_lines": []}, "FrontendWorkerAgent._generate_basic_component_template": {"executed_lines": [329, 330, 332], "summary": {"covered_lines": 3, "num_statements": 3, "percent_covered": 100.0, "percent_covered_display": "100.00", "missing_lines": 0, "excluded_lines": 0}, "missing_lines": [], "excluded_lines": []}, "FrontendWorkerAgent._generate_typescript_types": {"executed_lines": [363], "summary": {"covered_lines": 1, "num_statements": 1, "percent_covered": 100.0, "percent_covered_display": "100.00", "missing_lines": 0, "excluded_lines": 0}, "missing_lines": [], "excluded_lines": []}, "FrontendWorkerAgent._create_component_files": {"executed_lines": [380, 383, 386, 387, 393, 396, 397, 398, 400, 402, 405, 406, 407, 409, 410, 411, 412, 414, 416], "summary": {"covered_lines": 19, "num_statements": 19, "percent_covered": 100.0, "percent_covered_display": "100.00", "missing_lines": 0, "excluded_lines": 0}, "missing_lines": [], "excluded_lines": []}, "FrontendWorkerAgent._update_imports_exports": {"executed_lines": [427, 429, 431, 436, 437, 438], "summary": {"covered_lines": 6, "num_statements": 6, "percent_covered": 100.0, "percent_covered_display": "100.00", "missing_lines": 0, "excluded_lines": 0}, "missing_lines": [], "excluded_lines": []}, "FrontendWorkerAgent._run_and_check_linting": {"executed_lines": [460, 465, 471, 475, 476, 477, 478, 481, 483, 488, 491, 492, 493, 503, 540, 541, 545, 546, 547, 560, 561], "summary": {"covered_lines": 21, "num_statements": 45, "percent_covered": 46.666666666666664, "percent_covered_display": "46.67", "missing_lines": 24, "excluded_lines": 0}, "missing_lines": [461, 462, 472, 473, 505, 506, 508, 509, 517, 520, 521, 522, 524, 534, 535, 537, 542, 549, 563, 564, 565, 567, 568, 569], "excluded_lines": []}, "FrontendWorkerAgent.create_blocker": {"executed_lines": [594, 599, 604, 607, 611, 612, 613, 616, 627, 635, 638, 655, 656, 657, 658, 659, 660, 663, 664, 665, 667, 686, 694], "summary": {"covered_lines": 23, "num_statements": 37, "percent_covered": 62.16216216216216, "percent_covered_display": "62.16", "missing_lines": 14, "excluded_lines": 0}, "missing_lines": [595, 600, 605, 608, 639, 640, 642, 651, 652, 669, 676, 684, 690, 692], "excluded_lines": []}, "FrontendWorkerAgent.wait_for_blocker_resolution": {"executed_lines": [725, 730, 735, 737, 738, 740, 742, 744, 746, 750, 751, 752, 755, 774, 777, 778], "summary": {"covered_lines": 16, "num_statements": 25, "percent_covered": 64.0, "percent_covered_display": "64.00", "missing_lines": 9, "excluded_lines": 0}, "missing_lines": [726, 731, 747, 756, 757, 759, 771, 772, 781], "excluded_lines": []}, "FrontendWorkerAgent.create_blocker_and_wait": {"executed_lines": [841, 842, 845, 849, 852, 856, 859, 866], "summary": {"covered_lines": 8, "num_statements": 8, "percent_covered": 100.0, "percent_covered_display": "100.00", "missing_lines": 0, "excluded_lines": 0}, "missing_lines": [], "excluded_lines": []}, "": {"executed_lines": [1, 8, 9, 10, 11, 12, 13, 14, 16, 17, 19, 22, 23, 34, 72, 94, 221, 269, 319, 351, 365, 418, 443, 571, 696, 783], "summary": {"covered_lines": 24, "num_statements": 24, "percent_covered": 100.0, "percent_covered_display": "100.00", "missing_lines": 0, "excluded_lines": 0}, "missing_lines": [], "excluded_lines": []}}, "classes": {"FrontendWorkerAgent": {"executed_lines": [56, 65, 66, 67, 68, 69, 70, 74, 105, 107, 109, 110, 111, 113, 124, 127, 130, 133, 134, 136, 139, 144, 147, 150, 151, 152, 154, 165, 168, 169, 171, 174, 182, 187, 188, 189, 194, 201, 202, 205, 219, 232, 233, 234, 235, 236, 237, 241, 242, 245, 246, 247, 248, 249, 251, 252, 254, 259, 260, 262, 279, 281, 283, 297, 298, 305, 308, 313, 315, 316, 317, 329, 330, 332, 363, 380, 383, 386, 387, 393, 396, 397, 398, 400, 402, 405, 406, 407, 409, 410, 411, 412, 414, 416, 427, 429, 431, 436, 437, 438, 460, 465, 471, 475, 476, 477, 478, 481, 483, 488, 491, 492, 493, 503, 540, 541, 545, 546, 547, 560, 561, 594, 599, 604, 607, 611, 612, 613, 616, 627, 635, 638, 655, 656, 657, 658, 659, 660, 663, 664, 665, 667, 686, 694, 725, 730, 735, 737, 738, 740, 742, 744, 746, 750, 751, 752, 755, 774, 777, 778, 841, 842, 845, 849, 852, 856, 859, 866], "summary": {"covered_lines": 167, "num_statements": 228, "percent_covered": 73.24561403508773, "percent_covered_display": "73.25", "missing_lines": 61, "excluded_lines": 1}, "missing_lines": [121, 122, 162, 163, 190, 192, 206, 207, 209, 216, 217, 309, 310, 311, 461, 462, 472, 473, 505, 506, 508, 509, 517, 520, 521, 522, 524, 534, 535, 537, 542, 549, 563, 564, 565, 567, 568, 569, 595, 600, 605, 608, 639, 640, 642, 651, 652, 669, 676, 684, 690, 692, 726, 731, 747, 756, 757, 759, 771, 772, 781], "excluded_lines": [237]}, "": {"executed_lines": [1, 8, 9, 10, 11, 12, 13, 14, 16, 17, 19, 22, 23, 34, 72, 94, 221, 269, 319, 351, 365, 418, 443, 571, 696, 783], "summary": {"covered_lines": 24, "num_statements": 24, "percent_covered": 100.0, "percent_covered_display": "100.00", "missing_lines": 0, "excluded_lines": 0}, "missing_lines": [], "excluded_lines": []}}}, "codeframe/agents/lead_agent.py": {"executed_lines": [1, 3, 4, 5, 6, 8, 9, 10, 11, 12, 13, 14, 15, 16, 17, 18, 20, 24, 27, 28, 37, 59, 60, 65, 66, 67, 70, 71, 74, 77, 84, 85, 88, 89, 90, 92, 93, 98, 99, 100, 101, 102, 103, 104, 113, 115, 116, 117, 118, 119, 126, 129, 131, 133, 140, 143, 144, 145, 152, 153, 155, 169, 170, 172, 174, 177, 185, 192, 195, 198, 201, 209, 210, 215, 217, 219, 223, 224, 225, 227, 229, 231, 234, 235, 236, 239, 240, 241, 242, 243, 244, 247, 248, 249, 250, 251, 253, 255, 260, 261, 263, 264, 265, 267, 269, 271, 279, 280, 287, 292, 302, 303, 306, 308, 309, 310, 312, 313, 319, 331, 336, 337, 338, 341, 348, 351, 352, 353, 354, 355, 358, 360, 361, 362, 363, 370, 387, 394, 396, 397, 401, 402, 406, 407, 408, 411, 412, 413, 416, 417, 418, 420, 421, 422, 424, 426, 439, 451, 452, 458, 461, 463, 465, 472, 473, 476, 477, 483, 491, 493, 494, 496, 497, 498, 500, 502, 547, 555, 557, 559, 561, 562, 565, 566, 568, 574, 579, 584, 654, 676, 811, 853, 890, 910, 916, 917, 918, 921, 922, 923, 929, 935, 937, 943, 965, 971, 972, 973, 976, 977, 982, 983, 984, 987, 990, 993, 994, 997, 999, 1000, 1004, 1009, 1017, 1049, 1050, 1051, 1052, 1053, 1054, 1055, 1061, 1065, 1068, 1070, 1071, 1072, 1075, 1076, 1077, 1078, 1082, 1083, 1084, 1085, 1100, 1101, 1103, 1104, 1107, 1108, 1109, 1112, 1113, 1114, 1115, 1116, 1117, 1118, 1120, 1121, 1122, 1124, 1125, 1126, 1127, 1130, 1138, 1139, 1140, 1143, 1146, 1147, 1150, 1151, 1154, 1157, 1163, 1164, 1165, 1166, 1167, 1172, 1173, 1176, 1177, 1178, 1181, 1182, 1183, 1184, 1187, 1188, 1191, 1194, 1195, 1196, 1201, 1202, 1204, 1209, 1211, 1214, 1215, 1216, 1217, 1219, 1222, 1223, 1226, 1227, 1228, 1232, 1233, 1235, 1238, 1239, 1259, 1260, 1261, 1262, 1263, 1264, 1274, 1275, 1277, 1286, 1295, 1300, 1302, 1320, 1340, 1342, 1343, 1345, 1348, 1351, 1354, 1357, 1360, 1363, 1367, 1368, 1370, 1371, 1374, 1376, 1383, 1395, 1397, 1398, 1403, 1404, 1407, 1409, 1411, 1412, 1418, 1419, 1420, 1424, 1426, 1446, 1447, 1451, 1453, 1454, 1455, 1458, 1461, 1462, 1465, 1466, 1468, 1470, 1471, 1473, 1481, 1482, 1490, 1492, 1493, 1494, 1498, 1501, 1502, 1510, 1512, 1520, 1521, 1522, 1523, 1525, 1526, 1528, 1529, 1530, 1531, 1532, 1533, 1534, 1535, 1537, 1540, 1541, 1542, 1545, 1552, 1553, 1559, 1565, 1566, 1567, 1570, 1571, 1572, 1574, 1575, 1578, 1580, 1586, 1587, 1589, 1598, 1600, 1601, 1602, 1603, 1605, 1607, 1608, 1609, 1610, 1611, 1612, 1613, 1614, 1615, 1618, 1619, 1621, 1627, 1628, 1629, 1630, 1631, 1633, 1639, 1640, 1641, 1642, 1643, 1650, 1652, 1658, 1659, 1660, 1662, 1663, 1665, 1667, 1669, 1673, 1675, 1676, 1677, 1763, 1765, 1769, 1771, 1781, 1782], "summary": {"covered_lines": 468, "num_statements": 719, "percent_covered": 65.0904033379694, "percent_covered_display": "65.09", "missing_lines": 251, "excluded_lines": 5}, "missing_lines": [107, 108, 120, 121, 220, 221, 289, 290, 316, 317, 332, 333, 366, 367, 368, 404, 437, 570, 571, 582, 607, 608, 610, 612, 614, 615, 620, 623, 624, 626, 627, 628, 631, 632, 634, 637, 638, 639, 641, 643, 644, 646, 647, 648, 650, 651, 652, 664, 665, 667, 668, 671, 673, 674, 703, 705, 706, 707, 709, 710, 712, 713, 720, 721, 722, 731, 733, 734, 737, 740, 741, 742, 744, 745, 747, 749, 752, 753, 754, 768, 769, 772, 773, 774, 776, 781, 782, 786, 789, 796, 801, 803, 804, 805, 807, 808, 809, 821, 823, 824, 826, 829, 830, 833, 834, 836, 842, 847, 849, 850, 851, 867, 868, 870, 871, 872, 873, 874, 876, 878, 880, 882, 883, 884, 886, 887, 888, 911, 966, 1056, 1057, 1058, 1059, 1079, 1131, 1132, 1133, 1134, 1135, 1168, 1169, 1242, 1243, 1244, 1245, 1247, 1248, 1250, 1253, 1254, 1267, 1269, 1270, 1271, 1304, 1305, 1307, 1308, 1309, 1310, 1311, 1312, 1313, 1314, 1316, 1317, 1318, 1384, 1389, 1391, 1392, 1421, 1448, 1474, 1475, 1478, 1483, 1484, 1487, 1503, 1507, 1546, 1547, 1550, 1576, 1606, 1617, 1670, 1671, 1680, 1681, 1682, 1683, 1686, 1687, 1692, 1693, 1694, 1697, 1698, 1701, 1702, 1703, 1704, 1707, 1708, 1709, 1710, 1711, 1712, 1713, 1714, 1717, 1718, 1719, 1720, 1722, 1723, 1724, 1725, 1728, 1729, 1730, 1731, 1732, 1733, 1735, 1736, 1737, 1738, 1739, 1740, 1741, 1742, 1745, 1746, 1747, 1749, 1750, 1752, 1753, 1756, 1757, 1758, 1759, 1760, 1761, 1766, 1767, 1783, 1784], "excluded_lines": [20, 21, 577, 1402, 1422], "functions": {"LeadAgent.__init__": {"executed_lines": [59, 60, 65, 66, 67, 70, 71, 74, 77, 84, 85, 88, 89, 90, 92, 93, 98, 99, 100, 101, 102, 103, 104, 113, 115, 116, 117, 118, 119, 126, 129, 131], "summary": {"covered_lines": 32, "num_statements": 36, "percent_covered": 88.88888888888889, "percent_covered_display": "88.89", "missing_lines": 4, "excluded_lines": 0}, "missing_lines": [107, 108, 120, 121], "excluded_lines": []}, "LeadAgent.get_conversation_history": {"executed_lines": [140, 143, 144, 145, 152, 153], "summary": {"covered_lines": 6, "num_statements": 6, "percent_covered": 100.0, "percent_covered_display": "100.00", "missing_lines": 0, "excluded_lines": 0}, "missing_lines": [], "excluded_lines": []}, "LeadAgent.chat": {"executed_lines": [169, 170, 172, 174, 177, 185, 192, 195, 198, 201, 209, 210, 215, 217, 219, 223, 224, 225], "summary": {"covered_lines": 18, "num_statements": 20, "percent_covered": 90.0, "percent_covered_display": "90.00", "missing_lines": 2, "excluded_lines": 0}, "missing_lines": [220, 221], "excluded_lines": []}, "LeadAgent._load_discovery_state": {"executed_lines": [229, 231, 234, 235, 236, 239, 240, 241, 242, 243, 244, 247, 248, 249, 250, 251, 253, 255, 260, 261, 263, 264, 265], "summary": {"covered_lines": 23, "num_statements": 23, "percent_covered": 100.0, "percent_covered_display": "100.00", "missing_lines": 0, "excluded_lines": 0}, "missing_lines": [], "excluded_lines": []}, "LeadAgent._save_discovery_state": {"executed_lines": [269, 271, 279, 280, 287], "summary": {"covered_lines": 5, "num_statements": 7, "percent_covered": 71.42857142857143, "percent_covered_display": "71.43", "missing_lines": 2, "excluded_lines": 0}, "missing_lines": [289, 290], "excluded_lines": []}, "LeadAgent.start_discovery": {"executed_lines": [302, 303, 306, 308, 309, 310, 312, 313], "summary": {"covered_lines": 8, "num_statements": 10, "percent_covered": 80.0, "percent_covered_display": "80.00", "missing_lines": 2, "excluded_lines": 0}, "missing_lines": [316, 317], "excluded_lines": []}, "LeadAgent.process_discovery_answer": {"executed_lines": [331, 336, 337, 338, 341, 348, 351, 352, 353, 354, 355, 358, 360, 361, 362, 363], "summary": {"covered_lines": 16, "num_statements": 21, "percent_covered": 76.19047619047619, "percent_covered_display": "76.19", "missing_lines": 5, "excluded_lines": 0}, "missing_lines": [332, 333, 366, 367, 368], "excluded_lines": []}, "LeadAgent.get_discovery_status": {"executed_lines": [387, 394, 396, 397, 401, 402, 406, 407, 408, 411, 412, 413, 416, 417, 418, 420, 421, 422, 424], "summary": {"covered_lines": 19, "num_statements": 20, "percent_covered": 95.0, "percent_covered_display": "95.00", "missing_lines": 1, "excluded_lines": 0}, "missing_lines": [404], "excluded_lines": []}, "LeadAgent.process_discovery_response": {"executed_lines": [], "summary": {"covered_lines": 0, "num_statements": 1, "percent_covered": 0.0, "percent_covered_display": "0.00", "missing_lines": 1, "excluded_lines": 0}, "missing_lines": [437], "excluded_lines": []}, "LeadAgent.generate_prd": {"executed_lines": [451, 452, 458, 461, 463, 465, 472, 473, 476, 477, 483, 491, 493, 494, 496, 497, 498], "summary": {"covered_lines": 17, "num_statements": 17, "percent_covered": 100.0, "percent_covered_display": "100.00", "missing_lines": 0, "excluded_lines": 0}, "missing_lines": [], "excluded_lines": []}, "LeadAgent._build_prd_prompt": {"executed_lines": [502, 547], "summary": {"covered_lines": 2, "num_statements": 2, "percent_covered": 100.0, "percent_covered_display": "100.00", "missing_lines": 0, "excluded_lines": 0}, "missing_lines": [], "excluded_lines": []}, "LeadAgent._save_prd_to_file": {"executed_lines": [557, 559, 561, 562, 565, 566, 568], "summary": {"covered_lines": 7, "num_statements": 9, "percent_covered": 77.77777777777777, "percent_covered_display": "77.78", "missing_lines": 2, "excluded_lines": 0}, "missing_lines": [570, 571], "excluded_lines": []}, "LeadAgent.assign_task": {"executed_lines": [], "summary": {"covered_lines": 0, "num_statements": 0, "percent_covered": 100.0, "percent_covered_display": "100.00", "missing_lines": 0, "excluded_lines": 1}, "missing_lines": [], "excluded_lines": [577]}, "LeadAgent.detect_bottlenecks": {"executed_lines": [], "summary": {"covered_lines": 0, "num_statements": 1, "percent_covered": 0.0, "percent_covered_display": "0.00", "missing_lines": 1, "excluded_lines": 0}, "missing_lines": [582], "excluded_lines": []}, "LeadAgent.generate_issues": {"executed_lines": [], "summary": {"covered_lines": 0, "num_statements": 27, "percent_covered": 0.0, "percent_covered_display": "0.00", "missing_lines": 27, "excluded_lines": 0}, "missing_lines": [607, 608, 610, 612, 614, 615, 620, 623, 624, 626, 627, 628, 631, 632, 634, 637, 638, 639, 641, 643, 644, 646, 647, 648, 650, 651, 652], "excluded_lines": []}, "LeadAgent._load_prd_from_database": {"executed_lines": [], "summary": {"covered_lines": 0, "num_statements": 7, "percent_covered": 0.0, "percent_covered_display": "0.00", "missing_lines": 7, "excluded_lines": 0}, "missing_lines": [664, 665, 667, 668, 671, 673, 674], "excluded_lines": []}, "LeadAgent.decompose_prd": {"executed_lines": [], "summary": {"covered_lines": 0, "num_statements": 43, "percent_covered": 0.0, "percent_covered_display": "0.00", "missing_lines": 43, "excluded_lines": 0}, "missing_lines": [703, 705, 706, 707, 709, 710, 712, 713, 720, 721, 722, 731, 733, 734, 737, 740, 741, 742, 744, 745, 747, 749, 752, 753, 754, 768, 769, 772, 773, 774, 776, 781, 782, 786, 789, 796, 801, 803, 804, 805, 807, 808, 809], "excluded_lines": []}, "LeadAgent.build_codebase_index": {"executed_lines": [], "summary": {"covered_lines": 0, "num_statements": 14, "percent_covered": 0.0, "percent_covered_display": "0.00", "missing_lines": 14, "excluded_lines": 0}, "missing_lines": [821, 823, 824, 826, 829, 830, 833, 834, 836, 842, 847, 849, 850, 851], "excluded_lines": []}, "LeadAgent.query_codebase": {"executed_lines": [], "summary": {"covered_lines": 0, "num_statements": 16, "percent_covered": 0.0, "percent_covered_display": "0.00", "missing_lines": 16, "excluded_lines": 0}, "missing_lines": [867, 868, 870, 871, 872, 873, 874, 876, 878, 880, 882, 883, 884, 886, 887, 888], "excluded_lines": []}, "LeadAgent.start_issue_work": {"executed_lines": [910, 916, 917, 918, 921, 922, 923, 929, 935, 937], "summary": {"covered_lines": 10, "num_statements": 11, "percent_covered": 90.9090909090909, "percent_covered_display": "90.91", "missing_lines": 1, "excluded_lines": 0}, "missing_lines": [911], "excluded_lines": []}, "LeadAgent.complete_issue": {"executed_lines": [965, 971, 972, 973, 976, 977, 982, 983, 984, 987, 990, 993, 994, 997, 999, 1000, 1004, 1009], "summary": {"covered_lines": 18, "num_statements": 19, "percent_covered": 94.73684210526316, "percent_covered_display": "94.74", "missing_lines": 1, "excluded_lines": 0}, "missing_lines": [966], "excluded_lines": []}, "LeadAgent.start_multi_agent_execution": {"executed_lines": [1049, 1050, 1051, 1052, 1053, 1054, 1055], "summary": {"covered_lines": 7, "num_statements": 11, "percent_covered": 63.63636363636363, "percent_covered_display": "63.64", "missing_lines": 4, "excluded_lines": 0}, "missing_lines": [1056, 1057, 1058, 1059], "excluded_lines": []}, "LeadAgent._execute_coordination_loop": {"executed_lines": [1065, 1068, 1070, 1071, 1072, 1075, 1076, 1077, 1078, 1082, 1083, 1084, 1085, 1100, 1101, 1103, 1104, 1107, 1108, 1109, 1112, 1113, 1114, 1115, 1116, 1117, 1118, 1120, 1121, 1122, 1124, 1125, 1126, 1127, 1130, 1138, 1139, 1140, 1143, 1146, 1147, 1150, 1151, 1154, 1157, 1163, 1164, 1165, 1166, 1167, 1172, 1173, 1176, 1177, 1178, 1181, 1182, 1183, 1184, 1187, 1188, 1191, 1194, 1195, 1196, 1201, 1202, 1204, 1209, 1211, 1214, 1215, 1216, 1217, 1219, 1222, 1223, 1226, 1227, 1228, 1232, 1233, 1235, 1238, 1239, 1259, 1260, 1261, 1262, 1263, 1264, 1274, 1275, 1277, 1286, 1295, 1300], "summary": {"covered_lines": 97, "num_statements": 118, "percent_covered": 82.20338983050847, "percent_covered_display": "82.20", "missing_lines": 21, "excluded_lines": 0}, "missing_lines": [1079, 1131, 1132, 1133, 1134, 1135, 1168, 1169, 1242, 1243, 1244, 1245, 1247, 1248, 1250, 1253, 1254, 1267, 1269, 1270, 1271], "excluded_lines": []}, "LeadAgent._emergency_shutdown": {"executed_lines": [], "summary": {"covered_lines": 0, "num_statements": 13, "percent_covered": 0.0, "percent_covered_display": "0.00", "missing_lines": 13, "excluded_lines": 0}, "missing_lines": [1304, 1305, 1307, 1308, 1309, 1310, 1311, 1312, 1313, 1314, 1316, 1317, 1318], "excluded_lines": []}, "LeadAgent._assign_and_execute_task": {"executed_lines": [1340, 1342, 1343, 1345, 1348, 1351, 1354, 1357, 1360, 1363, 1367, 1368, 1370, 1371, 1374, 1376, 1383, 1395, 1397, 1398, 1403, 1404, 1407, 1409, 1411, 1412, 1418, 1419, 1420, 1424], "summary": {"covered_lines": 30, "num_statements": 35, "percent_covered": 85.71428571428571, "percent_covered_display": "85.71", "missing_lines": 5, "excluded_lines": 2}, "missing_lines": [1384, 1389, 1391, 1392, 1421], "excluded_lines": [1402, 1422]}, "LeadAgent.can_assign_task": {"executed_lines": [1446, 1447, 1451, 1453, 1454, 1455, 1458, 1461, 1462, 1465, 1466, 1468, 1470, 1471, 1473, 1481, 1482, 1490, 1492, 1493, 1494, 1498, 1501, 1502, 1510], "summary": {"covered_lines": 25, "num_statements": 34, "percent_covered": 73.52941176470588, "percent_covered_display": "73.53", "missing_lines": 9, "excluded_lines": 0}, "missing_lines": [1448, 1474, 1475, 1478, 1483, 1484, 1487, 1503, 1507], "excluded_lines": []}, "LeadAgent._all_tasks_complete": {"executed_lines": [1520, 1521, 1522, 1523, 1525, 1526, 1528, 1529, 1530, 1531, 1532, 1533, 1534, 1535, 1537, 1540, 1541, 1542, 1545, 1552, 1553], "summary": {"covered_lines": 21, "num_statements": 24, "percent_covered": 87.5, "percent_covered_display": "87.50", "missing_lines": 3, "excluded_lines": 0}, "missing_lines": [1546, 1547, 1550], "excluded_lines": []}, "LeadAgent._get_session_summary": {"executed_lines": [1565, 1566, 1567, 1570, 1571, 1572, 1574, 1575, 1578], "summary": {"covered_lines": 9, "num_statements": 10, "percent_covered": 90.0, "percent_covered_display": "90.00", "missing_lines": 1, "excluded_lines": 0}, "missing_lines": [1576], "excluded_lines": []}, "LeadAgent._get_completed_task_ids": {"executed_lines": [1586, 1587], "summary": {"covered_lines": 2, "num_statements": 2, "percent_covered": 100.0, "percent_covered_display": "100.00", "missing_lines": 0, "excluded_lines": 0}, "missing_lines": [], "excluded_lines": []}, "LeadAgent._format_time_ago": {"executed_lines": [1598, 1600, 1601, 1602, 1603, 1605, 1607, 1608, 1609, 1610, 1611, 1612, 1613, 1614, 1615, 1618, 1619], "summary": {"covered_lines": 17, "num_statements": 19, "percent_covered": 89.47368421052632, "percent_covered_display": "89.47", "missing_lines": 2, "excluded_lines": 0}, "missing_lines": [1606, 1617], "excluded_lines": []}, "LeadAgent._get_pending_actions": {"executed_lines": [1627, 1628, 1629, 1630, 1631], "summary": {"covered_lines": 5, "num_statements": 5, "percent_covered": 100.0, "percent_covered_display": "100.00", "missing_lines": 0, "excluded_lines": 0}, "missing_lines": [], "excluded_lines": []}, "LeadAgent._get_blocker_summaries": {"executed_lines": [1639, 1640, 1641, 1642, 1643, 1650], "summary": {"covered_lines": 6, "num_statements": 6, "percent_covered": 100.0, "percent_covered_display": "100.00", "missing_lines": 0, "excluded_lines": 0}, "missing_lines": [], "excluded_lines": []}, "LeadAgent._get_progress_percentage": {"executed_lines": [1658, 1659, 1660, 1662, 1663, 1665], "summary": {"covered_lines": 6, "num_statements": 6, "percent_covered": 100.0, "percent_covered_display": "100.00", "missing_lines": 0, "excluded_lines": 0}, "missing_lines": [], "excluded_lines": []}, "LeadAgent.on_session_start": {"executed_lines": [1669, 1673, 1675, 1676, 1677], "summary": {"covered_lines": 5, "num_statements": 65, "percent_covered": 7.6923076923076925, "percent_covered_display": "7.69", "missing_lines": 60, "excluded_lines": 0}, "missing_lines": [1670, 1671, 1680, 1681, 1682, 1683, 1686, 1687, 1692, 1693, 1694, 1697, 1698, 1701, 1702, 1703, 1704, 1707, 1708, 1709, 1710, 1711, 1712, 1713, 1714, 1717, 1718, 1719, 1720, 1722, 1723, 1724, 1725, 1728, 1729, 1730, 1731, 1732, 1733, 1735, 1736, 1737, 1738, 1739, 1740, 1741, 1742, 1745, 1746, 1747, 1749, 1750, 1752, 1753, 1756, 1757, 1758, 1759, 1760, 1761], "excluded_lines": []}, "LeadAgent.on_session_end": {"executed_lines": [1765, 1769, 1771, 1781, 1782], "summary": {"covered_lines": 5, "num_statements": 9, "percent_covered": 55.55555555555556, "percent_covered_display": "55.56", "missing_lines": 4, "excluded_lines": 0}, "missing_lines": [1766, 1767, 1783, 1784], "excluded_lines": []}, "": {"executed_lines": [1, 3, 4, 5, 6, 8, 9, 10, 11, 12, 13, 14, 15, 16, 17, 18, 20, 24, 27, 28, 37, 133, 155, 227, 267, 292, 319, 370, 426, 439, 500, 555, 574, 579, 584, 654, 676, 811, 853, 890, 943, 1017, 1061, 1302, 1320, 1426, 1512, 1559, 1580, 1589, 1621, 1633, 1652, 1667, 1763], "summary": {"covered_lines": 52, "num_statements": 52, "percent_covered": 100.0, "percent_covered_display": "100.00", "missing_lines": 0, "excluded_lines": 2}, "missing_lines": [], "excluded_lines": [20, 21]}}, "classes": {"LeadAgent": {"executed_lines": [59, 60, 65, 66, 67, 70, 71, 74, 77, 84, 85, 88, 89, 90, 92, 93, 98, 99, 100, 101, 102, 103, 104, 113, 115, 116, 117, 118, 119, 126, 129, 131, 140, 143, 144, 145, 152, 153, 169, 170, 172, 174, 177, 185, 192, 195, 198, 201, 209, 210, 215, 217, 219, 223, 224, 225, 229, 231, 234, 235, 236, 239, 240, 241, 242, 243, 244, 247, 248, 249, 250, 251, 253, 255, 260, 261, 263, 264, 265, 269, 271, 279, 280, 287, 302, 303, 306, 308, 309, 310, 312, 313, 331, 336, 337, 338, 341, 348, 351, 352, 353, 354, 355, 358, 360, 361, 362, 363, 387, 394, 396, 397, 401, 402, 406, 407, 408, 411, 412, 413, 416, 417, 418, 420, 421, 422, 424, 451, 452, 458, 461, 463, 465, 472, 473, 476, 477, 483, 491, 493, 494, 496, 497, 498, 502, 547, 557, 559, 561, 562, 565, 566, 568, 910, 916, 917, 918, 921, 922, 923, 929, 935, 937, 965, 971, 972, 973, 976, 977, 982, 983, 984, 987, 990, 993, 994, 997, 999, 1000, 1004, 1009, 1049, 1050, 1051, 1052, 1053, 1054, 1055, 1065, 1068, 1070, 1071, 1072, 1075, 1076, 1077, 1078, 1082, 1083, 1084, 1085, 1100, 1101, 1103, 1104, 1107, 1108, 1109, 1112, 1113, 1114, 1115, 1116, 1117, 1118, 1120, 1121, 1122, 1124, 1125, 1126, 1127, 1130, 1138, 1139, 1140, 1143, 1146, 1147, 1150, 1151, 1154, 1157, 1163, 1164, 1165, 1166, 1167, 1172, 1173, 1176, 1177, 1178, 1181, 1182, 1183, 1184, 1187, 1188, 1191, 1194, 1195, 1196, 1201, 1202, 1204, 1209, 1211, 1214, 1215, 1216, 1217, 1219, 1222, 1223, 1226, 1227, 1228, 1232, 1233, 1235, 1238, 1239, 1259, 1260, 1261, 1262, 1263, 1264, 1274, 1275, 1277, 1286, 1295, 1300, 1340, 1342, 1343, 1345, 1348, 1351, 1354, 1357, 1360, 1363, 1367, 1368, 1370, 1371, 1374, 1376, 1383, 1395, 1397, 1398, 1403, 1404, 1407, 1409, 1411, 1412, 1418, 1419, 1420, 1424, 1446, 1447, 1451, 1453, 1454, 1455, 1458, 1461, 1462, 1465, 1466, 1468, 1470, 1471, 1473, 1481, 1482, 1490, 1492, 1493, 1494, 1498, 1501, 1502, 1510, 1520, 1521, 1522, 1523, 1525, 1526, 1528, 1529, 1530, 1531, 1532, 1533, 1534, 1535, 1537, 1540, 1541, 1542, 1545, 1552, 1553, 1565, 1566, 1567, 1570, 1571, 1572, 1574, 1575, 1578, 1586, 1587, 1598, 1600, 1601, 1602, 1603, 1605, 1607, 1608, 1609, 1610, 1611, 1612, 1613, 1614, 1615, 1618, 1619, 1627, 1628, 1629, 1630, 1631, 1639, 1640, 1641, 1642, 1643, 1650, 1658, 1659, 1660, 1662, 1663, 1665, 1669, 1673, 1675, 1676, 1677, 1765, 1769, 1771, 1781, 1782], "summary": {"covered_lines": 416, "num_statements": 667, "percent_covered": 62.3688155922039, "percent_covered_display": "62.37", "missing_lines": 251, "excluded_lines": 3}, "missing_lines": [107, 108, 120, 121, 220, 221, 289, 290, 316, 317, 332, 333, 366, 367, 368, 404, 437, 570, 571, 582, 607, 608, 610, 612, 614, 615, 620, 623, 624, 626, 627, 628, 631, 632, 634, 637, 638, 639, 641, 643, 644, 646, 647, 648, 650, 651, 652, 664, 665, 667, 668, 671, 673, 674, 703, 705, 706, 707, 709, 710, 712, 713, 720, 721, 722, 731, 733, 734, 737, 740, 741, 742, 744, 745, 747, 749, 752, 753, 754, 768, 769, 772, 773, 774, 776, 781, 782, 786, 789, 796, 801, 803, 804, 805, 807, 808, 809, 821, 823, 824, 826, 829, 830, 833, 834, 836, 842, 847, 849, 850, 851, 867, 868, 870, 871, 872, 873, 874, 876, 878, 880, 882, 883, 884, 886, 887, 888, 911, 966, 1056, 1057, 1058, 1059, 1079, 1131, 1132, 1133, 1134, 1135, 1168, 1169, 1242, 1243, 1244, 1245, 1247, 1248, 1250, 1253, 1254, 1267, 1269, 1270, 1271, 1304, 1305, 1307, 1308, 1309, 1310, 1311, 1312, 1313, 1314, 1316, 1317, 1318, 1384, 1389, 1391, 1392, 1421, 1448, 1474, 1475, 1478, 1483, 1484, 1487, 1503, 1507, 1546, 1547, 1550, 1576, 1606, 1617, 1670, 1671, 1680, 1681, 1682, 1683, 1686, 1687, 1692, 1693, 1694, 1697, 1698, 1701, 1702, 1703, 1704, 1707, 1708, 1709, 1710, 1711, 1712, 1713, 1714, 1717, 1718, 1719, 1720, 1722, 1723, 1724, 1725, 1728, 1729, 1730, 1731, 1732, 1733, 1735, 1736, 1737, 1738, 1739, 1740, 1741, 1742, 1745, 1746, 1747, 1749, 1750, 1752, 1753, 1756, 1757, 1758, 1759, 1760, 1761, 1766, 1767, 1783, 1784], "excluded_lines": [577, 1402, 1422]}, "": {"executed_lines": [1, 3, 4, 5, 6, 8, 9, 10, 11, 12, 13, 14, 15, 16, 17, 18, 20, 24, 27, 28, 37, 133, 155, 227, 267, 292, 319, 370, 426, 439, 500, 555, 574, 579, 584, 654, 676, 811, 853, 890, 943, 1017, 1061, 1302, 1320, 1426, 1512, 1559, 1580, 1589, 1621, 1633, 1652, 1667, 1763], "summary": {"covered_lines": 52, "num_statements": 52, "percent_covered": 100.0, "percent_covered_display": "100.00", "missing_lines": 0, "excluded_lines": 2}, "missing_lines": [], "excluded_lines": [20, 21]}}}, "codeframe/agents/review_agent.py": {"executed_lines": [1, 34, 35, 36, 38, 45, 47, 50, 51, 52, 67, 68, 69, 72, 73, 111, 131, 132, 133, 134, 136, 177, 180, 181, 182, 183, 190, 191, 192, 197, 200, 201, 204, 209, 211, 212, 214, 216, 218, 224, 226, 232, 266, 267, 271, 272, 274, 317, 320, 323, 326, 328, 330, 377, 380, 393, 394, 395, 408, 411, 420, 422, 438, 452, 454, 496, 499, 500, 502, 504, 505, 506, 520, 522, 524, 575, 578, 579, 581, 582, 598, 600, 619, 620, 621, 622, 625, 651, 652, 653, 654, 655, 656, 659, 692, 697, 701, 706, 709, 710, 711, 715, 716, 717, 719, 721, 724, 732, 734, 756, 757, 759, 760, 762, 763, 765, 766, 767, 768, 770, 772, 807, 808], "summary": {"covered_lines": 118, "num_statements": 143, "percent_covered": 82.51748251748252, "percent_covered_display": "82.52", "missing_lines": 25, "excluded_lines": 6}, "missing_lines": [423, 435, 439, 583, 596, 623, 657, 698, 810, 811, 814, 822, 824, 825, 826, 829, 830, 831, 833, 834, 835, 841, 848, 857, 858], "excluded_lines": [52, 67, 137, 336, 411, 778], "functions": {"ReviewAgent.__init__": {"executed_lines": [131, 132, 133, 134], "summary": {"covered_lines": 4, "num_statements": 4, "percent_covered": 100.0, "percent_covered_display": "100.00", "missing_lines": 0, "excluded_lines": 0}, "missing_lines": [], "excluded_lines": []}, "ReviewAgent.execute_task": {"executed_lines": [177, 180, 181, 182, 183, 190, 191, 192, 197, 200, 201, 204, 209, 211, 212, 214, 216, 218, 224, 226], "summary": {"covered_lines": 20, "num_statements": 20, "percent_covered": 100.0, "percent_covered_display": "100.00", "missing_lines": 0, "excluded_lines": 1}, "missing_lines": [], "excluded_lines": [137]}, "ReviewAgent._get_changed_files": {"executed_lines": [266, 267, 271, 272], "summary": {"covered_lines": 4, "num_statements": 4, "percent_covered": 100.0, "percent_covered_display": "100.00", "missing_lines": 0, "excluded_lines": 0}, "missing_lines": [], "excluded_lines": []}, "ReviewAgent._review_file": {"executed_lines": [317, 320, 323, 326, 328], "summary": {"covered_lines": 5, "num_statements": 5, "percent_covered": 100.0, "percent_covered_display": "100.00", "missing_lines": 0, "excluded_lines": 0}, "missing_lines": [], "excluded_lines": []}, "ReviewAgent._check_security_issues": {"executed_lines": [377, 380, 393, 394, 395, 408, 411, 420, 422, 438, 452], "summary": {"covered_lines": 10, "num_statements": 13, "percent_covered": 76.92307692307692, "percent_covered_display": "76.92", "missing_lines": 3, "excluded_lines": 2}, "missing_lines": [423, 435, 439], "excluded_lines": [336, 411]}, "ReviewAgent._check_performance_issues": {"executed_lines": [496, 499, 500, 502, 504, 505, 506, 520, 522], "summary": {"covered_lines": 9, "num_statements": 9, "percent_covered": 100.0, "percent_covered_display": "100.00", "missing_lines": 0, "excluded_lines": 0}, "missing_lines": [], "excluded_lines": []}, "ReviewAgent._check_quality_issues": {"executed_lines": [575, 578, 579, 581, 582, 598], "summary": {"covered_lines": 6, "num_statements": 8, "percent_covered": 75.0, "percent_covered_display": "75.00", "missing_lines": 2, "excluded_lines": 0}, "missing_lines": [583, 596], "excluded_lines": []}, "ReviewAgent._find_line_number": {"executed_lines": [619, 620, 621, 622], "summary": {"covered_lines": 4, "num_statements": 5, "percent_covered": 80.0, "percent_covered_display": "80.00", "missing_lines": 1, "excluded_lines": 0}, "missing_lines": [623], "excluded_lines": []}, "ReviewAgent._extract_snippet": {"executed_lines": [651, 652, 653, 654, 655, 656], "summary": {"covered_lines": 6, "num_statements": 7, "percent_covered": 85.71428571428571, "percent_covered_display": "85.71", "missing_lines": 1, "excluded_lines": 0}, "missing_lines": [657], "excluded_lines": []}, "ReviewAgent._create_blocker": {"executed_lines": [692, 697, 701, 706, 709, 710, 711, 715, 716, 717, 719, 721, 724, 732], "summary": {"covered_lines": 14, "num_statements": 15, "percent_covered": 93.33333333333333, "percent_covered_display": "93.33", "missing_lines": 1, "excluded_lines": 0}, "missing_lines": [698], "excluded_lines": []}, "ReviewAgent._generate_summary": {"executed_lines": [756, 757, 759, 760, 762, 763, 765, 766, 767, 768, 770], "summary": {"covered_lines": 11, "num_statements": 11, "percent_covered": 100.0, "percent_covered_display": "100.00", "missing_lines": 0, "excluded_lines": 0}, "missing_lines": [], "excluded_lines": []}, "ReviewAgent._broadcast_review_completed": {"executed_lines": [807, 808], "summary": {"covered_lines": 2, "num_statements": 19, "percent_covered": 10.526315789473685, "percent_covered_display": "10.53", "missing_lines": 17, "excluded_lines": 1}, "missing_lines": [810, 811, 814, 822, 824, 825, 826, 829, 830, 831, 833, 834, 835, 841, 848, 857, 858], "excluded_lines": [778]}, "": {"executed_lines": [1, 34, 35, 36, 38, 45, 47, 50, 51, 52, 67, 68, 69, 72, 73, 111, 136, 232, 274, 330, 454, 524, 600, 625, 659, 734, 772], "summary": {"covered_lines": 23, "num_statements": 23, "percent_covered": 100.0, "percent_covered_display": "100.00", "missing_lines": 0, "excluded_lines": 2}, "missing_lines": [], "excluded_lines": [52, 67]}}, "classes": {"ReviewResult": {"executed_lines": [], "summary": {"covered_lines": 0, "num_statements": 0, "percent_covered": 100.0, "percent_covered_display": "100.00", "missing_lines": 0, "excluded_lines": 0}, "missing_lines": [], "excluded_lines": []}, "ReviewAgent": {"executed_lines": [131, 132, 133, 134, 177, 180, 181, 182, 183, 190, 191, 192, 197, 200, 201, 204, 209, 211, 212, 214, 216, 218, 224, 226, 266, 267, 271, 272, 317, 320, 323, 326, 328, 377, 380, 393, 394, 395, 408, 411, 420, 422, 438, 452, 496, 499, 500, 502, 504, 505, 506, 520, 522, 575, 578, 579, 581, 582, 598, 619, 620, 621, 622, 651, 652, 653, 654, 655, 656, 692, 697, 701, 706, 709, 710, 711, 715, 716, 717, 719, 721, 724, 732, 756, 757, 759, 760, 762, 763, 765, 766, 767, 768, 770, 807, 808], "summary": {"covered_lines": 95, "num_statements": 120, "percent_covered": 79.16666666666667, "percent_covered_display": "79.17", "missing_lines": 25, "excluded_lines": 4}, "missing_lines": [423, 435, 439, 583, 596, 623, 657, 698, 810, 811, 814, 822, 824, 825, 826, 829, 830, 831, 833, 834, 835, 841, 848, 857, 858], "excluded_lines": [137, 336, 411, 778]}, "": {"executed_lines": [1, 34, 35, 36, 38, 45, 47, 50, 51, 52, 67, 68, 69, 72, 73, 111, 136, 232, 274, 330, 454, 524, 600, 625, 659, 734, 772], "summary": {"covered_lines": 23, "num_statements": 23, "percent_covered": 100.0, "percent_covered_display": "100.00", "missing_lines": 0, "excluded_lines": 2}, "missing_lines": [], "excluded_lines": [52, 67]}}}, "codeframe/agents/review_worker_agent.py": {"executed_lines": [1, 7, 8, 9, 11, 12, 13, 14, 15, 16, 18, 21, 22, 40, 41, 42, 45, 46, 47, 48, 51, 53, 62, 72, 73, 74, 76, 82, 83, 84, 86, 98, 99, 101, 104, 105, 106, 119, 122, 123, 124, 127, 130, 131, 132, 133, 134, 135, 136, 141, 142, 143, 144, 145, 146, 147, 152, 153, 154, 155, 157, 159, 163, 164, 169, 172, 175, 180, 183, 186, 199, 200, 202, 204, 206, 224, 231, 233, 244, 245, 246, 249, 250, 251, 252, 258, 271, 274, 275, 276, 278, 281, 284, 289, 290, 291, 292, 294, 295, 296, 297, 298, 299, 300, 302, 303, 306, 308, 309, 311, 313, 320, 322, 323, 330], "summary": {"covered_lines": 113, "num_statements": 126, "percent_covered": 89.68253968253968, "percent_covered_display": "89.68", "missing_lines": 13, "excluded_lines": 0}, "missing_lines": [137, 138, 148, 149, 165, 166, 253, 254, 256, 282, 307, 331, 332], "excluded_lines": [], "functions": {"ReviewWorkerAgent.__init__": {"executed_lines": [62, 72, 73, 74], "summary": {"covered_lines": 4, "num_statements": 4, "percent_covered": 100.0, "percent_covered_display": "100.00", "missing_lines": 0, "excluded_lines": 0}, "missing_lines": [], "excluded_lines": []}, "ReviewWorkerAgent._initialize_analyzers": {"executed_lines": [82, 83, 84], "summary": {"covered_lines": 3, "num_statements": 3, "percent_covered": 100.0, "percent_covered_display": "100.00", "missing_lines": 0, "excluded_lines": 0}, "missing_lines": [], "excluded_lines": []}, "ReviewWorkerAgent.execute_task": {"executed_lines": [98, 99, 101, 104, 105, 106, 119, 122, 123, 124, 127, 130, 131, 132, 133, 134, 135, 136, 141, 142, 143, 144, 145, 146, 147, 152, 153, 154, 155, 157, 159, 163, 164, 169, 172, 175, 180, 183, 186, 199, 200, 202, 204], "summary": {"covered_lines": 43, "num_statements": 49, "percent_covered": 87.75510204081633, "percent_covered_display": "87.76", "missing_lines": 6, "excluded_lines": 0}, "missing_lines": [137, 138, 148, 149, 165, 166], "excluded_lines": []}, "ReviewWorkerAgent._calculate_overall_score": {"executed_lines": [224, 231], "summary": {"covered_lines": 2, "num_statements": 2, "percent_covered": 100.0, "percent_covered_display": "100.00", "missing_lines": 0, "excluded_lines": 0}, "missing_lines": [], "excluded_lines": []}, "ReviewWorkerAgent._determine_status": {"executed_lines": [244, 245, 246, 249, 250, 251, 252], "summary": {"covered_lines": 7, "num_statements": 10, "percent_covered": 70.0, "percent_covered_display": "70.00", "missing_lines": 3, "excluded_lines": 0}, "missing_lines": [253, 254, 256], "excluded_lines": []}, "ReviewWorkerAgent._generate_summary": {"executed_lines": [271, 274, 275, 276, 278, 281, 284, 289, 290, 291, 292, 294, 295, 296, 297, 298, 299, 300, 302, 303, 306, 308, 309, 311], "summary": {"covered_lines": 24, "num_statements": 26, "percent_covered": 92.3076923076923, "percent_covered_display": "92.31", "missing_lines": 2, "excluded_lines": 0}, "missing_lines": [282, 307], "excluded_lines": []}, "ReviewWorkerAgent._create_review_blocker": {"executed_lines": [320, 322, 323, 330], "summary": {"covered_lines": 4, "num_statements": 6, "percent_covered": 66.66666666666667, "percent_covered_display": "66.67", "missing_lines": 2, "excluded_lines": 0}, "missing_lines": [331, 332], "excluded_lines": []}, "": {"executed_lines": [1, 7, 8, 9, 11, 12, 13, 14, 15, 16, 18, 21, 22, 40, 41, 42, 45, 46, 47, 48, 51, 53, 76, 86, 206, 233, 258, 313], "summary": {"covered_lines": 26, "num_statements": 26, "percent_covered": 100.0, "percent_covered_display": "100.00", "missing_lines": 0, "excluded_lines": 0}, "missing_lines": [], "excluded_lines": []}}, "classes": {"ReviewWorkerAgent": {"executed_lines": [62, 72, 73, 74, 82, 83, 84, 98, 99, 101, 104, 105, 106, 119, 122, 123, 124, 127, 130, 131, 132, 133, 134, 135, 136, 141, 142, 143, 144, 145, 146, 147, 152, 153, 154, 155, 157, 159, 163, 164, 169, 172, 175, 180, 183, 186, 199, 200, 202, 204, 224, 231, 244, 245, 246, 249, 250, 251, 252, 271, 274, 275, 276, 278, 281, 284, 289, 290, 291, 292, 294, 295, 296, 297, 298, 299, 300, 302, 303, 306, 308, 309, 311, 320, 322, 323, 330], "summary": {"covered_lines": 87, "num_statements": 100, "percent_covered": 87.0, "percent_covered_display": "87.00", "missing_lines": 13, "excluded_lines": 0}, "missing_lines": [137, 138, 148, 149, 165, 166, 253, 254, 256, 282, 307, 331, 332], "excluded_lines": []}, "": {"executed_lines": [1, 7, 8, 9, 11, 12, 13, 14, 15, 16, 18, 21, 22, 40, 41, 42, 45, 46, 47, 48, 51, 53, 76, 86, 206, 233, 258, 313], "summary": {"covered_lines": 26, "num_statements": 26, "percent_covered": 100.0, "percent_covered_display": "100.00", "missing_lines": 0, "excluded_lines": 0}, "missing_lines": [], "excluded_lines": []}}}, "codeframe/agents/simple_assignment.py": {"executed_lines": [1, 14, 15, 17, 20, 21, 38, 117, 119, 121, 141, 142, 143, 146, 147, 148, 149, 152, 155, 156, 159, 160, 164, 166, 169, 171, 185, 186, 187, 190, 191, 193, 196, 199, 213, 214], "summary": {"covered_lines": 34, "num_statements": 35, "percent_covered": 97.14285714285714, "percent_covered_display": "97.14", "missing_lines": 1, "excluded_lines": 0}, "missing_lines": [194], "excluded_lines": [], "functions": {"SimpleAgentAssigner.__init__": {"executed_lines": [119], "summary": {"covered_lines": 1, "num_statements": 1, "percent_covered": 100.0, "percent_covered_display": "100.00", "missing_lines": 0, "excluded_lines": 0}, "missing_lines": [], "excluded_lines": []}, "SimpleAgentAssigner.assign_agent_type": {"executed_lines": [141, 142, 143, 146, 147, 148, 149, 152, 155, 156, 159, 160, 164, 166, 169], "summary": {"covered_lines": 15, "num_statements": 15, "percent_covered": 100.0, "percent_covered_display": "100.00", "missing_lines": 0, "excluded_lines": 0}, "missing_lines": [], "excluded_lines": []}, "SimpleAgentAssigner.get_assignment_explanation": {"executed_lines": [185, 186, 187, 190, 191, 193, 196], "summary": {"covered_lines": 7, "num_statements": 8, "percent_covered": 87.5, "percent_covered_display": "87.50", "missing_lines": 1, "excluded_lines": 0}, "missing_lines": [194], "excluded_lines": []}, "assign_task_to_agent": {"executed_lines": [213, 214], "summary": {"covered_lines": 2, "num_statements": 2, "percent_covered": 100.0, "percent_covered_display": "100.00", "missing_lines": 0, "excluded_lines": 0}, "missing_lines": [], "excluded_lines": []}, "": {"executed_lines": [1, 14, 15, 17, 20, 21, 38, 117, 121, 171, 199], "summary": {"covered_lines": 9, "num_statements": 9, "percent_covered": 100.0, "percent_covered_display": "100.00", "missing_lines": 0, "excluded_lines": 0}, "missing_lines": [], "excluded_lines": []}}, "classes": {"SimpleAgentAssigner": {"executed_lines": [119, 141, 142, 143, 146, 147, 148, 149, 152, 155, 156, 159, 160, 164, 166, 169, 185, 186, 187, 190, 191, 193, 196], "summary": {"covered_lines": 23, "num_statements": 24, "percent_covered": 95.83333333333333, "percent_covered_display": "95.83", "missing_lines": 1, "excluded_lines": 0}, "missing_lines": [194], "excluded_lines": []}, "": {"executed_lines": [1, 14, 15, 17, 20, 21, 38, 117, 121, 171, 199, 213, 214], "summary": {"covered_lines": 11, "num_statements": 11, "percent_covered": 100.0, "percent_covered_display": "100.00", "missing_lines": 0, "excluded_lines": 0}, "missing_lines": [], "excluded_lines": []}}}, "codeframe/agents/worker_agent.py": {"executed_lines": [1, 3, 4, 7, 8, 12, 22, 23, 24, 25, 26, 27, 28, 29, 31, 64, 69, 102, 131, 144, 147, 150, 151, 154, 161, 163, 177, 180, 188, 189, 194, 195, 197, 199, 211, 215, 218, 219, 221, 223, 266, 382], "summary": {"covered_lines": 40, "num_statements": 112, "percent_covered": 35.714285714285715, "percent_covered_display": "35.71", "missing_lines": 72, "excluded_lines": 11}, "missing_lines": [59, 62, 88, 89, 91, 92, 94, 97, 98, 100, 119, 120, 122, 123, 125, 128, 129, 145, 148, 178, 181, 212, 248, 249, 251, 252, 254, 257, 258, 260, 303, 304, 305, 306, 308, 310, 311, 313, 314, 317, 318, 319, 320, 321, 322, 323, 325, 328, 334, 360, 365, 366, 370, 371, 373, 399, 401, 402, 405, 410, 411, 417, 419, 421, 423, 424, 425, 427, 429, 431, 434, 442], "excluded_lines": [67, 224, 267, 336, 337, 338, 339, 340, 348, 350, 352], "functions": {"WorkerAgent.__init__": {"executed_lines": [22, 23, 24, 25, 26, 27, 28, 29], "summary": {"covered_lines": 8, "num_statements": 8, "percent_covered": 100.0, "percent_covered_display": "100.00", "missing_lines": 0, "excluded_lines": 0}, "missing_lines": [], "excluded_lines": []}, "WorkerAgent.execute_task": {"executed_lines": [], "summary": {"covered_lines": 0, "num_statements": 2, "percent_covered": 0.0, "percent_covered_display": "0.00", "missing_lines": 2, "excluded_lines": 0}, "missing_lines": [59, 62], "excluded_lines": []}, "WorkerAgent.assess_maturity": {"executed_lines": [], "summary": {"covered_lines": 0, "num_statements": 0, "percent_covered": 100.0, "percent_covered_display": "100.00", "missing_lines": 0, "excluded_lines": 1}, "missing_lines": [], "excluded_lines": [67]}, "WorkerAgent.flash_save": {"executed_lines": [], "summary": {"covered_lines": 0, "num_statements": 8, "percent_covered": 0.0, "percent_covered_display": "0.00", "missing_lines": 8, "excluded_lines": 0}, "missing_lines": [88, 89, 91, 92, 94, 97, 98, 100], "excluded_lines": []}, "WorkerAgent.should_flash_save": {"executed_lines": [], "summary": {"covered_lines": 0, "num_statements": 7, "percent_covered": 0.0, "percent_covered_display": "0.00", "missing_lines": 7, "excluded_lines": 0}, "missing_lines": [119, 120, 122, 123, 125, 128, 129], "excluded_lines": []}, "WorkerAgent.save_context_item": {"executed_lines": [144, 147, 150, 151, 154, 161], "summary": {"covered_lines": 6, "num_statements": 8, "percent_covered": 75.0, "percent_covered_display": "75.00", "missing_lines": 2, "excluded_lines": 0}, "missing_lines": [145, 148], "excluded_lines": []}, "WorkerAgent.load_context": {"executed_lines": [177, 180, 188, 189, 194, 195, 197], "summary": {"covered_lines": 7, "num_statements": 9, "per
[...]
34, 3436]}}, "classes": {"DeploymentMode": {"executed_lines": [], "summary": {"covered_lines": 0, "num_statements": 0, "percent_covered": 100.0, "percent_covered_display": "100.00", "missing_lines": 0, "excluded_lines": 0}, "missing_lines": [], "excluded_lines": []}, "ConnectionManager": {"executed_lines": [143, 146, 147, 150, 154, 155, 156, 157, 159], "summary": {"covered_lines": 8, "num_statements": 8, "percent_covered": 100.0, "percent_covered_display": "100.00", "missing_lines": 0, "excluded_lines": 1}, "missing_lines": [], "excluded_lines": [159]}, "": {"executed_lines": [1, 3, 4, 5, 6, 7, 8, 9, 10, 11, 12, 13, 14, 16, 25, 26, 36, 37, 40, 41, 43, 44, 47, 53, 55, 56, 57, 60, 66, 70, 73, 74, 78, 79, 80, 83, 84, 86, 87, 91, 94, 95, 97, 100, 101, 104, 113, 116, 120, 126, 127, 128, 130, 139, 140, 142, 145, 149, 152, 162, 165, 168, 171, 188, 190, 193, 196, 199, 200, 208, 210, 213, 214, 217, 218, 221, 224, 229, 230, 238, 239, 241, 243, 249, 250, 252, 255, 256, 266, 267, 270, 271, 284, 286, 296, 297, 301, 303, 306, 307, 317, 318, 323, 324, 325, 330, 340, 341, 349, 353, 355, 356, 359, 361, 371, 372, 390, 392, 393, 396, 397, 403, 404, 405, 408, 411, 414, 415, 418, 420, 421, 424, 426, 436, 437, 440, 442, 445, 446, 449, 466, 467, 469, 471, 473, 479, 480, 499, 502, 503, 504, 507, 508, 509, 512, 513, 514, 519, 521, 524, 527, 528, 537, 539, 541, 543, 545, 550, 551, 567, 568, 569, 572, 575, 576, 577, 580, 581, 582, 590, 593, 594, 616, 623, 624, 625, 628, 629, 635, 636, 643, 644, 647, 648, 649, 656, 659, 661, 663, 669, 670, 671, 672, 673, 674, 675, 678, 680, 690, 698, 712, 722, 723, 744, 747, 748, 749, 752, 754, 756, 765, 774, 775, 806, 807, 808, 811, 815, 816, 818, 821, 824, 825, 828, 836, 837, 838, 840, 841, 845, 854, 855, 892, 893, 894, 897, 900, 903, 909, 910, 940, 941, 954, 956, 957, 962, 963, 999, 1000, 1001, 1006, 1008, 1010, 1011, 1021, 1024, 1025, 1038, 1041, 1042, 1074, 1075, 1076, 1088, 1089, 1105, 1106, 1123, 1124, 1159, 1160, 1297, 1298, 1315, 1318, 1319, 1320, 1325, 1326, 1339, 1340, 1342, 1344, 1355, 1369, 1375, 1414, 1417, 1432, 1434, 1435, 1456, 1457, 1481, 1486, 1501, 1504, 1505, 1520, 1522, 1523, 1532, 1533, 1569, 1570, 1594, 1597, 1600, 1602, 1605, 1606, 1665, 1666, 1695, 1698, 1701, 1704, 1707, 1708, 1749, 1751, 1753, 1764, 1769, 1770, 1774, 1783, 1785, 1789, 1790, 1791, 1794, 1799, 1801, 1815, 1834, 1835, 1855, 1857, 1858, 1859, 1867, 1877, 1878, 1899, 1901, 1906, 1908, 1909, 1918, 1919, 1922, 1925, 1926, 1928, 1943, 1944, 1975, 1976, 1977, 1979, 1981, 1982, 1983, 1986, 1987, 2044, 2045, 2051, 2052, 2107, 2108, 2115, 2116, 2117, 2120, 2123, 2131, 2137, 2138, 2141, 2142, 2159, 2171, 2172, 2246, 2247, 2286, 2287, 2322, 2323, 2324, 2327, 2330, 2339, 2340, 2377, 2378, 2379, 2380, 2383, 2386, 2393, 2402, 2403, 2404, 2600, 2601, 2648, 2649, 2650, 2653, 2656, 2657, 2673, 2676, 2677, 2727, 2728, 2731, 2732, 2733, 2736, 2737, 2738, 2779, 2780, 2822, 2823, 2827, 2828, 2829, 2853, 2854, 2875, 2878, 2879, 2883, 2884, 2885, 2922, 2923, 2973, 2974, 2977, 2978, 2982, 2983, 2984, 3037, 3038, 3089, 3092, 3093, 3094, 3097, 3098, 3100, 3101, 3102, 3103, 3105, 3106, 3111, 3113, 3114, 3121, 3128, 3145, 3146, 3202, 3205, 3206, 3207, 3209, 3211, 3212, 3214, 3216, 3226, 3227, 3281, 3283, 3285, 3286, 3289, 3291, 3296, 3298, 3309, 3315, 3316, 3317, 3320, 3321, 3322, 3323, 3324, 3325, 3326, 3329, 3330, 3332, 3341, 3343, 3353, 3354, 3357, 3360, 3361, 3364, 3370, 3371, 3394, 3409, 3416], "summary": {"covered_lines": 518, "num_statements": 802, "percent_covered": 64.58852867830424, "percent_covered_display": "64.59", "missing_lines": 284, "excluded_lines": 16}, "missing_lines": [117, 280, 281, 474, 475, 476, 637, 664, 665, 666, 691, 707, 708, 847, 849, 930, 931, 932, 935, 937, 959, 1033, 1035, 1081, 1082, 1101, 1102, 1119, 1120, 1136, 1137, 1140, 1141, 1142, 1146, 1149, 1151, 1179, 1180, 1182, 1183, 1184, 1185, 1187, 1188, 1191, 1192, 1193, 1197, 1200, 1202, 1203, 1204, 1206, 1207, 1208, 1211, 1214, 1216, 1227, 1228, 1229, 1230, 1232, 1241, 1244, 1245, 1246, 1247, 1257, 1260, 1261, 1263, 1277, 1328, 1391, 1399, 1401, 1438, 1441, 1443, 1526, 1529, 1558, 1561, 1564, 1566, 1634, 1637, 1640, 1642, 1643, 1649, 1652, 1662, 1702, 1771, 1786, 1817, 1818, 1819, 1821, 1831, 1873, 1874, 1936, 1937, 1990, 1991, 1992, 1995, 1996, 1999, 2002, 2004, 2006, 2014, 2024, 2026, 2031, 2032, 2035, 2038, 2046, 2047, 2048, 2109, 2132, 2133, 2134, 2143, 2201, 2202, 2205, 2209, 2213, 2218, 2220, 2221, 2222, 2224, 2227, 2228, 2230, 2267, 2270, 2271, 2276, 2280, 2394, 2395, 2396, 2407, 2408, 2409, 2414, 2415, 2416, 2420, 2421, 2422, 2428, 2431, 2441, 2444, 2446, 2447, 2453, 2458, 2459, 2469, 2470, 2473, 2480, 2482, 2485, 2487, 2488, 2490, 2498, 2499, 2500, 2501, 2502, 2504, 2509, 2517, 2522, 2528, 2540, 2541, 2543, 2548, 2549, 2554, 2556, 2563, 2568, 2569, 2579, 2580, 2585, 2588, 2658, 2743, 2745, 2752, 2758, 2761, 2774, 2775, 2776, 2824, 2832, 2833, 2839, 2880, 2888, 2889, 2894, 2896, 2897, 2899, 2900, 2901, 2903, 2904, 2905, 2908, 2909, 2910, 2912, 2915, 2917, 2918, 2919, 2979, 2990, 2991, 2992, 2995, 2996, 3001, 3003, 3010, 3015, 3016, 3018, 3021, 3023, 3025, 3026, 3028, 3029, 3030, 3031, 3104, 3137, 3138, 3139, 3218, 3219, 3220, 3345, 3346, 3347, 3373, 3374, 3375, 3377, 3378, 3381, 3382, 3383, 3385, 3387, 3389, 3390, 3396, 3397, 3400, 3406, 3411, 3413], "excluded_lines": [210, 218, 239, 539, 1534, 1571, 2288, 2507, 2523, 3416, 3417, 3420, 3421, 3427, 3434, 3436]}}}, "codeframe/ui/websocket_broadcasts.py": {"executed_lines": [1, 29, 30, 31, 33, 36, 55, 63, 64, 66, 67, 69, 70, 71, 72, 73, 76, 97, 105, 106, 111, 112, 114, 115, 116, 117, 118, 121, 146, 159, 160, 161, 165, 166, 169, 188, 197, 198, 200, 201, 202, 203, 204, 207, 226, 234, 235, 237, 238, 240, 241, 242, 243, 244, 247, 261, 262, 263, 265, 267, 269, 278, 279, 280, 281, 282, 285, 306, 316, 317, 319, 320, 321, 325, 326, 334, 347, 357, 358, 359, 360, 361, 364, 376, 384, 385, 386, 387, 388, 391, 404, 412, 413, 415, 416, 417, 418, 419, 422, 435, 444, 445, 447, 448, 449, 452, 453, 456, 473, 480, 481, 483, 484, 486, 487, 488, 489, 490, 496, 521, 535, 536, 538, 539, 541, 542, 543, 544, 545, 548, 560, 568, 569, 570, 571, 572, 575, 588, 597, 598, 599, 600, 601, 604, 618, 628, 629, 630, 631, 632, 640, 660, 661, 664, 666, 668, 681, 682, 683, 684, 685, 688, 707, 717, 718, 719, 720, 721, 724, 741, 752, 753, 754, 755, 756, 759, 774, 782, 783, 784, 785, 786], "summary": {"covered_lines": 174, "num_statements": 174, "percent_covered": 100.0, "percent_covered_display": "100.00", "missing_lines": 0, "excluded_lines": 47}, "missing_lines": [], "excluded_lines": [1, 121, 122, 123, 124, 125, 126, 127, 128, 129, 130, 131, 132, 133, 134, 135, 136, 137, 138, 139, 140, 141, 142, 143, 144, 145, 146, 147, 148, 149, 150, 151, 152, 153, 154, 155, 156, 157, 158, 159, 160, 161, 162, 163, 164, 165, 166], "functions": {"broadcast_task_status": {"executed_lines": [55, 63, 64, 66, 67, 69, 70, 71, 72, 73], "summary": {"covered_lines": 10, "num_statements": 10, "percent_covered": 100.0, "percent_covered_display": "100.00", "missing_lines": 0, "excluded_lines": 0}, "missing_lines": [], "excluded_lines": []}, "broadcast_agent_status": {"executed_lines": [97, 105, 106, 111, 112, 114, 115, 116, 117, 118], "summary": {"covered_lines": 10, "num_statements": 10, "percent_covered": 100.0, "percent_covered_display": "100.00", "missing_lines": 0, "excluded_lines": 0}, "missing_lines": [], "excluded_lines": []}, "broadcast_test_result": {"executed_lines": [146, 159, 160, 161, 165, 166], "summary": {"covered_lines": 0, "num_statements": 0, "percent_covered": 100.0, "percent_covered_display": "100.00", "missing_lines": 0, "excluded_lines": 35}, "missing_lines": [], "excluded_lines": [132, 133, 134, 135, 136, 137, 138, 139, 140, 141, 142, 143, 144, 145, 146, 147, 148, 149, 150, 151, 152, 153, 154, 155, 156, 157, 158, 159, 160, 161, 162, 163, 164, 165, 166]}, "broadcast_commit_created": {"executed_lines": [188, 197, 198, 200, 201, 202, 203, 204], "summary": {"covered_lines": 8, "num_statements": 8, "percent_covered": 100.0, "percent_covered_display": "100.00", "missing_lines": 0, "excluded_lines": 0}, "missing_lines": [], "excluded_lines": []}, "broadcast_activity_update": {"executed_lines": [226, 234, 235, 237, 238, 240, 241, 242, 243, 244], "summary": {"covered_lines": 10, "num_statements": 10, "percent_covered": 100.0, "percent_covered_display": "100.00", "missing_lines": 0, "excluded_lines": 0}, "missing_lines": [], "excluded_lines": []}, "broadcast_progress_update": {"executed_lines": [261, 262, 263, 265, 267, 269, 278, 279, 280, 281, 282], "summary": {"covered_lines": 11, "num_statements": 11, "percent_covered": 100.0, "percent_covered_display": "100.00", "missing_lines": 0, "excluded_lines": 0}, "missing_lines": [], "excluded_lines": []}, "broadcast_correction_attempt": {"executed_lines": [306, 316, 317, 319, 320, 321, 325, 326], "summary": {"covered_lines": 8, "num_statements": 8, "percent_covered": 100.0, "percent_covered_display": "100.00", "missing_lines": 0, "excluded_lines": 0}, "missing_lines": [], "excluded_lines": []}, "broadcast_agent_created": {"executed_lines": [347, 357, 358, 359, 360, 361], "summary": {"covered_lines": 6, "num_statements": 6, "percent_covered": 100.0, "percent_covered_display": "100.00", "missing_lines": 0, "excluded_lines": 0}, "missing_lines": [], "excluded_lines": []}, "broadcast_agent_retired": {"executed_lines": [376, 384, 385, 386, 387, 388], "summary": {"covered_lines": 6, "num_statements": 6, "percent_covered": 100.0, "percent_covered_display": "100.00", "missing_lines": 0, "excluded_lines": 0}, "missing_lines": [], "excluded_lines": []}, "broadcast_task_assigned": {"executed_lines": [404, 412, 413, 415, 416, 417, 418, 419], "summary": {"covered_lines": 8, "num_statements": 8, "percent_covered": 100.0, "percent_covered_display": "100.00", "missing_lines": 0, "excluded_lines": 0}, "missing_lines": [], "excluded_lines": []}, "broadcast_task_blocked": {"executed_lines": [435, 444, 445, 447, 448, 449, 452, 453], "summary": {"covered_lines": 8, "num_statements": 8, "percent_covered": 100.0, "percent_covered_display": "100.00", "missing_lines": 0, "excluded_lines": 0}, "missing_lines": [], "excluded_lines": []}, "broadcast_task_unblocked": {"executed_lines": [473, 480, 481, 483, 484, 486, 487, 488, 489, 490], "summary": {"covered_lines": 10, "num_statements": 10, "percent_covered": 100.0, "percent_covered_display": "100.00", "missing_lines": 0, "excluded_lines": 0}, "missing_lines": [], "excluded_lines": []}, "broadcast_blocker_created": {"executed_lines": [521, 535, 536, 538, 539, 541, 542, 543, 544, 545], "summary": {"covered_lines": 10, "num_statements": 10, "percent_covered": 100.0, "percent_covered_display": "100.00", "missing_lines": 0, "excluded_lines": 0}, "missing_lines": [], "excluded_lines": []}, "broadcast_blocker_resolved": {"executed_lines": [560, 568, 569, 570, 571, 572], "summary": {"covered_lines": 6, "num_statements": 6, "percent_covered": 100.0, "percent_covered_display": "100.00", "missing_lines": 0, "excluded_lines": 0}, "missing_lines": [], "excluded_lines": []}, "broadcast_agent_resumed": {"executed_lines": [588, 597, 598, 599, 600, 601], "summary": {"covered_lines": 6, "num_statements": 6, "percent_covered": 100.0, "percent_covered_display": "100.00", "missing_lines": 0, "excluded_lines": 0}, "missing_lines": [], "excluded_lines": []}, "broadcast_blocker_expired": {"executed_lines": [618, 628, 629, 630, 631, 632], "summary": {"covered_lines": 6, "num_statements": 6, "percent_covered": 100.0, "percent_covered_display": "100.00", "missing_lines": 0, "excluded_lines": 0}, "missing_lines": [], "excluded_lines": []}, "broadcast_discovery_answer_submitted": {"executed_lines": [660, 661, 664, 666, 668, 681, 682, 683, 684, 685], "summary": {"covered_lines": 10, "num_statements": 10, "percent_covered": 100.0, "percent_covered_display": "100.00", "missing_lines": 0, "excluded_lines": 0}, "missing_lines": [], "excluded_lines": []}, "broadcast_discovery_question_presented": {"executed_lines": [707, 717, 718, 719, 720, 721], "summary": {"covered_lines": 6, "num_statements": 6, "percent_covered": 100.0, "percent_covered_display": "100.00", "missing_lines": 0, "excluded_lines": 0}, "missing_lines": [], "excluded_lines": []}, "broadcast_discovery_progress_updated": {"executed_lines": [741, 752, 753, 754, 755, 756], "summary": {"covered_lines": 6, "num_statements": 6, "percent_covered": 100.0, "percent_covered_display": "100.00", "missing_lines": 0, "excluded_lines": 0}, "missing_lines": [], "excluded_lines": []}, "broadcast_discovery_completed": {"executed_lines": [774, 782, 783, 784, 785, 786], "summary": {"covered_lines": 6, "num_statements": 6, "percent_covered": 100.0, "percent_covered_display": "100.00", "missing_lines": 0, "excluded_lines": 0}, "missing_lines": [], "excluded_lines": []}, "": {"executed_lines": [1, 29, 30, 31, 33, 36, 76, 121, 169, 207, 247, 285, 334, 364, 391, 422, 456, 496, 548, 575, 604, 640, 688, 724, 759], "summary": {"covered_lines": 23, "num_statements": 23, "percent_covered": 100.0, "percent_covered_display": "100.00", "missing_lines": 0, "excluded_lines": 12}, "missing_lines": [], "excluded_lines": [1, 121, 122, 123, 124, 125, 126, 127, 128, 129, 130, 131]}}, "classes": {"": {"executed_lines": [1, 29, 30, 31, 33, 36, 55, 63, 64, 66, 67, 69, 70, 71, 72, 73, 76, 97, 105, 106, 111, 112, 114, 115, 116, 117, 118, 121, 146, 159, 160, 161, 165, 166, 169, 188, 197, 198, 200, 201, 202, 203, 204, 207, 226, 234, 235, 237, 238, 240, 241, 242, 243, 244, 247, 261, 262, 263, 265, 267, 269, 278, 279, 280, 281, 282, 285, 306, 316, 317, 319, 320, 321, 325, 326, 334, 347, 357, 358, 359, 360, 361, 364, 376, 384, 385, 386, 387, 388, 391, 404, 412, 413, 415, 416, 417, 418, 419, 422, 435, 444, 445, 447, 448, 449, 452, 453, 456, 473, 480, 481, 483, 484, 486, 487, 488, 489, 490, 496, 521, 535, 536, 538, 539, 541, 542, 543, 544, 545, 548, 560, 568, 569, 570, 571, 572, 575, 588, 597, 598, 599, 600, 601, 604, 618, 628, 629, 630, 631, 632, 640, 660, 661, 664, 666, 668, 681, 682, 683, 684, 685, 688, 707, 717, 718, 719, 720, 721, 724, 741, 752, 753, 754, 755, 756, 759, 774, 782, 783, 784, 785, 786], "summary": {"covered_lines": 174, "num_statements": 174, "percent_covered": 100.0, "percent_covered_display": "100.00", "missing_lines": 0, "excluded_lines": 47}, "missing_lines": [], "excluded_lines": [1, 121, 122, 123, 124, 125, 126, 127, 128, 129, 130, 131, 132, 133, 134, 135, 136, 137, 138, 139, 140, 141, 142, 143, 144, 145, 146, 147, 148, 149, 150, 151, 152, 153, 154, 155, 156, 157, 158, 159, 160, 161, 162, 163, 164, 165, 166]}}}, "codeframe/workspace/__init__.py": {"executed_lines": [1, 3, 5], "summary": {"covered_lines": 2, "num_statements": 2, "percent_covered": 100.0, "percent_covered_display": "100.00", "missing_lines": 0, "excluded_lines": 0}, "missing_lines": [], "excluded_lines": [], "functions": {"": {"executed_lines": [1, 3, 5], "summary": {"covered_lines": 2, "num_statements": 2, "percent_covered": 100.0, "percent_covered_display": "100.00", "missing_lines": 0, "excluded_lines": 0}, "missing_lines": [], "excluded_lines": []}}, "classes": {"": {"executed_lines": [1, 3, 5], "summary": {"covered_lines": 2, "num_statements": 2, "percent_covered": 100.0, "percent_covered_display": "100.00", "missing_lines": 0, "excluded_lines": 0}, "missing_lines": [], "excluded_lines": []}}}, "codeframe/workspace/manager.py": {"executed_lines": [1, 3, 4, 5, 6, 7, 8, 9, 11, 14, 15, 17, 23, 24, 26, 48, 50, 51, 53, 55, 56, 57, 58, 59, 60, 62, 64, 66, 68, 69, 70, 71, 73, 79, 80, 81, 89, 90, 91, 92, 93, 94, 95, 96, 97, 98, 100, 112, 113, 115, 116, 123, 124, 125, 126, 127, 128, 129, 130, 131, 132, 135, 136, 137, 139, 140, 141, 142, 143, 144, 145, 146, 148, 159, 160, 162, 165, 166, 171, 172, 174, 175, 177, 178, 180, 181, 182, 183, 184, 185, 186, 187, 188, 191, 192, 193, 201, 202, 207, 209, 211, 226, 228, 229, 232, 235, 236, 237, 238, 240, 241, 243, 245, 248, 249], "summary": {"covered_lines": 112, "num_statements": 114, "percent_covered": 98.24561403508773, "percent_covered_display": "98.25", "missing_lines": 2, "excluded_lines": 1}, "missing_lines": [133, 134], "excluded_lines": [209], "functions": {"WorkspaceManager.__init__": {"executed_lines": [23, 24], "summary": {"covered_lines": 2, "num_statements": 2, "percent_covered": 100.0, "percent_covered_display": "100.00", "missing_lines": 0, "excluded_lines": 0}, "missing_lines": [], "excluded_lines": []}, "WorkspaceManager.create_workspace": {"executed_lines": [48, 50, 51, 53, 55, 56, 57, 58, 59, 60, 62, 64, 66, 68, 69, 70, 71], "summary": {"covered_lines": 17, "num_statements": 17, "percent_covered": 100.0, "percent_covered_display": "100.00", "missing_lines": 0, "excluded_lines": 0}, "missing_lines": [], "excluded_lines": []}, "WorkspaceManager._init_empty": {"executed_lines": [79, 80, 81, 89, 90, 91, 92, 93, 94, 95, 96, 97, 98], "summary": {"covered_lines": 13, "num_statements": 13, "percent_covered": 100.0, "percent_covered_display": "100.00", "missing_lines": 0, "excluded_lines": 0}, "missing_lines": [], "excluded_lines": []}, "WorkspaceManager._init_from_git": {"executed_lines": [112, 113, 115, 116, 123, 124, 125, 126, 127, 128, 129, 130, 131, 132, 135, 136, 137, 139, 140, 141, 142, 143, 144, 145, 146], "summary": {"covered_lines": 25, "num_statements": 27, "percent_covered": 92.5925925925926, "percent_covered_display": "92.59", "missing_lines": 2, "excluded_lines": 0}, "missing_lines": [133, 134], "excluded_lines": []}, "WorkspaceManager._init_from_local": {"executed_lines": [159, 160, 162, 165, 166, 171, 172, 174, 175, 177, 178, 180, 181, 182, 183, 184, 185, 186, 187, 188, 191, 192, 193, 201, 202, 207, 209], "summary": {"covered_lines": 26, "num_statements": 26, "percent_covered": 100.0, "percent_covered_display": "100.00", "missing_lines": 0, "excluded_lines": 1}, "missing_lines": [], "excluded_lines": [209]}, "WorkspaceManager._is_safe_path": {"executed_lines": [226, 228, 229, 232, 235, 236, 237, 238, 240, 241, 243], "summary": {"covered_lines": 11, "num_statements": 11, "percent_covered": 100.0, "percent_covered_display": "100.00", "missing_lines": 0, "excluded_lines": 0}, "missing_lines": [], "excluded_lines": []}, "WorkspaceManager._init_from_upload": {"executed_lines": [248, 249], "summary": {"covered_lines": 2, "num_statements": 2, "percent_covered": 100.0, "percent_covered_display": "100.00", "missing_lines": 0, "excluded_lines": 0}, "missing_lines": [], "excluded_lines": []}, "": {"executed_lines": [1, 3, 4, 5, 6, 7, 8, 9, 11, 14, 15, 17, 26, 73, 100, 148, 211, 245], "summary": {"covered_lines": 16, "num_statements": 16, "percent_covered": 100.0, "percent_covered_display": "100.00", "missing_lines": 0, "excluded_lines": 0}, "missing_lines": [], "excluded_lines": []}}, "classes": {"WorkspaceManager": {"executed_lines": [23, 24, 48, 50, 51, 53, 55, 56, 57, 58, 59, 60, 62, 64, 66, 68, 69, 70, 71, 79, 80, 81, 89, 90, 91, 92, 93, 94, 95, 96, 97, 98, 112, 113, 115, 116, 123, 124, 125, 126, 127, 128, 129, 130, 131, 132, 135, 136, 137, 139, 140, 141, 142, 143, 144, 145, 146, 159, 160, 162, 165, 166, 171, 172, 174, 175, 177, 178, 180, 181, 182, 183, 184, 185, 186, 187, 188, 191, 192, 193, 201, 202, 207, 209, 226, 228, 229, 232, 235, 236, 237, 238, 240, 241, 243, 248, 249], "summary": {"covered_lines": 96, "num_statements": 98, "percent_covered": 97.95918367346938, "percent_covered_display": "97.96", "missing_lines": 2, "excluded_lines": 1}, "missing_lines": [133, 134], "excluded_lines": [209]}, "": {"executed_lines": [1, 3, 4, 5, 6, 7, 8, 9, 11, 14, 15, 17, 26, 73, 100, 148, 211, 245], "summary": {"covered_lines": 16, "num_statements": 16, "percent_covered": 100.0, "percent_covered_display": "100.00", "missing_lines": 0, "excluded_lines": 0}, "missing_lines": [], "excluded_lines": []}}}}, "totals": {"covered_lines": 6735, "num_statements": 8328, "percent_covered": 80.87175792507205, "percent_covered_display": "80.87", "missing_lines": 1593, "excluded_lines": 351}}