============================= test session starts ==============================
platform linux -- Python 3.13.3, pytest-8.4.2, pluggy-1.6.0 -- /home/frankbria/projects/codeframe/.venv/bin/python3
cachedir: .pytest_cache
rootdir: /home/frankbria/projects/codeframe
configfile: pytest.ini
plugins: cov-7.0.0, anyio-4.11.0, asyncio-1.2.0
asyncio: mode=Mode.AUTO, debug=False, asyncio_default_fixture_loop_scope=None, asyncio_default_test_loop_scope=function
collecting ... collected 1852 items

tests/agents/test_agent_factory.py::TestAgentFactory::test_factory_initialization PASSED [  0%]
tests/agents/test_agent_factory.py::TestAgentFactory::test_list_available_agents PASSED [  0%]
tests/agents/test_agent_factory.py::TestAgentFactory::test_create_backend_worker_agent PASSED [  0%]
tests/agents/test_agent_factory.py::TestAgentFactory::test_create_backend_architect_agent PASSED [  0%]
tests/agents/test_agent_factory.py::TestAgentFactory::test_create_frontend_specialist_agent PASSED [  0%]
tests/agents/test_agent_factory.py::TestAgentFactory::test_create_test_engineer_agent PASSED [  0%]
tests/agents/test_agent_factory.py::TestAgentFactory::test_create_code_reviewer_agent PASSED [  0%]
tests/agents/test_agent_factory.py::TestAgentFactory::test_get_agent_capabilities PASSED [  0%]
tests/agents/test_agent_factory.py::TestAgentFactory::test_get_agent_capabilities_unknown_type PASSED [  0%]
tests/agents/test_agent_factory.py::TestAgentFactory::test_create_agent_unknown_type PASSED [  0%]
tests/agents/test_agent_factory.py::TestAgentFactory::test_create_agent_with_custom_maturity PASSED [  0%]
tests/agents/test_agent_factory.py::TestAgentFactory::test_get_agent_definition PASSED [  0%]
tests/agents/test_agent_factory.py::TestAgentFactory::test_get_agents_by_type PASSED [  0%]
tests/agents/test_agent_factory.py::TestAgentFactory::test_backward_compatibility_with_existing_code PASSED [  0%]
tests/agents/test_agent_factory.py::TestAgentFactory::test_agent_has_system_prompt PASSED [  0%]
tests/agents/test_agent_factory.py::TestAgentFactory::test_agent_has_capabilities_attribute PASSED [  0%]
tests/agents/test_agent_factory.py::TestAgentFactory::test_agent_has_tools_attribute PASSED [  0%]
tests/agents/test_agent_factory.py::TestAgentFactory::test_agent_has_constraints_attribute PASSED [  0%]
tests/agents/test_agent_factory.py::TestAgentFactory::test_reload_definitions PASSED [  1%]
tests/agents/test_agent_factory.py::TestAgentFactory::test_worker_agent_maintains_backward_compatibility PASSED [  1%]
tests/agents/test_agent_factory.py::TestAgentFactory::test_worker_agent_with_system_prompt PASSED [  1%]
tests/agents/test_agent_lifecycle.py::TestStartAgentEndpoint::test_start_agent_endpoint_returns_202_accepted FAILED [  1%]
tests/agents/test_agent_lifecycle.py::TestStartAgentEndpoint::test_start_agent_endpoint_handles_nonexistent_project PASSED [  1%]
tests/agents/test_agent_lifecycle.py::TestStartAgentEndpoint::test_start_agent_endpoint_handles_already_running FAILED [  1%]
tests/agents/test_agent_lifecycle.py::TestStartAgentEndpoint::test_start_agent_endpoint_triggers_background_task PASSED [  1%]
tests/agents/test_agent_lifecycle.py::TestStartAgentFunction::test_start_agent_creates_lead_agent_instance PASSED [  1%]
tests/agents/test_agent_lifecycle.py::TestStartAgentFunction::test_start_agent_updates_project_status_to_running PASSED [  1%]
tests/agents/test_agent_lifecycle.py::TestStartAgentFunction::test_start_agent_saves_greeting_to_database PASSED [  1%]
tests/agents/test_agent_lifecycle.py::TestStartAgentFunction::test_start_agent_broadcasts_via_websocket PASSED [  1%]
tests/agents/test_agent_lifecycle.py::TestWebSocketMessageProtocol::test_broadcast_message_formats_status_update PASSED [  1%]
tests/agents/test_agent_lifecycle.py::TestWebSocketMessageProtocol::test_broadcast_message_formats_chat_message PASSED [  1%]
tests/agents/test_agent_lifecycle.py::TestWebSocketMessageProtocol::test_broadcast_message_formats_agent_started PASSED [  1%]
tests/agents/test_agent_lifecycle.py::TestAgentLifecycleIntegration::test_complete_start_workflow_end_to_end PASSED [  1%]
tests/agents/test_agent_lifecycle.py::TestRunningAgentsDictionary::test_running_agents_dictionary_stores_agent_reference PASSED [  1%]
tests/agents/test_agent_lifecycle.py::TestRunningAgentsDictionary::test_running_agents_dictionary_handles_multiple_projects PASSED [  1%]
tests/agents/test_agent_lifecycle.py::TestRunningAgentsDictionary::test_running_agents_dictionary_allows_agent_removal PASSED [  1%]
tests/agents/test_agent_lifecycle.py::TestAgentLifecycleErrorHandling::test_start_agent_handles_database_error_gracefully PASSED [  1%]
tests/agents/test_agent_lifecycle.py::TestAgentLifecycleErrorHandling::test_start_agent_handles_lead_agent_initialization_error PASSED [  2%]
tests/agents/test_agent_lifecycle.py::TestAgentLifecycleErrorHandling::test_start_agent_handles_websocket_broadcast_failure PASSED [  2%]
tests/agents/test_agent_pool_manager.py::TestAgentPoolManagerInitialization::test_initialization_with_defaults PASSED [  2%]
tests/agents/test_agent_pool_manager.py::TestAgentPoolManagerInitialization::test_initialization_with_custom_max PASSED [  2%]
tests/agents/test_agent_pool_manager.py::TestAgentCreation::test_create_backend_agent PASSED [  2%]
tests/agents/test_agent_pool_manager.py::TestAgentCreation::test_create_frontend_agent PASSED [  2%]
tests/agents/test_agent_pool_manager.py::TestAgentCreation::test_create_test_agent PASSED [  2%]
tests/agents/test_agent_pool_manager.py::TestAgentCreation::test_create_multiple_agents_increments_number PASSED [  2%]
tests/agents/test_agent_pool_manager.py::TestAgentCreation::test_create_agent_invalid_type PASSED [  2%]
tests/agents/test_agent_pool_manager.py::TestAgentPoolLimits::test_create_agent_at_max_limit_raises_error PASSED [  2%]
tests/agents/test_agent_pool_manager.py::TestAgentPoolLimits::test_create_agent_after_retirement_succeeds PASSED [  2%]
tests/agents/test_agent_pool_manager.py::TestAgentStatusManagement::test_mark_agent_busy PASSED [  2%]
tests/agents/test_agent_pool_manager.py::TestAgentStatusManagement::test_mark_agent_idle PASSED [  2%]
tests/agents/test_agent_pool_manager.py::TestAgentStatusManagement::test_mark_agent_blocked PASSED [  2%]
tests/agents/test_agent_pool_manager.py::TestAgentRetirement::test_retire_agent_removes_from_pool PASSED [  2%]
tests/agents/test_agent_pool_manager.py::TestAgentRetirement::test_retire_nonexistent_agent_raises_error PASSED [  2%]
tests/agents/test_agent_pool_manager.py::TestAgentRetirement::test_retire_all_agents PASSED [  2%]
tests/agents/test_agent_pool_manager.py::TestEdgeCases::test_mark_busy_nonexistent_agent PASSED [  2%]
tests/agents/test_agent_pool_manager.py::TestEdgeCases::test_mark_idle_nonexistent_agent PASSED [  3%]
tests/agents/test_agent_pool_manager.py::TestEdgeCases::test_double_retirement_raises_error PASSED [  3%]
tests/agents/test_agent_pool_manager.py::TestTasksCompletedTracking::test_increment_tasks_completed PASSED [  3%]
tests/agents/test_agent_pool_manager.py::TestTasksCompletedTracking::test_tasks_completed_resets_on_new_agent PASSED [  3%]
tests/agents/test_agent_pool_manager.py::TestSDKModeInitialization::test_initialization_with_use_sdk_false PASSED [  3%]
tests/agents/test_agent_pool_manager.py::TestSDKModeInitialization::test_initialization_with_use_sdk_true PASSED [  3%]
tests/agents/test_agent_pool_manager.py::TestSDKModeInitialization::test_initialization_with_model PASSED [  3%]
tests/agents/test_agent_pool_manager.py::TestSDKModeInitialization::test_initialization_with_cwd PASSED [  3%]
tests/agents/test_agent_pool_manager.py::TestHybridAgentCreation::test_create_hybrid_agent_when_use_sdk_true PASSED [  3%]
tests/agents/test_agent_pool_manager.py::TestHybridAgentCreation::test_create_traditional_agent_when_use_sdk_false PASSED [  3%]
tests/agents/test_agent_pool_manager.py::TestHybridAgentCreation::test_create_agent_with_use_sdk_override PASSED [  3%]
tests/agents/test_agent_pool_manager.py::TestAgentStatusWithSDKFields::test_get_agent_status_includes_hybrid_field PASSED [  3%]
tests/agents/test_agent_pool_manager.py::TestAgentStatusWithSDKFields::test_get_agent_status_includes_session_id PASSED [  3%]
tests/agents/test_backend_worker_agent.py::TestBackendWorkerAgentInitialization::test_init_with_required_parameters PASSED [  3%]
tests/agents/test_backend_worker_agent.py::TestBackendWorkerAgentInitialization::test_init_with_default_provider PASSED [  3%]
tests/agents/test_backend_worker_agent.py::TestBackendWorkerAgentInitialization::test_init_with_custom_provider PASSED [  3%]
tests/agents/test_backend_worker_agent.py::TestBackendWorkerAgentInitialization::test_init_with_api_key PASSED [  3%]
tests/agents/test_backend_worker_agent.py::TestBackendWorkerAgentTaskFetching::test_fetch_next_task_returns_pending_task PASSED [  3%]
tests/agents/test_backend_worker_agent.py::TestBackendWorkerAgentTaskFetching::test_fetch_next_task_returns_none_when_no_tasks PASSED [  3%]
tests/agents/test_backend_worker_agent.py::TestBackendWorkerAgentTaskFetching::test_fetch_next_task_respects_priority_ordering PASSED [  4%]
tests/agents/test_backend_worker_agent.py::TestBackendWorkerAgentTaskFetching::test_fetch_next_task_respects_workflow_step_ordering PASSED [  4%]
tests/agents/test_backend_worker_agent.py::TestBackendWorkerAgentTaskFetching::test_fetch_next_task_filters_by_project_id PASSED [  4%]
tests/agents/test_backend_worker_agent.py::TestBackendWorkerAgentTaskFetching::test_fetch_next_task_skips_non_pending_tasks PASSED [  4%]
tests/agents/test_backend_worker_agent.py::TestBackendWorkerAgentContextBuilding::test_build_context_with_related_symbols PASSED [  4%]
tests/agents/test_backend_worker_agent.py::TestBackendWorkerAgentContextBuilding::test_build_context_with_issue_data PASSED [  4%]
tests/agents/test_backend_worker_agent.py::TestBackendWorkerAgentContextBuilding::test_build_context_with_related_files PASSED [  4%]
tests/agents/test_backend_worker_agent.py::TestBackendWorkerAgentContextBuilding::test_build_context_handles_empty_codebase_index PASSED [  4%]
tests/agents/test_backend_worker_agent.py::TestBackendWorkerAgentContextBuilding::test_build_context_handles_missing_issue_id PASSED [  4%]
tests/agents/test_backend_worker_agent.py::TestBackendWorkerAgentCodeGeneration::test_generate_code_creates_single_file PASSED [  4%]
tests/agents/test_backend_worker_agent.py::TestBackendWorkerAgentCodeGeneration::test_generate_code_modifies_multiple_files PASSED [  4%]
tests/agents/test_backend_worker_agent.py::TestBackendWorkerAgentCodeGeneration::test_generate_code_handles_api_error PASSED [  4%]
tests/agents/test_backend_worker_agent.py::TestBackendWorkerAgentCodeGeneration::test_generate_code_handles_malformed_response PASSED [  4%]
tests/agents/test_backend_worker_agent.py::TestBackendWorkerAgentFileOperations::test_apply_file_changes_creates_new_file PASSED [  4%]
tests/agents/test_backend_worker_agent.py::TestBackendWorkerAgentFileOperations::test_apply_file_changes_modifies_existing_file PASSED [  4%]
tests/agents/test_backend_worker_agent.py::TestBackendWorkerAgentFileOperations::test_apply_file_changes_deletes_file PASSED [  4%]
tests/agents/test_backend_worker_agent.py::TestBackendWorkerAgentFileOperations::test_apply_file_changes_creates_parent_directories PASSED [  4%]
tests/agents/test_backend_worker_agent.py::TestBackendWorkerAgentFileOperations::test_apply_file_changes_handles_multiple_files PASSED [  4%]
tests/agents/test_backend_worker_agent.py::TestBackendWorkerAgentFileOperations::test_apply_file_changes_prevents_path_traversal PASSED [  5%]
tests/agents/test_backend_worker_agent.py::TestBackendWorkerAgentFileOperations::test_apply_file_changes_handles_absolute_paths PASSED [  5%]
tests/agents/test_backend_worker_agent.py::TestBackendWorkerAgentFileOperations::test_apply_file_changes_handles_file_not_found_for_modify PASSED [  5%]
tests/agents/test_backend_worker_agent.py::TestBackendWorkerAgentFileOperations::test_apply_file_changes_handles_file_not_found_for_delete PASSED [  5%]
tests/agents/test_backend_worker_agent.py::TestBackendWorkerAgentTaskStatus::test_update_task_status_to_in_progress PASSED [  5%]
tests/agents/test_backend_worker_agent.py::TestBackendWorkerAgentTaskStatus::test_update_task_status_to_completed PASSED [  5%]
tests/agents/test_backend_worker_agent.py::TestBackendWorkerAgentTaskStatus::test_update_task_status_to_failed PASSED [  5%]
tests/agents/test_backend_worker_agent.py::TestBackendWorkerAgentExecution::test_execute_task_success PASSED [  5%]
tests/agents/test_backend_worker_agent.py::TestBackendWorkerAgentExecution::test_execute_task_handles_api_failure PASSED [  5%]
tests/agents/test_backend_worker_agent.py::TestBackendWorkerAgentExecution::test_execute_task_handles_file_operation_failure PASSED [  5%]
tests/agents/test_backend_worker_agent.py::TestBackendWorkerAgentTestRunnerIntegration::test_execute_task_runs_tests_after_code_generation PASSED [  5%]
tests/agents/test_backend_worker_agent.py::TestBackendWorkerAgentTestRunnerIntegration::test_execute_task_handles_test_failures PASSED [  5%]
tests/agents/test_backend_worker_agent.py::TestBackendWorkerAgentTestRunnerIntegration::test_execute_task_handles_test_runner_errors PASSED [  5%]
tests/agents/test_backend_worker_auto_commit.py::test_backend_worker_commits_after_successful_task PASSED [  5%]
tests/agents/test_backend_worker_auto_commit.py::test_backend_worker_no_commit_on_failure PASSED [  5%]
tests/agents/test_backend_worker_auto_commit.py::test_backend_worker_graceful_commit_failure PASSED [  5%]
tests/agents/test_bash_operations_migration.py::TestBashOperationsMigration::test_test_worker_agent_uses_sdk_for_pytest PASSED [  5%]
tests/agents/test_bash_operations_migration.py::TestBashOperationsMigration::test_test_worker_agent_sdk_bash_tool_pattern PASSED [  5%]
tests/agents/test_bash_operations_migration.py::TestBashOperationsMigration::test_test_worker_agent_bash_tool_error_handling PASSED [  5%]
tests/agents/test_bash_operations_migration.py::TestBashOperationsMigration::test_backend_worker_agent_already_uses_sdk PASSED [  6%]
tests/agents/test_bash_operations_migration.py::TestBashOperationsMigration::test_backend_worker_agent_sdk_allowed_tools PASSED [  6%]
tests/agents/test_bash_operations_migration.py::TestBashOperationsMigration::test_backend_worker_agent_sdk_bash_usage PASSED [  6%]
tests/agents/test_bash_operations_migration.py::TestBashOperationsMigration::test_test_runner_still_uses_subprocess PASSED [  6%]
tests/agents/test_bash_operations_migration.py::TestBashOperationsMigration::test_test_runner_unchanged_import PASSED [  6%]
tests/agents/test_bash_operations_migration.py::TestBashOperationsMigration::test_git_status_via_sdk_bash_tool PASSED [  6%]
tests/agents/test_bash_operations_migration.py::TestBashOperationsMigration::test_git_add_via_sdk_bash_tool PASSED [  6%]
tests/agents/test_bash_operations_migration.py::TestBashOperationsMigration::test_git_commit_via_sdk_bash_tool PASSED [  6%]
tests/agents/test_bash_operations_migration.py::TestBashOperationsMigration::test_ruff_check_via_sdk_bash_tool PASSED [  6%]
tests/agents/test_bash_operations_migration.py::TestBashOperationsMigration::test_black_format_via_sdk_bash_tool PASSED [  6%]
tests/agents/test_bash_operations_migration.py::TestBashOperationsMigration::test_npm_install_via_sdk_bash_tool PASSED [  6%]
tests/agents/test_bash_operations_migration.py::TestBashOperationsMigration::test_bash_tool_error_code_handling PASSED [  6%]
tests/agents/test_bash_operations_migration.py::TestBashOperationsIntegration::test_full_workflow_with_sdk_bash PASSED [  6%]
tests/agents/test_bash_operations_migration.py::TestBashOperationsIntegration::test_sdk_client_wrapper_bash_tool_enabled PASSED [  6%]
tests/agents/test_file_operations_migration.py::test_backend_agent_sdk_initialization PASSED [  6%]
tests/agents/test_file_operations_migration.py::test_backend_agent_no_sdk_initialization PASSED [  6%]
tests/agents/test_file_operations_migration.py::test_generate_code_with_sdk PASSED [  6%]
tests/agents/test_file_operations_migration.py::test_generate_code_without_sdk PASSED [  6%]
tests/agents/test_file_operations_migration.py::test_apply_file_changes_with_sdk PASSED [  7%]
tests/agents/test_file_operations_migration.py::test_apply_file_changes_without_sdk PASSED [  7%]
tests/agents/test_file_operations_migration.py::test_apply_file_changes_modify_action_no_sdk PASSED [  7%]
tests/agents/test_file_operations_migration.py::test_apply_file_changes_delete_action_no_sdk PASSED [  7%]
tests/agents/test_file_operations_migration.py::test_apply_file_changes_rejects_absolute_path_sdk PASSED [  7%]
tests/agents/test_file_operations_migration.py::test_apply_file_changes_rejects_absolute_path_no_sdk PASSED [  7%]
tests/agents/test_file_operations_migration.py::test_apply_file_changes_rejects_path_traversal_sdk PASSED [  7%]
tests/agents/test_file_operations_migration.py::test_apply_file_changes_rejects_path_traversal_no_sdk PASSED [  7%]
tests/agents/test_file_operations_migration.py::test_apply_multiple_files_no_sdk PASSED [  7%]
tests/agents/test_file_operations_migration.py::test_apply_file_changes_modify_nonexistent_file_no_sdk PASSED [  7%]
tests/agents/test_file_operations_migration.py::test_apply_file_changes_delete_nonexistent_file_no_sdk PASSED [  7%]
tests/agents/test_file_operations_migration.py::test_build_system_prompt_includes_tool_instructions PASSED [  7%]
tests/agents/test_frontend_worker_agent.py::TestFrontendWorkerAgentInitialization::test_initialization_with_defaults PASSED [  7%]
tests/agents/test_frontend_worker_agent.py::TestFrontendWorkerAgentInitialization::test_initialization_with_custom_maturity PASSED [  7%]
tests/agents/test_frontend_worker_agent.py::TestFrontendWorkerAgentInitialization::test_initialization_with_api_key PASSED [  7%]
tests/agents/test_frontend_worker_agent.py::TestFrontendWorkerAgentInitialization::test_initialization_sets_project_paths PASSED [  7%]
tests/agents/test_frontend_worker_agent.py::TestComponentSpecParsing::test_parse_json_spec PASSED [  7%]
tests/agents/test_frontend_worker_agent.py::TestComponentSpecParsing::test_parse_plain_text_with_component_keyword PASSED [  7%]
tests/agents/test_frontend_worker_agent.py::TestComponentSpecParsing::test_parse_plain_text_with_create_pattern PASSED [  7%]
tests/agents/test_frontend_worker_agent.py::TestComponentSpecParsing::test_parse_minimal_spec PASSED [  8%]
tests/agents/test_frontend_worker_agent.py::TestComponentGeneration::test_generate_basic_component_template PASSED [  8%]
tests/agents/test_frontend_worker_agent.py::TestComponentGeneration::test_generate_component_with_api_success PASSED [  8%]
tests/agents/test_frontend_worker_agent.py::TestComponentGeneration::test_generate_component_api_fallback PASSED [  8%]
tests/agents/test_frontend_worker_agent.py::TestFileCreation::test_create_component_file PASSED [  8%]
tests/agents/test_frontend_worker_agent.py::TestFileCreation::test_create_component_with_types PASSED [  8%]
tests/agents/test_frontend_worker_agent.py::TestFileCreation::test_create_component_file_conflict PASSED [  8%]
tests/agents/test_frontend_worker_agent.py::TestImportExportUpdates::test_create_index_file_if_not_exists PASSED [  8%]
tests/agents/test_frontend_worker_agent.py::TestImportExportUpdates::test_append_to_existing_index_file PASSED [  8%]
tests/agents/test_frontend_worker_agent.py::TestImportExportUpdates::test_skip_duplicate_export PASSED [  8%]
tests/agents/test_frontend_worker_agent.py::TestTaskExecution::test_execute_task_success PASSED [  8%]
tests/agents/test_frontend_worker_agent.py::TestTaskExecution::test_execute_task_with_websocket_broadcasts PASSED [  8%]
tests/agents/test_frontend_worker_agent.py::TestTaskExecution::test_execute_task_json_spec PASSED [  8%]
tests/agents/test_frontend_worker_agent.py::TestTaskExecution::test_execute_task_error_handling PASSED [  8%]
tests/agents/test_frontend_worker_agent.py::TestWebSocketIntegration::test_broadcast_task_started PASSED [  8%]
tests/agents/test_frontend_worker_agent.py::TestWebSocketIntegration::test_broadcast_task_completed PASSED [  8%]
tests/agents/test_frontend_worker_agent.py::TestErrorHandling::test_handle_file_already_exists PASSED [  8%]
tests/agents/test_frontend_worker_agent.py::TestErrorHandling::test_handle_missing_api_key PASSED [  8%]
tests/agents/test_frontend_worker_agent.py::TestProjectConventions::test_generated_component_uses_tailwind PASSED [  9%]
tests/agents/test_frontend_worker_agent.py::TestProjectConventions::test_generated_component_is_functional PASSED [  9%]
tests/agents/test_frontend_worker_agent.py::TestProjectConventions::test_generated_component_has_typescript_types PASSED [  9%]
tests/agents/test_frontend_worker_auto_commit.py::test_frontend_worker_commits_after_successful_task PASSED [  9%]
tests/agents/test_frontend_worker_auto_commit.py::test_frontend_worker_no_commit_on_component_conflict PASSED [  9%]
tests/agents/test_hybrid_worker.py::TestHybridWorkerInitialization::test_init_with_required_params PASSED [  9%]
tests/agents/test_hybrid_worker.py::TestHybridWorkerInitialization::test_init_with_all_params PASSED [  9%]
tests/agents/test_hybrid_worker.py::TestHybridWorkerInitialization::test_inherits_from_worker_agent PASSED [  9%]
tests/agents/test_hybrid_worker.py::TestTaskExecution::test_execute_task_success PASSED [  9%]
tests/agents/test_hybrid_worker.py::TestTaskExecution::test_execute_task_sets_current_task PASSED [  9%]
tests/agents/test_hybrid_worker.py::TestTaskExecution::test_execute_task_loads_context PASSED [  9%]
tests/agents/test_hybrid_worker.py::TestTaskExecution::test_execute_task_saves_result_to_context PASSED [  9%]
tests/agents/test_hybrid_worker.py::TestTaskExecution::test_execute_task_extracts_changed_files PASSED [  9%]
tests/agents/test_hybrid_worker.py::TestTaskExecution::test_execute_task_handles_sdk_error PASSED [  9%]
tests/agents/test_hybrid_worker.py::TestContextManagement::test_load_context_hot_tier PASSED [  9%]
tests/agents/test_hybrid_worker.py::TestContextManagement::test_save_context_item PASSED [  9%]
tests/agents/test_hybrid_worker.py::TestContextManagement::test_flash_save_checks_threshold PASSED [  9%]
tests/agents/test_hybrid_worker.py::TestTokenTracking::test_records_token_usage PASSED [  9%]
tests/agents/test_hybrid_worker.py::TestTokenTracking::test_token_tracking_failure_doesnt_break_execution PASSED [  9%]
tests/agents/test_hybrid_worker.py::TestPromptBuilding::test_build_prompt_includes_task_info PASSED [ 10%]
tests/agents/test_hybrid_worker.py::TestPromptBuilding::test_build_prompt_includes_context PASSED [ 10%]
tests/agents/test_hybrid_worker.py::TestPromptBuilding::test_build_prompt_truncates_long_context PASSED [ 10%]
tests/agents/test_hybrid_worker.py::TestPromptBuilding::test_build_prompt_includes_dependencies PASSED [ 10%]
tests/agents/test_hybrid_worker.py::TestFileExtraction::test_extract_created_file PASSED [ 10%]
tests/agents/test_hybrid_worker.py::TestFileExtraction::test_extract_modified_file PASSED [ 10%]
tests/agents/test_hybrid_worker.py::TestFileExtraction::test_extract_multiple_files PASSED [ 10%]
tests/agents/test_hybrid_worker.py::TestFileExtraction::test_empty_content_returns_empty_list PASSED [ 10%]
tests/agents/test_hybrid_worker.py::TestSessionManagement::test_get_session_info PASSED [ 10%]
tests/agents/test_hybrid_worker.py::TestSessionManagement::test_session_id_in_execution_result PASSED [ 10%]
tests/agents/test_hybrid_worker.py::TestSessionManagement::test_session_id_returned_in_result PASSED [ 10%]
tests/agents/test_hybrid_worker.py::TestStreamingExecution::test_streaming_yields_chunks PASSED [ 10%]
tests/agents/test_hybrid_worker.py::TestStreamingExecution::test_streaming_returns_final_result PASSED [ 10%]
tests/agents/test_hybrid_worker.py::TestResultSummary::test_summarize_short_content PASSED [ 10%]
tests/agents/test_hybrid_worker.py::TestResultSummary::test_summarize_long_content PASSED [ 10%]
tests/agents/test_hybrid_worker.py::TestResultSummary::test_summarize_empty_content PASSED [ 10%]
tests/agents/test_hybrid_worker.py::TestResultSummary::test_summarize_takes_first_paragraph PASSED [ 10%]
tests/agents/test_hybrid_worker.py::TestIntegration::test_full_execution_flow PASSED [ 10%]
tests/agents/test_hybrid_worker.py::TestIntegration::test_quality_gates_inherited PASSED [ 11%]
tests/agents/test_lead_agent.py::TestLeadAgentInitialization::test_lead_agent_initialization_with_database PASSED [ 11%]
tests/agents/test_lead_agent.py::TestLeadAgentInitialization::test_lead_agent_initialization_without_api_key_raises_error PASSED [ 11%]
tests/agents/test_lead_agent.py::TestLeadAgentInitialization::test_lead_agent_loads_existing_conversation PASSED [ 11%]
tests/agents/test_lead_agent.py::TestLeadAgentChat::test_chat_sends_message_to_provider PASSED [ 11%]
tests/agents/test_lead_agent.py::TestLeadAgentChat::test_chat_saves_user_message_to_database PASSED [ 11%]
tests/agents/test_lead_agent.py::TestLeadAgentChat::test_chat_saves_assistant_response_to_database PASSED [ 11%]
tests/agents/test_lead_agent.py::TestLeadAgentChat::test_chat_maintains_conversation_history PASSED [ 11%]
tests/agents/test_lead_agent.py::TestLeadAgentChat::test_chat_handles_provider_error PASSED [ 11%]
tests/agents/test_lead_agent.py::TestLeadAgentChat::test_chat_with_empty_message_raises_error PASSED [ 11%]
tests/agents/test_lead_agent.py::TestLeadAgentConversationPersistence::test_conversation_persists_across_agent_instances PASSED [ 11%]
tests/agents/test_lead_agent.py::TestLeadAgentConversationPersistence::test_conversation_handles_long_history PASSED [ 11%]
tests/agents/test_lead_agent.py::TestLeadAgentTokenUsageTracking::test_chat_logs_token_usage PASSED [ 11%]
tests/agents/test_lead_agent.py::TestLeadAgentTokenUsageTracking::test_chat_tracks_total_tokens PASSED [ 11%]
tests/agents/test_lead_agent.py::TestLeadAgentErrorHandling::test_chat_handles_database_error PASSED [ 11%]
tests/agents/test_lead_agent.py::TestLeadAgentErrorHandling::test_chat_logs_errors_with_context PASSED [ 11%]
tests/agents/test_lead_agent.py::TestLeadAgentIntegration::test_complete_conversation_workflow PASSED [ 11%]
tests/agents/test_lead_agent.py::TestLeadAgentIntegration::test_agent_restart_maintains_context PASSED [ 11%]
tests/agents/test_lead_agent_blocker_handling.py::TestLeadAgentSyncBlockerHandling::test_sync_blocker_pauses_dependent_tasks PASSED [ 11%]
tests/agents/test_lead_agent_blocker_handling.py::TestLeadAgentSyncBlockerHandling::test_sync_blocker_blocks_all_dependent_tasks PASSED [ 12%]
tests/agents/test_lead_agent_blocker_handling.py::TestLeadAgentSyncBlockerHandling::test_sync_blocker_does_not_block_independent_tasks PASSED [ 12%]
tests/agents/test_lead_agent_blocker_handling.py::TestLeadAgentAsyncBlockerHandling::test_async_blocker_allows_dependent_tasks_to_continue PASSED [ 12%]
tests/agents/test_lead_agent_blocker_handling.py::TestLeadAgentAsyncBlockerHandling::test_async_blocker_allows_all_work_to_continue PASSED [ 12%]
tests/agents/test_lead_agent_blocker_handling.py::TestLeadAgentBlockerHandlingIntegration::test_multi_agent_execution_pauses_for_sync_blocker PASSED [ 12%]
tests/agents/test_lead_agent_debug.py::test_lead_agent_creation PASSED   [ 12%]
tests/agents/test_lead_agent_git_integration.py::TestLeadAgentStartIssueWork::test_start_issue_work_creates_feature_branch PASSED [ 12%]
tests/agents/test_lead_agent_git_integration.py::TestLeadAgentStartIssueWork::test_start_issue_work_with_nonexistent_issue PASSED [ 12%]
tests/agents/test_lead_agent_git_integration.py::TestLeadAgentStartIssueWork::test_start_issue_work_with_existing_active_branch PASSED [ 12%]
tests/agents/test_lead_agent_git_integration.py::TestLeadAgentStartIssueWork::test_start_issue_work_returns_correct_structure PASSED [ 12%]
tests/agents/test_lead_agent_git_integration.py::TestLeadAgentStartIssueWork::test_start_issue_work_git_branch_created_in_repo PASSED [ 12%]
tests/agents/test_lead_agent_git_integration.py::TestLeadAgentCompleteIssue::test_complete_issue_merges_when_all_tasks_done PASSED [ 12%]
tests/agents/test_lead_agent_git_integration.py::TestLeadAgentCompleteIssue::test_complete_issue_fails_when_tasks_incomplete PASSED [ 12%]
tests/agents/test_lead_agent_git_integration.py::TestLeadAgentCompleteIssue::test_complete_issue_fails_without_active_branch PASSED [ 12%]
tests/agents/test_lead_agent_git_integration.py::TestLeadAgentCompleteIssue::test_complete_issue_updates_database PASSED [ 12%]
tests/agents/test_lead_agent_git_integration.py::TestLeadAgentCompleteIssue::test_complete_issue_nonexistent_issue PASSED [ 12%]
tests/agents/test_lead_agent_git_integration.py::TestLeadAgentCompleteIssue::test_complete_issue_with_multiple_completed_tasks PASSED [ 12%]
tests/agents/test_lead_agent_git_integration.py::TestLeadAgentGitWorkflowIntegration::test_full_workflow_start_to_merge PASSED [ 12%]
tests/agents/test_lead_agent_git_integration.py::TestLeadAgentGitWorkflowIntegration::test_workflow_with_no_tasks_fails PASSED [ 13%]
tests/agents/test_lead_agent_git_integration.py::TestLeadAgentGitWorkflowIntegration::test_multiple_issues_separate_branches PASSED [ 13%]
tests/agents/test_lead_agent_session.py::TestSessionManager::test_save_session_creates_file PASSED [ 13%]
tests/agents/test_lead_agent_session.py::TestSessionManager::test_load_session_returns_dict PASSED [ 13%]
tests/agents/test_lead_agent_session.py::TestSessionManager::test_load_session_returns_none_missing_file PASSED [ 13%]
tests/agents/test_lead_agent_session.py::TestSessionManager::test_load_session_handles_corrupted_json PASSED [ 13%]
tests/agents/test_lead_agent_session.py::TestSessionManager::test_clear_session_removes_file PASSED [ 13%]
tests/agents/test_lead_agent_session.py::TestSessionManager::test_clear_session_no_error_when_file_missing PASSED [ 13%]
tests/agents/test_lead_agent_session.py::TestLeadAgentSessionHelpers::test_get_session_summary PASSED [ 13%]
tests/agents/test_lead_agent_session.py::TestLeadAgentSessionHelpers::test_get_session_summary_no_tasks PASSED [ 13%]
tests/agents/test_lead_agent_session.py::TestLeadAgentSessionHelpers::test_get_completed_task_ids PASSED [ 13%]
tests/agents/test_lead_agent_session.py::TestLeadAgentSessionHelpers::test_format_time_ago_minutes PASSED [ 13%]
tests/agents/test_lead_agent_session.py::TestLeadAgentSessionHelpers::test_format_time_ago_hours PASSED [ 13%]
tests/agents/test_lead_agent_session.py::TestLeadAgentSessionHelpers::test_format_time_ago_days PASSED [ 13%]
tests/agents/test_lead_agent_session.py::TestLeadAgentSessionHelpers::test_format_time_ago_invalid PASSED [ 13%]
tests/agents/test_lead_agent_session.py::TestLeadAgentSessionHelpers::test_get_pending_actions PASSED [ 13%]
tests/agents/test_lead_agent_session.py::TestLeadAgentSessionHelpers::test_get_blocker_summaries PASSED [ 13%]
tests/agents/test_lead_agent_session.py::TestLeadAgentSessionHelpers::test_get_progress_percentage PASSED [ 13%]
tests/agents/test_lead_agent_session.py::TestLeadAgentSessionHelpers::test_get_progress_percentage_zero_tasks PASSED [ 13%]
tests/agents/test_lead_agent_session.py::TestLeadAgentSessionLifecycle::test_on_session_start_no_state PASSED [ 14%]
tests/agents/test_lead_agent_session.py::TestLeadAgentSessionLifecycle::test_on_session_end_saves_state PASSED [ 14%]
tests/agents/test_lead_agent_session.py::TestLeadAgentSessionLifecycle::test_session_lifecycle_integration PASSED [ 14%]
tests/agents/test_lead_agent_session.py::TestLeadAgentSDKCoordination::test_init_with_use_sdk_parameter PASSED [ 14%]
tests/agents/test_lead_agent_session.py::TestLeadAgentSDKCoordination::test_init_with_project_root_parameter PASSED [ 14%]
tests/agents/test_lead_agent_session.py::TestLeadAgentSDKCoordination::test_sdk_sessions_initialized_empty PASSED [ 14%]
tests/agents/test_lead_agent_session.py::TestLeadAgentSDKCoordination::test_get_sdk_sessions_returns_empty_dict PASSED [ 14%]
tests/agents/test_lead_agent_session.py::TestLeadAgentSDKCoordination::test_get_sdk_sessions_with_hybrid_agents PASSED [ 14%]
tests/agents/test_lead_agent_session.py::TestLeadAgentSDKCoordination::test_get_sdk_sessions_excludes_non_hybrid_agents PASSED [ 14%]
tests/agents/test_lead_agent_session.py::TestLeadAgentSDKCoordination::test_get_sdk_sessions_excludes_agents_without_session_id PASSED [ 14%]
tests/agents/test_lead_agent_session.py::TestLeadAgentSDKCoordination::test_get_sdk_sessions_handles_error PASSED [ 14%]
tests/agents/test_lead_agent_session.py::TestLeadAgentSDKCoordination::test_on_session_end_includes_sdk_sessions PASSED [ 14%]
tests/agents/test_lead_agent_session.py::TestLeadAgentSDKCoordination::test_agent_pool_manager_created_with_use_sdk PASSED [ 14%]
tests/agents/test_multi_agent_integration.py::TestMinimalIntegration::test_single_task_execution_minimal PASSED [ 14%]
tests/agents/test_multi_agent_integration.py::TestThreeAgentParallelExecution::test_parallel_execution_three_agents PASSED [ 14%]
tests/agents/test_multi_agent_integration.py::TestDependencyBlocking::test_task_waits_for_dependency PASSED [ 14%]
tests/agents/test_multi_agent_integration.py::TestDependencyUnblocking::test_task_starts_when_unblocked PASSED [ 14%]
tests/agents/test_multi_agent_integration.py::TestComplexDependencyGraph::test_complex_dependency_graph_ten_tasks PASSED [ 14%]
tests/agents/test_multi_agent_integration.py::TestAgentReuse::test_agent_reuse_same_type_tasks PASSED [ 15%]
tests/agents/test_multi_agent_integration.py::TestErrorRecovery::test_task_retry_after_failure PASSED [ 15%]
tests/agents/test_multi_agent_integration.py::TestErrorRecovery::test_task_fails_after_max_retries PASSED [ 15%]
tests/agents/test_multi_agent_integration.py::TestCompletionDetection::test_completion_detection_all_tasks_done PASSED [ 15%]
tests/agents/test_multi_agent_integration.py::TestConcurrentDatabaseAccess::test_concurrent_task_updates_no_race_conditions PASSED [ 15%]
tests/agents/test_multi_agent_integration.py::TestWebSocketBroadcasts::test_websocket_broadcasts_all_events PASSED [ 15%]
tests/agents/test_multi_agent_integration.py::TestDeadlockPrevention::test_circular_dependency_detection PASSED [ 15%]
tests/agents/test_review_agent.py::test_detect_sql_injection PASSED      [ 15%]
tests/agents/test_review_agent.py::test_detect_performance_issue PASSED  [ 15%]
tests/agents/test_review_agent.py::test_store_review_findings PASSED     [ 15%]
tests/agents/test_review_agent.py::test_block_on_critical_finding PASSED [ 15%]
tests/agents/test_review_agent.py::test_pass_on_low_severity PASSED      [ 15%]
tests/agents/test_review_agent.py::test_full_review_workflow PASSED      [ 15%]
tests/agents/test_review_worker_agent.py::TestReviewWorkerAgent::test_execute_task_basic PASSED [ 15%]
tests/agents/test_review_worker_agent.py::TestReviewWorkerAgent::test_execute_task_runs_complexity_check PASSED [ 15%]
tests/agents/test_review_worker_agent.py::TestReviewWorkerAgent::test_execute_task_runs_security_check PASSED [ 15%]
tests/agents/test_review_worker_agent.py::TestReviewWorkerAgent::test_execute_task_runs_style_check PASSED [ 15%]
tests/agents/test_review_worker_agent.py::TestReviewWorkerAgent::test_scoring_algorithm_weights PASSED [ 15%]
tests/agents/test_review_worker_agent.py::TestReviewWorkerAgent::test_scoring_range PASSED [ 15%]
tests/agents/test_review_worker_agent.py::TestReviewWorkerAgent::test_scoring_favors_security PASSED [ 16%]
tests/agents/test_review_worker_agent.py::TestReviewWorkerAgent::test_decision_approve_high_score PASSED [ 16%]
tests/agents/test_review_worker_agent.py::TestReviewWorkerAgent::test_decision_approve_good_score PASSED [ 16%]
tests/agents/test_review_worker_agent.py::TestReviewWorkerAgent::test_decision_request_changes_medium_score PASSED [ 16%]
tests/agents/test_review_worker_agent.py::TestReviewWorkerAgent::test_decision_reject_low_score PASSED [ 16%]
tests/agents/test_review_worker_agent.py::TestReviewWorkerAgent::test_creates_blocker_on_changes_requested PASSED [ 16%]
tests/agents/test_review_worker_agent.py::TestReviewWorkerAgent::test_creates_blocker_on_reject PASSED [ 16%]
tests/agents/test_review_worker_agent.py::TestReviewWorkerAgent::test_no_blocker_on_approve PASSED [ 16%]
tests/agents/test_review_worker_agent.py::TestReviewWorkerAgent::test_report_format_json PASSED [ 16%]
tests/agents/test_review_worker_agent.py::TestReviewWorkerAgent::test_report_format_markdown PASSED [ 16%]
tests/agents/test_review_worker_agent.py::TestReviewWorkerAgent::test_report_includes_findings PASSED [ 16%]
tests/agents/test_review_worker_agent.py::TestReviewWorkerAgent::test_report_includes_summary PASSED [ 16%]
tests/agents/test_review_worker_agent.py::TestReviewWorkerAgent::test_report_scores_all_present PASSED [ 16%]
tests/agents/test_review_worker_agent.py::TestReviewWorkerAgent::test_empty_files_list PASSED [ 16%]
tests/agents/test_review_worker_agent.py::TestReviewWorkerAgent::test_nonexistent_files PASSED [ 16%]
tests/agents/test_review_worker_agent.py::TestReviewWorkerAgent::test_iteration_tracking PASSED [ 16%]
tests/agents/test_subagent_generator.py::TestDefinitionLoading::test_loads_yaml_files_on_init PASSED [ 16%]
tests/agents/test_subagent_generator.py::TestDefinitionLoading::test_loads_raw_definitions PASSED [ 16%]
tests/agents/test_subagent_generator.py::TestDefinitionLoading::test_handles_missing_definitions_dir PASSED [ 17%]
tests/agents/test_subagent_generator.py::TestDefinitionLoading::test_reload_definitions PASSED [ 17%]
tests/agents/test_subagent_generator.py::TestDefinitionLoading::test_invalid_agent_name_raises_keyerror PASSED [ 17%]
tests/agents/test_subagent_generator.py::TestMarkdownGeneration::test_generate_single_agent PASSED [ 17%]
tests/agents/test_subagent_generator.py::TestMarkdownGeneration::test_generate_all_agents PASSED [ 17%]
tests/agents/test_subagent_generator.py::TestMarkdownGeneration::test_output_directory_created PASSED [ 17%]
tests/agents/test_subagent_generator.py::TestMarkdownGeneration::test_filename_sanitization PASSED [ 17%]
tests/agents/test_subagent_generator.py::TestMarkdownGeneration::test_invalid_maturity_raises_error PASSED [ 17%]
tests/agents/test_subagent_generator.py::TestMarkdownGeneration::test_unknown_agent_raises_error PASSED [ 17%]
tests/agents/test_subagent_generator.py::TestMarkdownContent::test_frontmatter_format PASSED [ 17%]
tests/agents/test_subagent_generator.py::TestMarkdownContent::test_system_prompt_included PASSED [ 17%]
tests/agents/test_subagent_generator.py::TestMarkdownContent::test_maturity_section_included PASSED [ 17%]
tests/agents/test_subagent_generator.py::TestMarkdownContent::test_maturity_capabilities_included PASSED [ 17%]
tests/agents/test_subagent_generator.py::TestMarkdownContent::test_different_maturity_levels PASSED [ 17%]
tests/agents/test_subagent_generator.py::TestMarkdownContent::test_error_recovery_section PASSED [ 17%]
tests/agents/test_subagent_generator.py::TestMarkdownContent::test_integration_points_section PASSED [ 17%]
tests/agents/test_subagent_generator.py::TestToolMapping::test_file_operations_maps_to_read_write PASSED [ 17%]
tests/agents/test_subagent_generator.py::TestToolMapping::test_codebase_index_maps_to_glob_grep PASSED [ 17%]
tests/agents/test_subagent_generator.py::TestToolMapping::test_test_runner_maps_to_bash PASSED [ 17%]
tests/agents/test_subagent_generator.py::TestToolMapping::test_git_operations_maps_to_bash PASSED [ 18%]
tests/agents/test_subagent_generator.py::TestToolMapping::test_anthropic_api_maps_to_empty PASSED [ 18%]
tests/agents/test_subagent_generator.py::TestToolMapping::test_multiple_tools_combined PASSED [ 18%]
tests/agents/test_subagent_generator.py::TestToolMapping::test_tools_sorted_alphabetically PASSED [ 18%]
tests/agents/test_subagent_generator.py::TestToolMapping::test_unknown_tool_logged_as_warning PASSED [ 18%]
tests/agents/test_subagent_generator.py::TestToolMapping::test_generated_markdown_has_correct_tools PASSED [ 18%]
tests/agents/test_subagent_generator.py::TestMaturityConfig::test_get_maturity_config_d1 PASSED [ 18%]
tests/agents/test_subagent_generator.py::TestMaturityConfig::test_get_maturity_config_d4 PASSED [ 18%]
tests/agents/test_subagent_generator.py::TestMaturityConfig::test_missing_maturity_returns_none PASSED [ 18%]
tests/agents/test_subagent_generator.py::TestMaturityConfig::test_fallback_to_general_capabilities PASSED [ 18%]
tests/agents/test_subagent_generator.py::TestEdgeCases::test_empty_capabilities_list PASSED [ 18%]
tests/agents/test_subagent_generator.py::TestEdgeCases::test_empty_tools_list PASSED [ 18%]
tests/agents/test_subagent_generator.py::TestEdgeCases::test_multiline_description PASSED [ 18%]
tests/agents/test_subagent_generator.py::TestEdgeCases::test_special_characters_in_name PASSED [ 18%]
tests/agents/test_subagent_generator.py::TestIntegration::test_with_real_definitions_dir PASSED [ 18%]
tests/agents/test_subagent_generator.py::TestIntegration::test_roundtrip_consistency PASSED [ 18%]
tests/agents/test_test_worker_agent.py::TestTestWorkerAgentInitialization::test_initialization_with_defaults PASSED [ 18%]
tests/agents/test_test_worker_agent.py::TestTestWorkerAgentInitialization::test_initialization_with_custom_attempts PASSED [ 18%]
tests/agents/test_test_worker_agent.py::TestTestSpecParsing::test_parse_json_spec PASSED [ 19%]
tests/agents/test_test_worker_agent.py::TestTestSpecParsing::test_parse_plain_text_with_test_keyword PASSED [ 19%]
tests/agents/test_test_worker_agent.py::TestTestSpecParsing::test_parse_minimal_spec PASSED [ 19%]
tests/agents/test_test_worker_agent.py::TestCodeAnalysis::test_analyze_existing_file PASSED [ 19%]
tests/agents/test_test_worker_agent.py::TestCodeAnalysis::test_analyze_nonexistent_file PASSED [ 19%]
tests/agents/test_test_worker_agent.py::TestCodeAnalysis::test_analyze_none_file PASSED [ 19%]
tests/agents/test_test_worker_agent.py::TestTestGeneration::test_generate_basic_test_template PASSED [ 19%]
tests/agents/test_test_worker_agent.py::TestTestGeneration::test_generate_tests_with_api_success PASSED [ 19%]
tests/agents/test_test_worker_agent.py::TestFileCreation::test_create_test_file PASSED [ 19%]
tests/agents/test_test_worker_agent.py::TestFileCreation::test_create_test_file_adds_prefix PASSED [ 19%]
tests/agents/test_test_worker_agent.py::TestFileCreation::test_create_test_file_adds_extension PASSED [ 19%]
tests/agents/test_test_worker_agent.py::TestTestExecution::test_execute_passing_tests PASSED [ 19%]
tests/agents/test_test_worker_agent.py::TestTestExecution::test_execute_failing_tests PASSED [ 19%]
tests/agents/test_test_worker_agent.py::TestSelfCorrection::test_correct_failing_tests PASSED [ 19%]
tests/agents/test_test_worker_agent.py::TestTaskExecution::test_execute_task_basic PASSED [ 19%]
tests/agents/test_test_worker_agent.py::TestTaskExecution::test_execute_task_success PASSED [ 19%]
tests/agents/test_test_worker_agent.py::TestTaskExecution::test_execute_task_with_corrections PASSED [ 19%]
tests/agents/test_test_worker_agent.py::TestWebSocketIntegration::test_broadcast_test_result PASSED [ 19%]
tests/agents/test_test_worker_agent.py::TestErrorHandling::test_handle_analysis_error PASSED [ 19%]
tests/agents/test_test_worker_agent.py::TestErrorHandling::test_handle_execution_timeout PASSED [ 20%]
tests/agents/test_test_worker_agent.py::TestProjectConventions::test_generated_tests_use_pytest PASSED [ 20%]
tests/agents/test_test_worker_agent.py::TestProjectConventions::test_generated_tests_follow_naming PASSED [ 20%]
tests/agents/test_test_worker_auto_commit.py::test_test_worker_commits_after_successful_task PASSED [ 20%]
tests/agents/test_test_worker_auto_commit.py::test_test_worker_commits_even_after_test_correction PASSED [ 20%]
tests/api/test_api_discovery_progress.py::TestDiscoveryProgressEndpoint::test_get_discovery_progress_returns_404_for_nonexistent_project PASSED [ 20%]
tests/api/test_api_discovery_progress.py::TestDiscoveryProgressEndpoint::test_get_discovery_progress_returns_null_when_discovery_not_started PASSED [ 20%]
tests/api/test_api_discovery_progress.py::TestDiscoveryProgressEndpoint::test_get_discovery_progress_returns_progress_when_discovering PASSED [ 20%]
tests/api/test_api_discovery_progress.py::TestDiscoveryProgressEndpoint::test_get_discovery_progress_returns_100_percent_when_completed PASSED [ 20%]
tests/api/test_api_discovery_progress.py::TestDiscoveryProgressEndpoint::test_get_discovery_progress_matches_project_phase PASSED [ 20%]
tests/api/test_api_discovery_progress.py::TestDiscoveryProgressEndpoint::test_get_discovery_progress_excludes_answers_field PASSED [ 20%]
tests/api/test_api_issues.py::TestIssuesEndpointBasics::test_issues_endpoint_exists PASSED [ 20%]
tests/api/test_api_issues.py::TestIssuesEndpointBasics::test_issues_endpoint_returns_json PASSED [ 20%]
tests/api/test_api_issues.py::TestIssuesEndpointBasics::test_issues_endpoint_returns_200 PASSED [ 20%]
tests/api/test_api_issues.py::TestIssuesResponseStructure::test_issues_response_has_required_fields PASSED [ 20%]
tests/api/test_api_issues.py::TestIssuesResponseStructure::test_issues_response_contains_issues_array PASSED [ 20%]
tests/api/test_api_issues.py::TestIssuesResponseStructure::test_issues_response_total_counts PASSED [ 20%]
tests/api/test_api_issues.py::TestIssueStructure::test_issue_has_required_fields PASSED [ 20%]
tests/api/test_api_issues.py::TestIssueStructure::test_issue_id_is_string PASSED [ 21%]
tests/api/test_api_issues.py::TestIssueStructure::test_issue_depends_on_is_array PASSED [ 21%]
tests/api/test_api_issues.py::TestIssueStructure::test_issue_proposed_by_is_valid PASSED [ 21%]
tests/api/test_api_issues.py::TestIssueStructure::test_issue_timestamps_are_rfc3339 PASSED [ 21%]
tests/api/test_api_issues.py::TestIssuesWithTasks::test_issues_include_tasks_query_param PASSED [ 21%]
tests/api/test_api_issues.py::TestIssuesWithTasks::test_issue_tasks_is_array PASSED [ 21%]
tests/api/test_api_issues.py::TestIssuesWithTasks::test_issue_tasks_count PASSED [ 21%]
tests/api/test_api_issues.py::TestTaskStructure::test_task_has_required_fields PASSED [ 21%]
tests/api/test_api_issues.py::TestTaskStructure::test_task_id_is_string PASSED [ 21%]
tests/api/test_api_issues.py::TestTaskStructure::test_task_depends_on_is_array PASSED [ 21%]
tests/api/test_api_issues.py::TestIssuesEndpointEdgeCases::test_issues_without_tasks_query_param PASSED [ 21%]
tests/api/test_api_issues.py::TestIssuesEndpointEdgeCases::test_empty_issues_list PASSED [ 21%]
tests/api/test_api_issues.py::TestIssuesEndpointEdgeCases::test_nonexistent_project_returns_404 PASSED [ 21%]
tests/api/test_api_issues.py::TestIssuesEndpointEdgeCases::test_issues_endpoint_handles_invalid_project_id PASSED [ 21%]
tests/api/test_api_metrics.py::TestProjectTokenMetricsEndpoint::test_endpoint_exists PASSED [ 21%]
tests/api/test_api_metrics.py::TestProjectTokenMetricsEndpoint::test_returns_all_usage_records PASSED [ 21%]
tests/api/test_api_metrics.py::TestProjectTokenMetricsEndpoint::test_date_filtering PASSED [ 21%]
tests/api/test_api_metrics.py::TestProjectTokenMetricsEndpoint::test_invalid_date_format_returns_400 PASSED [ 21%]
tests/api/test_api_metrics.py::TestProjectTokenMetricsEndpoint::test_nonexistent_project_returns_404 PASSED [ 21%]
tests/api/test_api_metrics.py::TestProjectCostMetricsEndpoint::test_endpoint_exists PASSED [ 22%]
tests/api/test_api_metrics.py::TestProjectCostMetricsEndpoint::test_returns_cost_breakdown PASSED [ 22%]
tests/api/test_api_metrics.py::TestProjectCostMetricsEndpoint::test_nonexistent_project_returns_404 PASSED [ 22%]
tests/api/test_api_metrics.py::TestAgentMetricsEndpoint::test_endpoint_exists PASSED [ 22%]
tests/api/test_api_metrics.py::TestAgentMetricsEndpoint::test_returns_agent_metrics PASSED [ 22%]
tests/api/test_api_metrics.py::TestAgentMetricsEndpoint::test_project_filtering PASSED [ 22%]
tests/api/test_api_metrics.py::TestAgentMetricsEndpoint::test_nonexistent_agent_returns_empty PASSED [ 22%]
tests/api/test_api_metrics.py::TestAgentMetricsEndpoint::test_agent_with_no_data_for_project_returns_empty PASSED [ 22%]
tests/api/test_api_metrics.py::TestMetricsEndpointIntegration::test_all_endpoints_consistent PASSED [ 22%]
tests/api/test_api_prd.py::TestPRDEndpointBasics::test_prd_endpoint_exists PASSED [ 22%]
tests/api/test_api_prd.py::TestPRDEndpointBasics::test_prd_endpoint_returns_json PASSED [ 22%]
tests/api/test_api_prd.py::TestPRDEndpointBasics::test_prd_endpoint_returns_200_when_available PASSED [ 22%]
tests/api/test_api_prd.py::TestPRDResponseStructure::test_prd_response_has_required_fields PASSED [ 22%]
tests/api/test_api_prd.py::TestPRDResponseStructure::test_prd_response_project_id_is_string PASSED [ 22%]
tests/api/test_api_prd.py::TestPRDResponseStructure::test_prd_response_timestamps_are_rfc3339 PASSED [ 22%]
tests/api/test_api_prd.py::TestPRDResponseStructure::test_prd_response_status_is_available PASSED [ 22%]
tests/api/test_api_prd.py::TestPRDResponseStructure::test_prd_response_contains_correct_content PASSED [ 22%]
tests/api/test_api_prd.py::TestPRDEndpointNotFound::test_prd_not_found_returns_status_not_found PASSED [ 22%]
tests/api/test_api_prd.py::TestPRDEndpointNotFound::test_prd_not_found_returns_empty_content PASSED [ 23%]
tests/api/test_api_prd.py::TestPRDEndpointNotFound::test_nonexistent_project_returns_404 PASSED [ 23%]
tests/api/test_api_prd.py::TestPRDEndpointEdgeCases::test_prd_endpoint_handles_invalid_project_id PASSED [ 23%]
tests/api/test_api_prd.py::TestPRDEndpointEdgeCases::test_prd_endpoint_with_very_large_content PASSED [ 23%]
tests/api/test_api_prd.py::TestPRDEndpointEdgeCases::test_prd_updated_at_reflects_latest_change PASSED [ 23%]
tests/api/test_api_session.py::TestSessionEndpoint::test_get_session_success_with_existing_session PASSED [ 23%]
tests/api/test_api_session.py::TestSessionEndpoint::test_get_session_returns_empty_state_when_no_file PASSED [ 23%]
tests/api/test_api_session.py::TestSessionEndpoint::test_get_session_nonexistent_project PASSED [ 23%]
tests/api/test_api_session.py::TestSessionEndpoint::test_session_state_structure_validation PASSED [ 23%]
tests/api/test_api_session.py::TestSessionEndpoint::test_session_handles_corrupted_json PASSED [ 23%]
tests/api/test_api_session.py::TestSessionEndpoint::test_session_timestamp_format PASSED [ 23%]
tests/api/test_api_session.py::TestSessionEndpoint::test_session_next_actions_order_preserved PASSED [ 23%]
tests/api/test_api_session.py::TestSessionEndpoint::test_session_blocker_structure PASSED [ 23%]
tests/api/test_api_session.py::TestSessionEndpoint::test_session_progress_percentage_range PASSED [ 23%]
tests/api/test_api_session.py::TestSessionEndpoint::test_session_endpoint_response_time PASSED [ 23%]
tests/api/test_api_session.py::TestSessionEndpointEdgeCases::test_session_with_empty_next_actions PASSED [ 23%]
tests/api/test_api_session.py::TestSessionEndpointEdgeCases::test_session_with_zero_progress PASSED [ 23%]
tests/api/test_api_session.py::TestSessionEndpointEdgeCases::test_session_with_100_percent_progress PASSED [ 23%]
tests/api/test_blocker_resolution_api.py::TestBlockerResolveEndpointBasics::test_resolve_endpoint_exists PASSED [ 23%]
tests/api/test_blocker_resolution_api.py::TestBlockerResolveEndpointBasics::test_resolve_endpoint_returns_json PASSED [ 24%]
tests/api/test_blocker_resolution_api.py::TestBlockerResolveEndpointBasics::test_resolve_endpoint_returns_200_on_success PASSED [ 24%]
tests/api/test_blocker_resolution_api.py::TestBlockerResolveResponseStructure::test_resolve_response_has_required_fields PASSED [ 24%]
tests/api/test_blocker_resolution_api.py::TestBlockerResolveResponseStructure::test_resolve_response_blocker_id_is_int PASSED [ 24%]
tests/api/test_blocker_resolution_api.py::TestBlockerResolveResponseStructure::test_resolve_response_status_is_resolved PASSED [ 24%]
tests/api/test_blocker_resolution_api.py::TestBlockerResolveResponseStructure::test_resolve_response_timestamp_is_rfc3339 PASSED [ 24%]
tests/api/test_blocker_resolution_api.py::TestBlockerResolutionPersistence::test_blocker_status_updated_in_database PASSED [ 24%]
tests/api/test_blocker_resolution_api.py::TestBlockerResolutionPersistence::test_answer_stored_in_database PASSED [ 24%]
tests/api/test_blocker_resolution_api.py::TestBlockerResolutionPersistence::test_resolved_at_timestamp_stored PASSED [ 24%]
tests/api/test_blocker_resolution_api.py::TestBlockerResolutionValidation::test_resolve_requires_answer_field PASSED [ 24%]
tests/api/test_blocker_resolution_api.py::TestBlockerResolutionValidation::test_resolve_rejects_empty_answer PASSED [ 24%]
tests/api/test_blocker_resolution_api.py::TestBlockerResolutionValidation::test_resolve_rejects_whitespace_only_answer PASSED [ 24%]
tests/api/test_blocker_resolution_api.py::TestBlockerResolutionValidation::test_resolve_rejects_answer_exceeding_max_length PASSED [ 24%]
tests/api/test_blocker_resolution_api.py::TestBlockerResolutionValidation::test_resolve_accepts_answer_at_max_length PASSED [ 24%]
tests/api/test_blocker_resolution_api.py::TestBlockerResolutionConflicts::test_duplicate_resolution_returns_409 PASSED [ 24%]
tests/api/test_blocker_resolution_api.py::TestBlockerResolutionConflicts::test_duplicate_resolution_preserves_first_answer PASSED [ 24%]
tests/api/test_blocker_resolution_api.py::TestBlockerResolutionConflicts::test_conflict_response_includes_blocker_id PASSED [ 24%]
tests/api/test_blocker_resolution_api.py::TestBlockerResolutionConflicts::test_conflict_response_includes_error_message PASSED [ 24%]
tests/api/test_blocker_resolution_api.py::TestBlockerResolutionNotFound::test_nonexistent_blocker_returns_404 PASSED [ 25%]
tests/api/test_blocker_resolution_api.py::TestBlockerResolutionNotFound::test_404_response_includes_blocker_id PASSED [ 25%]
tests/api/test_blocker_resolution_api.py::TestBlockerResolutionNotFound::test_invalid_blocker_id_returns_422 PASSED [ 25%]
tests/api/test_chat_api.py::TestChatEndpoint::test_send_message_success FAILED [ 25%]
tests/api/test_chat_api.py::TestChatEndpoint::test_send_message_empty_validation PASSED [ 25%]
tests/api/test_chat_api.py::TestChatEndpoint::test_send_message_project_not_found PASSED [ 25%]
tests/api/test_chat_api.py::TestChatEndpoint::test_send_message_agent_not_started FAILED [ 25%]
tests/api/test_chat_api.py::TestChatEndpoint::test_send_message_agent_failure PASSED [ 25%]
tests/api/test_chat_api.py::TestChatHistoryEndpoint::test_get_history_success PASSED [ 25%]
tests/api/test_chat_api.py::TestChatHistoryEndpoint::test_get_history_pagination PASSED [ 25%]
tests/api/test_chat_api.py::TestChatHistoryEndpoint::test_get_history_project_not_found PASSED [ 25%]
tests/api/test_chat_api.py::TestChatHistoryEndpoint::test_get_history_empty PASSED [ 25%]
tests/api/test_chat_api.py::TestChatWebSocketIntegration::test_chat_broadcasts_message FAILED [ 25%]
tests/api/test_chat_api.py::TestChatWebSocketIntegration::test_chat_continues_when_broadcast_fails FAILED [ 25%]
tests/api/test_discovery_endpoints.py::TestDiscoveryAnswerEndpoint::test_post_discovery_answer_returns_200_with_valid_answer PASSED [ 25%]
tests/api/test_discovery_endpoints.py::TestDiscoveryAnswerEndpoint::test_post_with_empty_answer_returns_400 PASSED [ 25%]
tests/api/test_discovery_endpoints.py::TestDiscoveryAnswerEndpoint::test_post_with_answer_exceeding_5000_chars_returns_400 PASSED [ 25%]
tests/api/test_discovery_endpoints.py::TestDiscoveryAnswerEndpoint::test_post_with_invalid_project_id_returns_404 PASSED [ 25%]
tests/api/test_discovery_endpoints.py::TestDiscoveryAnswerEndpoint::test_post_when_not_in_discovery_phase_returns_400 PASSED [ 25%]
tests/api/test_discovery_endpoints.py::TestDiscoveryAnswerEndpoint::test_discovery_not_started_returns_400 PASSED [ 26%]
tests/api/test_discovery_endpoints.py::TestDiscoveryAnswerEndpoint::test_lead_agent_process_discovery_answer_called_correctly PASSED [ 26%]
tests/api/test_discovery_endpoints.py::TestDiscoveryAnswerEndpoint::test_response_includes_required_fields PASSED [ 26%]
tests/api/test_endpoints_database.py::TestProjectsEndpoint::test_list_projects_empty_database PASSED [ 26%]
tests/api/test_endpoints_database.py::TestProjectsEndpoint::test_list_projects_with_data PASSED [ 26%]
tests/api/test_endpoints_database.py::TestProjectsEndpoint::test_list_projects_returns_all_fields PASSED [ 26%]
tests/api/test_endpoints_database.py::TestProjectStatusEndpoint::test_get_project_status_success PASSED [ 26%]
tests/api/test_endpoints_database.py::TestProjectStatusEndpoint::test_get_project_status_not_found PASSED [ 26%]
tests/api/test_endpoints_database.py::TestProjectStatusEndpoint::test_get_project_status_returns_complete_data PASSED [ 26%]
tests/api/test_endpoints_database.py::TestAgentsEndpoint::test_get_agents_empty_list PASSED [ 26%]
tests/api/test_endpoints_database.py::TestAgentsEndpoint::test_get_agents_with_data PASSED [ 26%]
tests/api/test_endpoints_database.py::TestAgentsEndpoint::test_get_agents_returns_all_fields PASSED [ 26%]
tests/api/test_endpoints_database.py::TestEndpointDatabaseIntegration::test_complete_project_workflow_via_api PASSED [ 26%]
tests/api/test_endpoints_database.py::TestEndpointDatabaseIntegration::test_endpoints_survive_multiple_requests PASSED [ 26%]
tests/api/test_health_endpoint.py::test_health_endpoint_exists PASSED    [ 26%]
tests/api/test_health_endpoint.py::test_health_endpoint_returns_json PASSED [ 26%]
tests/api/test_health_endpoint.py::test_health_endpoint_structure PASSED [ 26%]
tests/api/test_multi_agent_api.py::TestMultiAgentAPI::test_get_project_agents_empty PASSED [ 26%]
tests/api/test_multi_agent_api.py::TestMultiAgentAPI::test_get_project_agents_nonexistent_project PASSED [ 26%]
tests/api/test_multi_agent_api.py::TestMultiAgentAPI::test_assign_agent_to_project_success PASSED [ 27%]
tests/api/test_multi_agent_api.py::TestMultiAgentAPI::test_assign_agent_nonexistent_project PASSED [ 27%]
tests/api/test_multi_agent_api.py::TestMultiAgentAPI::test_assign_nonexistent_agent PASSED [ 27%]
tests/api/test_multi_agent_api.py::TestMultiAgentAPI::test_assign_agent_already_assigned PASSED [ 27%]
tests/api/test_multi_agent_api.py::TestMultiAgentAPI::test_get_project_agents_with_assignments PASSED [ 27%]
tests/api/test_multi_agent_api.py::TestMultiAgentAPI::test_get_project_agents_active_only PASSED [ 27%]
tests/api/test_multi_agent_api.py::TestMultiAgentAPI::test_remove_agent_from_project_success PASSED [ 27%]
tests/api/test_multi_agent_api.py::TestMultiAgentAPI::test_remove_agent_not_assigned PASSED [ 27%]
tests/api/test_multi_agent_api.py::TestMultiAgentAPI::test_update_agent_role_success PASSED [ 27%]
tests/api/test_multi_agent_api.py::TestMultiAgentAPI::test_update_agent_role_not_assigned PASSED [ 27%]
tests/api/test_multi_agent_api.py::TestMultiAgentAPI::test_get_agent_projects_empty PASSED [ 27%]
tests/api/test_multi_agent_api.py::TestMultiAgentAPI::test_get_agent_projects_nonexistent_agent PASSED [ 27%]
tests/api/test_multi_agent_api.py::TestMultiAgentAPI::test_get_agent_projects_with_assignments PASSED [ 27%]
tests/api/test_multi_agent_api.py::TestMultiAgentAPI::test_get_agent_projects_active_only PASSED [ 27%]
tests/api/test_multi_agent_api.py::TestMultiAgentAPI::test_agent_reassignment_after_removal PASSED [ 27%]
tests/api/test_multi_agent_api.py::TestMultiAgentAPI::test_multiple_agents_different_roles PASSED [ 27%]
tests/api/test_multi_agent_api.py::TestMultiAgentAPI::test_agent_assignment_request_validation PASSED [ 27%]
tests/api/test_multi_agent_api.py::TestMultiAgentAPI::test_agent_role_update_request_validation PASSED [ 27%]
tests/api/test_project_creation_api.py::TestProjectCreationAPI::test_create_project_success PASSED [ 28%]
tests/api/test_project_creation_api.py::TestProjectCreationAPI::test_create_project_missing_name PASSED [ 28%]
tests/api/test_project_creation_api.py::TestProjectCreationAPI::test_create_project_empty_name PASSED [ 28%]
tests/api/test_project_creation_api.py::TestProjectCreationAPI::test_create_project_invalid_type PASSED [ 28%]
tests/api/test_project_creation_api.py::TestProjectCreationAPI::test_create_project_duplicate_name PASSED [ 28%]
tests/api/test_project_creation_api.py::TestProjectCreationAPI::test_create_project_returns_all_fields PASSED [ 28%]
tests/api/test_project_creation_api.py::TestProjectCreationAPI::test_create_project_default_type PASSED [ 28%]
tests/api/test_project_creation_api.py::TestProjectCreationIntegration::test_create_project_persists_to_database PASSED [ 28%]
tests/api/test_project_creation_api.py::TestProjectCreationIntegration::test_create_multiple_projects PASSED [ 28%]
tests/api/test_project_creation_api.py::TestProjectCreationIntegration::test_create_project_via_api_then_get_status PASSED [ 28%]
tests/api/test_project_creation_api.py::TestProjectCreationErrorHandling::test_create_project_database_locked_error PASSED [ 28%]
tests/api/test_project_creation_api.py::TestProjectCreationErrorHandling::test_create_project_disk_full_error PASSED [ 28%]
tests/api/test_project_creation_api.py::TestProjectCreationErrorHandling::test_create_project_integrity_error PASSED [ 28%]
tests/api/test_project_creation_api.py::TestProjectCreationErrorHandling::test_create_project_list_projects_database_error PASSED [ 28%]
tests/api/test_project_creation_api.py::TestProjectCreationErrorHandling::test_create_project_update_project_database_error PASSED [ 28%]
tests/api/test_project_creation_api.py::TestProjectCreationErrorHandling::test_create_project_get_project_database_error PASSED [ 28%]
tests/api/test_project_creation_api.py::TestProjectCreationErrorHandling::test_create_project_with_extra_fields PASSED [ 28%]
tests/api/test_project_reviews.py::TestProjectCodeReviewsEndpoint::test_get_project_code_reviews_success PASSED [ 28%]
tests/api/test_project_reviews.py::TestProjectCodeReviewsEndpoint::test_get_project_code_reviews_with_severity_filter PASSED [ 28%]
tests/api/test_project_reviews.py::TestProjectCodeReviewsEndpoint::test_get_project_code_reviews_multiple_severity_filters PASSED [ 29%]
tests/api/test_project_reviews.py::TestProjectCodeReviewsEndpoint::test_get_project_code_reviews_empty_project PASSED [ 29%]
tests/api/test_project_reviews.py::TestProjectCodeReviewsEndpoint::test_get_project_code_reviews_invalid_severity PASSED [ 29%]
tests/api/test_project_reviews.py::TestProjectCodeReviewsEndpoint::test_get_project_code_reviews_nonexistent_project PASSED [ 29%]
tests/api/test_project_reviews.py::TestProjectCodeReviewsEndpoint::test_get_project_code_reviews_findings_structure PASSED [ 29%]
tests/api/test_project_reviews.py::TestProjectCodeReviewsEndpoint::test_get_project_code_reviews_no_blocking_issues PASSED [ 29%]
tests/api/test_projects_api_progress.py::test_list_projects_includes_progress_metrics PASSED [ 29%]
tests/api/test_projects_api_progress.py::test_list_projects_progress_with_no_tasks PASSED [ 29%]
tests/api/test_projects_api_progress.py::test_list_projects_progress_with_all_completed PASSED [ 29%]
tests/api/test_projects_api_progress.py::test_list_projects_progress_multiple_projects PASSED [ 29%]
tests/api/test_workspace_cleanup.py::TestWorkspaceCleanupAPI::test_workspace_cleanup_after_git_clone_failure PASSED [ 29%]
tests/api/test_workspace_cleanup.py::TestWorkspaceCleanupAPI::test_workspace_cleanup_when_manager_cleanup_fails PASSED [ 29%]
tests/api/test_workspace_cleanup.py::TestWorkspaceCleanupAPI::test_no_cleanup_on_successful_creation PASSED [ 29%]
tests/blockers/test_blocker_answer_injection.py::TestBackendWorkerAgentAnswerInjection::test_create_blocker_and_wait_enriches_context_with_answer PASSED [ 29%]
tests/blockers/test_blocker_answer_injection.py::TestBackendWorkerAgentAnswerInjection::test_create_blocker_and_wait_extracts_task_id_from_context PASSED [ 29%]
tests/blockers/test_blocker_answer_injection.py::TestBackendWorkerAgentAnswerInjection::test_create_blocker_and_wait_uses_custom_timeouts PASSED [ 29%]
tests/blockers/test_blocker_answer_injection.py::TestFrontendWorkerAgentAnswerInjection::test_create_blocker_and_wait_enriches_context_with_answer PASSED [ 29%]
tests/blockers/test_blocker_answer_injection.py::TestTestWorkerAgentAnswerInjection::test_create_blocker_and_wait_enriches_context_with_answer PASSED [ 29%]
tests/blockers/test_blocker_expiration.py::TestExpireStaleBlockers::test_expire_stale_blockers_no_blockers PASSED [ 30%]
tests/blockers/test_blocker_expiration.py::TestExpireStaleBlockers::test_expire_stale_blockers_pending_within_threshold PASSED [ 30%]
tests/blockers/test_blocker_expiration.py::TestExpireStaleBlockers::test_expire_stale_blockers_pending_beyond_threshold PASSED [ 30%]
tests/blockers/test_blocker_expiration.py::TestExpireStaleBlockers::test_expire_stale_blockers_custom_threshold PASSED [ 30%]
tests/blockers/test_blocker_expiration.py::TestExpireStaleBlockers::test_expire_stale_blockers_ignores_resolved PASSED [ 30%]
tests/blockers/test_blocker_expiration.py::TestExpireStaleBlockers::test_expire_stale_blockers_ignores_already_expired PASSED [ 30%]
tests/blockers/test_blocker_expiration.py::TestExpireStaleBlockers::test_expire_stale_blockers_multiple_blockers PASSED [ 30%]
tests/blockers/test_blocker_expiration.py::TestExpireStaleBlockersJob::test_expire_stale_blockers_job_no_blockers PASSED [ 30%]
tests/blockers/test_blocker_expiration.py::TestExpireStaleBlockersJob::test_expire_stale_blockers_job_with_task_failure PASSED [ 30%]
tests/blockers/test_blocker_expiration.py::TestExpireStaleBlockersJob::test_expire_stale_blockers_job_with_websocket_broadcast PASSED [ 30%]
tests/blockers/test_blocker_expiration.py::TestExpireStaleBlockersJob::test_expire_stale_blockers_job_no_task_associated PASSED [ 30%]
tests/blockers/test_blocker_expiration.py::TestExpireStaleBlockersJob::test_expire_stale_blockers_job_task_already_failed PASSED [ 30%]
tests/blockers/test_blocker_expiration_cron.py::TestExpireStaleBlockersCronJob::test_cron_job_no_blockers PASSED [ 30%]
tests/blockers/test_blocker_expiration_cron.py::TestExpireStaleBlockersCronJob::test_cron_job_with_stale_blocker PASSED [ 30%]
tests/blockers/test_blocker_expiration_cron.py::TestExpireStaleBlockersCronJob::test_cron_job_fails_associated_task PASSED [ 30%]
tests/blockers/test_blocker_expiration_cron.py::TestExpireStaleBlockersCronJob::test_cron_job_with_websocket_broadcast PASSED [ 30%]
tests/blockers/test_blocker_expiration_cron.py::TestExpireStaleBlockersCronJob::test_cron_job_handles_blocker_without_task PASSED [ 30%]
tests/blockers/test_blocker_expiration_minimal.py::test_expire_stale_blockers_direct_sql PASSED [ 30%]
tests/blockers/test_blocker_expiration_simple.py::TestExpireStaleBlockers::test_expire_stale_blockers_no_blockers PASSED [ 30%]
tests/blockers/test_blocker_expiration_simple.py::TestExpireStaleBlockers::test_expire_stale_blockers_pending_within_threshold PASSED [ 31%]
tests/blockers/test_blocker_expiration_simple.py::TestExpireStaleBlockers::test_expire_stale_blockers_pending_beyond_threshold PASSED [ 31%]
tests/blockers/test_blocker_expiration_simple.py::TestExpireStaleBlockers::test_expire_stale_blockers_custom_threshold PASSED [ 31%]
tests/blockers/test_blocker_expiration_simple.py::TestExpireStaleBlockers::test_expire_stale_blockers_ignores_resolved PASSED [ 31%]
tests/blockers/test_blocker_expiration_simple.py::TestExpireStaleBlockers::test_expire_stale_blockers_ignores_already_expired PASSED [ 31%]
tests/blockers/test_blocker_expiration_simple.py::TestExpireStaleBlockers::test_expire_stale_blockers_multiple_blockers PASSED [ 31%]
tests/blockers/test_blocker_type_validation.py::TestBackendWorkerAgentBlockerTypeValidation::test_create_blocker_accepts_sync_type PASSED [ 31%]
tests/blockers/test_blocker_type_validation.py::TestBackendWorkerAgentBlockerTypeValidation::test_create_blocker_accepts_async_type PASSED [ 31%]
tests/blockers/test_blocker_type_validation.py::TestBackendWorkerAgentBlockerTypeValidation::test_create_blocker_defaults_to_async PASSED [ 31%]
tests/blockers/test_blocker_type_validation.py::TestBackendWorkerAgentBlockerTypeValidation::test_create_blocker_rejects_invalid_type PASSED [ 31%]
tests/blockers/test_blocker_type_validation.py::TestBackendWorkerAgentBlockerTypeValidation::test_create_blocker_rejects_lowercase_type PASSED [ 31%]
tests/blockers/test_blocker_type_validation.py::TestFrontendWorkerAgentBlockerTypeValidation::test_create_blocker_accepts_sync_type PASSED [ 31%]
tests/blockers/test_blocker_type_validation.py::TestFrontendWorkerAgentBlockerTypeValidation::test_create_blocker_rejects_invalid_type PASSED [ 31%]
tests/blockers/test_blocker_type_validation.py::TestTestWorkerAgentBlockerTypeValidation::test_create_blocker_accepts_sync_type PASSED [ 31%]
tests/blockers/test_blocker_type_validation.py::TestTestWorkerAgentBlockerTypeValidation::test_create_blocker_rejects_invalid_type PASSED [ 31%]
tests/blockers/test_blockers.py::TestCreateBlocker::test_create_blocker_sync PASSED [ 31%]
tests/blockers/test_blockers.py::TestCreateBlocker::test_create_blocker_async PASSED [ 31%]
tests/blockers/test_blockers.py::TestCreateBlocker::test_create_blocker_without_task PASSED [ 31%]
tests/blockers/test_blockers.py::TestCreateBlocker::test_create_blocker_with_long_question PASSED [ 32%]
tests/blockers/test_blockers.py::TestResolveBlocker::test_resolve_blocker_success PASSED [ 32%]
tests/blockers/test_blockers.py::TestResolveBlocker::test_resolve_blocker_not_found PASSED [ 32%]
tests/blockers/test_blockers.py::TestResolveBlocker::test_resolve_blocker_with_long_answer PASSED [ 32%]
tests/blockers/test_blockers.py::TestDuplicateResolution::test_resolve_blocker_twice PASSED [ 32%]
tests/blockers/test_blockers.py::TestDuplicateResolution::test_concurrent_resolution_race_condition PASSED [ 32%]
tests/blockers/test_blockers.py::TestGetPendingBlocker::test_get_pending_blocker_exists PASSED [ 32%]
tests/blockers/test_blockers.py::TestGetPendingBlocker::test_get_pending_blocker_none PASSED [ 32%]
tests/blockers/test_blockers.py::TestGetPendingBlocker::test_get_pending_blocker_after_resolution PASSED [ 32%]
tests/blockers/test_blockers.py::TestGetPendingBlocker::test_get_pending_blocker_oldest_first PASSED [ 32%]
tests/blockers/test_blockers.py::TestExpireStaleBlockers::test_expire_stale_blockers_none_stale PASSED [ 32%]
tests/blockers/test_blockers.py::TestExpireStaleBlockers::test_expire_stale_blockers_one_stale PASSED [ 32%]
tests/blockers/test_blockers.py::TestExpireStaleBlockers::test_expire_stale_blockers_multiple PASSED [ 32%]
tests/blockers/test_blockers.py::TestExpireStaleBlockers::test_expire_stale_blockers_skips_resolved PASSED [ 32%]
tests/blockers/test_blockers.py::TestBlockerListWithEnrichment::test_list_blockers_empty PASSED [ 32%]
tests/blockers/test_blockers.py::TestBlockerListWithEnrichment::test_list_blockers_with_data PASSED [ 32%]
tests/blockers/test_blockers.py::TestBlockerListWithEnrichment::test_list_blockers_filter_by_status PASSED [ 32%]
tests/blockers/test_wait_for_blocker_resolution.py::TestBackendWorkerAgentBlockerResolution::test_wait_for_blocker_resolution_returns_answer_when_resolved PASSED [ 32%]
tests/blockers/test_wait_for_blocker_resolution.py::TestBackendWorkerAgentBlockerResolution::test_wait_for_blocker_resolution_raises_timeout_when_not_resolved PASSED [ 32%]
tests/blockers/test_wait_for_blocker_resolution.py::TestBackendWorkerAgentBlockerResolution::test_wait_for_blocker_resolution_polls_at_specified_interval PASSED [ 33%]
tests/blockers/test_wait_for_blocker_resolution.py::TestBackendWorkerAgentBlockerResolution::test_wait_for_blocker_resolution_returns_immediately_if_already_resolved PASSED [ 33%]
tests/blockers/test_wait_for_blocker_resolution.py::TestBackendWorkerAgentBlockerResolution::test_wait_for_blocker_resolution_broadcasts_agent_resumed_event PASSED [ 33%]
tests/blockers/test_wait_for_blocker_resolution.py::TestFrontendWorkerAgentBlockerResolution::test_wait_for_blocker_resolution_returns_answer_when_resolved PASSED [ 33%]
tests/blockers/test_wait_for_blocker_resolution.py::TestTestWorkerAgentBlockerResolution::test_wait_for_blocker_resolution_returns_answer_when_resolved PASSED [ 33%]
tests/cli/test_cli_session.py::TestClearSessionCommand::test_clear_session_deletes_file PASSED [ 33%]
tests/cli/test_cli_session.py::TestClearSessionCommand::test_clear_session_succeeds_if_file_doesnt_exist PASSED [ 33%]
tests/cli/test_cli_session.py::TestClearSessionCommand::test_clear_session_uses_current_directory_if_no_arg PASSED [ 33%]
tests/cli/test_cli_session.py::TestClearSessionCommand::test_clear_session_handles_permission_error PASSED [ 33%]
tests/cli/test_cli_session.py::TestClearSessionCommand::test_clear_session_handles_invalid_project_path PASSED [ 33%]
tests/cli/test_cli_session.py::TestSessionCancellation::test_session_start_handles_keyboard_interrupt PASSED [ 33%]
tests/cli/test_cli_session.py::TestSessionCancellation::test_session_restoration_prompt_structure PASSED [ 33%]
tests/cli/test_cli_session.py::TestSessionCommandIntegration::test_clear_and_restart_workflow PASSED [ 33%]
tests/cli/test_cli_session.py::TestSessionCommandIntegration::test_multiple_clear_commands_idempotent PASSED [ 33%]
tests/cli/test_cli_session.py::TestSessionFilePermissions::test_clear_session_with_readonly_file PASSED [ 33%]
tests/cli/test_cli_session.py::TestSessionFilePermissions::test_clear_session_with_readonly_directory PASSED [ 33%]
tests/cli/test_serve_command.py::TestServeBasicFunctionality::test_serve_default_port PASSED [ 33%]
tests/cli/test_serve_command.py::TestServeBasicFunctionality::test_serve_keyboard_interrupt PASSED [ 33%]
tests/cli/test_serve_command.py::TestServeCustomPort::test_serve_custom_port PASSED [ 34%]
tests/cli/test_serve_command.py::TestServeCustomPort::test_serve_port_validation PASSED [ 34%]
tests/cli/test_serve_command.py::TestServeCustomPort::test_serve_port_in_use PASSED [ 34%]
tests/cli/test_serve_command.py::TestServeCustomPort::test_serve_subprocess_failure PASSED [ 34%]
tests/cli/test_serve_command.py::TestServeBrowserOpening::test_serve_browser_opens PASSED [ 34%]
tests/cli/test_serve_command.py::TestServeBrowserOpening::test_serve_no_browser PASSED [ 34%]
tests/cli/test_serve_command.py::TestServeReloadFlag::test_serve_reload_flag PASSED [ 34%]
tests/config/test_config.py::TestGlobalConfig::test_default_values PASSED [ 34%]
tests/config/test_config.py::TestGlobalConfig::test_cors_origins_parsing PASSED [ 34%]
tests/config/test_config.py::TestGlobalConfig::test_log_level_validation PASSED [ 34%]
tests/config/test_config.py::TestGlobalConfig::test_port_validation PASSED [ 34%]
tests/config/test_config.py::TestGlobalConfig::test_sprint_1_validation_success PASSED [ 34%]
tests/config/test_config.py::TestGlobalConfig::test_sprint_1_validation_failure PASSED [ 34%]
tests/config/test_config.py::TestGlobalConfig::test_ensure_directories PASSED [ 34%]
tests/config/test_config.py::TestConfig::test_load_environment PASSED    [ 34%]
tests/config/test_config.py::TestConfig::test_config_initialization PASSED [ 34%]
tests/config/test_config.py::TestConfig::test_validate_for_sprint PASSED [ 34%]
tests/config/test_config.py::TestConfig::test_validate_for_sprint_missing_key PASSED [ 34%]
tests/config/test_config.py::TestEnvironmentLoading::test_load_from_env_file PASSED [ 34%]
tests/config/test_config.py::TestEnvironmentLoading::test_env_override PASSED [ 35%]
tests/context/test_assign_tier_unit.py::TestAssignTierUnit::test_assign_tier_returns_string PASSED [ 35%]
tests/context/test_assign_tier_unit.py::TestAssignTierUnit::test_assign_tier_hot_threshold PASSED [ 35%]
tests/context/test_assign_tier_unit.py::TestAssignTierUnit::test_assign_tier_warm_threshold PASSED [ 35%]
tests/context/test_assign_tier_unit.py::TestAssignTierUnit::test_assign_tier_hot_range PASSED [ 35%]
tests/context/test_assign_tier_unit.py::TestAssignTierUnit::test_assign_tier_warm_range PASSED [ 35%]
tests/context/test_assign_tier_unit.py::TestAssignTierUnit::test_assign_tier_cold_range PASSED [ 35%]
tests/context/test_assign_tier_unit.py::TestAssignTierUnit::test_assign_tier_boundary_precision PASSED [ 35%]
tests/context/test_assign_tier_unit.py::TestAssignTierUnit::test_assign_tier_edge_cases PASSED [ 35%]
tests/context/test_assign_tier_unit.py::TestAssignTierUnit::test_assign_tier_defensive_bounds PASSED [ 35%]
tests/context/test_assign_tier_unit.py::TestAssignTierUnit::test_assign_tier_consistency PASSED [ 35%]
tests/context/test_assign_tier_unit.py::TestAssignTierUnit::test_assign_tier_monotonic_ordering PASSED [ 35%]
tests/context/test_assign_tier_unit.py::TestAssignTierWithCalculatedScores::test_new_task_gets_hot_tier PASSED [ 35%]
tests/context/test_assign_tier_unit.py::TestAssignTierWithCalculatedScores::test_aged_task_gets_warm_tier PASSED [ 35%]
tests/context/test_assign_tier_unit.py::TestAssignTierWithCalculatedScores::test_very_old_item_gets_cold_tier PASSED [ 35%]
tests/context/test_assign_tier_unit.py::TestAssignTierWithCalculatedScores::test_frequently_accessed_old_item_stays_warm PASSED [ 35%]
tests/context/test_checkpoint_restore.py::TestCheckpointRestore::test_create_checkpoint_with_data PASSED [ 35%]
tests/context/test_checkpoint_restore.py::TestCheckpointRestore::test_list_checkpoints_for_agent PASSED [ 35%]
tests/context/test_checkpoint_restore.py::TestCheckpointRestore::test_checkpoint_includes_metrics PASSED [ 36%]
tests/context/test_checkpoint_restore.py::TestCheckpointRestore::test_list_checkpoints_for_nonexistent_agent PASSED [ 36%]
tests/context/test_checkpoint_restore.py::TestCheckpointRestore::test_get_nonexistent_checkpoint PASSED [ 36%]
tests/context/test_context_manager.py::TestContextManager::test_recalculate_scores_updates_all_items PASSED [ 36%]
tests/context/test_context_manager.py::TestContextManager::test_recalculate_scores_returns_count PASSED [ 36%]
tests/context/test_context_manager.py::TestContextManager::test_recalculate_scores_with_empty_agent PASSED [ 36%]
tests/context/test_context_manager.py::TestContextManager::test_recalculate_scores_only_affects_target_agent PASSED [ 36%]
tests/context/test_context_manager.py::TestContextManager::test_context_manager_initialization PASSED [ 36%]
tests/context/test_context_stats.py::TestContextStats::test_get_context_stats_for_agent PASSED [ 36%]
tests/context/test_context_stats.py::TestContextStats::test_context_stats_calculates_tokens PASSED [ 36%]
tests/context/test_context_stats.py::TestContextStats::test_context_stats_for_agent_with_no_items PASSED [ 36%]
tests/context/test_flash_save.py::TestFlashSave::test_flash_save_creates_checkpoint PASSED [ 36%]
tests/context/test_flash_save.py::TestFlashSave::test_flash_save_archives_cold_items PASSED [ 36%]
tests/context/test_flash_save.py::TestFlashSave::test_flash_save_retains_hot_items PASSED [ 36%]
tests/context/test_flash_save.py::TestFlashSave::test_flash_save_calculates_reduction PASSED [ 36%]
tests/context/test_flash_save.py::TestFlashSave::test_flash_save_below_threshold_fails PASSED [ 36%]
tests/context/test_importance_scoring.py::TestImportanceScoring::test_calculate_importance_for_new_task PASSED [ 36%]
tests/context/test_importance_scoring.py::TestImportanceScoring::test_calculate_importance_with_age_decay PASSED [ 36%]
tests/context/test_importance_scoring.py::TestImportanceScoring::test_calculate_importance_with_access_boost PASSED [ 36%]
tests/context/test_importance_scoring.py::TestImportanceScoring::test_importance_type_weights PASSED [ 37%]
tests/context/test_importance_scoring.py::TestImportanceScoring::test_importance_score_clamped_to_range PASSED [ 37%]
tests/context/test_importance_scoring.py::TestImportanceScoring::test_importance_formula_components PASSED [ 37%]
tests/context/test_importance_scoring.py::TestAgeDecay::test_exponential_decay_over_time PASSED [ 37%]
tests/context/test_importance_scoring.py::TestAgeDecay::test_zero_age_gives_max_decay PASSED [ 37%]
[...]
_______________ coverage: platform linux, python 3.13.3-final-0 ________________

Name                                                                             Stmts   Miss   Cover   Missing
---------------------------------------------------------------------------------------------------------------
codeframe/__init__.py                                                                6      0 100.00%
codeframe/agents/__init__.py                                                         5      0 100.00%
codeframe/agents/agent_pool_manager.py                                             136      8  94.12%   51-53, 116, 259, 329, 358-359
codeframe/agents/backend_worker_agent.py                                           382     97  74.61%   101-105, 111, 189-190, 303-308, 336-338, 487-488, 496-497, 525-561, 566, 570-595, 626, 650-687, 720, 778-780, 817-831, 854-856, 905-922, 948, 1035-1049, 1111, 1114, 1127, 1145-1158, 1175-1190, 1196-1198, 1241, 1263-1264
codeframe/agents/definition_loader.py                                               89      8  91.01%   148, 159, 163, 167, 214-215, 225-226
codeframe/agents/dependency_resolver.py                                            164      9  94.51%   81-85, 284-285, 298, 360-361, 369
codeframe/agents/factory.py                                                         53      6  88.68%   43, 50-56
codeframe/agents/frontend_worker_agent.py                                          254     61  75.98%   118-119, 159-160, 187-189, 203-214, 306-308, 458-459, 469-470, 502-534, 539, 546, 560-566, 592, 599, 604, 607, 638-651, 668-683, 689-691, 725, 732, 748, 757-773, 782
codeframe/agents/hybrid_worker.py                                                   96      5  94.79%   189-190, 323, 328-329
codeframe/agents/lead_agent.py                                                     694    248  64.27%   121-122, 134-135, 234-235, 303-304, 330-331, 346-347, 380-382, 418, 451, 584-585, 596, 621-666, 678-688, 717-823, 835-865, 881-902, 925, 980, 1067-1069, 1082, 1121-1125, 1146, 1208-1220, 1233-1237, 1270-1284, 1356-1364, 1393, 1420, 1446-1450, 1455-1459, 1475-1479, 1510-1513, 1539, 1569, 1580, 1633-1634, 1643-1724, 1729-1730, 1750-1751
codeframe/agents/review_agent.py                                                   143     25  82.52%   423-435, 439, 583-596, 623, 657, 698, 810-858
codeframe/agents/review_worker_agent.py                                            139     17  87.77%   101, 107, 157-158, 168-169, 185-186, 273-276, 302, 327, 345-346, 357-358
codeframe/agents/simple_assignment.py                                               35     10  71.43%   185-196, 213-214
codeframe/agents/subagent_generator.py                                             138     13  90.58%   150, 156, 158, 176-179, 197-198, 334-337
codeframe/agents/worker_agent.py                                                   113     57  49.56%   54, 60, 128, 161, 186, 219, 253, 291-303, 346-419, 445-491
codeframe/cli.py                                                                   155     77  50.32%   30-39, 52-53, 61-67, 75-81, 89-101, 110-117, 127-151, 160, 169, 229-234, 246-247, 283-285
codeframe/context/__init__.py                                                        0      0 100.00%
codeframe/core/__init__.py                                                           4      0 100.00%
codeframe/core/config.py                                                           158     35  77.85%   166-167, 207, 225-235, 239-242, 272-288, 292-302
codeframe/core/models.py                                                           411     23  94.40%   319-321, 475, 480, 484, 573, 629, 631, 713-715, 739, 754-768, 829-832
codeframe/core/port_utils.py                                                        27      0 100.00%
codeframe/core/project.py                                                           71     56  21.13%   14-17, 31-59, 64-66, 71-72, 85-136, 141, 152-154, 166-167
codeframe/core/session_manager.py                                                   32      2  93.75%   66-67
codeframe/deployment/__init__.py                                                     0      0 100.00%
codeframe/deployment/deployer.py                                                    48     12  75.00%   88-89, 102-117, 153-154
codeframe/discovery/__init__.py                                                      3      0 100.00%
codeframe/discovery/answers.py                                                     131      2  98.47%   196, 237
codeframe/discovery/questions.py                                                    58      0 100.00%
codeframe/enforcement/__init__.py                                                    8      0 100.00%
codeframe/enforcement/adaptive_test_runner.py                                      127     19  85.04%   124-129, 132-133, 139-143, 151-155, 245, 325, 385-406, 410-412
codeframe/enforcement/evidence_verifier.py                                          70     25  64.29%   183, 195, 199, 260-265, 276-283, 304-338
codeframe/enforcement/language_detector.py                                         116     12  89.66%   149-156, 175-176, 198, 351-352
codeframe/enforcement/quality_tracker.py                                            78     20  74.36%   94-95, 126, 138, 172, 189, 272-283, 307-319
codeframe/enforcement/skip_pattern_detector.py                                     206     18  91.26%   81, 119, 169, 184-186, 202, 212, 267, 300, 328, 357, 386, 416, 426, 434-446
codeframe/git/__init__.py                                                            2      0 100.00%
codeframe/git/workflow_manager.py                                                  156     14  91.03%   108-109, 170, 177-179, 202-209, 283, 400-401
codeframe/indexing/__init__.py                                                       3      0 100.00%
codeframe/indexing/codebase_index.py                                                52      2  96.15%   120-121
codeframe/indexing/models.py                                                        21      0 100.00%
codeframe/indexing/parsers/__init__.py                                               3      0 100.00%
codeframe/indexing/parsers/python_parser.py                                         87     16  81.61%   35-37, 44-46, 169, 210-231
codeframe/indexing/parsers/typescript_parser.py                                    145     20  86.21%   45-46, 57-58, 64-65, 69-70, 115-128, 159-172, 195, 273
codeframe/lib/__init__.py                                                            0      0 100.00%
codeframe/lib/checkpoint_manager.py                                                161     18  88.82%   233-235, 279-280, 436-437, 491-493, 514-515, 529, 556, 575, 600-606
codeframe/lib/context_manager.py                                                    60     10  83.33%   118-146
codeframe/lib/importance_scorer.py                                                  31      2  93.55%   59, 86
codeframe/lib/lint_utils.py                                                         56     18  67.86%   54, 67-72, 94-98, 115-118, 150-155
codeframe/lib/metrics_tracker.py                                                    94      1  98.94%   175
codeframe/lib/quality/__init__.py                                                    4      0 100.00%
codeframe/lib/quality/complexity_analyzer.py                                       135     23  82.96%   77-79, 90-91, 97-98, 104-105, 140-145, 150, 197, 235-237, 294, 302, 307-308
codeframe/lib/quality/owasp_patterns.py                                             78      5  93.59%   76-78, 216, 220
codeframe/lib/quality/security_scanner.py                                           96     16  83.33%   58-60, 81-88, 186, 194, 228, 241-242
codeframe/lib/quality_gate_tool.py                                                  84      3  96.43%   119, 214, 345
codeframe/lib/quality_gates.py                                                     256      0 100.00%
codeframe/lib/sdk_hooks.py                                                          71      9  87.32%   53-59, 310-312
codeframe/lib/token_counter.py                                                      38      0 100.00%
codeframe/notifications/__init__.py                                                  0      0 100.00%
codeframe/notifications/desktop.py                                                  85     13  84.71%   94-98, 113-114, 128-129, 195-196, 208-209, 213-214
codeframe/notifications/router.py                                                   30      2  93.33%   88-89
codeframe/notifications/webhook.py                                                  42      4  90.48%   147-151, 154-155
codeframe/persistence/__init__.py                                                    2      0 100.00%
codeframe/persistence/database.py                                                  851    104  87.78%   543-547, 736, 744, 1016, 1056, 1061, 1168, 1266, 1642, 1873, 1876, 1882-1883, 1935, 1937, 1941-1942, 1992-1999, 2306, 2407-2437, 2448-2458, 2469-2479, 2488-2515, 2523-2541, 2554-2589, 2742-2744, 3011-3022, 3147, 3246-3275, 3292-3303, 3314-3326, 3600-3650
codeframe/persistence/migrations/__init__.py                                        73     14  80.82%   27, 81-84, 96, 99-100, 124-131
codeframe/persistence/migrations/migration_001_remove_agent_type_constraint.py      53      2  96.23%   42-43
codeframe/persistence/migrations/migration_002_refactor_projects_schema.py          46     27  41.30%   53-54, 64, 71-124, 131-158
codeframe/persistence/migrations/migration_003_update_blockers_schema.py            64     45  29.69%   49-50, 60, 67-173, 180-214
codeframe/persistence/migrations/migration_004_add_context_checkpoints.py           39     23  41.03%   53-54, 61-91, 98-117
codeframe/persistence/migrations/migration_005_add_context_indexes.py               41     13  68.29%   46-47, 63-64, 111-124
codeframe/persistence/migrations/migration_006_mvp_completion.py                    70      7  90.00%   49-50, 67, 118, 134-139
codeframe/persistence/migrations/migration_007_sprint10_review_polish.py           116     42  63.79%   41-42, 59-61, 157, 165, 173-179, 192, 198, 204, 210, 216-222, 232-236, 243-273
codeframe/persistence/migrations/migration_008_add_session_id.py                    14     14   0.00%   11-57
codeframe/persistence/migrations/migration_009_add_project_agents.py                79     79   0.00%   22-293
codeframe/planning/__init__.py                                                       2      0 100.00%
codeframe/planning/issue_generator.py                                               70      2  97.14%   104, 214
codeframe/planning/task_decomposer.py                                               74      4  94.59%   140-141, 144, 173
codeframe/providers/__init__.py                                                      0      0 100.00%
codeframe/providers/anthropic.py                                                    42      2  95.24%   14-15
codeframe/providers/sdk_client.py                                                   47     27  42.55%   17-18, 49-55, 82-105, 119-125
codeframe/tasks/__init__.py                                                          0      0 100.00%
codeframe/tasks/expire_blockers.py                                                  55     20  63.64%   59-60, 80-81, 97-98, 108-151
codeframe/testing/__init__.py                                                        0      0 100.00%
codeframe/testing/lint_runner.py                                                   119     24  79.83%   50-51, 60-61, 108-109, 117, 156, 188-190, 244-250, 270-281
codeframe/testing/models.py                                                         28      1  96.43%   43
codeframe/ui/__init__.py                                                             0      0 100.00%
codeframe/ui/dependencies.py                                                         7      0 100.00%
codeframe/ui/models.py                                                              84      0 100.00%
codeframe/ui/routers/__init__.py                                                     0      0 100.00%
codeframe/ui/routers/agents.py                                                     140     53  62.14%   67, 75, 99-112, 130-143, 179-181, 239-241, 280-282, 308-363, 410-412, 448-450
codeframe/ui/routers/blockers.py                                                    46     16  65.22%   50-57, 97-105, 130-135, 214-216
codeframe/ui/routers/chat.py                                                        40      2  95.00%   62, 85
codeframe/ui/routers/checkpoints.py                                                167    142  14.97%   89-114, 175-220, 271-288, 331-372, 430-484, 516-647
codeframe/ui/routers/context.py                                                     69     42  39.13%   54-74, 96-105, 138-143, 175-180, 216-242, 278-287, 324-349, 391-404
codeframe/ui/routers/discovery.py                                                   69      9  86.96%   74, 101-103, 128, 144-145, 234-236
codeframe/ui/routers/lint.py                                                        60     44  26.67%   36-37, 55-56, 74-85, 116-209
codeframe/ui/routers/metrics.py                                                     72     10  86.11%   96, 129-131, 212-214, 342-344
codeframe/ui/routers/projects.py                                                   125     16  87.20%   131-132, 139-140, 157-158, 168-169, 220, 240-247, 381
codeframe/ui/routers/quality_gates.py                                               80     63  21.25%   68-76, 128-329
codeframe/ui/routers/review.py                                                     159     98  38.36%   84-164, 188-207, 232-270, 314-383, 400, 404, 408, 429, 433, 437, 508-576
codeframe/ui/routers/session.py                                                     20     11  45.00%   43-80
codeframe/ui/routers/websocket.py                                                   20     12  40.00%   46-63
codeframe/ui/server.py                                                              75      6  92.00%   67, 132, 187-188, 231-233
codeframe/ui/services/__init__.py                                                    0      0 100.00%
codeframe/ui/services/agent_service.py                                              36     23  36.11%   27-28, 39-50, 61-69, 80-88, 99, 110
codeframe/ui/services/review_service.py                                             29     29   0.00%   7-98
codeframe/ui/shared.py                                                              40      6  85.00%   23-24, 27, 32-34
codeframe/ui/websocket_broadcasts.py                                               174      0 100.00%
codeframe/workspace/__init__.py                                                      2      0 100.00%
codeframe/workspace/manager.py                                                     114      2  98.25%   133-134
---------------------------------------------------------------------------------------------------------------
TOTAL                                                                             9453   2075  78.05%
Required test coverage of 65.0% reached. Total coverage: 78.05%
============================= slowest 10 durations =============================
60.10s call     tests/agents/test_test_worker_agent.py::TestErrorHandling::test_handle_execution_timeout
5.34s setup    tests/lib/test_quality_gates.py::TestQualityGatesErrorHandling::test_task_has_typescript_files_default
4.53s setup    tests/api/test_blocker_resolution_api.py::TestBlockerResolutionConflicts::test_duplicate_resolution_returns_409
4.23s setup    tests/api/test_endpoints_database.py::TestProjectStatusEndpoint::test_get_project_status_success
3.97s setup    tests/api/test_discovery_endpoints.py::TestDiscoveryAnswerEndpoint::test_post_discovery_answer_returns_200_with_valid_answer
3.86s setup    tests/api/test_endpoints_database.py::TestAgentsEndpoint::test_get_agents_empty_list
3.86s setup    tests/api/test_endpoints_database.py::TestEndpointDatabaseIntegration::test_complete_project_workflow_via_api
3.71s setup    tests/api/test_blocker_resolution_api.py::TestBlockerResolutionValidation::test_resolve_requires_answer_field
3.59s setup    tests/api/test_health_endpoint.py::test_health_endpoint_returns_json
3.57s setup    tests/api/test_health_endpoint.py::test_health_endpoint_structure
=========================== short test summary info ============================
ERROR tests/test_review_api.py::TestReviewAPI::test_post_review_endpoint_exists - AttributeError: module 'codeframe.ui.server' has no attribute 'review_cache'
ERROR tests/test_review_api.py::TestReviewAPI::test_post_review_endpoint_validates_request - AttributeError: module 'codeframe.ui.server' has no attribute 'review_cache'
ERROR tests/test_review_api.py::TestReviewAPI::test_post_review_endpoint_runs_quality_checks - AttributeError: module 'codeframe.ui.server' has no attribute 'review_cache'
ERROR tests/test_review_api.py::TestReviewAPI::test_post_review_endpoint_creates_blocker_on_failure - AttributeError: module 'codeframe.ui.server' has no attribute 'review_cache'
ERROR tests/test_review_api.py::TestReviewAPI::test_get_review_status_endpoint_exists - AttributeError: module 'codeframe.ui.server' has no attribute 'review_cache'
ERROR tests/test_review_api.py::TestReviewAPI::test_get_review_status_no_review_yet - AttributeError: module 'codeframe.ui.server' has no attribute 'review_cache'
ERROR tests/test_review_api.py::TestReviewAPI::test_get_review_stats_endpoint_exists - AttributeError: module 'codeframe.ui.server' has no attribute 'review_cache'
ERROR tests/test_review_api.py::TestReviewAPI::test_get_review_stats_aggregates_correctly - AttributeError: module 'codeframe.ui.server' has no attribute 'review_cache'
ERROR tests/test_review_api.py::TestReviewAPI::test_get_review_stats_no_reviews_yet - AttributeError: module 'codeframe.ui.server' has no attribute 'review_cache'
FAILED tests/agents/test_agent_lifecycle.py::TestStartAgentEndpoint::test_start_agent_endpoint_returns_202_accepted - AttributeError: <module 'codeframe.ui.server' from '/home/frankbria/projects/codeframe/codeframe/ui/server.py'> does not have the attribute 'start_agent'
FAILED tests/agents/test_agent_lifecycle.py::TestStartAgentEndpoint::test_start_agent_endpoint_handles_already_running - AttributeError: <module 'codeframe.ui.server' from '/home/frankbria/projects/codeframe/codeframe/ui/server.py'> does not have the attribute 'start_agent'
FAILED tests/api/test_chat_api.py::TestChatEndpoint::test_send_message_success - AttributeError: module 'codeframe.ui.server' has no attribute 'running_agents'
FAILED tests/api/test_chat_api.py::TestChatEndpoint::test_send_message_agent_not_started - RecursionError: maximum recursion depth exceeded
FAILED tests/api/test_chat_api.py::TestChatWebSocketIntegration::test_chat_broadcasts_message - AttributeError: module 'codeframe.ui.server' has no attribute 'running_agents'
FAILED tests/api/test_chat_api.py::TestChatWebSocketIntegration::test_chat_continues_when_broadcast_fails - AttributeError: module 'codeframe.ui.server' has no attribute 'running_agents'
FAILED tests/testing/test_test_runner.py::TestTestRunnerRealPytestExecution::test_run_tests_with_real_pytest_passing - AssertionError: assert 'error' == 'passed'
  
  - passed
  + error
FAILED tests/testing/test_test_runner.py::TestTestRunnerRealPytestExecution::test_run_tests_with_real_pytest_failing - AssertionError: assert 'error' == 'failed'
  
  - failed
  + error
FAILED tests/testing/test_test_runner.py::TestTestRunnerRealPytestExecution::test_run_tests_with_real_pytest_errors - AssertionError: assert 'error' == 'failed'
  
  - failed
  + error
FAILED tests/testing/test_test_runner.py::TestTestRunnerRealPytestExecution::test_run_tests_with_specific_test_paths - AssertionError: assert 'error' == 'passed'
  
  - passed
  + error
===== 10 failed, 1833 passed, 322 warnings, 9 errors in 533.15s (0:08:53) ======
