{"numFailedTestSuites":0,"numFailedTests":0,"numPassedTestSuites":45,"numPassedTests":1082,"numPendingTestSuites":0,"numPendingTests":4,"numRuntimeErrorTestSuites":0,"numTodoTests":0,"numTotalTestSuites":45,"numTotalTests":1086,"openHandles":[],"snapshot":{"added":0,"didUpdate":false,"failure":false,"filesAdded":0,"filesRemoved":0,"filesRemovedList":[],"filesUnmatched":0,"filesUpdated":0,"matched":0,"total":0,"unchecked":0,"uncheckedKeysByFile":[],"unmatched":0,"updated":0},"startTime":1763998671348,"success":false,"testResults":[{"assertionResults":[{"ancestorTitles":["AgentCard - Navigation (User Story 4)"],"duration":52,"failing":false,"failureDetails":[],"failureMessages":[],"fullName":"AgentCard - Navigation (User Story 4) accepts onAgentClick prop and calls it when clicked","invocations":1,"location":null,"numPassingAsserts":2,"retryReasons":[],"startAt":1763998673814,"status":"passed","title":"accepts onAgentClick prop and calls it when clicked"},{"ancestorTitles":["AgentCard - Navigation (User Story 4)"],"duration":15,"failing":false,"failureDetails":[],"failureMessages":[],"fullName":"AgentCard - Navigation (User Story 4) shows cursor-pointer when onAgentClick provided","invocations":1,"location":null,"numPassingAsserts":1,"retryReasons":[],"startAt":1763998673867,"status":"passed","title":"shows cursor-pointer when onAgentClick provided"},{"ancestorTitles":["AgentCard - Navigation (User Story 4)"],"duration":14,"failing":false,"failureDetails":[],"failureMessages":[],"fullName":"AgentCard - Navigation (User Story 4) renders without onClick callback","invocations":1,"location":null,"numPassingAsserts":2,"retryReasons":[],"startAt":1763998673883,"status":"passed","title":"renders without onClick callback"}],"endTime":1763998673899,"message":"","name":"/home/frankbria/projects/codeframe/web-ui/__tests__/components/AgentCard.test.tsx","startTime":1763998672420,"status":"passed","summary":""},{"assertionResults":[{"ancestorTitles":["Spinner"],"duration":45,"failing":false,"failureDetails":[],"failureMessages":[],"fullName":"Spinner renders with default medium size","invocations":1,"location":null,"numPassingAsserts":2,"retryReasons":[],"startAt":1763998673873,"status":"passed","title":"renders with default medium size"},{"ancestorTitles":["Spinner"],"duration":20,"failing":false,"failureDetails":[],"failureMessages":[],"fullName":"Spinner renders with small size","invocations":1,"location":null,"numPassingAsserts":1,"retryReasons":[],"startAt":1763998673919,"status":"passed","title":"renders with small size"},{"ancestorTitles":["Spinner"],"duration":15,"failing":false,"failureDetails":[],"failureMessages":[],"fullName":"Spinner renders with large size","invocations":1,"location":null,"numPassingAsserts":1,"retryReasons":[],"startAt":1763998673939,"status":"passed","title":"renders with large size"},{"ancestorTitles":["Spinner"],"duration":16,"failing":false,"failureDetails":[],"failureMessages":[],"fullName":"Spinner defaults to medium size for invalid size values","invocations":1,"location":null,"numPassingAsserts":1,"retryReasons":[],"startAt":1763998673956,"status":"passed","title":"defaults to medium size for invalid size values"},{"ancestorTitles":["Spinner"],"duration":18,"failing":false,"failureDetails":[],"failureMessages":[],"fullName":"Spinner has correct accessibility attributes","invocations":1,"location":null,"numPassingAsserts":2,"retryReasons":[],"startAt":1763998673974,"status":"passed","title":"has correct accessibility attributes"},{"ancestorTitles":["Spinner"],"duration":11,"failing":false,"failureDetails":[],"failureMessages":[],"fullName":"Spinner has spinning animation class","invocations":1,"location":null,"numPassingAsserts":1,"retryReasons":[],"startAt":1763998673998,"status":"passed","title":"has spinning animation class"},{"ancestorTitles":["Spinner"],"duration":11,"failing":false,"failureDetails":[],"failureMessages":[],"fullName":"Spinner has correct color classes","invocations":1,"location":null,"numPassingAsserts":1,"retryReasons":[],"startAt":1763998674012,"status":"passed","title":"has correct color classes"},{"ancestorTitles":["Spinner"],"duration":14,"failing":false,"failureDetails":[],"failureMessages":[],"fullName":"Spinner has rounded-full class","invocations":1,"location":null,"numPassingAsserts":1,"retryReasons":[],"startAt":1763998674023,"status":"passed","title":"has rounded-full class"}],"endTime":1763998674047,"message":"","name":"/home/frankbria/projects/codeframe/web-ui/src/components/__tests__/Spinner.test.tsx","startTime":1763998672504,"status":"passed","summary":""},{"assertionResults":[{"ancestorTitles":["ReviewFindingsList","Empty state"],"duration":50,"failing":false,"failureDetails":[],"failureMessages":[],"fullName":"ReviewFindingsList Empty state renders empty state when no findings provided","invocations":1,"location":null,"numPassingAsserts":2,"retryReasons":[],"startAt":1763998673744,"status":"passed","title":"renders empty state when no findings provided"},{"ancestorTitles":["ReviewFindingsList","Empty state"],"duration":12,"failing":false,"failureDetails":[],"failureMessages":[],"fullName":"ReviewFindingsList Empty state applies correct CSS classes to empty state container","invocations":1,"location":null,"numPassingAsserts":3,"retryReasons":[],"startAt":1763998673795,"status":"passed","title":"applies correct CSS classes to empty state container"},{"ancestorTitles":["ReviewFindingsList","Empty state"],"duration":10,"failing":false,"failureDetails":[],"failureMessages":[],"fullName":"ReviewFindingsList Empty state displays checkmark emoji in empty state","invocations":1,"location":null,"numPassingAsserts":1,"retryReasons":[],"startAt":1763998673807,"status":"passed","title":"displays checkmark emoji in empty state"},{"ancestorTitles":["ReviewFindingsList","Finding rendering"],"duration":17,"failing":false,"failureDetails":[],"failureMessages":[],"fullName":"ReviewFindingsList Finding rendering renders finding message","invocations":1,"location":null,"numPassingAsserts":1,"retryReasons":[],"startAt":1763998673818,"status":"passed","title":"renders finding message"},{"ancestorTitles":["ReviewFindingsList","Finding rendering"],"duration":13,"failing":false,"failureDetails":[],"failureMessages":[],"fullName":"ReviewFindingsList Finding rendering renders file path","invocations":1,"location":null,"numPassingAsserts":1,"retryReasons":[],"startAt":1763998673835,"status":"passed","title":"renders file path"},{"ancestorTitles":["ReviewFindingsList","Finding rendering"],"duration":7,"failing":false,"failureDetails":[],"failureMessages":[],"fullName":"ReviewFindingsList Finding rendering renders line number","invocations":1,"location":null,"numPassingAsserts":1,"retryReasons":[],"startAt":1763998673849,"status":"passed","title":"renders line number"},{"ancestorTitles":["ReviewFindingsList","Finding rendering"],"duration":8,"failing":false,"failureDetails":[],"failureMessages":[],"fullName":"ReviewFindingsList Finding rendering renders category name","invocations":1,"location":null,"numPassingAsserts":1,"retryReasons":[],"startAt":1763998673856,"status":"passed","title":"renders category name"},{"ancestorTitles":["ReviewFindingsList","Finding rendering"],"duration":10,"failing":false,"failureDetails":[],"failureMessages":[],"fullName":"ReviewFindingsList Finding rendering renders suggestion when provided","invocations":1,"location":null,"numPassingAsserts":1,"retryReasons":[],"startAt":1763998673864,"status":"passed","title":"renders suggestion when provided"},{"ancestorTitles":["ReviewFindingsList","Finding rendering"],"duration":10,"failing":false,"failureDetails":[],"failureMessages":[],"fullName":"ReviewFindingsList Finding rendering does not render suggestion section when suggestion is not provided","invocations":1,"location":null,"numPassingAsserts":1,"retryReasons":[],"startAt":1763998673876,"status":"passed","title":"does not render suggestion section when suggestion is not provided"},{"ancestorTitles":["ReviewFindingsList","Finding rendering"],"duration":12,"failing":false,"failureDetails":[],"failureMessages":[],"fullName":"ReviewFindingsList Finding rendering applies hover effect to finding container","invocations":1,"location":null,"numPassingAsserts":3,"retryReasons":[],"startAt":1763998673887,"status":"passed","title":"applies hover effect to finding container"},{"ancestorTitles":["ReviewFindingsList","Severity badges"],"duration":10,"failing":false,"failureDetails":[],"failureMessages":[],"fullName":"ReviewFindingsList Severity badges renders critical severity badge with red styling","invocations":1,"location":null,"numPassingAsserts":4,"retryReasons":[],"startAt":1763998673900,"status":"passed","title":"renders critical severity badge with red styling"},{"ancestorTitles":["ReviewFindingsList","Severity badges"],"duration":10,"failing":false,"failureDetails":[],"failureMessages":[],"fullName":"ReviewFindingsList Severity badges renders high severity badge with orange styling","invocations":1,"location":null,"numPassingAsserts":4,"retryReasons":[],"startAt":1763998673911,"status":"passed","title":"renders high severity badge with orange styling"},{"ancestorTitles":["ReviewFindingsList","Severity badges"],"duration":61,"failing":false,"failureDetails":[],"failureMessages":[],"fullName":"ReviewFindingsList Severity badges renders medium severity badge with yellow styling","invocations":1,"location":null,"numPassingAsserts":4,"retryReasons":[],"startAt":1763998673921,"status":"passed","title":"renders medium severity badge with yellow styling"},{"ancestorTitles":["ReviewFindingsList","Severity badges"],"duration":9,"failing":false,"failureDetails":[],"failureMessages":[],"fullName":"ReviewFindingsList Severity badges renders low severity badge with blue styling","invocations":1,"location":null,"numPassingAsserts":4,"retryReasons":[],"startAt":1763998673982,"status":"passed","title":"renders low severity badge with blue styling"},{"ancestorTitles":["ReviewFindingsList","Severity badges"],"duration":5,"failing":false,"failureDetails":[],"failureMessages":[],"fullName":"ReviewFindingsList Severity badges renders info severity badge with gray styling","invocations":1,"location":null,"numPassingAsserts":4,"retryReasons":[],"startAt":1763998673992,"status":"passed","title":"renders info severity badge with gray styling"},{"ancestorTitles":["ReviewFindingsList","Severity badges"],"duration":5,"failing":false,"failureDetails":[],"failureMessages":[],"fullName":"ReviewFindingsList Severity badges applies badge base classes","invocations":1,"location":null,"numPassingAsserts":6,"retryReasons":[],"startAt":1763998673997,"status":"passed","title":"applies badge base classes"},{"ancestorTitles":["ReviewFindingsList","Category icons"],"duration":8,"failing":false,"failureDetails":[],"failureMessages":[],"fullName":"ReviewFindingsList Category icons renders security category icon","invocations":1,"location":null,"numPassingAsserts":1,"retryReasons":[],"startAt":1763998674002,"status":"passed","title":"renders security category icon"},{"ancestorTitles":["ReviewFindingsList","Category icons"],"duration":5,"failing":false,"failureDetails":[],"failureMessages":[],"fullName":"ReviewFindingsList Category icons renders complexity category icon","invocations":1,"location":null,"numPassingAsserts":1,"retryReasons":[],"startAt":1763998674010,"status":"passed","title":"renders complexity category icon"},{"ancestorTitles":["ReviewFindingsList","Category icons"],"duration":6,"failing":false,"failureDetails":[],"failureMessages":[],"fullName":"ReviewFindingsList Category icons renders style category icon","invocations":1,"location":null,"numPassingAsserts":1,"retryReasons":[],"startAt":1763998674015,"status":"passed","title":"renders style category icon"},{"ancestorTitles":["ReviewFindingsList","Category icons"],"duration":7,"failing":false,"failureDetails":[],"failureMessages":[],"fullName":"ReviewFindingsList Category icons renders coverage category icon","invocations":1,"location":null,"numPassingAsserts":1,"retryReasons":[],"startAt":1763998674021,"status":"passed","title":"renders coverage category icon"},{"ancestorTitles":["ReviewFindingsList","Category icons"],"duration":9,"failing":false,"failureDetails":[],"failureMessages":[],"fullName":"ReviewFindingsList Category icons renders owasp category icon","invocations":1,"location":null,"numPassingAsserts":1,"retryReasons":[],"startAt":1763998674028,"status":"passed","title":"renders owasp category icon"},{"ancestorTitles":["ReviewFindingsList","Category icons"],"duration":4,"failing":false,"failureDetails":[],"failureMessages":[],"fullName":"ReviewFindingsList Category icons renders default category icon for unknown category","invocations":1,"location":null,"numPassingAsserts":1,"retryReasons":[],"startAt":1763998674037,"status":"passed","title":"renders default category icon for unknown category"},{"ancestorTitles":["ReviewFindingsList","Multiple findings"],"duration":15,"failing":false,"failureDetails":[],"failureMessages":[],"fullName":"ReviewFindingsList Multiple findings renders all findings","invocations":1,"location":null,"numPassingAsserts":3,"retryReasons":[],"startAt":1763998674042,"status":"passed","title":"renders all findings"},{"ancestorTitles":["ReviewFindingsList","Multiple findings"],"duration":10,"failing":false,"failureDetails":[],"failureMessages":[],"fullName":"ReviewFindingsList Multiple findings renders correct number of finding cards","invocations":1,"location":null,"numPassingAsserts":1,"retryReasons":[],"startAt":1763998674058,"status":"passed","title":"renders correct number of finding cards"},{"ancestorTitles":["ReviewFindingsList","Multiple findings"],"duration":14,"failing":false,"failureDetails":[],"failureMessages":[],"fullName":"ReviewFindingsList Multiple findings renders findings with correct severity badges","invocations":1,"location":null,"numPassingAsserts":3,"retryReasons":[],"startAt":1763998674068,"status":"passed","title":"renders findings with correct severity badges"},{"ancestorTitles":["ReviewFindingsList","Multiple findings"],"duration":18,"failing":false,"failureDetails":[],"failureMessages":[],"fullName":"ReviewFindingsList Multiple findings renders correct file paths for all findings","invocations":1,"location":null,"numPassingAsserts":3,"retryReasons":[],"startAt":1763998674082,"status":"passed","title":"renders correct file paths for all findings"},{"ancestorTitles":["ReviewFindingsList","Multiple findings"],"duration":9,"failing":false,"failureDetails":[],"failureMessages":[],"fullName":"ReviewFindingsList Multiple findings renders suggestions only for findings that have them","invocations":1,"location":null,"numPassingAsserts":3,"retryReasons":[],"startAt":1763998674100,"status":"passed","title":"renders suggestions only for findings that have them"},{"ancestorTitles":["ReviewFindingsList","Styling and layout"],"duration":6,"failing":false,"failureDetails":[],"failureMessages":[],"fullName":"ReviewFindingsList Styling and layout applies correct container spacing","invocations":1,"location":null,"numPassingAsserts":2,"retryReasons":[],"startAt":1763998674110,"status":"passed","title":"applies correct container spacing"},{"ancestorTitles":["ReviewFindingsList","Styling and layout"],"duration":14,"failing":false,"failureDetails":[],"failureMessages":[],"fullName":"ReviewFindingsList Styling and layout applies correct padding to finding card","invocations":1,"location":null,"numPassingAsserts":2,"retryReasons":[],"startAt":1763998674116,"status":"passed","title":"applies correct padding to finding card"},{"ancestorTitles":["ReviewFindingsList","Styling and layout"],"duration":6,"failing":false,"failureDetails":[],"failureMessages":[],"fullName":"ReviewFindingsList Styling and layout applies monospace font to file path","invocations":1,"location":null,"numPassingAsserts":1,"retryReasons":[],"startAt":1763998674130,"status":"passed","title":"applies monospace font to file path"},{"ancestorTitles":["ReviewFindingsList","Styling and layout"],"duration":6,"failing":false,"failureDetails":[],"failureMessages":[],"fullName":"ReviewFindingsList Styling and layout applies suggestion box styling","invocations":1,"location":null,"numPassingAsserts":4,"retryReasons":[],"startAt":1763998674136,"status":"passed","title":"applies suggestion box styling"},{"ancestorTitles":["ReviewFindingsList","Styling and layout"],"duration":3,"failing":false,"failureDetails":[],"failureMessages":[],"fullName":"ReviewFindingsList Styling and layout capitalizes category name","invocations":1,"location":null,"numPassingAsserts":1,"retryReasons":[],"startAt":1763998674142,"status":"passed","title":"capitalizes category name"},{"ancestorTitles":["ReviewFindingsList","Edge cases"],"duration":3,"failing":false,"failureDetails":[],"failureMessages":[],"fullName":"ReviewFindingsList Edge cases handles finding with line number 0","invocations":1,"location":null,"numPassingAsserts":1,"retryReasons":[],"startAt":1763998674146,"status":"passed","title":"handles finding with line number 0"},{"ancestorTitles":["ReviewFindingsList","Edge cases"],"duration":13,"failing":false,"failureDetails":[],"failureMessages":[],"fullName":"ReviewFindingsList Edge cases handles finding with very long message","invocations":1,"location":null,"numPassingAsserts":1,"retryReasons":[],"startAt":1763998674149,"status":"passed","title":"handles finding with very long message"},{"ancestorTitles":["ReviewFindingsList","Edge cases"],"duration":10,"failing":false,"failureDetails":[],"failureMessages":[],"fullName":"ReviewFindingsList Edge cases handles finding with very long file path","invocations":1,"location":null,"numPassingAsserts":1,"retryReasons":[],"startAt":1763998674162,"status":"passed","title":"handles finding with very long file path"},{"ancestorTitles":["ReviewFindingsList","Edge cases"],"duration":18,"failing":false,"failureDetails":[],"failureMessages":[],"fullName":"ReviewFindingsList Edge cases handles empty suggestion string","invocations":1,"location":null,"numPassingAsserts":1,"retryReasons":[],"startAt":1763998674172,"status":"passed","title":"handles empty suggestion string"}],"endTime":1763998674193,"message":"","name":"/home/frankbria/projects/codeframe/web-ui/__tests__/components/review/ReviewFindingsList.test.tsx","startTime":1763998672348,"status":"passed","summary":""},{"assertionResults":[{"ancestorTitles":["BlockerBadge","SYNC blocker badge"],"duration":105,"failing":false,"failureDetails":[],"failureMessages":[],"fullName":"BlockerBadge SYNC blocker badge renders with correct label","invocations":1,"location":null,"numPassingAsserts":1,"retryReasons":[],"startAt":1763998673813,"status":"passed","title":"renders with correct label"},{"ancestorTitles":["BlockerBadge","SYNC blocker badge"],"duration":29,"failing":false,"failureDetails":[],"failureMessages":[],"fullName":"BlockerBadge SYNC blocker badge displays alert icon","invocations":1,"location":null,"numPassingAsserts":1,"retryReasons":[],"startAt":1763998673919,"status":"passed","title":"displays alert icon"},{"ancestorTitles":["BlockerBadge","SYNC blocker badge"],"duration":22,"failing":false,"failureDetails":[],"failureMessages":[],"fullName":"BlockerBadge SYNC blocker badge has red background and text colors","invocations":1,"location":null,"numPassingAsserts":2,"retryReasons":[],"startAt":1763998673948,"status":"passed","title":"has red background and text colors"},{"ancestorTitles":["BlockerBadge","SYNC blocker badge"],"duration":13,"failing":false,"failureDetails":[],"failureMessages":[],"fullName":"BlockerBadge SYNC blocker badge has tooltip explaining sync blocker","invocations":1,"location":null,"numPassingAsserts":1,"retryReasons":[],"startAt":1763998673971,"status":"passed","title":"has tooltip explaining sync blocker"},{"ancestorTitles":["BlockerBadge","SYNC blocker badge"],"duration":16,"failing":false,"failureDetails":[],"failureMessages":[],"fullName":"BlockerBadge SYNC blocker badge includes base CSS classes","invocations":1,"location":null,"numPassingAsserts":8,"retryReasons":[],"startAt":1763998673984,"status":"passed","title":"includes base CSS classes"},{"ancestorTitles":["BlockerBadge","ASYNC blocker badge"],"duration":20,"failing":false,"failureDetails":[],"failureMessages":[],"fullName":"BlockerBadge ASYNC blocker badge renders with correct label","invocations":1,"location":null,"numPassingAsserts":1,"retryReasons":[],"startAt":1763998674024,"status":"passed","title":"renders with correct label"},{"ancestorTitles":["BlockerBadge","ASYNC blocker badge"],"duration":24,"failing":false,"failureDetails":[],"failureMessages":[],"fullName":"BlockerBadge ASYNC blocker badge displays lightbulb icon","invocations":1,"location":null,"numPassingAsserts":1,"retryReasons":[],"startAt":1763998674044,"status":"passed","title":"displays lightbulb icon"},{"ancestorTitles":["BlockerBadge","ASYNC blocker badge"],"duration":9,"failing":false,"failureDetails":[],"failureMessages":[],"fullName":"BlockerBadge ASYNC blocker badge has yellow background and text colors","invocations":1,"location":null,"numPassingAsserts":2,"retryReasons":[],"startAt":1763998674069,"status":"passed","title":"has yellow background and text colors"},{"ancestorTitles":["BlockerBadge","ASYNC blocker badge"],"duration":12,"failing":false,"failureDetails":[],"failureMessages":[],"fullName":"BlockerBadge ASYNC blocker badge has tooltip explaining async blocker","invocations":1,"location":null,"numPassingAsserts":1,"retryReasons":[],"startAt":1763998674082,"status":"passed","title":"has tooltip explaining async blocker"},{"ancestorTitles":["BlockerBadge","ASYNC blocker badge"],"duration":15,"failing":false,"failureDetails":[],"failureMessages":[],"fullName":"BlockerBadge ASYNC blocker badge includes base CSS classes","invocations":1,"location":null,"numPassingAsserts":3,"retryReasons":[],"startAt":1763998674094,"status":"passed","title":"includes base CSS classes"},{"ancestorTitles":["BlockerBadge","custom className"],"duration":16,"failing":false,"failureDetails":[],"failureMessages":[],"fullName":"BlockerBadge custom className applies custom className when provided","invocations":1,"location":null,"numPassingAsserts":1,"retryReasons":[],"startAt":1763998674109,"status":"passed","title":"applies custom className when provided"},{"ancestorTitles":["BlockerBadge","custom className"],"duration":13,"failing":false,"failureDetails":[],"failureMessages":[],"fullName":"BlockerBadge custom className preserves base classes when custom className added","invocations":1,"location":null,"numPassingAsserts":3,"retryReasons":[],"startAt":1763998674125,"status":"passed","title":"preserves base classes when custom className added"},{"ancestorTitles":["BlockerBadge","custom className"],"duration":12,"failing":false,"failureDetails":[],"failureMessages":[],"fullName":"BlockerBadge custom className works without custom className","invocations":1,"location":null,"numPassingAsserts":2,"retryReasons":[],"startAt":1763998674138,"status":"passed","title":"works without custom className"},{"ancestorTitles":["BlockerBadge","icon rendering"],"duration":12,"failing":false,"failureDetails":[],"failureMessages":[],"fullName":"BlockerBadge icon rendering renders icon with correct size class","invocations":1,"location":null,"numPassingAsserts":1,"retryReasons":[],"startAt":1763998674155,"status":"passed","title":"renders icon with correct size class"},{"ancestorTitles":["BlockerBadge","icon rendering"],"duration":16,"failing":false,"failureDetails":[],"failureMessages":[],"fullName":"BlockerBadge icon rendering renders ASYNC icon with correct size class","invocations":1,"location":null,"numPassingAsserts":1,"retryReasons":[],"startAt":1763998674167,"status":"passed","title":"renders ASYNC icon with correct size class"}],"endTime":1763998674191,"message":"","name":"/home/frankbria/projects/codeframe/web-ui/__tests__/components/BlockerBadge.test.tsx","startTime":1763998672432,"status":"passed","summary":""},{"assertionResults":[{"ancestorTitles":["ContextPanel"],"duration":129,"failing":false,"failureDetails":[],"failureMessages":[],"fullName":"ContextPanel test_renders_tier_breakdown","invocations":1,"location":null,"numPassingAsserts":9,"retryReasons":[],"startAt":1763998674020,"status":"passed","title":"test_renders_tier_breakdown"},{"ancestorTitles":["ContextPanel"],"duration":37,"failing":false,"failureDetails":[],"failureMessages":[],"fullName":"ContextPanel test_displays_token_usage","invocations":1,"location":null,"numPassingAsserts":6,"retryReasons":[],"startAt":1763998674151,"status":"passed","title":"test_displays_token_usage"},{"ancestorTitles":["ContextPanel"],"duration":6,"failing":false,"failureDetails":[],"failureMessages":[],"fullName":"ContextPanel test_shows_loading_state","invocations":1,"location":null,"numPassingAsserts":2,"retryReasons":[],"startAt":1763998674189,"status":"passed","title":"test_shows_loading_state"},{"ancestorTitles":["ContextPanel"],"duration":18,"failing":false,"failureDetails":[],"failureMessages":[],"fullName":"ContextPanel test_shows_error_state","invocations":1,"location":null,"numPassingAsserts":2,"retryReasons":[],"startAt":1763998674195,"status":"passed","title":"test_shows_error_state"},{"ancestorTitles":["ContextPanel"],"duration":12,"failing":false,"failureDetails":[],"failureMessages":[],"fullName":"ContextPanel test_calls_api_with_correct_params","invocations":1,"location":null,"numPassingAsserts":1,"retryReasons":[],"startAt":1763998674213,"status":"passed","title":"test_calls_api_with_correct_params"},{"ancestorTitles":["ContextPanel"],"duration":9,"failing":false,"failureDetails":[],"failureMessages":[],"fullName":"ContextPanel test_auto_refresh_enabled","invocations":1,"location":null,"numPassingAsserts":2,"retryReasons":[],"startAt":1763998674225,"status":"passed","title":"test_auto_refresh_enabled"}],"endTime":1763998674236,"message":"","name":"/home/frankbria/projects/codeframe/web-ui/__tests__/components/ContextPanel.test.tsx","startTime":1763998672436,"status":"passed","summary":""},{"assertionResults":[{"ancestorTitles":["AgentCard Component","Display Agent Information"],"duration":93,"failing":false,"failureDetails":[],"failureMessages":[],"fullName":"AgentCard Component Display Agent Information should display agent ID","invocations":1,"location":null,"numPassingAsserts":1,"retryReasons":[],"startAt":1763998673867,"status":"passed","title":"should display agent ID"},{"ancestorTitles":["AgentCard Component","Display Agent Information"],"duration":27,"failing":false,"failureDetails":[],"failureMessages":[],"fullName":"AgentCard Component Display Agent Information should display formatted agent type","invocations":1,"location":null,"numPassingAsserts":1,"retryReasons":[],"startAt":1763998673969,"status":"passed","title":"should display formatted agent type"},{"ancestorTitles":["AgentCard Component","Display Agent Information"],"duration":39,"failing":false,"failureDetails":[],"failureMessages":[],"fullName":"AgentCard Component Display Agent Information should display tasks completed counter","invocations":1,"location":null,"numPassingAsserts":2,"retryReasons":[],"startAt":1763998673997,"status":"passed","title":"should display tasks completed counter"},{"ancestorTitles":["AgentCard Component","Status Colors"],"duration":36,"failing":false,"failureDetails":[],"failureMessages":[],"fullName":"AgentCard Component Status Colors should show green for idle status","invocations":1,"location":null,"numPassingAsserts":2,"retryReasons":[],"startAt":1763998674036,"status":"passed","title":"should show green for idle status"},{"ancestorTitles":["AgentCard Component","Status Colors"],"duration":31,"failing":false,"failureDetails":[],"failureMessages":[],"fullName":"AgentCard Component Status Colors should show yellow for busy status","invocations":1,"location":null,"numPassingAsserts":2,"retryReasons":[],"startAt":1763998674073,"status":"passed","title":"should show yellow for busy status"},{"ancestorTitles":["AgentCard Component","Status Colors"],"duration":10,"failing":false,"failureDetails":[],"failureMessages":[],"fullName":"AgentCard Component Status Colors should show red for blocked status","invocations":1,"location":null,"numPassingAsserts":2,"retryReasons":[],"startAt":1763998674110,"status":"passed","title":"should show red for blocked status"},{"ancestorTitles":["AgentCard Component","Current Task Display"],"duration":87,"failing":false,"failureDetails":[],"failureMessages":[],"fullName":"AgentCard Component Current Task Display should show current task when agent is busy","invocations":1,"location":null,"numPassingAsserts":2,"retryReasons":[],"startAt":1763998674120,"status":"passed","title":"should show current task when agent is busy"},{"ancestorTitles":["AgentCard Component","Current Task Display"],"duration":12,"failing":false,"failureDetails":[],"failureMessages":[],"fullName":"AgentCard Component Current Task Display should NOT show current task when agent is idle","invocations":1,"location":null,"numPassingAsserts":2,"retryReasons":[],"startAt":1763998674207,"status":"passed","title":"should NOT show current task when agent is idle"},{"ancestorTitles":["AgentCard Component","Current Task Display"],"duration":9,"failing":false,"failureDetails":[],"failureMessages":[],"fullName":"AgentCard Component Current Task Display should NOT show current task when agent is blocked","invocations":1,"location":null,"numPassingAsserts":1,"retryReasons":[],"startAt":1763998674220,"status":"passed","title":"should NOT show current task when agent is blocked"},{"ancestorTitles":["AgentCard Component","Blocked Status Display"],"duration":10,"failing":false,"failureDetails":[],"failureMessages":[],"fullName":"AgentCard Component Blocked Status Display should show blocked by information when blocked by single task","invocations":1,"location":null,"numPassingAsserts":2,"retryReasons":[],"startAt":1763998674229,"status":"passed","title":"should show blocked by information when blocked by single task"},{"ancestorTitles":["AgentCard Component","Blocked Status Display"],"duration":10,"failing":false,"failureDetails":[],"failureMessages":[],"fullName":"AgentCard Component Blocked Status Display should show count when blocked by multiple tasks","invocations":1,"location":null,"numPassingAsserts":2,"retryReasons":[],"startAt":1763998674240,"status":"passed","title":"should show count when blocked by multiple tasks"},{"ancestorTitles":["AgentCard Component","Blocked Status Display"],"duration":5,"failing":false,"failureDetails":[],"failureMessages":[],"fullName":"AgentCard Component Blocked Status Display should NOT show blocked by section when not blocked","invocations":1,"location":null,"numPassingAsserts":1,"retryReasons":[],"startAt":1763998674250,"status":"passed","title":"should NOT show blocked by section when not blocked"},{"ancestorTitles":["AgentCard Component","Agent Type Badges"],"duration":6,"failing":false,"failureDetails":[],"failureMessages":[],"fullName":"AgentCard Component Agent Type Badges should show backend badge with correct icon","invocations":1,"location":null,"numPassingAsserts":2,"retryReasons":[],"startAt":1763998674256,"status":"passed","title":"should show backend badge with correct icon"},{"ancestorTitles":["AgentCard Component","Agent Type Badges"],"duration":7,"failing":false,"failureDetails":[],"failureMessages":[],"fullName":"AgentCard Component Agent Type Badges should show frontend badge with correct icon","invocations":1,"location":null,"numPassingAsserts":2,"retryReasons":[],"startAt":1763998674262,"status":"passed","title":"should show frontend badge with correct icon"},{"ancestorTitles":["AgentCard Component","Agent Type Badges"],"duration":6,"failing":false,"failureDetails":[],"failureMessages":[],"fullName":"AgentCard Component Agent Type Badges should show test badge with correct icon","invocations":1,"location":null,"numPassingAsserts":2,"retryReasons":[],"startAt":1763998674269,"status":"passed","title":"should show test badge with correct icon"},{"ancestorTitles":["AgentCard Component","Agent Type Badges"],"duration":5,"failing":false,"failureDetails":[],"failureMessages":[],"fullName":"AgentCard Component Agent Type Badges should show default badge for unknown agent type","invocations":1,"location":null,"numPassingAsserts":2,"retryReasons":[],"startAt":1763998674276,"status":"passed","title":"should show default badge for unknown agent type"},{"ancestorTitles":["AgentCard Component","Click Interaction"],"duration":13,"failing":false,"failureDetails":[],"failureMessages":[],"fullName":"AgentCard Component Click Interaction should call onAgentClick when card is clicked","invocations":1,"location":null,"numPassingAsserts":2,"retryReasons":[],"startAt":1763998674282,"status":"passed","title":"should call onAgentClick when card is clicked"},{"ancestorTitles":["AgentCard Component","Click Interaction"],"duration":6,"failing":false,"failureDetails":[],"failureMessages":[],"fullName":"AgentCard Component Click Interaction should handle optional onAgentClick callback","invocations":1,"location":null,"numPassingAsserts":1,"retryReasons":[],"startAt":1763998674295,"status":"passed","title":"should handle optional onAgentClick callback"},{"ancestorTitles":["AgentCard Component","Status Indicator"],"duration":21,"failing":false,"failureDetails":[],"failureMessages":[],"fullName":"AgentCard Component Status Indicator should show animated pulse dot for all statuses","invocations":1,"location":null,"numPassingAsserts":6,"retryReasons":[],"startAt":1763998674301,"status":"passed","title":"should show animated pulse dot for all statuses"},{"ancestorTitles":["AgentCard Component","Responsive Design"],"duration":6,"failing":false,"failureDetails":[],"failureMessages":[],"fullName":"AgentCard Component Responsive Design should have proper styling classes for responsiveness","invocations":1,"location":null,"numPassingAsserts":3,"retryReasons":[],"startAt":1763998674322,"status":"passed","title":"should have proper styling classes for responsiveness"},{"ancestorTitles":["AgentCard Component","Responsive Design"],"duration":8,"failing":false,"failureDetails":[],"failureMessages":[],"fullName":"AgentCard Component Responsive Design should truncate long agent IDs","invocations":1,"location":null,"numPassingAsserts":2,"retryReasons":[],"startAt":1763998674328,"status":"passed","title":"should truncate long agent IDs"},{"ancestorTitles":["AgentCard Component","Edge Cases"],"duration":4,"failing":false,"failureDetails":[],"failureMessages":[],"fullName":"AgentCard Component Edge Cases should handle zero tasks completed","invocations":1,"location":null,"numPassingAsserts":1,"retryReasons":[],"startAt":1763998674336,"status":"passed","title":"should handle zero tasks completed"},{"ancestorTitles":["AgentCard Component","Edge Cases"],"duration":7,"failing":false,"failureDetails":[],"failureMessages":[],"fullName":"AgentCard Component Edge Cases should handle large tasks completed number","invocations":1,"location":null,"numPassingAsserts":1,"retryReasons":[],"startAt":1763998674340,"status":"passed","title":"should handle large tasks completed number"},{"ancestorTitles":["AgentCard Component","Edge Cases"],"duration":4,"failing":false,"failureDetails":[],"failureMessages":[],"fullName":"AgentCard Component Edge Cases should handle undefined currentTask gracefully","invocations":1,"location":null,"numPassingAsserts":1,"retryReasons":[],"startAt":1763998674347,"status":"passed","title":"should handle undefined currentTask gracefully"},{"ancestorTitles":["AgentCard Component","Edge Cases"],"duration":3,"failing":false,"failureDetails":[],"failureMessages":[],"fullName":"AgentCard Component Edge Cases should handle empty blockedBy array","invocations":1,"location":null,"numPassingAsserts":1,"retryReasons":[],"startAt":1763998674351,"status":"passed","title":"should handle empty blockedBy array"}],"endTime":1763998674357,"message":"","name":"/home/frankbria/projects/codeframe/web-ui/src/components/AgentCard.test.tsx","startTime":1763998672427,"status":"passed","summary":""},{"assertionResults":[{"ancestorTitles":["ProgressBar Component","Rendering and Width"],"duration":112,"failing":false,"failureDetails":[],"failureMessages":[],"fullName":"ProgressBar Component Rendering and Width should render with correct width for percentage","invocations":1,"location":null,"numPassingAsserts":1,"retryReasons":[],"startAt":1763998673885,"status":"passed","title":"should render with correct width for percentage"},{"ancestorTitles":["ProgressBar Component","Rendering and Width"],"duration":23,"failing":false,"failureDetails":[],"failureMessages":[],"fullName":"ProgressBar Component Rendering and Width should render with 0% width","invocations":1,"location":null,"numPassingAsserts":1,"retryReasons":[],"startAt":1763998673998,"status":"passed","title":"should render with 0% width"},{"ancestorTitles":["ProgressBar Component","Rendering and Width"],"duration":14,"failing":false,"failureDetails":[],"failureMessages":[],"fullName":"ProgressBar Component Rendering and Width should render with 100% width","invocations":1,"location":null,"numPassingAsserts":1,"retryReasons":[],"startAt":1763998674033,"status":"passed","title":"should render with 100% width"},{"ancestorTitles":["ProgressBar Component","Rendering and Width"],"duration":12,"failing":false,"failureDetails":[],"failureMessages":[],"fullName":"ProgressBar Component Rendering and Width should handle invalid percentage (negative) by clamping to 0","invocations":1,"location":null,"numPassingAsserts":1,"retryReasons":[],"startAt":1763998674047,"status":"passed","title":"should handle invalid percentage (negative) by clamping to 0"},{"ancestorTitles":["ProgressBar Component","Rendering and Width"],"duration":10,"failing":false,"failureDetails":[],"failureMessages":[],"fullName":"ProgressBar Component Rendering and Width should handle invalid percentage (>100) by clamping to 100","invocations":1,"location":null,"numPassingAsserts":1,"retryReasons":[],"startAt":1763998674060,"status":"passed","title":"should handle invalid percentage (>100) by clamping to 100"},{"ancestorTitles":["ProgressBar Component","Color Coding"],"duration":6,"failing":false,"failureDetails":[],"failureMessages":[],"fullName":"ProgressBar Component Color Coding should display green color when percentage > 75","invocations":1,"location":null,"numPassingAsserts":1,"retryReasons":[],"startAt":1763998674070,"status":"passed","title":"should display green color when percentage > 75"},{"ancestorTitles":["ProgressBar Component","Color Coding"],"duration":6,"failing":false,"failureDetails":[],"failureMessages":[],"fullName":"ProgressBar Component Color Coding should display yellow color when percentage is 25-75","invocations":1,"location":null,"numPassingAsserts":1,"retryReasons":[],"startAt":1763998674076,"status":"passed","title":"should display yellow color when percentage is 25-75"},{"ancestorTitles":["ProgressBar Component","Color Coding"],"duration":11,"failing":false,"failureDetails":[],"failureMessages":[],"fullName":"ProgressBar Component Color Coding should display yellow color at exactly 25%","invocations":1,"location":null,"numPassingAsserts":1,"retryReasons":[],"startAt":1763998674083,"status":"passed","title":"should display yellow color at exactly 25%"},{"ancestorTitles":["ProgressBar Component","Color Coding"],"duration":14,"failing":false,"failureDetails":[],"failureMessages":[],"fullName":"ProgressBar Component Color Coding should display yellow color at exactly 75%","invocations":1,"location":null,"numPassingAsserts":1,"retryReasons":[],"startAt":1763998674094,"status":"passed","title":"should display yellow color at exactly 75%"},{"ancestorTitles":["ProgressBar Component","Color Coding"],"duration":7,"failing":false,"failureDetails":[],"failureMessages":[],"fullName":"ProgressBar Component Color Coding should display red color when percentage < 25","invocations":1,"location":null,"numPassingAsserts":1,"retryReasons":[],"startAt":1763998674113,"status":"passed","title":"should display red color when percentage < 25"},{"ancestorTitles":["ProgressBar Component","Percentage Text Display"],"duration":29,"failing":false,"failureDetails":[],"failureMessages":[],"fullName":"ProgressBar Component Percentage Text Display should display percentage text when showPercentage is true","invocations":1,"location":null,"numPassingAsserts":1,"retryReasons":[],"startAt":1763998674121,"status":"passed","title":"should display percentage text when showPercentage is true"},{"ancestorTitles":["ProgressBar Component","Percentage Text Display"],"duration":8,"failing":false,"failureDetails":[],"failureMessages":[],"fullName":"ProgressBar Component Percentage Text Display should not display percentage text when showPercentage is false","invocations":1,"location":null,"numPassingAsserts":1,"retryReasons":[],"startAt":1763998674150,"status":"passed","title":"should not display percentage text when showPercentage is false"},{"ancestorTitles":["ProgressBar Component","Percentage Text Display"],"duration":11,"failing":false,"failureDetails":[],"failureMessages":[],"fullName":"ProgressBar Component Percentage Text Display should not display percentage text by default (showPercentage undefined)","invocations":1,"location":null,"numPassingAsserts":1,"retryReasons":[],"startAt":1763998674159,"status":"passed","title":"should not display percentage text by default (showPercentage undefined)"},{"ancestorTitles":["ProgressBar Component","Percentage Text Display"],"duration":15,"failing":false,"failureDetails":[],"failureMessages":[],"fullName":"ProgressBar Component Percentage Text Display should display 0% when showPercentage is true and percentage is 0","invocations":1,"location":null,"numPassingAsserts":1,"retryReasons":[],"startAt":1763998674170,"status":"passed","title":"should display 0% when showPercentage is true and percentage is 0"},{"ancestorTitles":["ProgressBar Component","Percentage Text Display"],"duration":8,"failing":false,"failureDetails":[],"failureMessages":[],"fullName":"ProgressBar Component Percentage Text Display should display 100% when showPercentage is true and percentage is 100","invocations":1,"location":null,"numPassingAsserts":1,"retryReasons":[],"startAt":1763998674186,"status":"passed","title":"should display 100% when showPercentage is true and percentage is 100"},{"ancestorTitles":["ProgressBar Component","Label Display"],"duration":9,"failing":false,"failureDetails":[],"failureMessages":[],"fullName":"ProgressBar Component Label Display should display label when provided","invocations":1,"location":null,"numPassingAsserts":1,"retryReasons":[],"startAt":1763998674195,"status":"passed","title":"should display label when provided"},{"ancestorTitles":["ProgressBar Component","Label Display"],"duration":12,"failing":false,"failureDetails":[],"failureMessages":[],"fullName":"ProgressBar Component Label Display should not display label when not provided","invocations":1,"location":null,"numPassingAsserts":1,"retryReasons":[],"startAt":1763998674204,"status":"passed","title":"should not display label when not provided"},{"ancestorTitles":["ProgressBar Component","Label Display"],"duration":13,"failing":false,"failureDetails":[],"failureMessages":[],"fullName":"ProgressBar Component Label Display should display both label and percentage when both provided","invocations":1,"location":null,"numPassingAsserts":2,"retryReasons":[],"startAt":1763998674221,"status":"passed","title":"should display both label and percentage when both provided"},{"ancestorTitles":["ProgressBar Component","Accessibility"],"duration":94,"failing":false,"failureDetails":[],"failureMessages":[],"fullName":"ProgressBar Component Accessibility should have proper ARIA role","invocations":1,"location":null,"numPassingAsserts":1,"retryReasons":[],"startAt":1763998674234,"status":"passed","title":"should have proper ARIA role"},{"ancestorTitles":["ProgressBar Component","Accessibility"],"duration":14,"failing":false,"failureDetails":[],"failureMessages":[],"fullName":"ProgressBar Component Accessibility should have aria-valuenow attribute","invocations":1,"location":null,"numPassingAsserts":1,"retryReasons":[],"startAt":1763998674328,"status":"passed","title":"should have aria-valuenow attribute"},{"ancestorTitles":["ProgressBar Component","Accessibility"],"duration":9,"failing":false,"failureDetails":[],"failureMessages":[],"fullName":"ProgressBar Component Accessibility should have aria-valuemin attribute set to 0","invocations":1,"location":null,"numPassingAsserts":1,"retryReasons":[],"startAt":1763998674350,"status":"passed","title":"should have aria-valuemin attribute set to 0"},{"ancestorTitles":["ProgressBar Component","Accessibility"],"duration":8,"failing":false,"failureDetails":[],"failureMessages":[],"fullName":"ProgressBar Component Accessibility should have aria-valuemax attribute set to 100","invocations":1,"location":null,"numPassingAsserts":1,"retryReasons":[],"startAt":1763998674359,"status":"passed","title":"should have aria-valuemax attribute set to 100"},{"ancestorTitles":["ProgressBar Component","Accessibility"],"duration":6,"failing":false,"failureDetails":[],"failureMessages":[],"fullName":"ProgressBar Component Accessibility should have aria-label when label is provided","invocations":1,"location":null,"numPassingAsserts":1,"retryReasons":[],"startAt":1763998674367,"status":"passed","title":"should have aria-label when label is provided"},{"ancestorTitles":["ProgressBar Component","Accessibility"],"duration":5,"failing":false,"failureDetails":[],"failureMessages":[],"fullName":"ProgressBar Component Accessibility should have default aria-label when no label provided","invocations":1,"location":null,"numPassingAsserts":1,"retryReasons":[],"startAt":1763998674373,"status":"passed","title":"should have default aria-label when no label provided"},{"ancestorTitles":["ProgressBar Component","Responsive Design"],"duration":4,"failing":false,"failureDetails":[],"failureMessages":[],"fullName":"ProgressBar Component Responsive Design should render with full width container","invocations":1,"location":null,"numPassingAsserts":1,"retryReasons":[],"startAt":1763998674378,"status":"passed","title":"should render with full width container"},{"ancestorTitles":["ProgressBar Component","Responsive Design"],"duration":4,"failing":false,"failureDetails":[],"failureMessages":[],"fullName":"ProgressBar Component Responsive Design should maintain structure with small percentages on mobile","invocations":1,"location":null,"numPassingAsserts":2,"retryReasons":[],"startAt":1763998674382,"status":"passed","title":"should maintain structure with small percentages on mobile"}],"endTime":1763998674391,"message":"","name":"/home/frankbria/projects/codeframe/web-ui/src/components/__tests__/ProgressBar.test.tsx","startTime":1763998672442,"status":"passed","summary":""},{"assertionResults":[{"ancestorTitles":["ContextTierChart","Rendering with Valid Data"],"duration":87,"failing":false,"failureDetails":[],"failureMessages":[],"fullName":"ContextTierChart Rendering with Valid Data test_renders_chart_title","invocations":1,"location":null,"numPassingAsserts":1,"retryReasons":[],"startAt":1763998673860,"status":"passed","title":"test_renders_chart_title"},{"ancestorTitles":["ContextTierChart","Rendering with Valid Data"],"duration":24,"failing":false,"failureDetails":[],"failureMessages":[],"fullName":"ContextTierChart Rendering with Valid Data test_renders_all_tier_bars","invocations":1,"location":null,"numPassingAsserts":4,"retryReasons":[],"startAt":1763998673948,"status":"passed","title":"test_renders_all_tier_bars"},{"ancestorTitles":["ContextTierChart","Rendering with Valid Data"],"duration":20,"failing":false,"failureDetails":[],"failureMessages":[],"fullName":"ContextTierChart Rendering with Valid Data test_chart_bar_widths_calculated_correctly","invocations":1,"location":null,"numPassingAsserts":3,"retryReasons":[],"startAt":1763998673972,"status":"passed","title":"test_chart_bar_widths_calculated_correctly"},{"ancestorTitles":["ContextTierChart","Rendering with Valid Data"],"duration":16,"failing":false,"failureDetails":[],"failureMessages":[],"fullName":"ContextTierChart Rendering with Valid Data test_chart_bars_have_hover_titles","invocations":1,"location":null,"numPassingAsserts":3,"retryReasons":[],"startAt":1763998673992,"status":"passed","title":"test_chart_bars_have_hover_titles"},{"ancestorTitles":["ContextTierChart","Tier Counts Display"],"duration":24,"failing":false,"failureDetails":[],"failureMessages":[],"fullName":"ContextTierChart Tier Counts Display test_displays_hot_tier_count","invocations":1,"location":null,"numPassingAsserts":1,"retryReasons":[],"startAt":1763998674008,"status":"passed","title":"test_displays_hot_tier_count"},{"ancestorTitles":["ContextTierChart","Tier Counts Display"],"duration":33,"failing":false,"failureDetails":[],"failureMessages":[],"fullName":"ContextTierChart Tier Counts Display test_displays_warm_tier_count","invocations":1,"location":null,"numPassingAsserts":1,"retryReasons":[],"startAt":1763998674033,"status":"passed","title":"test_displays_warm_tier_count"},{"ancestorTitles":["ContextTierChart","Tier Counts Display"],"duration":9,"failing":false,"failureDetails":[],"failureMessages":[],"fullName":"ContextTierChart Tier Counts Display test_displays_cold_tier_count","invocations":1,"location":null,"numPassingAsserts":1,"retryReasons":[],"startAt":1763998674067,"status":"passed","title":"test_displays_cold_tier_count"},{"ancestorTitles":["ContextTierChart","Tier Counts Display"],"duration":14,"failing":false,"failureDetails":[],"failureMessages":[],"fullName":"ContextTierChart Tier Counts Display test_percentage_formatting_one_decimal_place","invocations":1,"location":null,"numPassingAsserts":3,"retryReasons":[],"startAt":1763998674076,"status":"passed","title":"test_percentage_formatting_one_decimal_place"},{"ancestorTitles":["ContextTierChart","Tier Counts Display"],"duration":15,"failing":false,"failureDetails":[],"failureMessages":[],"fullName":"ContextTierChart Tier Counts Display test_handles_decimal_percentages","invocations":1,"location":null,"numPassingAsserts":3,"retryReasons":[],"startAt":1763998674091,"status":"passed","title":"test_handles_decimal_percentages"},{"ancestorTitles":["ContextTierChart","Legend Display"],"duration":24,"failing":false,"failureDetails":[],"failureMessages":[],"fullName":"ContextTierChart Legend Display test_legend_shows_all_tiers","invocations":1,"location":null,"numPassingAsserts":3,"retryReasons":[],"startAt":1763998674106,"status":"passed","title":"test_legend_shows_all_tiers"},{"ancestorTitles":["ContextTierChart","Legend Display"],"duration":12,"failing":false,"failureDetails":[],"failureMessages":[],"fullName":"ContextTierChart Legend Display test_legend_color_indicators_present","invocations":1,"location":null,"numPassingAsserts":1,"retryReasons":[],"startAt":1763998674131,"status":"passed","title":"test_legend_color_indicators_present"},{"ancestorTitles":["ContextTierChart","Legend Display"],"duration":8,"failing":false,"failureDetails":[],"failureMessages":[],"fullName":"ContextTierChart Legend Display test_legend_labels_match_tier_data","invocations":1,"location":null,"numPassingAsserts":3,"retryReasons":[],"startAt":1763998674143,"status":"passed","title":"test_legend_labels_match_tier_data"},{"ancestorTitles":["ContextTierChart","Token Distribution"],"duration":23,"failing":false,"failureDetails":[],"failureMessages":[],"fullName":"ContextTierChart Token Distribution test_displays_token_breakdown_section","invocations":1,"location":null,"numPassingAsserts":1,"retryReasons":[],"startAt":1763998674152,"status":"passed","title":"test_displays_token_breakdown_section"},{"ancestorTitles":["ContextTierChart","Token Distribution"],"duration":8,"failing":false,"failureDetails":[],"failureMessages":[],"fullName":"ContextTierChart Token Distribution test_displays_hot_token_count","invocations":1,"location":null,"numPassingAsserts":1,"retryReasons":[],"startAt":1763998674175,"status":"passed","title":"test_displays_hot_token_count"},{"ancestorTitles":["ContextTierChart","Token Distribution"],"duration":11,"failing":false,"failureDetails":[],"failureMessages":[],"fullName":"ContextTierChart Token Distribution test_displays_warm_token_count","invocations":1,"location":null,"numPassingAsserts":1,"retryReasons":[],"startAt":1763998674183,"status":"passed","title":"test_displays_warm_token_count"},{"ancestorTitles":["ContextTierChart","Token Distribution"],"duration":9,"failing":false,"failureDetails":[],"failureMessages":[],"fullName":"ContextTierChart Token Distribution test_displays_cold_token_count","invocations":1,"location":null,"numPassingAsserts":1,"retryReasons":[],"startAt":1763998674194,"status":"passed","title":"test_displays_cold_token_count"},{"ancestorTitles":["ContextTierChart","Token Distribution"],"duration":14,"failing":false,"failureDetails":[],"failureMessages":[],"fullName":"ContextTierChart Token Distribution test_token_counts_formatted_with_commas","invocations":1,"location":null,"numPassingAsserts":3,"retryReasons":[],"startAt":1763998674203,"status":"passed","title":"test_token_counts_formatted_with_commas"},{"ancestorTitles":["ContextTierChart","Token Distribution"],"duration":12,"failing":false,"failureDetails":[],"failureMessages":[],"fullName":"ContextTierChart Token Distribution test_token_percentages_calculated_correctly","invocations":1,"location":null,"numPassingAsserts":3,"retryReasons":[],"startAt":1763998674217,"status":"passed","title":"test_token_percentages_calculated_correctly"},{"ancestorTitles":["ContextTierChart","Token Distribution"],"duration":12,"failing":false,"failureDetails":[],"failureMessages":[],"fullName":"ContextTierChart Token Distribution test_token_list_has_tier_specific_classes","invocations":1,"location":null,"numPassingAsserts":3,"retryReasons":[],"startAt":1763998674229,"status":"passed","title":"test_token_list_has_tier_specific_classes"},{"ancestorTitles":["ContextTierChart","Empty/Zero Data Handling"],"duration":2,"failing":false,"failureDetails":[],"failureMessages":[],"fullName":"ContextTierChart Empty/Zero Data Handling test_shows_empty_state_when_no_items","invocations":1,"location":null,"numPassingAsserts":1,"retryReasons":[],"startAt":1763998674241,"status":"passed","title":"test_shows_empty_state_when_no_items"},{"ancestorTitles":["ContextTierChart","Empty/Zero Data Handling"],"duration":5,"failing":false,"failureDetails":[],"failureMessages":[],"fullName":"ContextTierChart Empty/Zero Data Handling test_no_chart_bars_when_empty","invocations":1,"location":null,"numPassingAsserts":1,"retryReasons":[],"startAt":1763998674244,"status":"passed","title":"test_no_chart_bars_when_empty"},{"ancestorTitles":["ContextTierChart","Empty/Zero Data Handling"],"duration":2,"failing":false,"failureDetails":[],"failureMessages":[],"fullName":"ContextTierChart Empty/Zero Data Handling test_no_legend_when_empty","invocations":1,"location":null,"numPassingAsserts":1,"retryReasons":[],"startAt":1763998674250,"status":"passed","title":"test_no_legend_when_empty"},{"ancestorTitles":["ContextTierChart","Empty/Zero Data Handling"],"duration":20,"failing":false,"failureDetails":[],"failureMessages":[],"fullName":"ContextTierChart Empty/Zero Data Handling test_zero_percentage_when_zero_tokens","invocations":1,"location":null,"numPassingAsserts":3,"retryReasons":[],"startAt":1763998674252,"status":"passed","title":"test_zero_percentage_when_zero_tokens"},{"ancestorTitles":["ContextTierChart","Empty/Zero Data Handling"],"duration":23,"failing":false,"failureDetails":[],"failureMessages":[],"fullName":"ContextTierChart Empty/Zero Data Handling test_handles_zero_hot_count","invocations":1,"location":null,"numPassingAsserts":4,"retryReasons":[],"startAt":1763998674279,"status":"passed","title":"test_handles_zero_hot_count"},{"ancestorTitles":["ContextTierChart","Empty/Zero Data Handling"],"duration":14,"failing":false,"failureDetails":[],"failureMessages":[],"fullName":"ContextTierChart Empty/Zero Data Handling test_handles_zero_warm_count","invocations":1,"location":null,"numPassingAsserts":4,"retryReasons":[],"startAt":1763998674303,"status":"passed","title":"test_handles_zero_warm_count"},{"ancestorTitles":["ContextTierChart","Empty/Zero Data Handling"],"duration":20,"failing":false,"failureDetails":[],"failureMessages":[],"fullName":"ContextTierChart Empty/Zero Data Handling test_handles_zero_cold_count","invocations":1,"location":null,"numPassingAsserts":4,"retryReasons":[],"startAt":1763998674331,"status":"passed","title":"test_handles_zero_cold_count"},{"ancestorTitles":["ContextTierChart","Edge Cases"],"duration":7,"failing":false,"failureDetails":[],"failureMessages":[],"fullName":"ContextTierChart Edge Cases test_handles_single_item","invocations":1,"location":null,"numPassingAsserts":2,"retryReasons":[],"startAt":1763998674351,"status":"passed","title":"test_handles_single_item"},{"ancestorTitles":["ContextTierChart","Edge Cases"],"duration":4,"failing":false,"failureDetails":[],"failureMessages":[],"fullName":"ContextTierChart Edge Cases test_handles_very_large_counts","invocations":1,"location":null,"numPassingAsserts":2,"retryReasons":[],"startAt":1763998674359,"status":"passed","title":"test_handles_very_large_counts"},{"ancestorTitles":["ContextTierChart","Edge Cases"],"duration":5,"failing":false,"failureDetails":[],"failureMessages":[],"fullName":"ContextTierChart Edge Cases test_handles_100_percent_hot","invocations":1,"location":null,"numPassingAsserts":2,"retryReasons":[],"startAt":1763998674363,"status":"passed","title":"test_handles_100_percent_hot"},{"ancestorTitles":["ContextTierChart","Edge Cases"],"duration":6,"failing":false,"failureDetails":[],"failureMessages":[],"fullName":"ContextTierChart Edge Cases test_handles_fractional_item_counts","invocations":1,"location":null,"numPassingAsserts":3,"retryReasons":[],"startAt":1763998674368,"status":"passed","title":"test_handles_fractional_item_counts"},{"ancestorTitles":["ContextTierChart","Color Coding"],"duration":5,"failing":false,"failureDetails":[],"failureMessages":[],"fullName":"ContextTierChart Color Coding test_hot_tier_uses_hot_class","invocations":1,"location":null,"numPassingAsserts":3,"retryReasons":[],"startAt":1763998674374,"status":"passed","title":"test_hot_tier_uses_hot_class"},{"ancestorTitles":["ContextTierChart","Color Coding"],"duration":7,"failing":false,"failureDetails":[],"failureMessages":[],"fullName":"ContextTierChart Color Coding test_warm_tier_uses_warm_class","invocations":1,"location":null,"numPassingAsserts":3,"retryReasons":[],"startAt":1763998674379,"status":"passed","title":"test_warm_tier_uses_warm_class"},{"ancestorTitles":["ContextTierChart","Color Coding"],"duration":7,"failing":false,"failureDetails":[],"failureMessages":[],"fullName":"ContextTierChart Color Coding test_cold_tier_uses_cold_class","invocations":1,"location":null,"numPassingAsserts":3,"retryReasons":[],"startAt":1763998674386,"status":"passed","title":"test_cold_tier_uses_cold_class"},{"ancestorTitles":["ContextTierChart","Component Structure"],"duration":6,"failing":false,"failureDetails":[],"failureMessages":[],"fullName":"ContextTierChart Component Structure test_has_correct_root_class","invocations":1,"location":null,"numPassingAsserts":1,"retryReasons":[],"startAt":1763998674394,"status":"passed","title":"test_has_correct_root_class"},{"ancestorTitles":["ContextTierChart","Component Structure"],"duration":6,"failing":false,"failureDetails":[],"failureMessages":[],"fullName":"ContextTierChart Component Structure test_chart_bar_container_exists","invocations":1,"location":null,"numPassingAsserts":1,"retryReasons":[],"startAt":1763998674400,"status":"passed","title":"test_chart_bar_container_exists"},{"ancestorTitles":["ContextTierChart","Component Structure"],"duration":6,"failing":false,"failureDetails":[],"failureMessages":[],"fullName":"ContextTierChart Component Structure test_token_breakdown_section_exists","invocations":1,"location":null,"numPassingAsserts":1,"retryReasons":[],"startAt":1763998674406,"status":"passed","title":"test_token_breakdown_section_exists"},{"ancestorTitles":["ContextTierChart","Component Structure"],"duration":10,"failing":false,"failureDetails":[],"failureMessages":[],"fullName":"ContextTierChart Component Structure test_renders_as_single_component","invocations":1,"location":null,"numPassingAsserts":1,"retryReasons":[],"startAt":1763998674418,"status":"passed","title":"test_renders_as_single_component"}],"endTime":1763998674444,"message":"","name":"/home/frankbria/projects/codeframe/web-ui/__tests__/components/context/ContextTierChart.test.tsx","startTime":1763998672439,"status":"passed","summary":""},{"assertionResults":[{"ancestorTitles":["Discovery Answer Flow - Integration Tests","Full Submission Flow (T085)"],"duration":341,"failing":false,"failureDetails":[],"failureMessages":[],"fullName":"Discovery Answer Flow - Integration Tests Full Submission Flow (T085) should complete full flow: type → submit → next question","invocations":1,"location":null,"numPassingAsserts":17,"retryReasons":[],"startAt":1763998673947,"status":"passed","title":"should complete full flow: type → submit → next question"},{"ancestorTitles":["Discovery Answer Flow - Integration Tests","Full Submission Flow (T085)"],"duration":102,"failing":false,"failureDetails":[],"failureMessages":[],"fullName":"Discovery Answer Flow - Integration Tests Full Submission Flow (T085) should handle multiple consecutive submissions","invocations":1,"location":null,"numPassingAsserts":8,"retryReasons":[],"startAt":1763998674289,"status":"passed","title":"should handle multiple consecutive submissions"},{"ancestorTitles":["Discovery Answer Flow - Integration Tests","Error Recovery Flow (T086)"],"duration":56,"failing":false,"failureDetails":[],"failureMessages":[],"fullName":"Discovery Answer Flow - Integration Tests Error Recovery Flow (T086) should recover from error → fix → successful retry","invocations":1,"location":null,"numPassingAsserts":14,"retryReasons":[],"startAt":1763998674392,"status":"passed","title":"should recover from error → fix → successful retry"},{"ancestorTitles":["Discovery Answer Flow - Integration Tests","Error Recovery Flow (T086)"],"duration":72,"failing":false,"failureDetails":[],"failureMessages":[],"fullName":"Discovery Answer Flow - Integration Tests Error Recovery Flow (T086) should handle network error recovery","invocations":1,"location":null,"numPassingAsserts":6,"retryReasons":[],"startAt":1763998674449,"status":"passed","title":"should handle network error recovery"}],"endTime":1763998674522,"message":"","name":"/home/frankbria/projects/codeframe/web-ui/__tests__/integration/discovery-answer-flow.test.tsx","startTime":1763998672383,"status":"passed","summary":""},{"assertionResults":[{"ancestorTitles":["Timestamp Utils","parseTimestamp"],"duration":2,"failing":false,"failureDetails":[],"failureMessages":[],"fullName":"Timestamp Utils parseTimestamp should return Unix milliseconds when given a number","invocations":1,"location":null,"numPassingAsserts":1,"retryReasons":[],"startAt":1763998674489,"status":"passed","title":"should return Unix milliseconds when given a number"},{"ancestorTitles":["Timestamp Utils","parseTimestamp"],"duration":1,"failing":false,"failureDetails":[],"failureMessages":[],"fullName":"Timestamp Utils parseTimestamp should parse ISO 8601 string to Unix milliseconds","invocations":1,"location":null,"numPassingAsserts":1,"retryReasons":[],"startAt":1763998674491,"status":"passed","title":"should parse ISO 8601 string to Unix milliseconds"},{"ancestorTitles":["Timestamp Utils","parseTimestamp"],"duration":0,"failing":false,"failureDetails":[],"failureMessages":[],"fullName":"Timestamp Utils parseTimestamp should handle ISO strings with timezone offsets","invocations":1,"location":null,"numPassingAsserts":1,"retryReasons":[],"startAt":1763998674492,"status":"passed","title":"should handle ISO strings with timezone offsets"},{"ancestorTitles":["Timestamp Utils","parseTimestamp"],"duration":0,"failing":false,"failureDetails":[],"failureMessages":[],"fullName":"Timestamp Utils parseTimestamp should handle ISO strings with milliseconds","invocations":1,"location":null,"numPassingAsserts":1,"retryReasons":[],"startAt":1763998674493,"status":"passed","title":"should handle ISO strings with milliseconds"},{"ancestorTitles":["Timestamp Utils","parseTimestamp"],"duration":2,"failing":false,"failureDetails":[],"failureMessages":[],"fullName":"Timestamp Utils parseTimestamp should handle date-only ISO strings","invocations":1,"location":null,"numPassingAsserts":2,"retryReasons":[],"startAt":1763998674493,"status":"passed","title":"should handle date-only ISO strings"},{"ancestorTitles":["Timestamp Utils","parseTimestamp"],"duration":0,"failing":false,"failureDetails":[],"failureMessages":[],"fullName":"Timestamp Utils parseTimestamp should handle zero timestamp","invocations":1,"location":null,"numPassingAsserts":1,"retryReasons":[],"startAt":1763998674495,"status":"passed","title":"should handle zero timestamp"},{"ancestorTitles":["Timestamp Utils","parseTimestamp"],"duration":1,"failing":false,"failureDetails":[],"failureMessages":[],"fullName":"Timestamp Utils parseTimestamp should handle epoch start timestamp","invocations":1,"location":null,"numPassingAsserts":1,"retryReasons":[],"startAt":1763998674495,"status":"passed","title":"should handle epoch start timestamp"},{"ancestorTitles":["Timestamp Utils","parseTimestamp"],"duration":1,"failing":false,"failureDetails":[],"failureMessages":[],"fullName":"Timestamp Utils parseTimestamp should handle very large timestamps (far future)","invocations":1,"location":null,"numPassingAsserts":2,"retryReasons":[],"startAt":1763998674496,"status":"passed","title":"should handle very large timestamps (far future)"},{"ancestorTitles":["Timestamp Utils","parseTimestamp"],"duration":0,"failing":false,"failureDetails":[],"failureMessages":[],"fullName":"Timestamp Utils parseTimestamp should return NaN for invalid date strings","invocations":1,"location":null,"numPassingAsserts":1,"retryReasons":[],"startAt":1763998674497,"status":"passed","title":"should return NaN for invalid date strings"},{"ancestorTitles":["Timestamp Utils","parseTimestamp"],"duration":0,"failing":false,"failureDetails":[],"failureMessages":[],"fullName":"Timestamp Utils parseTimestamp should handle empty string as invalid","invocations":1,"location":null,"numPassingAsserts":1,"retryReasons":[],"startAt":1763998674498,"status":"passed","title":"should handle empty string as invalid"},{"ancestorTitles":["Timestamp Utils","getCurrentTimestamp"],"duration":1,"failing":false,"failureDetails":[],"failureMessages":[],"fullName":"Timestamp Utils getCurrentTimestamp should return current time in Unix milliseconds","invocations":1,"location":null,"numPassingAsserts":1,"retryReasons":[],"startAt":1763998674498,"status":"passed","title":"should return current time in Unix milliseconds"},{"ancestorTitles":["Timestamp Utils","getCurrentTimestamp"],"duration":0,"failing":false,"failureDetails":[],"failureMessages":[],"fullName":"Timestamp Utils getCurrentTimestamp should return a positive number","invocations":1,"location":null,"numPassingAsserts":1,"retryReasons":[],"startAt":1763998674499,"status":"passed","title":"should return a positive number"},{"ancestorTitles":["Timestamp Utils","getCurrentTimestamp"],"duration":1,"failing":false,"failureDetails":[],"failureMessages":[],"fullName":"Timestamp Utils getCurrentTimestamp should return a timestamp in milliseconds (not seconds)","invocations":1,"location":null,"numPassingAsserts":1,"retryReasons":[],"startAt":1763998674499,"status":"passed","title":"should return a timestamp in milliseconds (not seconds)"},{"ancestorTitles":["Timestamp Utils","getCurrentTimestamp"],"duration":1,"failing":false,"failureDetails":[],"failureMessages":[],"fullName":"Timestamp Utils getCurrentTimestamp should return consistent value when Date.now is mocked","invocations":1,"location":null,"numPassingAsserts":1,"retryReasons":[],"startAt":1763998674500,"status":"passed","title":"should return consistent value when Date.now is mocked"},{"ancestorTitles":["Timestamp Utils","isNewerTimestamp"],"duration":1,"failing":false,"failureDetails":[],"failureMessages":[],"fullName":"Timestamp Utils isNewerTimestamp should return true when first timestamp is newer","invocations":1,"location":null,"numPassingAsserts":1,"retryReasons":[],"startAt":1763998674501,"status":"passed","title":"should return true when first timestamp is newer"},{"ancestorTitles":["Timestamp Utils","isNewerTimestamp"],"duration":0,"failing":false,"failureDetails":[],"failureMessages":[],"fullName":"Timestamp Utils isNewerTimestamp should return false when first timestamp is older","invocations":1,"location":null,"numPassingAsserts":1,"retryReasons":[],"startAt":1763998674502,"status":"passed","title":"should return false when first timestamp is older"},{"ancestorTitles":["Timestamp Utils","isNewerTimestamp"],"duration":1,"failing":false,"failureDetails":[],"failureMessages":[],"fullName":"Timestamp Utils isNewerTimestamp should return false when timestamps are equal","invocations":1,"location":null,"numPassingAsserts":1,"retryReasons":[],"startAt":1763998674502,"status":"passed","title":"should return false when timestamps are equal"},{"ancestorTitles":["Timestamp Utils","isNewerTimestamp"],"duration":0,"failing":false,"failureDetails":[],"failureMessages":[],"fullName":"Timestamp Utils isNewerTimestamp should handle very small time differences (1ms)","invocations":1,"location":null,"numPassingAsserts":2,"retryReasons":[],"startAt":1763998674503,"status":"passed","title":"should handle very small time differences (1ms)"},{"ancestorTitles":["Timestamp Utils","isNewerTimestamp"],"duration":1,"failing":false,"failureDetails":[],"failureMessages":[],"fullName":"Timestamp Utils isNewerTimestamp should handle large time differences","invocations":1,"location":null,"numPassingAsserts":1,"retryReasons":[],"startAt":1763998674503,"status":"passed","title":"should handle large time differences"},{"ancestorTitles":["Timestamp Utils","isNewerTimestamp"],"duration":0,"failing":false,"failureDetails":[],"failureMessages":[],"fullName":"Timestamp Utils isNewerTimestamp should handle zero timestamps","invocations":1,"location":null,"numPassingAsserts":2,"retryReasons":[],"startAt":1763998674504,"status":"passed","title":"should handle zero timestamps"},{"ancestorTitles":["Timestamp Utils","isNewerTimestamp"],"duration":1,"failing":false,"failureDetails":[],"failureMessages":[],"fullName":"Timestamp Utils isNewerTimestamp should handle negative timestamps (before epoch)","invocations":1,"location":null,"numPassingAsserts":2,"retryReasons":[],"startAt":1763998674504,"status":"passed","title":"should handle negative timestamps (before epoch)"},{"ancestorTitles":["Timestamp Utils","isNewerTimestamp"],"duration":1,"failing":false,"failureDetails":[],"failureMessages":[],"fullName":"Timestamp Utils isNewerTimestamp should correctly resolve conflicts (last-write-wins)","invocations":1,"location":null,"numPassingAsserts":2,"retryReasons":[],"startAt":1763998674505,"status":"passed","title":"should correctly resolve conflicts (last-write-wins)"},{"ancestorTitles":["Timestamp Utils","formatTimestamp"],"duration":0,"failing":false,"failureDetails":[],"failureMessages":[],"fullName":"Timestamp Utils formatTimestamp should format Unix milliseconds to ISO 8601 string","invocations":1,"location":null,"numPassingAsserts":1,"retryReasons":[],"startAt":1763998674506,"status":"passed","title":"should format Unix milliseconds to ISO 8601 string"},{"ancestorTitles":["Timestamp Utils","formatTimestamp"],"duration":0,"failing":false,"failureDetails":[],"failureMessages":[],"fullName":"Timestamp Utils formatTimestamp should include milliseconds in output","invocations":1,"location":null,"numPassingAsserts":1,"retryReasons":[],"startAt":1763998674507,"status":"passed","title":"should include milliseconds in output"},{"ancestorTitles":["Timestamp Utils","formatTimestamp"],"duration":0,"failing":false,"failureDetails":[],"failureMessages":[],"fullName":"Timestamp Utils formatTimestamp should format zero timestamp as epoch start","invocations":1,"location":null,"numPassingAsserts":1,"retryReasons":[],"startAt":1763998674507,"status":"passed","title":"should format zero timestamp as epoch start"},{"ancestorTitles":["Timestamp Utils","formatTimestamp"],"duration":0,"failing":false,"failureDetails":[],"failureMessages":[],"fullName":"Timestamp Utils formatTimestamp should format negative timestamp (before epoch)","invocations":1,"location":null,"numPassingAsserts":1,"retryReasons":[],"startAt":1763998674508,"status":"passed","title":"should format negative timestamp (before epoch)"},{"ancestorTitles":["Timestamp Utils","formatTimestamp"],"duration":1,"failing":false,"failureDetails":[],"failureMessages":[],"fullName":"Timestamp Utils formatTimestamp should always use UTC timezone (Z suffix)","invocations":1,"location":null,"numPassingAsserts":1,"retryReasons":[],"startAt":1763998674508,"status":"passed","title":"should always use UTC timezone (Z suffix)"},{"ancestorTitles":["Timestamp Utils","formatTimestamp"],"duration":1,"failing":false,"failureDetails":[],"failureMessages":[],"fullName":"Timestamp Utils formatTimestamp should produce valid ISO 8601 format","invocations":1,"location":null,"numPassingAsserts":1,"retryReasons":[],"startAt":1763998674509,"status":"passed","title":"should produce valid ISO 8601 format"},{"ancestorTitles":["Timestamp Utils","formatTimestamp"],"duration":1,"failing":false,"failureDetails":[],"failureMessages":[],"fullName":"Timestamp Utils formatTimestamp should be reversible with parseTimestamp","invocations":1,"location":null,"numPassingAsserts":1,"retryReasons":[],"startAt":1763998674510,"status":"passed","title":"should be reversible with parseTimestamp"},{"ancestorTitles":["Timestamp Utils","formatTimestamp"],"duration":0,"failing":false,"failureDetails":[],"failureMessages":[],"fullName":"Timestamp Utils formatTimestamp should handle far future timestamps","invocations":1,"location":null,"numPassingAsserts":1,"retryReasons":[],"startAt":1763998674511,"status":"passed","title":"should handle far future timestamps"},{"ancestorTitles":["Timestamp Utils","isValidTimestamp","Default max age (24 hours)"],"duration":0,"failing":false,"failureDetails":[],"failureMessages":[],"fullName":"Timestamp Utils isValidTimestamp Default max age (24 hours) should return true for current timestamp","invocations":1,"location":null,"numPassingAsserts":1,"retryReasons":[],"startAt":1763998674512,"status":"passed","title":"should return true for current timestamp"},{"ancestorTitles":["Timestamp Utils","isValidTimestamp","Default max age (24 hours)"],"duration":1,"failing":false,"failureDetails":[],"failureMessages":[],"fullName":"Timestamp Utils isValidTimestamp Default max age (24 hours) should return true for timestamp 1 hour ago","invocations":1,"location":null,"numPassingAsserts":1,"retryReasons":[],"startAt":1763998674512,"status":"passed","title":"should return true for timestamp 1 hour ago"},{"ancestorTitles":["Timestamp Utils","isValidTimestamp","Default max age (24 hours)"],"duration":0,"failing":false,"failureDetails":[],"failureMessages":[],"fullName":"Timestamp Utils isValidTimestamp Default max age (24 hours) should return true for timestamp exactly 24 hours ago","invocations":1,"location":null,"numPassingAsserts":1,"retryReasons":[],"startAt":1763998674513,"status":"passed","title":"should return true for timestamp exactly 24 hours ago"},{"ancestorTitles":["Timestamp Utils","isValidTimestamp","Default max age (24 hours)"],"duration":1,"failing":false,"failureDetails":[],"failureMessages":[],"fullName":"Timestamp Utils isValidTimestamp Default max age (24 hours) should return false for timestamp more than 24 hours ago","invocations":1,"location":null,"numPassingAsserts":1,"retryReasons":[],"startAt":1763998674513,"status":"passed","title":"should return false for timestamp more than 24 hours ago"},{"ancestorTitles":["Timestamp Utils","isValidTimestamp","Default max age (24 hours)"],"duration":0,"failing":false,"failureDetails":[],"failureMessages":[],"fullName":"Timestamp Utils isValidTimestamp Default max age (24 hours) should return false for timestamp 2 days ago","invocations":1,"location":null,"numPassingAsserts":1,"retryReasons":[],"startAt":1763998674514,"status":"passed","title":"should return false for timestamp 2 days ago"},{"ancestorTitles":["Timestamp Utils","isValidTimestamp","Default max age (24 hours)"],"duration":1,"failing":false,"failureDetails":[],"failureMessages":[],"fullName":"Timestamp Utils isValidTimestamp Default max age (24 hours) should return true for timestamp 1 minute in future (clock skew)","invocations":1,"location":null,"numPassingAsserts":1,"retryReasons":[],"startAt":1763998674514,"status":"passed","title":"should return true for timestamp 1 minute in future (clock skew)"},{"ancestorTitles":["Timestamp Utils","isValidTimestamp","Default max age (24 hours)"],"duration":0,"failing":false,"failureDetails":[],"failureMessages":[],"fullName":"Timestamp Utils isValidTimestamp Default max age (24 hours) should return true for timestamp exactly 5 minutes in future","invocations":1,"location":null,"numPassingAsserts":1,"retryReasons":[],"startAt":1763998674515,"status":"passed","title":"should return true for timestamp exactly 5 minutes in future"},{"ancestorTitles":["Timestamp Utils","isValidTimestamp","Default max age (24 hours)"],"duration":0,"failing":false,"failureDetails":[],"failureMessages":[],"fullName":"Timestamp Utils isValidTimestamp Default max age (24 hours) should return false for timestamp more than 5 minutes in future","invocations":1,"location":null,"numPassingAsserts":1,"retryReasons":[],"startAt":1763998674515,"status":"passed","title":"should return false for timestamp more than 5 minutes in future"},{"ancestorTitles":["Timestamp Utils","isValidTimestamp","Default max age (24 hours)"],"duration":2,"failing":false,"failureDetails":[],"failureMessages":[],"fullName":"Timestamp Utils isValidTimestamp Default max age (24 hours) should return false for timestamp 10 minutes in future","invocations":1,"location":null,"numPassingAsserts":1,"retryReasons":[],"startAt":1763998674515,"status":"passed","title":"should return false for timestamp 10 minutes in future"},{"ancestorTitles":["Timestamp Utils","isValidTimestamp","Default max age (24 hours)"],"duration":0,"failing":false,"failureDetails":[],"failureMessages":[],"fullName":"Timestamp Utils isValidTimestamp Default max age (24 hours) should handle boundary at 24 hours (inclusive)","invocations":1,"location":null,"numPassingAsserts":1,"retryReasons":[],"startAt":1763998674518,"status":"passed","title":"should handle boundary at 24 hours (inclusive)"},{"ancestorTitles":["Timestamp Utils","isValidTimestamp","Default max age (24 hours)"],"duration":1,"failing":false,"failureDetails":[],"failureMessages":[],"fullName":"Timestamp Utils isValidTimestamp Default max age (24 hours) should handle boundary at 5 minutes future (inclusive)","invocations":1,"location":null,"numPassingAsserts":1,"retryReasons":[],"startAt":1763998674518,"status":"passed","title":"should handle boundary at 5 minutes future (inclusive)"},{"ancestorTitles":["Timestamp Utils","isValidTimestamp","Custom max age"],"duration":0,"failing":false,"failureDetails":[],"failureMessages":[],"fullName":"Timestamp Utils isValidTimestamp Custom max age should respect custom maxAgeMs paramet
[...]
"line":84,"column":22}},{"start":{"line":84,"column":22},"end":{"line":84,"column":34}}]},"8":{"loc":{"start":{"line":108,"column":6},"end":{"line":135,"column":null}},"type":"if","locations":[{"start":{"line":108,"column":6},"end":{"line":135,"column":null}},{"start":{"line":111,"column":13},"end":{"line":135,"column":null}}]},"9":{"loc":{"start":{"line":111,"column":13},"end":{"line":135,"column":null}},"type":"if","locations":[{"start":{"line":111,"column":13},"end":{"line":135,"column":null}},{"start":{"line":127,"column":13},"end":{"line":135,"column":null}}]},"10":{"loc":{"start":{"line":111,"column":17},"end":{"line":111,"column":83}},"type":"binary-expr","locations":[{"start":{"line":111,"column":17},"end":{"line":111,"column":51}},{"start":{"line":111,"column":51},"end":{"line":111,"column":83}}]},"11":{"loc":{"start":{"line":113,"column":8},"end":{"line":126,"column":null}},"type":"if","locations":[{"start":{"line":113,"column":8},"end":{"line":126,"column":null}},{"start":{"line":124,"column":15},"end":{"line":126,"column":null}}]},"12":{"loc":{"start":{"line":114,"column":10},"end":{"line":123,"column":null}},"type":"if","locations":[{"start":{"line":114,"column":10},"end":{"line":123,"column":null}},{"start":{"line":119,"column":17},"end":{"line":123,"column":null}}]},"13":{"loc":{"start":{"line":116,"column":33},"end":{"line":116,"column":null}},"type":"binary-expr","locations":[{"start":{"line":116,"column":33},"end":{"line":116,"column":40}},{"start":{"line":116,"column":44},"end":{"line":116,"column":null}}]},"14":{"loc":{"start":{"line":119,"column":17},"end":{"line":123,"column":null}},"type":"if","locations":[{"start":{"line":119,"column":17},"end":{"line":123,"column":null}},{"start":{"line":121,"column":17},"end":{"line":123,"column":null}}]},"15":{"loc":{"start":{"line":127,"column":13},"end":{"line":135,"column":null}},"type":"if","locations":[{"start":{"line":127,"column":13},"end":{"line":135,"column":null}},{"start":{"line":130,"column":13},"end":{"line":135,"column":null}}]},"16":{"loc":{"start":{"line":130,"column":13},"end":{"line":135,"column":null}},"type":"if","locations":[{"start":{"line":130,"column":13},"end":{"line":135,"column":null}},{"start":{"line":133,"column":13},"end":{"line":135,"column":null}}]},"17":{"loc":{"start":{"line":130,"column":17},"end":{"line":130,"column":69}},"type":"binary-expr","locations":[{"start":{"line":130,"column":17},"end":{"line":130,"column":54}},{"start":{"line":130,"column":54},"end":{"line":130,"column":69}}]},"18":{"loc":{"start":{"line":142,"column":22},"end":{"line":145,"column":null}},"type":"binary-expr","locations":[{"start":{"line":142,"column":22},"end":{"line":142,"column":null}},{"start":{"line":143,"column":22},"end":{"line":143,"column":null}},{"start":{"line":144,"column":22},"end":{"line":144,"column":null}},{"start":{"line":145,"column":22},"end":{"line":145,"column":null}}]},"19":{"loc":{"start":{"line":164,"column":14},"end":{"line":164,"column":null}},"type":"cond-expr","locations":[{"start":{"line":164,"column":28},"end":{"line":164,"column":47}},{"start":{"line":164,"column":47},"end":{"line":164,"column":null}}]},"20":{"loc":{"start":{"line":170,"column":11},"end":{"line":170,"column":22}},"type":"binary-expr","locations":[{"start":{"line":170,"column":11},"end":{"line":170,"column":22}}]},"21":{"loc":{"start":{"line":189,"column":14},"end":{"line":189,"column":null}},"type":"cond-expr","locations":[{"start":{"line":189,"column":35},"end":{"line":189,"column":54}},{"start":{"line":189,"column":54},"end":{"line":189,"column":null}}]},"22":{"loc":{"start":{"line":196,"column":11},"end":{"line":196,"column":29}},"type":"binary-expr","locations":[{"start":{"line":196,"column":11},"end":{"line":196,"column":29}}]},"23":{"loc":{"start":{"line":211,"column":11},"end":{"line":211,"column":null}},"type":"cond-expr","locations":[{"start":{"line":211,"column":26},"end":{"line":211,"column":42}},{"start":{"line":211,"column":42},"end":{"line":211,"column":null}}]},"24":{"loc":{"start":{"line":221,"column":7},"end":{"line":221,"column":20}},"type":"binary-expr","locations":[{"start":{"line":221,"column":7},"end":{"line":221,"column":20}}]}},"s":{"0":26,"1":1,"2":1,"3":1,"4":614,"5":614,"6":614,"7":614,"8":614,"9":27,"10":27,"11":1,"12":26,"13":3,"14":23,"15":2,"16":21,"17":27,"18":27,"19":614,"20":23,"21":23,"22":1,"23":22,"24":3,"25":19,"26":0,"27":19,"28":23,"29":23,"30":614,"31":9,"32":9,"33":9,"34":9,"35":9,"36":9,"37":9,"38":0,"39":9,"40":9,"41":9,"42":9,"43":5,"44":4,"45":4,"46":4,"47":4,"48":1,"49":3,"50":1,"51":1,"52":0,"53":0,"54":0,"55":1,"56":1,"57":0,"58":0,"59":2,"60":1,"61":1,"62":1,"63":0,"64":4,"65":614,"66":166,"67":377,"68":1},"f":{"0":614,"1":27,"2":23,"3":9,"4":0,"5":166,"6":377},"b":{"0":[1,26],"1":[3,23],"2":[2,21],"3":[1,22],"4":[3,19],"5":[0,19],"6":[0,9],"7":[9,9],"8":[1,3],"9":[1,2],"10":[3,2],"11":[1,0],"12":[0,1],"13":[0,0],"14":[1,0],"15":[1,1],"16":[1,0],"17":[1,0],"18":[614,492,241,241],"19":[35,579],"20":[614],"21":[4,610],"22":[614],"23":[9,605],"24":[614]}},"/home/frankbria/projects/codeframe/web-ui/src/types/agentState.ts":{"path":"/home/frankbria/projects/codeframe/web-ui/src/types/agentState.ts","statementMap":{"0":{"start":{"line":310,"column":16},"end":{"line":310,"column":30}},"1":{"start":{"line":296,"column":16},"end":{"line":296,"column":30}},"2":{"start":{"line":303,"column":16},"end":{"line":303,"column":28}},"3":{"start":{"line":317,"column":16},"end":{"line":317,"column":29}},"4":{"start":{"line":297,"column":2},"end":{"line":297,"column":null}},"5":{"start":{"line":304,"column":2},"end":{"line":304,"column":null}},"6":{"start":{"line":311,"column":2},"end":{"line":311,"column":null}},"7":{"start":{"line":318,"column":2},"end":{"line":318,"column":null}}},"fnMap":{"0":{"name":"isAgentWorking","decl":{"start":{"line":296,"column":16},"end":{"line":296,"column":30}},"loc":{"start":{"line":296,"column":43},"end":{"line":298,"column":null}}},"1":{"name":"isTaskActive","decl":{"start":{"line":303,"column":16},"end":{"line":303,"column":28}},"loc":{"start":{"line":303,"column":39},"end":{"line":305,"column":null}}},"2":{"name":"isAgentBlocked","decl":{"start":{"line":310,"column":16},"end":{"line":310,"column":30}},"loc":{"start":{"line":310,"column":43},"end":{"line":312,"column":null}}},"3":{"name":"isTaskBlocked","decl":{"start":{"line":317,"column":16},"end":{"line":317,"column":29}},"loc":{"start":{"line":317,"column":40},"end":{"line":319,"column":null}}}},"branchMap":{},"s":{"0":0,"1":0,"2":0,"3":0,"4":0,"5":0,"6":0,"7":0},"f":{"0":0,"1":0,"2":0,"3":0},"b":{}},"/home/frankbria/projects/codeframe/web-ui/src/app/api/health/route.ts":{"path":"/home/frankbria/projects/codeframe/web-ui/src/app/api/health/route.ts","statementMap":{"0":{"start":{"line":3,"column":22},"end":{"line":3,"column":null}},"1":{"start":{"line":1,"column":29},"end":{"line":1,"column":null}},"2":{"start":{"line":4,"column":2},"end":{"line":8,"column":null}}},"fnMap":{"0":{"name":"GET","decl":{"start":{"line":3,"column":22},"end":{"line":3,"column":null}},"loc":{"start":{"line":3,"column":22},"end":{"line":9,"column":null}}}},"branchMap":{},"s":{"0":0,"1":0,"2":0},"f":{"0":0},"b":{}},"/home/frankbria/projects/codeframe/web-ui/src/app/layout.tsx":{"path":"/home/frankbria/projects/codeframe/web-ui/src/app/layout.tsx","statementMap":{"0":{"start":{"line":13,"column":24},"end":{"line":13,"column":35}},"1":{"start":{"line":8,"column":13},"end":{"line":8,"column":21}},"2":{"start":{"line":6,"column":7},"end":{"line":6,"column":null}},"3":{"start":{"line":8,"column":34},"end":{"line":11,"column":null}}},"fnMap":{"0":{"name":"RootLayout","decl":{"start":{"line":13,"column":24},"end":{"line":13,"column":35}},"loc":{"start":{"line":17,"column":1},"end":{"line":23,"column":1}}}},"branchMap":{},"s":{"0":0,"1":0,"2":0,"3":0},"f":{"0":0},"b":{}},"/home/frankbria/projects/codeframe/web-ui/src/api/reviews.ts":{"path":"/home/frankbria/projects/codeframe/web-ui/src/api/reviews.ts","statementMap":{"0":{"start":{"line":86,"column":22},"end":{"line":86,"column":31}},"1":{"start":{"line":22,"column":22},"end":{"line":22,"column":36}},"2":{"start":{"line":59,"column":22},"end":{"line":59,"column":35}},"3":{"start":{"line":12,"column":21},"end":{"line":12,"column":null}},"4":{"start":{"line":26,"column":17},"end":{"line":26,"column":null}},"5":{"start":{"line":27,"column":2},"end":{"line":29,"column":null}},"6":{"start":{"line":28,"column":4},"end":{"line":28,"column":null}},"7":{"start":{"line":31,"column":14},"end":{"line":33,"column":4}},"8":{"start":{"line":35,"column":19},"end":{"line":40,"column":null}},"9":{"start":{"line":42,"column":2},"end":{"line":47,"column":null}},"10":{"start":{"line":43,"column":22},"end":{"line":43,"column":null}},"11":{"start":{"line":44,"column":4},"end":{"line":45,"column":null}},"12":{"start":{"line":49,"column":2},"end":{"line":49,"column":null}},"13":{"start":{"line":60,"column":19},"end":{"line":68,"column":null}},"14":{"start":{"line":71,"column":2},"end":{"line":76,"column":null}},"15":{"start":{"line":72,"column":22},"end":{"line":72,"column":null}},"16":{"start":{"line":73,"column":4},"end":{"line":74,"column":null}},"17":{"start":{"line":87,"column":19},"end":{"line":94,"column":null}},"18":{"start":{"line":97,"column":2},"end":{"line":102,"column":null}},"19":{"start":{"line":98,"column":22},"end":{"line":98,"column":null}},"20":{"start":{"line":99,"column":4},"end":{"line":100,"column":null}},"21":{"start":{"line":104,"column":2},"end":{"line":104,"column":null}}},"fnMap":{"0":{"name":"getTaskReviews","decl":{"start":{"line":22,"column":22},"end":{"line":22,"column":36}},"loc":{"start":{"line":24,"column":21},"end":{"line":50,"column":null}}},"1":{"name":"triggerReview","decl":{"start":{"line":59,"column":22},"end":{"line":59,"column":35}},"loc":{"start":{"line":59,"column":50},"end":{"line":77,"column":null}}},"2":{"name":"getReview","decl":{"start":{"line":86,"column":22},"end":{"line":86,"column":31}},"loc":{"start":{"line":86,"column":48},"end":{"line":105,"column":null}}}},"branchMap":{"0":{"loc":{"start":{"line":12,"column":21},"end":{"line":12,"column":null}},"type":"binary-expr","locations":[{"start":{"line":12,"column":21},"end":{"line":12,"column":50}},{"start":{"line":12,"column":54},"end":{"line":12,"column":null}}]},"1":{"loc":{"start":{"line":27,"column":2},"end":{"line":29,"column":null}},"type":"if","locations":[{"start":{"line":27,"column":2},"end":{"line":29,"column":null}},{"start":{},"end":{}}]},"2":{"loc":{"start":{"line":32,"column":4},"end":{"line":32,"column":null}},"type":"cond-expr","locations":[{"start":{"line":32,"column":24},"end":{"line":32,"column":47}},{"start":{"line":32,"column":50},"end":{"line":32,"column":null}}]},"3":{"loc":{"start":{"line":42,"column":2},"end":{"line":47,"column":null}},"type":"if","locations":[{"start":{"line":42,"column":2},"end":{"line":47,"column":null}},{"start":{},"end":{}}]},"4":{"loc":{"start":{"line":71,"column":2},"end":{"line":76,"column":null}},"type":"if","locations":[{"start":{"line":71,"column":2},"end":{"line":76,"column":null}},{"start":{},"end":{}}]},"5":{"loc":{"start":{"line":97,"column":2},"end":{"line":102,"column":null}},"type":"if","locations":[{"start":{"line":97,"column":2},"end":{"line":102,"column":null}},{"start":{},"end":{}}]}},"s":{"0":0,"1":0,"2":0,"3":0,"4":0,"5":0,"6":0,"7":0,"8":0,"9":0,"10":0,"11":0,"12":0,"13":0,"14":0,"15":0,"16":0,"17":0,"18":0,"19":0,"20":0,"21":0},"f":{"0":0,"1":0,"2":0},"b":{"0":[0,0],"1":[0,0],"2":[0,0],"3":[0,0],"4":[0,0],"5":[0,0]}},"/home/frankbria/projects/codeframe/web-ui/src/app/projects/[projectId]/page.tsx":{"path":"/home/frankbria/projects/codeframe/web-ui/src/app/projects/[projectId]/page.tsx","statementMap":{"0":{"start":{"line":52,"column":24},"end":{"line":52,"column":36}},"1":{"start":{"line":11,"column":51},"end":{"line":11,"column":null}},"2":{"start":{"line":12,"column":22},"end":{"line":12,"column":null}},"3":{"start":{"line":13,"column":35},"end":{"line":13,"column":null}},"4":{"start":{"line":14,"column":26},"end":{"line":14,"column":null}},"5":{"start":{"line":23,"column":51},"end":{"line":50,"column":null}},"6":{"start":{"line":32,"column":2},"end":{"line":49,"column":null}},"7":{"start":{"line":34,"column":4},"end":{"line":41,"column":null}},"8":{"start":{"line":35,"column":6},"end":{"line":39,"column":null}},"9":{"start":{"line":44,"column":4},"end":{"line":47,"column":null}},"10":{"start":{"line":53,"column":20},"end":{"line":53,"column":null}},"11":{"start":{"line":56,"column":2},"end":{"line":73,"column":null}}},"fnMap":{"0":{"name":"(anonymous_2)","decl":{"start":{"line":23,"column":51},"end":{"line":23,"column":null}},"loc":{"start":{"line":29,"column":2},"end":{"line":50,"column":null}}},"1":{"name":"ProjectPage","decl":{"start":{"line":52,"column":24},"end":{"line":52,"column":36}},"loc":{"start":{"line":52,"column":64},"end":{"line":84,"column":null}}}},"branchMap":{"0":{"loc":{"start":{"line":32,"column":2},"end":{"line":49,"column":null}},"type":"if","locations":[{"start":{"line":32,"column":2},"end":{"line":49,"column":null}},{"start":{},"end":{}}]},"1":{"loc":{"start":{"line":34,"column":4},"end":{"line":41,"column":null}},"type":"if","locations":[{"start":{"line":34,"column":4},"end":{"line":41,"column":null}},{"start":{},"end":{}}]},"2":{"loc":{"start":{"line":56,"column":2},"end":{"line":73,"column":null}},"type":"if","locations":[{"start":{"line":56,"column":2},"end":{"line":73,"column":null}},{"start":{},"end":{}}]}},"s":{"0":0,"1":0,"2":0,"3":0,"4":0,"5":0,"6":0,"7":0,"8":0,"9":0,"10":0,"11":0},"f":{"0":0,"1":0},"b":{"0":[0,0],"1":[0,0],"2":[0,0]}},"/home/frankbria/projects/codeframe/web-ui/src/components/metrics/AgentMetrics.tsx":{"path":"/home/frankbria/projects/codeframe/web-ui/src/components/metrics/AgentMetrics.tsx","statementMap":{"0":{"start":{"line":58,"column":16},"end":{"line":58,"column":29}},"1":{"start":{"line":9,"column":43},"end":{"line":9,"column":null}},"2":{"start":{"line":11,"column":32},"end":{"line":11,"column":null}},"3":{"start":{"line":26,"column":2},"end":{"line":26,"column":null}},"4":{"start":{"line":33,"column":2},"end":{"line":33,"column":null}},"5":{"start":{"line":40,"column":15},"end":{"line":40,"column":null}},"6":{"start":{"line":41,"column":2},"end":{"line":46,"column":null}},"7":{"start":{"line":63,"column":32},"end":{"line":63,"column":null}},"8":{"start":{"line":64,"column":32},"end":{"line":64,"column":null}},"9":{"start":{"line":65,"column":28},"end":{"line":65,"column":null}},"10":{"start":{"line":68,"column":2},"end":{"line":102,"column":null}},"11":{"start":{"line":69,"column":18},"end":{"line":69,"column":null}},"12":{"start":{"line":71,"column":24},"end":{"line":89,"column":null}},"13":{"start":{"line":72,"column":6},"end":{"line":88,"column":null}},"14":{"start":{"line":73,"column":21},"end":{"line":73,"column":null}},"15":{"start":{"line":74,"column":8},"end":{"line":78,"column":null}},"16":{"start":{"line":75,"column":10},"end":{"line":75,"column":null}},"17":{"start":{"line":76,"column":10},"end":{"line":76,"column":null}},"18":{"start":{"line":77,"column":10},"end":{"line":77,"column":null}},"19":{"start":{"line":80,"column":8},"end":{"line":87,"column":null}},"20":{"start":{"line":81,"column":10},"end":{"line":84,"column":null}},"21":{"start":{"line":86,"column":10},"end":{"line":86,"column":null}},"22":{"start":{"line":92,"column":4},"end":{"line":92,"column":null}},"23":{"start":{"line":95,"column":23},"end":{"line":95,"column":null}},"24":{"start":{"line":98,"column":4},"end":{"line":101,"column":null}},"25":{"start":{"line":99,"column":6},"end":{"line":99,"column":null}},"26":{"start":{"line":100,"column":6},"end":{"line":100,"column":null}},"27":{"start":{"line":104,"column":2},"end":{"line":111,"column":null}},"28":{"start":{"line":113,"column":2},"end":{"line":120,"column":null}},"29":{"start":{"line":122,"column":2},"end":{"line":129,"column":null}},"30":{"start":{"line":202,"column":18},"end":{"line":202,"column":43}},"31":{"start":{"line":246,"column":18},"end":{"line":246,"column":45}}},"fnMap":{"0":{"name":"formatCurrency","decl":{"start":{"line":25,"column":9},"end":{"line":25,"column":24}},"loc":{"start":{"line":25,"column":37},"end":{"line":27,"column":null}}},"1":{"name":"formatNumber","decl":{"start":{"line":32,"column":9},"end":{"line":32,"column":22}},"loc":{"start":{"line":32,"column":35},"end":{"line":34,"column":null}}},"2":{"name":"formatDateTime","decl":{"start":{"line":39,"column":9},"end":{"line":39,"column":24}},"loc":{"start":{"line":39,"column":39},"end":{"line":47,"column":null}}},"3":{"name":"AgentMetrics","decl":{"start":{"line":58,"column":16},"end":{"line":58,"column":29}},"loc":{"start":{"line":62,"column":20},"end":{"line":273,"column":null}}},"4":{"name":"(anonymous_8)","decl":{"start":{"line":68,"column":12},"end":{"line":68,"column":null}},"loc":{"start":{"line":68,"column":12},"end":{"line":102,"column":5}}},"5":{"name":"(anonymous_9)","decl":{"start":{"line":71,"column":24},"end":{"line":71,"column":null}},"loc":{"start":{"line":71,"column":24},"end":{"line":89,"column":null}}},"6":{"name":"(anonymous_10)","decl":{"start":{"line":98,"column":11},"end":{"line":98,"column":null}},"loc":{"start":{"line":98,"column":11},"end":{"line":101,"column":null}}},"7":{"name":"(anonymous_11)","decl":{"start":{"line":201,"column":42},"end":{"line":201,"column":43}},"loc":{"start":{"line":202,"column":18},"end":{"line":202,"column":43}}},"8":{"name":"(anonymous_12)","decl":{"start":{"line":245,"column":38},"end":{"line":245,"column":39}},"loc":{"start":{"line":246,"column":18},"end":{"line":246,"column":45}}}},"branchMap":{"0":{"loc":{"start":{"line":61,"column":2},"end":{"line":61,"column":25}},"type":"default-arg","locations":[{"start":{"line":61,"column":20},"end":{"line":61,"column":25}}]},"1":{"loc":{"start":{"line":74,"column":8},"end":{"line":78,"column":null}},"type":"if","locations":[{"start":{"line":74,"column":8},"end":{"line":78,"column":null}},{"start":{},"end":{}}]},"2":{"loc":{"start":{"line":80,"column":8},"end":{"line":87,"column":null}},"type":"if","locations":[{"start":{"line":80,"column":8},"end":{"line":87,"column":null}},{"start":{},"end":{}}]},"3":{"loc":{"start":{"line":82,"column":12},"end":{"line":84,"column":null}},"type":"cond-expr","locations":[{"start":{"line":83,"column":16},"end":{"line":83,"column":27}},{"start":{"line":84,"column":16},"end":{"line":84,"column":null}}]},"4":{"loc":{"start":{"line":104,"column":2},"end":{"line":111,"column":null}},"type":"if","locations":[{"start":{"line":104,"column":2},"end":{"line":111,"column":null}},{"start":{},"end":{}}]},"5":{"loc":{"start":{"line":113,"column":2},"end":{"line":120,"column":null}},"type":"if","locations":[{"start":{"line":113,"column":2},"end":{"line":120,"column":null}},{"start":{},"end":{}}]},"6":{"loc":{"start":{"line":122,"column":2},"end":{"line":129,"column":null}},"type":"if","locations":[{"start":{"line":122,"column":2},"end":{"line":129,"column":null}},{"start":{},"end":{}}]},"7":{"loc":{"start":{"line":136,"column":9},"end":{"line":136,"column":27}},"type":"binary-expr","locations":[{"start":{"line":136,"column":9},"end":{"line":136,"column":27}}]},"8":{"loc":{"start":{"line":183,"column":10},"end":{"line":185,"column":11}},"type":"cond-expr","locations":[{"start":{"line":183,"column":10},"end":{"line":185,"column":11}}]},"9":{"loc":{"start":{"line":224,"column":10},"end":{"line":226,"column":11}},"type":"cond-expr","locations":[{"start":{"line":224,"column":10},"end":{"line":226,"column":11}}]}},"s":{"0":0,"1":0,"2":0,"3":0,"4":0,"5":0,"6":0,"7":0,"8":0,"9":0,"10":0,"11":0,"12":0,"13":0,"14":0,"15":0,"16":0,"17":0,"18":0,"19":0,"20":0,"21":0,"22":0,"23":0,"24":0,"25":0,"26":0,"27":0,"28":0,"29":0,"30":0,"31":0},"f":{"0":0,"1":0,"2":0,"3":0,"4":0,"5":0,"6":0,"7":0,"8":0},"b":{"0":[0],"1":[0,0],"2":[0,0],"3":[0,0],"4":[0,0],"5":[0,0],"6":[0,0],"7":[0],"8":[0],"9":[0]}}}}
